# JRE version: OpenJDK Runtime Environment (11.0.10) (build 11.0.10+0-b96-7249189)
# Java VM: OpenJDK 64-Bit Server VM (11.0.10+0-b96-7249189, mixed mode, tiered, compressed oops, g1 gc, windows-amd64)
Heap:
 garbage-first heap   total 413696K, used 152086K [0x0000000080000000, 0x0000000100000000)
  region size 1024K, 5 young (5120K), 5 survivors (5120K)
 Metaspace       used 93594K, capacity 96472K, committed 97152K, reserved 1132544K
  class space    used 11898K, capacity 12931K, committed 13184K, reserved 1048576K
GC Heap History (20 events):
Event: 34.613 GC heap after
{Heap after GC invocations=59 (full 0):
 garbage-first heap   total 225280K, used 140579K [0x0000000080000000, 0x0000000100000000)
  region size 1024K, 5 young (5120K), 5 survivors (5120K)
 Metaspace       used 92870K, capacity 95704K, committed 96256K, reserved 1132544K
  class space    used 11847K, capacity 12867K, committed 13056K, reserved 1048576K
}
Event: 34.665 GC heap before
{Heap before GC invocations=59 (full 0):
 garbage-first heap   total 225280K, used 173347K [0x0000000080000000, 0x0000000100000000)
  region size 1024K, 38 young (38912K), 5 survivors (5120K)
 Metaspace       used 92968K, capacity 95832K, committed 96512K, reserved 1132544K
  class space    used 11851K, capacity 12867K, committed 13056K, reserved 1048576K
}
Event: 34.668 GC heap after
{Heap after GC invocations=60 (full 0):
 garbage-first heap   total 225280K, used 143280K [0x0000000080000000, 0x0000000100000000)
  region size 1024K, 3 young (3072K), 3 survivors (3072K)
 Metaspace       used 92968K, capacity 95832K, committed 96512K, reserved 1132544K
  class space    used 11851K, capacity 12867K, committed 13056K, reserved 1048576K
}
Event: 34.748 GC heap before
{Heap before GC invocations=60 (full 0):
 garbage-first heap   total 225280K, used 176048K [0x0000000080000000, 0x0000000100000000)
  region size 1024K, 36 young (36864K), 3 survivors (3072K)
 Metaspace       used 93283K, capacity 96152K, committed 96896K, reserved 1132544K
  class space    used 11885K, capacity 12931K, committed 13184K, reserved 1048576K
}
Event: 34.752 GC heap after
{Heap after GC invocations=61 (full 0):
 garbage-first heap   total 225280K, used 147228K [0x0000000080000000, 0x0000000100000000)
  region size 1024K, 4 young (4096K), 4 survivors (4096K)
 Metaspace       used 93283K, capacity 96152K, committed 96896K, reserved 1132544K
  class space    used 11885K, capacity 12931K, committed 13184K, reserved 1048576K
}
Event: 34.807 GC heap before
{Heap before GC invocations=62 (full 0):
 garbage-first heap   total 225280K, used 179996K [0x0000000080000000, 0x0000000100000000)
  region size 1024K, 37 young (37888K), 4 survivors (4096K)
 Metaspace       used 93369K, capacity 96216K, committed 96896K, reserved 1132544K
  class space    used 11895K, capacity 12931K, committed 13184K, reserved 1048576K
}
Event: 34.809 GC heap after
{Heap after GC invocations=63 (full 0):
 garbage-first heap   total 225280K, used 148077K [0x0000000080000000, 0x0000000100000000)
  region size 1024K, 2 young (2048K), 2 survivors (2048K)
 Metaspace       used 93369K, capacity 96216K, committed 96896K, reserved 1132544K
  class space    used 11895K, capacity 12931K, committed 13184K, reserved 1048576K
}
Event: 34.853 GC heap before
{Heap before GC invocations=63 (full 0):
 garbage-first heap   total 225280K, used 181869K [0x0000000080000000, 0x0000000100000000)
  region size 1024K, 36 young (36864K), 2 survivors (2048K)
 Metaspace       used 93369K, capacity 96216K, committed 96896K, reserved 1132544K
  class space    used 11895K, capacity 12931K, committed 13184K, reserved 1048576K
}
Event: 34.856 GC heap after
{Heap after GC invocations=64 (full 0):
 garbage-first heap   total 225280K, used 149967K [0x0000000080000000, 0x0000000100000000)
  region size 1024K, 3 young (3072K), 3 survivors (3072K)
 Metaspace       used 93369K, capacity 96216K, committed 96896K, reserved 1132544K
  class space    used 11895K, capacity 12931K, committed 13184K, reserved 1048576K
}
Event: 34.945 GC heap before
{Heap before GC invocations=64 (full 0):
 garbage-first heap   total 225280K, used 186831K [0x0000000080000000, 0x0000000100000000)
  region size 1024K, 40 young (40960K), 3 survivors (3072K)
 Metaspace       used 93497K, capacity 96408K, committed 97152K, reserved 1132544K
  class space    used 11897K, capacity 12931K, committed 13184K, reserved 1048576K
}
Event: 34.947 GC heap after
{Heap after GC invocations=65 (full 0):
 garbage-first heap   total 225280K, used 150686K [0x0000000080000000, 0x0000000100000000)
  region size 1024K, 3 young (3072K), 3 survivors (3072K)
 Metaspace       used 93497K, capacity 96408K, committed 97152K, reserved 1132544K
  class space    used 11897K, capacity 12931K, committed 13184K, reserved 1048576K
}
Event: 35.026 GC heap before
{Heap before GC invocations=65 (full 0):
 garbage-first heap   total 225280K, used 181406K [0x0000000080000000, 0x0000000100000000)
  region size 1024K, 39 young (39936K), 3 survivors (3072K)
 Metaspace       used 93520K, capacity 96408K, committed 97152K, reserved 1132544K
  class space    used 11898K, capacity 12931K, committed 13184K, reserved 1048576K
}
Event: 35.031 GC heap after
{Heap after GC invocations=66 (full 0):
 garbage-first heap   total 270336K, used 147999K [0x0000000080000000, 0x0000000100000000)
  region size 1024K, 4 young (4096K), 4 survivors (4096K)
 Metaspace       used 93520K, capacity 96408K, committed 97152K, reserved 1132544K
  class space    used 11898K, capacity 12931K, committed 13184K, reserved 1048576K
}
Event: 35.116 GC heap before
{Heap before GC invocations=67 (full 0):
 garbage-first heap   total 270336K, used 205343K [0x0000000080000000, 0x0000000100000000)
  region size 1024K, 61 young (62464K), 4 survivors (4096K)
 Metaspace       used 93527K, capacity 96472K, committed 97152K, reserved 1132544K
  class space    used 11898K, capacity 12931K, committed 13184K, reserved 1048576K
}
Event: 35.119 GC heap after
{Heap after GC invocations=68 (full 0):
 garbage-first heap   total 270336K, used 148868K [0x0000000080000000, 0x0000000100000000)
  region size 1024K, 5 young (5120K), 5 survivors (5120K)
 Metaspace       used 93527K, capacity 96472K, committed 97152K, reserved 1132544K
  class space    used 11898K, capacity 12931K, committed 13184K, reserved 1048576K
}
Event: 35.176 GC heap before
{Heap before GC invocations=68 (full 0):
 garbage-first heap   total 270336K, used 209284K [0x0000000080000000, 0x0000000100000000)
  region size 1024K, 65 young (66560K), 5 survivors (5120K)
 Metaspace       used 93561K, capacity 96472K, committed 97152K, reserved 1132544K
  class space    used 11898K, capacity 12931K, committed 13184K, reserved 1048576K
}
Event: 35.180 GC heap after
{Heap after GC invocations=69 (full 0):
 garbage-first heap   total 270336K, used 150238K [0x0000000080000000, 0x0000000100000000)
  region size 1024K, 7 young (7168K), 7 survivors (7168K)
 Metaspace       used 93561K, capacity 96472K, committed 97152K, reserved 1132544K
  class space    used 11898K, capacity 12931K, committed 13184K, reserved 1048576K
}
Event: 35.256 GC heap before
{Heap before GC invocations=69 (full 0):
 garbage-first heap   total 270336K, used 212702K [0x0000000080000000, 0x0000000100000000)
  region size 1024K, 68 young (69632K), 7 survivors (7168K)
 Metaspace       used 93586K, capacity 96472K, committed 97152K, reserved 1132544K
  class space    used 11898K, capacity 12931K, committed 13184K, reserved 1048576K
}
Event: 35.261 GC heap after
{Heap after GC invocations=70 (full 0):
 garbage-first heap   total 270336K, used 150796K [0x0000000080000000, 0x0000000100000000)
  region size 1024K, 6 young (6144K), 6 survivors (6144K)
 Metaspace       used 93586K, capacity 96472K, committed 97152K, reserved 1132544K
  class space    used 11898K, capacity 12931K, committed 13184K, reserved 1048576K
}
Event: 35.347 GC heap before
{Heap before GC invocations=70 (full 0):
 garbage-first heap   total 270336K, used 216332K [0x0000000080000000, 0x0000000100000000)
  region size 1024K, 70 young (71680K), 6 survivors (6144K)
 Metaspace       used 93594K, capacity 96472K, committed 97152K, reserved 1132544K
  class space    used 11898K, capacity 12931K, committed 13184K, reserved 1048576K
}

