# JRE version: OpenJDK Runtime Environment (11.0.10) (build 11.0.10+0-b96-7249189)
# Java VM: OpenJDK 64-Bit Server VM (11.0.10+0-b96-7249189, mixed mode, tiered, compressed oops, g1 gc, windows-amd64)
Heap:
 garbage-first heap   total 649216K, used 244736K [0x0000000080000000, 0x0000000100000000)
  region size 1024K, 5 young (5120K), 5 survivors (5120K)
 Metaspace       used 97605K, capacity 100707K, committed 100816K, reserved 1136640K
  class space    used 12286K, capacity 13361K, committed 13440K, reserved 1048576K
GC Heap History (20 events):
Event: 33.513 GC heap after
{Heap after GC invocations=48 (full 0):
 garbage-first heap   total 225280K, used 139085K [0x0000000080000000, 0x0000000100000000)
  region size 1024K, 8 young (8192K), 8 survivors (8192K)
 Metaspace       used 96522K, capacity 99528K, committed 99664K, reserved 1136640K
  class space    used 12151K, capacity 13201K, committed 13312K, reserved 1048576K
}
Event: 33.585 GC heap before
{Heap before GC invocations=48 (full 0):
 garbage-first heap   total 225280K, used 184141K [0x0000000080000000, 0x0000000100000000)
  region size 1024K, 52 young (53248K), 8 survivors (8192K)
 Metaspace       used 96522K, capacity 99528K, committed 99664K, reserved 1136640K
  class space    used 12151K, capacity 13201K, committed 13312K, reserved 1048576K
}
Event: 33.591 GC heap after
{Heap after GC invocations=49 (full 0):
 garbage-first heap   total 225280K, used 147089K [0x0000000080000000, 0x0000000100000000)
  region size 1024K, 7 young (7168K), 7 survivors (7168K)
 Metaspace       used 96522K, capacity 99528K, committed 99664K, reserved 1136640K
  class space    used 12151K, capacity 13201K, committed 13312K, reserved 1048576K
}
Event: 33.766 GC heap before
{Heap before GC invocations=49 (full 0):
 garbage-first heap   total 225280K, used 184977K [0x0000000080000000, 0x0000000100000000)
  region size 1024K, 45 young (46080K), 7 survivors (7168K)
 Metaspace       used 96523K, capacity 99528K, committed 99664K, reserved 1136640K
  class space    used 12151K, capacity 13201K, committed 13312K, reserved 1048576K
}
Event: 33.773 GC heap after
{Heap after GC invocations=50 (full 0):
 garbage-first heap   total 270336K, used 154537K [0x0000000080000000, 0x0000000100000000)
  region size 1024K, 6 young (6144K), 6 survivors (6144K)
 Metaspace       used 96523K, capacity 99528K, committed 99664K, reserved 1136640K
  class space    used 12151K, capacity 13201K, committed 13312K, reserved 1048576K
}
Event: 33.901 GC heap before
{Heap before GC invocations=50 (full 0):
 garbage-first heap   total 270336K, used 205737K [0x0000000080000000, 0x0000000100000000)
  region size 1024K, 56 young (57344K), 6 survivors (6144K)
 Metaspace       used 96523K, capacity 99528K, committed 99664K, reserved 1136640K
  class space    used 12151K, capacity 13201K, committed 13312K, reserved 1048576K
}
Event: 33.907 GC heap after
{Heap after GC invocations=51 (full 0):
 garbage-first heap   total 270336K, used 164397K [0x0000000080000000, 0x0000000100000000)
  region size 1024K, 7 young (7168K), 7 survivors (7168K)
 Metaspace       used 96523K, capacity 99528K, committed 99664K, reserved 1136640K
  class space    used 12151K, capacity 13201K, committed 13312K, reserved 1048576K
}
Event: 33.993 GC heap before
{Heap before GC invocations=51 (full 0):
 garbage-first heap   total 270336K, used 214573K [0x0000000080000000, 0x0000000100000000)
  region size 1024K, 54 young (55296K), 7 survivors (7168K)
 Metaspace       used 96527K, capacity 99528K, committed 99664K, reserved 1136640K
  class space    used 12151K, capacity 13201K, committed 13312K, reserved 1048576K
}
Event: 33.998 GC heap after
{Heap after GC invocations=52 (full 0):
 garbage-first heap   total 270336K, used 175284K [0x0000000080000000, 0x0000000100000000)
  region size 1024K, 7 young (7168K), 7 survivors (7168K)
 Metaspace       used 96527K, capacity 99528K, committed 99664K, reserved 1136640K
  class space    used 12151K, capacity 13201K, committed 13312K, reserved 1048576K
}
Event: 34.066 GC heap before
{Heap before GC invocations=52 (full 0):
 garbage-first heap   total 270336K, used 219316K [0x0000000080000000, 0x0000000100000000)
  region size 1024K, 50 young (51200K), 7 survivors (7168K)
 Metaspace       used 96527K, capacity 99528K, committed 99664K, reserved 1136640K
  class space    used 12151K, capacity 13201K, committed 13312K, reserved 1048576K
}
Event: 34.072 GC heap after
{Heap after GC invocations=53 (full 0):
 garbage-first heap   total 270336K, used 183258K [0x0000000080000000, 0x0000000100000000)
  region size 1024K, 7 young (7168K), 7 survivors (7168K)
 Metaspace       used 96527K, capacity 99528K, committed 99664K, reserved 1136640K
  class space    used 12151K, capacity 13201K, committed 13312K, reserved 1048576K
}
Event: 34.234 GC heap before
{Heap before GC invocations=53 (full 0):
 garbage-first heap   total 270336K, used 223194K [0x0000000080000000, 0x0000000100000000)
  region size 1024K, 46 young (47104K), 7 survivors (7168K)
 Metaspace       used 97418K, capacity 100467K, committed 100816K, reserved 1136640K
  class space    used 12278K, capacity 13328K, committed 13440K, reserved 1048576K
}
Event: 34.246 GC heap after
{Heap after GC invocations=54 (full 0):
 garbage-first heap   total 324608K, used 193167K [0x0000000080000000, 0x0000000100000000)
  region size 1024K, 6 young (6144K), 6 survivors (6144K)
 Metaspace       used 97418K, capacity 100467K, committed 100816K, reserved 1136640K
  class space    used 12278K, capacity 13328K, committed 13440K, reserved 1048576K
}
Event: 34.448 GC heap before
{Heap before GC invocations=54 (full 0):
 garbage-first heap   total 324608K, used 247439K [0x0000000080000000, 0x0000000100000000)
  region size 1024K, 59 young (60416K), 6 survivors (6144K)
 Metaspace       used 97545K, capacity 100606K, committed 100816K, reserved 1136640K
  class space    used 12282K, capacity 13329K, committed 13440K, reserved 1048576K
}
Event: 34.469 GC heap after
{Heap after GC invocations=55 (full 0):
 garbage-first heap   total 324608K, used 208531K [0x0000000080000000, 0x0000000100000000)
  region size 1024K, 8 young (8192K), 8 survivors (8192K)
 Metaspace       used 97545K, capacity 100606K, committed 100816K, reserved 1136640K
  class space    used 12282K, capacity 13329K, committed 13440K, reserved 1048576K
}
Event: 34.581 GC heap before
{Heap before GC invocations=55 (full 0):
 garbage-first heap   total 324608K, used 257683K [0x0000000080000000, 0x0000000100000000)
  region size 1024K, 56 young (57344K), 8 survivors (8192K)
 Metaspace       used 97586K, capacity 100675K, committed 100816K, reserved 1136640K
  class space    used 12283K, capacity 13329K, committed 13440K, reserved 1048576K
}
Event: 34.609 GC heap after
{Heap after GC invocations=56 (full 0):
 garbage-first heap   total 324608K, used 223232K [0x0000000080000000, 0x0000000100000000)
  region size 1024K, 7 young (7168K), 7 survivors (7168K)
 Metaspace       used 97586K, capacity 100675K, committed 100816K, reserved 1136640K
  class space    used 12283K, capacity 13329K, committed 13440K, reserved 1048576K
}
Event: 34.695 GC heap before
{Heap before GC invocations=56 (full 0):
 garbage-first heap   total 324608K, used 265216K [0x0000000080000000, 0x0000000100000000)
  region size 1024K, 48 young (49152K), 7 survivors (7168K)
 Metaspace       used 97586K, capacity 100675K, committed 100816K, reserved 1136640K
  class space    used 12283K, capacity 13329K, committed 13440K, reserved 1048576K
}
Event: 34.721 GC heap after
{Heap after GC invocations=57 (full 0):
 garbage-first heap   total 324608K, used 235520K [0x0000000080000000, 0x0000000100000000)
  region size 1024K, 6 young (6144K), 6 survivors (6144K)
 Metaspace       used 97586K, capacity 100675K, committed 100816K, reserved 1136640K
  class space    used 12283K, capacity 13329K, committed 13440K, reserved 1048576K
}
Event: 34.786 GC heap before
{Heap before GC invocations=57 (full 0):
 garbage-first heap   total 324608K, used 270336K [0x0000000080000000, 0x0000000100000000)
  region size 1024K, 40 young (40960K), 6 survivors (6144K)
 Metaspace       used 97605K, capacity 100707K, committed 100816K, reserved 1136640K
  class space    used 12286K, capacity 13361K, committed 13440K, reserved 1048576K
}

