# JRE version: OpenJDK Runtime Environment (11.0.10) (build 11.0.10+0-b96-7249189)
# Java VM: OpenJDK 64-Bit Server VM (11.0.10+0-b96-7249189, mixed mode, tiered, compressed oops, g1 gc, windows-amd64)
Heap:
 garbage-first heap   total 398336K, used 236053K [0x0000000080000000, 0x0000000100000000)
  region size 1024K, 3 young (3072K), 3 survivors (3072K)
 Metaspace       used 93027K, capacity 95764K, committed 95872K, reserved 1132544K
  class space    used 12169K, capacity 13206K, committed 13260K, reserved 1048576K
GC Heap History (20 events):
Event: 16.961 GC heap after
{Heap after GC invocations=25 (full 0):
 garbage-first heap   total 225280K, used 94236K [0x0000000080000000, 0x0000000100000000)
  region size 1024K, 9 young (9216K), 9 survivors (9216K)
 Metaspace       used 87400K, capacity 90130K, committed 90368K, reserved 1128448K
  class space    used 11279K, capacity 12287K, committed 12364K, reserved 1048576K
}
Event: 17.480 GC heap before
{Heap before GC invocations=25 (full 0):
 garbage-first heap   total 225280K, used 136220K [0x0000000080000000, 0x0000000100000000)
  region size 1024K, 38 young (38912K), 9 survivors (9216K)
 Metaspace       used 90535K, capacity 93358K, committed 93696K, reserved 1130496K
  class space    used 11713K, capacity 12746K, committed 12876K, reserved 1048576K
}
Event: 17.494 GC heap after
{Heap after GC invocations=26 (full 0):
 garbage-first heap   total 225280K, used 117167K [0x0000000080000000, 0x0000000100000000)
  region size 1024K, 12 young (12288K), 12 survivors (12288K)
 Metaspace       used 90535K, capacity 93358K, committed 93696K, reserved 1130496K
  class space    used 11713K, capacity 12746K, committed 12876K, reserved 1048576K
}
Event: 17.881 GC heap before
{Heap before GC invocations=27 (full 0):
 garbage-first heap   total 225280K, used 189871K [0x0000000080000000, 0x0000000100000000)
  region size 1024K, 63 young (64512K), 12 survivors (12288K)
 Metaspace       used 90647K, capacity 93288K, committed 93952K, reserved 1130496K
  class space    used 11679K, capacity 12654K, committed 12876K, reserved 1048576K
}
Event: 17.956 GC heap after
{Heap after GC invocations=28 (full 0):
 garbage-first heap   total 226304K, used 149123K [0x0000000080000000, 0x0000000100000000)
  region size 1024K, 9 young (9216K), 9 survivors (9216K)
 Metaspace       used 90647K, capacity 93288K, committed 93952K, reserved 1130496K
  class space    used 11679K, capacity 12654K, committed 12876K, reserved 1048576K
}
Event: 18.284 GC heap before
{Heap before GC invocations=29 (full 0):
 garbage-first heap   total 226304K, used 182915K [0x0000000080000000, 0x0000000100000000)
  region size 1024K, 41 young (41984K), 9 survivors (9216K)
 Metaspace       used 92072K, capacity 94819K, committed 95360K, reserved 1132544K
  class space    used 12066K, capacity 13065K, committed 13260K, reserved 1048576K
}
Event: 18.310 GC heap after
{Heap after GC invocations=30 (full 0):
 garbage-first heap   total 226304K, used 161515K [0x0000000080000000, 0x0000000100000000)
  region size 1024K, 6 young (6144K), 6 survivors (6144K)
 Metaspace       used 92072K, capacity 94819K, committed 95360K, reserved 1132544K
  class space    used 12066K, capacity 13065K, committed 13260K, reserved 1048576K
}
Event: 18.498 GC heap before
{Heap before GC invocations=30 (full 0):
 garbage-first heap   total 226304K, used 185067K [0x0000000080000000, 0x0000000100000000)
  region size 1024K, 29 young (29696K), 6 survivors (6144K)
 Metaspace       used 92952K, capacity 95697K, committed 95872K, reserved 1132544K
  class space    used 12168K, capacity 13206K, committed 13260K, reserved 1048576K
}
Event: 18.518 GC heap after
{Heap after GC invocations=31 (full 0):
 garbage-first heap   total 226304K, used 173620K [0x0000000080000000, 0x0000000100000000)
  region size 1024K, 4 young (4096K), 4 survivors (4096K)
 Metaspace       used 92952K, capacity 95697K, committed 95872K, reserved 1132544K
  class space    used 12168K, capacity 13206K, committed 13260K, reserved 1048576K
}
Event: 18.596 GC heap before
{Heap before GC invocations=31 (full 0):
 garbage-first heap   total 226304K, used 188980K [0x0000000080000000, 0x0000000100000000)
  region size 1024K, 19 young (19456K), 4 survivors (4096K)
 Metaspace       used 92971K, capacity 95697K, committed 95872K, reserved 1132544K
  class space    used 12168K, capacity 13206K, committed 13260K, reserved 1048576K
}
Event: 18.608 GC heap after
{Heap after GC invocations=32 (full 0):
 garbage-first heap   total 226304K, used 181868K [0x0000000080000000, 0x0000000100000000)
  region size 1024K, 3 young (3072K), 3 survivors (3072K)
 Metaspace       used 92971K, capacity 95697K, committed 95872K, reserved 1132544K
  class space    used 12168K, capacity 13206K, committed 13260K, reserved 1048576K
}
Event: 18.665 GC heap before
{Heap before GC invocations=32 (full 0):
 garbage-first heap   total 226304K, used 192108K [0x0000000080000000, 0x0000000100000000)
  region size 1024K, 13 young (13312K), 3 survivors (3072K)
 Metaspace       used 92977K, capacity 95761K, committed 95872K, reserved 1132544K
  class space    used 12168K, capacity 13206K, committed 13260K, reserved 1048576K
}
Event: 18.681 GC heap after
{Heap after GC invocations=33 (full 0):
 garbage-first heap   total 289792K, used 188098K [0x0000000080000000, 0x0000000100000000)
  region size 1024K, 2 young (2048K), 2 survivors (2048K)
 Metaspace       used 92977K, capacity 95761K, committed 95872K, reserved 1132544K
  class space    used 12168K, capacity 13206K, committed 13260K, reserved 1048576K
}
Event: 18.918 GC heap before
{Heap before GC invocations=34 (full 0):
 garbage-first heap   total 289792K, used 219842K [0x0000000080000000, 0x0000000100000000)
  region size 1024K, 34 young (34816K), 2 survivors (2048K)
 Metaspace       used 92997K, capacity 95764K, committed 95872K, reserved 1132544K
  class space    used 12169K, capacity 13206K, committed 13260K, reserved 1048576K
}
Event: 18.938 GC heap after
{Heap after GC invocations=35 (full 0):
 garbage-first heap   total 289792K, used 204301K [0x0000000080000000, 0x0000000100000000)
  region size 1024K, 5 young (5120K), 5 survivors (5120K)
 Metaspace       used 92997K, capacity 95764K, committed 95872K, reserved 1132544K
  class space    used 12169K, capacity 13206K, committed 13260K, reserved 1048576K
}
Event: 19.018 GC heap before
{Heap before GC invocations=35 (full 0):
 garbage-first heap   total 289792K, used 228877K [0x0000000080000000, 0x0000000100000000)
  region size 1024K, 30 young (30720K), 5 survivors (5120K)
 Metaspace       used 93021K, capacity 95764K, committed 95872K, reserved 1132544K
  class space    used 12169K, capacity 13206K, committed 13260K, reserved 1048576K
}
Event: 19.039 GC heap after
{Heap after GC invocations=36 (full 0):
 garbage-first heap   total 289792K, used 218388K [0x0000000080000000, 0x0000000100000000)
  region size 1024K, 4 young (4096K), 4 survivors (4096K)
 Metaspace       used 93021K, capacity 95764K, committed 95872K, reserved 1132544K
  class space    used 12169K, capacity 13206K, committed 13260K, reserved 1048576K
}
Event: 19.105 GC heap before
{Heap before GC invocations=36 (full 0):
 garbage-first heap   total 289792K, used 236820K [0x0000000080000000, 0x0000000100000000)
  region size 1024K, 22 young (22528K), 4 survivors (4096K)
 Metaspace       used 93027K, capacity 95764K, committed 95872K, reserved 1132544K
  class space    used 12169K, capacity 13206K, committed 13260K, reserved 1048576K
}
Event: 19.123 GC heap after
{Heap after GC invocations=37 (full 0):
 garbage-first heap   total 289792K, used 228352K [0x0000000080000000, 0x0000000100000000)
  region size 1024K, 3 young (3072K), 3 survivors (3072K)
 Metaspace       used 93027K, capacity 95764K, committed 95872K, reserved 1132544K
  class space    used 12169K, capacity 13206K, committed 13260K, reserved 1048576K
}
Event: 19.200 GC heap before
{Heap before GC invocations=37 (full 0):
 garbage-first heap   total 289792K, used 241664K [0x0000000080000000, 0x0000000100000000)
  region size 1024K, 17 young (17408K), 3 survivors (3072K)
 Metaspace       used 93027K, capacity 95764K, committed 95872K, reserved 1132544K
  class space    used 12169K, capacity 13206K, committed 13260K, reserved 1048576K
}

