# JRE version: OpenJDK Runtime Environment (11.0.10) (build 11.0.10+0-b96-7249189)
# Java VM: OpenJDK 64-Bit Server VM (11.0.10+0-b96-7249189, mixed mode, tiered, compressed oops, g1 gc, windows-amd64)
Heap:
 garbage-first heap   total 187392K, used 142070K [0x0000000080000000, 0x0000000100000000)
  region size 1024K, 16 young (16384K), 4 survivors (4096K)
 Metaspace       used 109631K, capacity 112659K, committed 112844K, reserved 1146880K
  class space    used 13412K, capacity 14566K, committed 14616K, reserved 1048576K
GC Heap History (20 events):
Event: 27.434 GC heap before
{Heap before GC invocations=48 (full 0):
 garbage-first heap   total 187392K, used 151275K [0x0000000080000000, 0x0000000100000000)
  region size 1024K, 54 young (55296K), 1 survivors (1024K)
 Metaspace       used 98359K, capacity 101135K, committed 101580K, reserved 1138688K
  class space    used 12138K, capacity 13134K, committed 13336K, reserved 1048576K
}
Event: 27.436 GC heap after
{Heap after GC invocations=49 (full 0):
 garbage-first heap   total 187392K, used 96451K [0x0000000080000000, 0x0000000100000000)
  region size 1024K, 1 young (1024K), 1 survivors (1024K)
 Metaspace       used 98359K, capacity 101135K, committed 101580K, reserved 1138688K
  class space    used 12138K, capacity 13134K, committed 13336K, reserved 1048576K
}
Event: 27.704 GC heap before
{Heap before GC invocations=49 (full 0):
 garbage-first heap   total 187392K, used 151747K [0x0000000080000000, 0x0000000100000000)
  region size 1024K, 55 young (56320K), 1 survivors (1024K)
 Metaspace       used 98363K, capacity 101135K, committed 101580K, reserved 1138688K
  class space    used 12138K, capacity 13134K, committed 13336K, reserved 1048576K
}
Event: 27.705 GC heap after
{Heap after GC invocations=50 (full 0):
 garbage-first heap   total 187392K, used 96341K [0x0000000080000000, 0x0000000100000000)
  region size 1024K, 1 young (1024K), 1 survivors (1024K)
 Metaspace       used 98363K, capacity 101135K, committed 101580K, reserved 1138688K
  class space    used 12138K, capacity 13134K, committed 13336K, reserved 1048576K
}
Event: 28.053 GC heap before
{Heap before GC invocations=50 (full 0):
 garbage-first heap   total 187392K, used 153685K [0x0000000080000000, 0x0000000100000000)
  region size 1024K, 57 young (58368K), 1 survivors (1024K)
 Metaspace       used 98368K, capacity 101135K, committed 101580K, reserved 1138688K
  class space    used 12139K, capacity 13134K, committed 13336K, reserved 1048576K
}
Event: 28.054 GC heap after
{Heap after GC invocations=51 (full 0):
 garbage-first heap   total 187392K, used 96401K [0x0000000080000000, 0x0000000100000000)
  region size 1024K, 1 young (1024K), 1 survivors (1024K)
 Metaspace       used 98368K, capacity 101135K, committed 101580K, reserved 1138688K
  class space    used 12139K, capacity 13134K, committed 13336K, reserved 1048576K
}
Event: 28.565 GC heap before
{Heap before GC invocations=51 (full 0):
 garbage-first heap   total 187392K, used 154769K [0x0000000080000000, 0x0000000100000000)
  region size 1024K, 59 young (60416K), 1 survivors (1024K)
 Metaspace       used 98880K, capacity 101717K, committed 102220K, reserved 1138688K
  class space    used 12203K, capacity 13244K, committed 13464K, reserved 1048576K
}
Event: 28.569 GC heap after
{Heap after GC invocations=52 (full 0):
 garbage-first heap   total 187392K, used 98729K [0x0000000080000000, 0x0000000100000000)
  region size 1024K, 3 young (3072K), 3 survivors (3072K)
 Metaspace       used 98880K, capacity 101717K, committed 102220K, reserved 1138688K
  class space    used 12203K, capacity 13244K, committed 13464K, reserved 1048576K
}
Event: 33.354 GC heap before
{Heap before GC invocations=52 (full 0):
 garbage-first heap   total 187392K, used 156073K [0x0000000080000000, 0x0000000100000000)
  region size 1024K, 60 young (61440K), 3 survivors (3072K)
 Metaspace       used 100156K, capacity 103007K, committed 103372K, reserved 1138688K
  class space    used 12334K, capacity 13404K, committed 13592K, reserved 1048576K
}
Event: 33.362 GC heap after
{Heap after GC invocations=53 (full 0):
 garbage-first heap   total 187392K, used 104060K [0x0000000080000000, 0x0000000100000000)
  region size 1024K, 8 young (8192K), 8 survivors (8192K)
 Metaspace       used 100156K, capacity 103007K, committed 103372K, reserved 1138688K
  class space    used 12334K, capacity 13404K, committed 13592K, reserved 1048576K
}
Event: 33.824 GC heap before
{Heap before GC invocations=53 (full 0):
 garbage-first heap   total 187392K, used 157308K [0x0000000080000000, 0x0000000100000000)
  region size 1024K, 60 young (61440K), 8 survivors (8192K)
 Metaspace       used 100556K, capacity 103406K, committed 103628K, reserved 1138688K
  class space    used 12363K, capacity 13409K, committed 13592K, reserved 1048576K
}
Event: 33.831 GC heap after
{Heap after GC invocations=54 (full 0):
 garbage-first heap   total 187392K, used 105482K [0x0000000080000000, 0x0000000100000000)
  region size 1024K, 4 young (4096K), 4 survivors (4096K)
 Metaspace       used 100556K, capacity 103406K, committed 103628K, reserved 1138688K
  class space    used 12363K, capacity 13409K, committed 13592K, reserved 1048576K
}
Event: 34.254 GC heap before
{Heap before GC invocations=54 (full 0):
 garbage-first heap   total 187392K, used 155658K [0x0000000080000000, 0x0000000100000000)
  region size 1024K, 54 young (55296K), 4 survivors (4096K)
 Metaspace       used 101059K, capacity 103877K, committed 104140K, reserved 1140736K
  class space    used 12445K, capacity 13504K, committed 13592K, reserved 1048576K
}
Event: 34.258 GC heap after
{Heap after GC invocations=55 (full 0):
 garbage-first heap   total 187392K, used 106046K [0x0000000080000000, 0x0000000100000000)
  region size 1024K, 4 young (4096K), 4 survivors (4096K)
 Metaspace       used 101059K, capacity 103877K, committed 104140K, reserved 1140736K
  class space    used 12445K, capacity 13504K, committed 13592K, reserved 1048576K
}
Event: 35.686 GC heap before
{Heap before GC invocations=55 (full 0):
 garbage-first heap   total 187392K, used 159294K [0x0000000080000000, 0x0000000100000000)
  region size 1024K, 55 young (56320K), 4 survivors (4096K)
 Metaspace       used 107586K, capacity 110603K, committed 110924K, reserved 1146880K
  class space    used 13237K, capacity 14386K, committed 14488K, reserved 1048576K
}
Event: 35.696 GC heap after
{Heap after GC invocations=56 (full 0):
 garbage-first heap   total 187392K, used 115837K [0x0000000080000000, 0x0000000100000000)
  region size 1024K, 7 young (7168K), 7 survivors (7168K)
 Metaspace       used 107586K, capacity 110603K, committed 110924K, reserved 1146880K
  class space    used 13237K, capacity 14386K, committed 14488K, reserved 1048576K
}
Event: 37.381 GC heap before
{Heap before GC invocations=56 (full 0):
 garbage-first heap   total 187392K, used 155773K [0x0000000080000000, 0x0000000100000000)
  region size 1024K, 46 young (47104K), 7 survivors (7168K)
 Metaspace       used 108348K, capacity 111318K, committed 111436K, reserved 1146880K
  class space    used 13288K, capacity 14449K, committed 14488K, reserved 1048576K
}
Event: 37.397 GC heap after
{Heap after GC invocations=57 (full 0):
 garbage-first heap   total 187392K, used 125952K [0x0000000080000000, 0x0000000100000000)
  region size 1024K, 6 young (6144K), 6 survivors (6144K)
 Metaspace       used 108348K, capacity 111318K, committed 111436K, reserved 1146880K
  class space    used 13288K, capacity 14449K, committed 14488K, reserved 1048576K
}
Event: 37.659 GC heap before
{Heap before GC invocations=57 (full 0):
 garbage-first heap   total 187392K, used 154624K [0x0000000080000000, 0x0000000100000000)
  region size 1024K, 34 young (34816K), 6 survivors (6144K)
 Metaspace       used 108823K, capacity 111838K, committed 111948K, reserved 1146880K
  class space    used 13321K, capacity 14466K, committed 14488K, reserved 1048576K
}
Event: 37.668 GC heap after
{Heap after GC invocations=58 (full 0):
 garbage-first heap   total 187392K, used 130806K [0x0000000080000000, 0x0000000100000000)
  region size 1024K, 4 young (4096K), 4 survivors (4096K)
 Metaspace       used 108823K, capacity 111838K, committed 111948K, reserved 1146880K
  class space    used 13321K, capacity 14466K, committed 14488K, reserved 1048576K
}

