# JRE version: OpenJDK Runtime Environment (11.0.10) (build 11.0.10+0-b96-7249189)
# Java VM: OpenJDK 64-Bit Server VM (11.0.10+0-b96-7249189, mixed mode, tiered, compressed oops, g1 gc, windows-amd64)
Heap:
 garbage-first heap   total 225280K, used 151882K [0x0000000080000000, 0x0000000100000000)
  region size 1024K, 76 young (77824K), 9 survivors (9216K)
 Metaspace       used 87285K, capacity 90023K, committed 90240K, reserved 1128448K
  class space    used 11218K, capacity 12190K, committed 12236K, reserved 1048576K
GC Heap History (20 events):
Event: 6.670 GC heap before
{Heap before GC invocations=10 (full 0):
 garbage-first heap   total 155648K, used 115793K [0x0000000080000000, 0x0000000100000000)
  region size 1024K, 89 young (91136K), 8 survivors (8192K)
 Metaspace       used 52213K, capacity 53766K, committed 53964K, reserved 1095680K
  class space    used 6656K, capacity 7256K, committed 7372K, reserved 1048576K
}
Event: 6.682 GC heap after
{Heap after GC invocations=11 (full 0):
 garbage-first heap   total 155648K, used 43732K [0x0000000080000000, 0x0000000100000000)
  region size 1024K, 12 young (12288K), 12 survivors (12288K)
 Metaspace       used 52213K, capacity 53766K, committed 53964K, reserved 1095680K
  class space    used 6656K, capacity 7256K, committed 7372K, reserved 1048576K
}
Event: 7.294 GC heap before
{Heap before GC invocations=11 (full 0):
 garbage-first heap   total 155648K, used 82644K [0x0000000080000000, 0x0000000100000000)
  region size 1024K, 51 young (52224K), 12 survivors (12288K)
 Metaspace       used 58437K, capacity 60074K, committed 60288K, reserved 1101824K
  class space    used 7420K, capacity 8032K, committed 8140K, reserved 1048576K
}
Event: 7.309 GC heap after
{Heap after GC invocations=12 (full 0):
 garbage-first heap   total 155648K, used 47182K [0x0000000080000000, 0x0000000100000000)
  region size 1024K, 3 young (3072K), 3 survivors (3072K)
 Metaspace       used 58437K, capacity 60074K, committed 60288K, reserved 1101824K
  class space    used 7420K, capacity 8032K, committed 8140K, reserved 1048576K
}
Event: 8.044 GC heap before
{Heap before GC invocations=13 (full 0):
 garbage-first heap   total 155648K, used 105550K [0x0000000080000000, 0x0000000100000000)
  region size 1024K, 60 young (61440K), 3 survivors (3072K)
 Metaspace       used 63332K, capacity 65089K, committed 65280K, reserved 1105920K
  class space    used 8047K, capacity 8708K, committed 8780K, reserved 1048576K
}
Event: 8.052 GC heap after
{Heap after GC invocations=14 (full 0):
 garbage-first heap   total 187392K, used 51037K [0x0000000080000000, 0x0000000100000000)
  region size 1024K, 7 young (7168K), 7 survivors (7168K)
 Metaspace       used 63332K, capacity 65089K, committed 65280K, reserved 1105920K
  class space    used 8047K, capacity 8708K, committed 8780K, reserved 1048576K
}
Event: 8.802 GC heap before
{Heap before GC invocations=15 (full 0):
 garbage-first heap   total 187392K, used 122717K [0x0000000080000000, 0x0000000100000000)
  region size 1024K, 77 young (78848K), 7 survivors (7168K)
 Metaspace       used 66984K, capacity 68889K, committed 68992K, reserved 1110016K
  class space    used 8659K, capacity 9335K, committed 9420K, reserved 1048576K
}
Event: 8.812 GC heap after
{Heap after GC invocations=16 (full 0):
 garbage-first heap   total 187392K, used 56570K [0x0000000080000000, 0x0000000100000000)
  region size 1024K, 10 young (10240K), 10 survivors (10240K)
 Metaspace       used 66984K, capacity 68889K, committed 68992K, reserved 1110016K
  class space    used 8659K, capacity 9335K, committed 9420K, reserved 1048576K
}
Event: 9.451 GC heap before
{Heap before GC invocations=16 (full 0):
 garbage-first heap   total 187392K, used 128250K [0x0000000080000000, 0x0000000100000000)
  region size 1024K, 80 young (81920K), 10 survivors (10240K)
 Metaspace       used 69786K, capacity 71904K, committed 72064K, reserved 1112064K
  class space    used 9067K, capacity 9854K, committed 9932K, reserved 1048576K
}
Event: 9.461 GC heap after
{Heap after GC invocations=17 (full 0):
 garbage-first heap   total 187392K, used 62476K [0x0000000080000000, 0x0000000100000000)
  region size 1024K, 6 young (6144K), 6 survivors (6144K)
 Metaspace       used 69786K, capacity 71904K, committed 72064K, reserved 1112064K
  class space    used 9067K, capacity 9854K, committed 9932K, reserved 1048576K
}
Event: 10.931 GC heap before
{Heap before GC invocations=17 (full 0):
 garbage-first heap   total 187392K, used 134156K [0x0000000080000000, 0x0000000100000000)
  region size 1024K, 76 young (77824K), 6 survivors (6144K)
 Metaspace       used 72246K, capacity 74500K, committed 74624K, reserved 1114112K
  class space    used 9275K, capacity 10092K, committed 10188K, reserved 1048576K
}
Event: 10.943 GC heap after
{Heap after GC invocations=18 (full 0):
 garbage-first heap   total 187392K, used 66430K [0x0000000080000000, 0x0000000100000000)
  region size 1024K, 10 young (10240K), 10 survivors (10240K)
 Metaspace       used 72246K, capacity 74500K, committed 74624K, reserved 1114112K
  class space    used 9275K, capacity 10092K, committed 10188K, reserved 1048576K
}
Event: 12.441 GC heap before
{Heap before GC invocations=18 (full 0):
 garbage-first heap   total 187392K, used 138110K [0x0000000080000000, 0x0000000100000000)
  region size 1024K, 80 young (81920K), 10 survivors (10240K)
 Metaspace       used 79438K, capacity 81805K, committed 82048K, reserved 1120256K
  class space    used 10292K, capacity 11117K, committed 11212K, reserved 1048576K
}
Event: 12.456 GC heap after
{Heap after GC invocations=19 (full 0):
 garbage-first heap   total 187392K, used 71547K [0x0000000080000000, 0x0000000100000000)
  region size 1024K, 10 young (10240K), 10 survivors (10240K)
 Metaspace       used 79438K, capacity 81805K, committed 82048K, reserved 1120256K
  class space    used 10292K, capacity 11117K, committed 11212K, reserved 1048576K
}
Event: 14.308 GC heap before
{Heap before GC invocations=19 (full 0):
 garbage-first heap   total 187392K, used 141179K [0x0000000080000000, 0x0000000100000000)
  region size 1024K, 79 young (80896K), 10 survivors (10240K)
 Metaspace       used 81591K, capacity 84198K, committed 84480K, reserved 1122304K
  class space    used 10597K, capacity 11569K, committed 11596K, reserved 1048576K
}
Event: 14.324 GC heap after
{Heap after GC invocations=20 (full 0):
 garbage-first heap   total 187392K, used 76313K [0x0000000080000000, 0x0000000100000000)
  region size 1024K, 10 young (10240K), 10 survivors (10240K)
 Metaspace       used 81591K, capacity 84198K, committed 84480K, reserved 1122304K
  class space    used 10597K, capacity 11569K, committed 11596K, reserved 1048576K
}
Event: 15.093 GC heap before
{Heap before GC invocations=20 (full 0):
 garbage-first heap   total 187392K, used 145945K [0x0000000080000000, 0x0000000100000000)
  region size 1024K, 78 young (79872K), 10 survivors (10240K)
 Metaspace       used 82127K, capacity 84797K, committed 85120K, reserved 1122304K
  class space    used 10637K, capacity 11622K, committed 11724K, reserved 1048576K
}
Event: 15.109 GC heap after
{Heap after GC invocations=21 (full 0):
 garbage-first heap   total 225280K, used 81429K [0x0000000080000000, 0x0000000100000000)
  region size 1024K, 10 young (10240K), 10 survivors (10240K)
 Metaspace       used 82127K, capacity 84797K, committed 85120K, reserved 1122304K
  class space    used 10637K, capacity 11622K, committed 11724K, reserved 1048576K
}
Event: 16.376 GC heap before
{Heap before GC invocations=21 (full 0):
 garbage-first heap   total 225280K, used 166421K [0x0000000080000000, 0x0000000100000000)
  region size 1024K, 94 young (96256K), 10 survivors (10240K)
 Metaspace       used 85179K, capacity 87820K, committed 87936K, reserved 1126400K
  class space    used 10981K, capacity 11946K, committed 11980K, reserved 1048576K
}
Event: 16.393 GC heap after
{Heap after GC invocations=22 (full 0):
 garbage-first heap   total 225280K, used 85322K [0x0000000080000000, 0x0000000100000000)
  region size 1024K, 9 young (9216K), 9 survivors (9216K)
 Metaspace       used 85179K, capacity 87820K, committed 87936K, reserved 1126400K
  class space    used 10981K, capacity 11946K, committed 11980K, reserved 1048576K
}

