# JRE version: OpenJDK Runtime Environment (11.0.10) (build 11.0.10+0-b96-7249189)
# Java VM: OpenJDK 64-Bit Server VM (11.0.10+0-b96-7249189, mixed mode, tiered, compressed oops, g1 gc, windows-amd64)
Heap:
 garbage-first heap   total 129024K, used 39983K [0x0000000080000000, 0x0000000100000000)
  region size 1024K, 6 young (6144K), 4 survivors (4096K)
 Metaspace       used 47535K, capacity 48870K, committed 48976K, reserved 1120256K
  class space    used 6148K, capacity 6609K, committed 6656K, reserved 1048576K
GC Heap History (18 events):
Event: 1.044 GC heap before
{Heap before GC invocations=0 (full 0):
 garbage-first heap   total 129024K, used 29696K [0x0000000080000000, 0x0000000100000000)
  region size 1024K, 24 young (24576K), 0 survivors (0K)
 Metaspace       used 10827K, capacity 11073K, committed 11264K, reserved 1058816K
  class space    used 1146K, capacity 1203K, committed 1280K, reserved 1048576K
}
Event: 1.048 GC heap after
{Heap after GC invocations=1 (full 0):
 garbage-first heap   total 129024K, used 8668K [0x0000000080000000, 0x0000000100000000)
  region size 1024K, 3 young (3072K), 3 survivors (3072K)
 Metaspace       used 10827K, capacity 11073K, committed 11264K, reserved 1058816K
  class space    used 1146K, capacity 1203K, committed 1280K, reserved 1048576K
}
Event: 2.794 GC heap before
{Heap before GC invocations=1 (full 0):
 garbage-first heap   total 129024K, used 81372K [0x0000000080000000, 0x0000000100000000)
  region size 1024K, 75 young (76800K), 3 survivors (3072K)
 Metaspace       used 19354K, capacity 19753K, committed 19968K, reserved 1067008K
  class space    used 2345K, capacity 2470K, committed 2560K, reserved 1048576K
}
Event: 2.802 GC heap after
{Heap after GC invocations=2 (full 0):
 garbage-first heap   total 129024K, used 15544K [0x0000000080000000, 0x0000000100000000)
  region size 1024K, 10 young (10240K), 10 survivors (10240K)
 Metaspace       used 19354K, capacity 19753K, committed 19968K, reserved 1067008K
  class space    used 2345K, capacity 2470K, committed 2560K, reserved 1048576K
}
Event: 2.883 GC heap before
{Heap before GC invocations=2 (full 0):
 garbage-first heap   total 129024K, used 19640K [0x0000000080000000, 0x0000000100000000)
  region size 1024K, 15 young (15360K), 10 survivors (10240K)
 Metaspace       used 20644K, capacity 21112K, committed 21296K, reserved 1069056K
  class space    used 2429K, capacity 2607K, committed 2688K, reserved 1048576K
}
Event: 2.890 GC heap after
{Heap after GC invocations=3 (full 0):
 garbage-first heap   total 129024K, used 16048K [0x0000000080000000, 0x0000000100000000)
  region size 1024K, 1 young (1024K), 1 survivors (1024K)
 Metaspace       used 20644K, capacity 21112K, committed 21296K, reserved 1069056K
  class space    used 2429K, capacity 2607K, committed 2688K, reserved 1048576K
}
Event: 3.736 GC heap before
{Heap before GC invocations=4 (full 0):
 garbage-first heap   total 129024K, used 65200K [0x0000000080000000, 0x0000000100000000)
  region size 1024K, 49 young (50176K), 1 survivors (1024K)
 Metaspace       used 26460K, capacity 27050K, committed 27184K, reserved 1073152K
  class space    used 3386K, capacity 3590K, committed 3712K, reserved 1048576K
}
Event: 3.739 GC heap after
{Heap after GC invocations=5 (full 0):
 garbage-first heap   total 129024K, used 17531K [0x0000000080000000, 0x0000000100000000)
  region size 1024K, 3 young (3072K), 3 survivors (3072K)
 Metaspace       used 26460K, capacity 27050K, committed 27184K, reserved 1073152K
  class space    used 3386K, capacity 3590K, committed 3712K, reserved 1048576K
}
Event: 4.671 GC heap before
{Heap before GC invocations=5 (full 0):
 garbage-first heap   total 129024K, used 62587K [0x0000000080000000, 0x0000000100000000)
  region size 1024K, 49 young (50176K), 3 survivors (3072K)
 Metaspace       used 35106K, capacity 35747K, committed 35920K, reserved 1081344K
  class space    used 4484K, capacity 4745K, committed 4864K, reserved 1048576K
}
Event: 4.679 GC heap after
{Heap after GC invocations=6 (full 0):
 garbage-first heap   total 129024K, used 20804K [0x0000000080000000, 0x0000000100000000)
  region size 1024K, 6 young (6144K), 6 survivors (6144K)
 Metaspace       used 35106K, capacity 35747K, committed 35920K, reserved 1081344K
  class space    used 4484K, capacity 4745K, committed 4864K, reserved 1048576K
}
Event: 5.731 GC heap before
{Heap before GC invocations=7 (full 0):
 garbage-first heap   total 129024K, used 82244K [0x0000000080000000, 0x0000000100000000)
  region size 1024K, 64 young (65536K), 6 survivors (6144K)
 Metaspace       used 40449K, capacity 41273K, committed 41424K, reserved 1085440K
  class space    used 5187K, capacity 5492K, committed 5504K, reserved 1048576K
}
Event: 5.738 GC heap after
{Heap after GC invocations=8 (full 0):
 garbage-first heap   total 129024K, used 24120K [0x0000000080000000, 0x0000000100000000)
  region size 1024K, 7 young (7168K), 7 survivors (7168K)
 Metaspace       used 40449K, capacity 41273K, committed 41424K, reserved 1085440K
  class space    used 5187K, capacity 5492K, committed 5504K, reserved 1048576K
}
Event: 6.759 GC heap before
{Heap before GC invocations=8 (full 0):
 garbage-first heap   total 129024K, used 86584K [0x0000000080000000, 0x0000000100000000)
  region size 1024K, 66 young (67584K), 7 survivors (7168K)
 Metaspace       used 43313K, capacity 44292K, committed 44496K, reserved 1087488K
  class space    used 5555K, capacity 5899K, committed 6016K, reserved 1048576K
}
Event: 6.770 GC heap after
{Heap after GC invocations=9 (full 0):
 garbage-first heap   total 129024K, used 35110K [0x0000000080000000, 0x0000000100000000)
  region size 1024K, 9 young (9216K), 9 survivors (9216K)
 Metaspace       used 43313K, capacity 44292K, committed 44496K, reserved 1087488K
  class space    used 5555K, capacity 5899K, committed 6016K, reserved 1048576K
}
Event: 7.351 GC heap before
{Heap before GC invocations=9 (full 0):
 garbage-first heap   total 129024K, used 69926K [0x0000000080000000, 0x0000000100000000)
  region size 1024K, 44 young (45056K), 9 survivors (9216K)
 Metaspace       used 46990K, capacity 48323K, committed 48592K, reserved 1105920K
  class space    used 6070K, capacity 6512K, committed 6528K, reserved 1048576K
}
Event: 7.363 GC heap after
{Heap after GC invocations=10 (full 0):
 garbage-first heap   total 129024K, used 38972K [0x0000000080000000, 0x0000000100000000)
  region size 1024K, 4 young (4096K), 4 survivors (4096K)
 Metaspace       used 46990K, capacity 48323K, committed 48592K, reserved 1105920K
  class space    used 6070K, capacity 6512K, committed 6528K, reserved 1048576K
}
Event: 7.423 GC heap before
{Heap before GC invocations=11 (full 0):
 garbage-first heap   total 129024K, used 41020K [0x0000000080000000, 0x0000000100000000)
  region size 1024K, 7 young (7168K), 4 survivors (4096K)
 Metaspace       used 47307K, capacity 48550K, committed 48720K, reserved 1112064K
  class space    used 6114K, capacity 6545K, committed 6656K, reserved 1048576K
}
Event: 7.427 GC heap after
{Heap after GC invocations=12 (full 0):
 garbage-first heap   total 129024K, used 38959K [0x0000000080000000, 0x0000000100000000)
  region size 1024K, 4 young (4096K), 4 survivors (4096K)
 Metaspace       used 47307K, capacity 48550K, committed 48720K, reserved 1112064K
  class space    used 6114K, capacity 6545K, committed 6656K, reserved 1048576K
}

