# JRE version: OpenJDK Runtime Environment (11.0.10) (build 11.0.10+0-b96-7249189)
# Java VM: OpenJDK 64-Bit Server VM (11.0.10+0-b96-7249189, mixed mode, tiered, compressed oops, g1 gc, windows-amd64)
Heap:
 garbage-first heap   total 225280K, used 161875K [0x0000000080000000, 0x0000000100000000)
  region size 1024K, 4 young (4096K), 3 survivors (3072K)
 Metaspace       used 111385K, capacity 114805K, committed 115020K, reserved 1148928K
  class space    used 13932K, capacity 15116K, committed 15232K, reserved 1048576K
GC Heap History (20 events):
Event: 103.617 GC heap before
{Heap before GC invocations=85 (full 0):
 garbage-first heap   total 187392K, used 161298K [0x0000000080000000, 0x0000000100000000)
  region size 1024K, 30 young (30720K), 5 survivors (5120K)
 Metaspace       used 107989K, capacity 111351K, committed 111564K, reserved 1146880K
  class space    used 13601K, capacity 14785K, committed 14848K, reserved 1048576K
}
Event: 103.625 GC heap after
{Heap after GC invocations=86 (full 0):
 garbage-first heap   total 187392K, used 141263K [0x0000000080000000, 0x0000000100000000)
  region size 1024K, 4 young (4096K), 4 survivors (4096K)
 Metaspace       used 107989K, capacity 111351K, committed 111564K, reserved 1146880K
  class space    used 13601K, capacity 14785K, committed 14848K, reserved 1048576K
}
Event: 103.674 GC heap before
{Heap before GC invocations=86 (full 0):
 garbage-first heap   total 187392K, used 146383K [0x0000000080000000, 0x0000000100000000)
  region size 1024K, 9 young (9216K), 4 survivors (4096K)
 Metaspace       used 107989K, capacity 111351K, committed 111564K, reserved 1146880K
  class space    used 13601K, capacity 14785K, committed 14848K, reserved 1048576K
}
Event: 103.680 GC heap after
{Heap after GC invocations=87 (full 0):
 garbage-first heap   total 187392K, used 143264K [0x0000000080000000, 0x0000000100000000)
  region size 1024K, 2 young (2048K), 2 survivors (2048K)
 Metaspace       used 107989K, capacity 111351K, committed 111564K, reserved 1146880K
  class space    used 13601K, capacity 14785K, committed 14848K, reserved 1048576K
}
Event: 103.822 GC heap before
{Heap before GC invocations=87 (full 0):
 garbage-first heap   total 187392K, used 156576K [0x0000000080000000, 0x0000000100000000)
  region size 1024K, 15 young (15360K), 2 survivors (2048K)
 Metaspace       used 108002K, capacity 111416K, committed 111564K, reserved 1146880K
  class space    used 13601K, capacity 14785K, committed 14848K, reserved 1048576K
}
Event: 103.827 GC heap after
{Heap after GC invocations=88 (full 0):
 garbage-first heap   total 187392K, used 147456K [0x0000000080000000, 0x0000000100000000)
  region size 1024K, 2 young (2048K), 2 survivors (2048K)
 Metaspace       used 108002K, capacity 111416K, committed 111564K, reserved 1146880K
  class space    used 13601K, capacity 14785K, committed 14848K, reserved 1048576K
}
Event: 104.015 GC heap before
{Heap before GC invocations=88 (full 0):
 garbage-first heap   total 187392K, used 158720K [0x0000000080000000, 0x0000000100000000)
  region size 1024K, 13 young (13312K), 2 survivors (2048K)
 Metaspace       used 108002K, capacity 111416K, committed 111564K, reserved 1146880K
  class space    used 13601K, capacity 14785K, committed 14848K, reserved 1048576K
}
Event: 104.022 GC heap after
{Heap after GC invocations=89 (full 0):
 garbage-first heap   total 187392K, used 149794K [0x0000000080000000, 0x0000000100000000)
  region size 1024K, 2 young (2048K), 2 survivors (2048K)
 Metaspace       used 108002K, capacity 111416K, committed 111564K, reserved 1146880K
  class space    used 13601K, capacity 14785K, committed 14848K, reserved 1048576K
}
Event: 104.203 GC heap before
{Heap before GC invocations=90 (full 0):
 garbage-first heap   total 187392K, used 159010K [0x0000000080000000, 0x0000000100000000)
  region size 1024K, 11 young (11264K), 2 survivors (2048K)
 Metaspace       used 108089K, capacity 111497K, committed 111564K, reserved 1146880K
  class space    used 13608K, capacity 14787K, committed 14848K, reserved 1048576K
}
Event: 104.207 GC heap after
{Heap after GC invocations=91 (full 0):
 garbage-first heap   total 187392K, used 150500K [0x0000000080000000, 0x0000000100000000)
  region size 1024K, 1 young (1024K), 1 survivors (1024K)
 Metaspace       used 108089K, capacity 111497K, committed 111564K, reserved 1146880K
  class space    used 13608K, capacity 14787K, committed 14848K, reserved 1048576K
}
Event: 104.544 GC heap before
{Heap before GC invocations=91 (full 0):
 garbage-first heap   total 187392K, used 158692K [0x0000000080000000, 0x0000000100000000)
  region size 1024K, 9 young (9216K), 1 survivors (1024K)
 Metaspace       used 108239K, capacity 111564K, committed 111820K, reserved 1146880K
  class space    used 13620K, capacity 14788K, committed 14848K, reserved 1048576K
}
Event: 104.550 GC heap after
{Heap after GC invocations=92 (full 0):
 garbage-first heap   total 187392K, used 151850K [0x0000000080000000, 0x0000000100000000)
  region size 1024K, 2 young (2048K), 2 survivors (2048K)
 Metaspace       used 108239K, capacity 111564K, committed 111820K, reserved 1146880K
  class space    used 13620K, capacity 14788K, committed 14848K, reserved 1048576K
}
Event: 104.678 GC heap before
{Heap before GC invocations=92 (full 0):
 garbage-first heap   total 187392K, used 160042K [0x0000000080000000, 0x0000000100000000)
  region size 1024K, 10 young (10240K), 2 survivors (2048K)
 Metaspace       used 108855K, capacity 112246K, committed 112332K, reserved 1146880K
  class space    used 13677K, capacity 14843K, committed 14848K, reserved 1048576K
}
Event: 104.680 GC heap after
{Heap after GC invocations=93 (full 0):
 garbage-first heap   total 187392K, used 152027K [0x0000000080000000, 0x0000000100000000)
  region size 1024K, 1 young (1024K), 1 survivors (1024K)
 Metaspace       used 108855K, capacity 112246K, committed 112332K, reserved 1146880K
  class space    used 13677K, capacity 14843K, committed 14848K, reserved 1048576K
}
Event: 104.779 GC heap before
{Heap before GC invocations=93 (full 0):
 garbage-first heap   total 187392K, used 160219K [0x0000000080000000, 0x0000000100000000)
  region size 1024K, 10 young (10240K), 1 survivors (1024K)
 Metaspace       used 110611K, capacity 114082K, committed 114380K, reserved 1148928K
  class space    used 13857K, capacity 15048K, committed 15104K, reserved 1048576K
}
Event: 104.783 GC heap after
{Heap after GC invocations=94 (full 0):
 garbage-first heap   total 187392K, used 156056K [0x0000000080000000, 0x0000000100000000)
  region size 1024K, 2 young (2048K), 2 survivors (2048K)
 Metaspace       used 110611K, capacity 114082K, committed 114380K, reserved 1148928K
  class space    used 13857K, capacity 15048K, committed 15104K, reserved 1048576K
}
Event: 104.807 GC heap before
{Heap before GC invocations=94 (full 0):
 garbage-first heap   total 187392K, used 158104K [0x0000000080000000, 0x0000000100000000)
  region size 1024K, 5 young (5120K), 2 survivors (2048K)
 Metaspace       used 110927K, capacity 114434K, committed 114636K, reserved 1148928K
  class space    used 13900K, capacity 15080K, committed 15104K, reserved 1048576K
}
Event: 104.812 GC heap after
{Heap after GC invocations=95 (full 0):
 garbage-first heap   total 187392K, used 157665K [0x0000000080000000, 0x0000000100000000)
  region size 1024K, 1 young (1024K), 1 survivors (1024K)
 Metaspace       used 110927K, capacity 114434K, committed 114636K, reserved 1148928K
  class space    used 13900K, capacity 15080K, committed 15104K, reserved 1048576K
}
Event: 104.983 GC heap before
{Heap before GC invocations=95 (full 0):
 garbage-first heap   total 187392K, used 172001K [0x0000000080000000, 0x0000000100000000)
  region size 1024K, 10 young (10240K), 1 survivors (1024K)
 Metaspace       used 111369K, capacity 114805K, committed 115020K, reserved 1148928K
  class space    used 13932K, capacity 15116K, committed 15232K, reserved 1048576K
}
Event: 104.987 GC heap after
{Heap after GC invocations=96 (full 0):
 garbage-first heap   total 225280K, used 159205K [0x0000000080000000, 0x0000000100000000)
  region size 1024K, 2 young (2048K), 2 survivors (2048K)
 Metaspace       used 111369K, capacity 114805K, committed 115020K, reserved 1148928K
  class space    used 13932K, capacity 15116K, committed 15232K, reserved 1048576K
}

