# JRE version: OpenJDK Runtime Environment (11.0.10) (build 11.0.10+0-b96-7249189)
# Java VM: OpenJDK 64-Bit Server VM (11.0.10+0-b96-7249189, mixed mode, tiered, compressed oops, g1 gc, windows-amd64)
Heap:
 garbage-first heap   total 278528K, used 161069K [0x0000000080000000, 0x0000000100000000)
  region size 1024K, 25 young (25600K), 6 survivors (6144K)
 Metaspace       used 89783K, capacity 92844K, committed 93136K, reserved 1130496K
  class space    used 11661K, capacity 12835K, committed 12928K, reserved 1048576K
GC Heap History (20 events):
Event: 32.262 GC heap before
{Heap before GC invocations=35 (full 0):
 garbage-first heap   total 155648K, used 133898K [0x0000000080000000, 0x0000000100000000)
  region size 1024K, 35 young (35840K), 2 survivors (2048K)
 Metaspace       used 78079K, capacity 80389K, committed 80592K, reserved 1120256K
  class space    used 10062K, capacity 10875K, committed 10880K, reserved 1048576K
}
Event: 32.308 GC heap after
{Heap after GC invocations=36 (full 0):
 garbage-first heap   total 155648K, used 102046K [0x0000000080000000, 0x0000000100000000)
  region size 1024K, 5 young (5120K), 5 survivors (5120K)
 Metaspace       used 78079K, capacity 80389K, committed 80592K, reserved 1120256K
  class space    used 10062K, capacity 10875K, committed 10880K, reserved 1048576K
}
Event: 32.343 GC heap before
{Heap before GC invocations=36 (full 0):
 garbage-first heap   total 155648K, used 103070K [0x0000000080000000, 0x0000000100000000)
  region size 1024K, 7 young (7168K), 5 survivors (5120K)
 Metaspace       used 78089K, capacity 80392K, committed 80592K, reserved 1120256K
  class space    used 10062K, capacity 10875K, committed 10880K, reserved 1048576K
}
Event: 32.388 GC heap after
{Heap after GC invocations=37 (full 0):
 garbage-first heap   total 195584K, used 101609K [0x0000000080000000, 0x0000000100000000)
  region size 1024K, 1 young (1024K), 1 survivors (1024K)
 Metaspace       used 78089K, capacity 80392K, committed 80592K, reserved 1120256K
  class space    used 10062K, capacity 10875K, committed 10880K, reserved 1048576K
}
Event: 34.939 GC heap before
{Heap before GC invocations=37 (full 0):
 garbage-first heap   total 195584K, used 147689K [0x0000000080000000, 0x0000000100000000)
  region size 1024K, 47 young (48128K), 1 survivors (1024K)
 Metaspace       used 80595K, capacity 83035K, committed 83280K, reserved 1122304K
  class space    used 10405K, capacity 11250K, committed 11264K, reserved 1048576K
}
Event: 34.987 GC heap after
{Heap after GC invocations=38 (full 0):
 garbage-first heap   total 195584K, used 110939K [0x0000000080000000, 0x0000000100000000)
  region size 1024K, 6 young (6144K), 6 survivors (6144K)
 Metaspace       used 80595K, capacity 83035K, committed 83280K, reserved 1122304K
  class space    used 10405K, capacity 11250K, committed 11264K, reserved 1048576K
}
Event: 35.672 GC heap before
{Heap before GC invocations=39 (full 0):
 garbage-first heap   total 195584K, used 150875K [0x0000000080000000, 0x0000000100000000)
  region size 1024K, 46 young (47104K), 6 survivors (6144K)
 Metaspace       used 81231K, capacity 83619K, committed 83920K, reserved 1122304K
  class space    used 10486K, capacity 11332K, committed 11392K, reserved 1048576K
}
Event: 35.709 GC heap after
{Heap after GC invocations=40 (full 0):
 garbage-first heap   total 195584K, used 124423K [0x0000000080000000, 0x0000000100000000)
  region size 1024K, 6 young (6144K), 6 survivors (6144K)
 Metaspace       used 81231K, capacity 83619K, committed 83920K, reserved 1122304K
  class space    used 10486K, capacity 11332K, committed 11392K, reserved 1048576K
}
Event: 36.527 GC heap before
{Heap before GC invocations=40 (full 0):
 garbage-first heap   total 195584K, used 154119K [0x0000000080000000, 0x0000000100000000)
  region size 1024K, 36 young (36864K), 6 survivors (6144K)
 Metaspace       used 84533K, capacity 87317K, committed 87504K, reserved 1124352K
  class space    used 11102K, capacity 12134K, committed 12160K, reserved 1048576K
}
Event: 36.542 GC heap after
{Heap after GC invocations=41 (full 0):
 garbage-first heap   total 195584K, used 130549K [0x0000000080000000, 0x0000000100000000)
  region size 1024K, 5 young (5120K), 5 survivors (5120K)
 Metaspace       used 84533K, capacity 87317K, committed 87504K, reserved 1124352K
  class space    used 11102K, capacity 12134K, committed 12160K, reserved 1048576K
}
Event: 36.810 GC heap before
{Heap before GC invocations=41 (full 0):
 garbage-first heap   total 195584K, used 157173K [0x0000000080000000, 0x0000000100000000)
  region size 1024K, 31 young (31744K), 5 survivors (5120K)
 Metaspace       used 86151K, capacity 89038K, committed 89168K, reserved 1126400K
  class space    used 11354K, capacity 12457K, committed 12544K, reserved 1048576K
}
Event: 36.825 GC heap after
{Heap after GC invocations=42 (full 0):
 garbage-first heap   total 278528K, used 134121K [0x0000000080000000, 0x0000000100000000)
  region size 1024K, 3 young (3072K), 3 survivors (3072K)
 Metaspace       used 86151K, capacity 89038K, committed 89168K, reserved 1126400K
  class space    used 11354K, capacity 12457K, committed 12544K, reserved 1048576K
}
Event: 37.187 GC heap before
{Heap before GC invocations=42 (full 0):
 garbage-first heap   total 278528K, used 187369K [0x0000000080000000, 0x0000000100000000)
  region size 1024K, 55 young (56320K), 3 survivors (3072K)
 Metaspace       used 87057K, capacity 90009K, committed 90320K, reserved 1126400K
  class space    used 11425K, capacity 12545K, committed 12672K, reserved 1048576K
}
Event: 37.199 GC heap after
{Heap after GC invocations=43 (full 0):
 garbage-first heap   total 278528K, used 138243K [0x0000000080000000, 0x0000000100000000)
  region size 1024K, 7 young (7168K), 7 survivors (7168K)
 Metaspace       used 87057K, capacity 90009K, committed 90320K, reserved 1126400K
  class space    used 11425K, capacity 12545K, committed 12672K, reserved 1048576K
}
Event: 37.679 GC heap before
{Heap before GC invocations=43 (full 0):
 garbage-first heap   total 278528K, used 192515K [0x0000000080000000, 0x0000000100000000)
  region size 1024K, 61 young (62464K), 7 survivors (7168K)
 Metaspace       used 87871K, capacity 90866K, committed 91216K, reserved 1128448K
  class space    used 11515K, capacity 12675K, committed 12800K, reserved 1048576K
}
Event: 37.690 GC heap after
{Heap after GC invocations=44 (full 0):
 garbage-first heap   total 278528K, used 139408K [0x0000000080000000, 0x0000000100000000)
  region size 1024K, 4 young (4096K), 4 survivors (4096K)
 Metaspace       used 87871K, capacity 90866K, committed 91216K, reserved 1128448K
  class space    used 11515K, capacity 12675K, committed 12800K, reserved 1048576K
}
Event: 42.393 GC heap before
{Heap before GC invocations=44 (full 0):
 garbage-first heap   total 278528K, used 200848K [0x0000000080000000, 0x0000000100000000)
  region size 1024K, 63 young (64512K), 4 survivors (4096K)
 Metaspace       used 88977K, capacity 92018K, committed 92240K, reserved 1128448K
  class space    used 11638K, capacity 12796K, committed 12800K, reserved 1048576K
}
Event: 42.453 GC heap after
{Heap after GC invocations=45 (full 0):
 garbage-first heap   total 278528K, used 142562K [0x0000000080000000, 0x0000000100000000)
  region size 1024K, 7 young (7168K), 7 survivors (7168K)
 Metaspace       used 88977K, capacity 92018K, committed 92240K, reserved 1128448K
  class space    used 11638K, capacity 12796K, committed 12800K, reserved 1048576K
}
Event: 44.230 GC heap before
{Heap before GC invocations=45 (full 0):
 garbage-first heap   total 278528K, used 205026K [0x0000000080000000, 0x0000000100000000)
  region size 1024K, 68 young (69632K), 7 survivors (7168K)
 Metaspace       used 89700K, capacity 92766K, committed 92880K, reserved 1130496K
  class space    used 11658K, capacity 12832K, committed 12928K, reserved 1048576K
}
Event: 44.247 GC heap after
{Heap after GC invocations=46 (full 0):
 garbage-first heap   total 278528K, used 143661K [0x0000000080000000, 0x0000000100000000)
  region size 1024K, 6 young (6144K), 6 survivors (6144K)
 Metaspace       used 89700K, capacity 92766K, committed 92880K, reserved 1130496K
  class space    used 11658K, capacity 12832K, committed 12928K, reserved 1048576K
}

