# JRE version: OpenJDK Runtime Environment (11.0.10) (build 11.0.10+0-b96-7249189)
# Java VM: OpenJDK 64-Bit Server VM (11.0.10+0-b96-7249189, mixed mode, tiered, compressed oops, g1 gc, windows-amd64)
Heap:
 garbage-first heap   total 155648K, used 64376K [0x0000000080000000, 0x0000000100000000)
  region size 1024K, 43 young (44032K), 7 survivors (7168K)
 Metaspace       used 45894K, capacity 47123K, committed 47308K, reserved 1089536K
  class space    used 5870K, capacity 6293K, committed 6348K, reserved 1048576K
GC Heap History (16 events):
Event: 0.654 GC heap before
{Heap before GC invocations=0 (full 0):
 garbage-first heap   total 129024K, used 29696K [0x0000000080000000, 0x0000000100000000)
  region size 1024K, 24 young (24576K), 0 survivors (0K)
 Metaspace       used 10175K, capacity 10363K, committed 10624K, reserved 1058816K
  class space    used 1065K, capacity 1141K, committed 1152K, reserved 1048576K
}
Event: 0.660 GC heap after
{Heap after GC invocations=1 (full 0):
 garbage-first heap   total 129024K, used 9098K [0x0000000080000000, 0x0000000100000000)
  region size 1024K, 3 young (3072K), 3 survivors (3072K)
 Metaspace       used 10175K, capacity 10363K, committed 10624K, reserved 1058816K
  class space    used 1065K, capacity 1141K, committed 1152K, reserved 1048576K
}
Event: 2.156 GC heap before
{Heap before GC invocations=1 (full 0):
 garbage-first heap   total 129024K, used 78730K [0x0000000080000000, 0x0000000100000000)
  region size 1024K, 71 young (72704K), 3 survivors (3072K)
 Metaspace       used 17465K, capacity 17836K, committed 18048K, reserved 1064960K
  class space    used 2040K, capacity 2174K, committed 2176K, reserved 1048576K
}
Event: 2.163 GC heap after
{Heap after GC invocations=2 (full 0):
 garbage-first heap   total 129024K, used 15768K [0x0000000080000000, 0x0000000100000000)
  region size 1024K, 9 young (9216K), 9 survivors (9216K)
 Metaspace       used 17465K, capacity 17836K, committed 18048K, reserved 1064960K
  class space    used 2040K, capacity 2174K, committed 2176K, reserved 1048576K
}
Event: 2.411 GC heap before
{Heap before GC invocations=2 (full 0):
 garbage-first heap   total 129024K, used 42392K [0x0000000080000000, 0x0000000100000000)
  region size 1024K, 36 young (36864K), 9 survivors (9216K)
 Metaspace       used 20644K, capacity 21124K, committed 21248K, reserved 1067008K
  class space    used 2522K, capacity 2722K, committed 2816K, reserved 1048576K
}
Event: 2.417 GC heap after
{Heap after GC invocations=3 (full 0):
 garbage-first heap   total 129024K, used 16799K [0x0000000080000000, 0x0000000100000000)
  region size 1024K, 2 young (2048K), 2 survivors (2048K)
 Metaspace       used 20644K, capacity 21124K, committed 21248K, reserved 1067008K
  class space    used 2522K, capacity 2722K, committed 2816K, reserved 1048576K
}
Event: 3.143 GC heap before
{Heap before GC invocations=4 (full 0):
 garbage-first heap   total 129024K, used 65951K [0x0000000080000000, 0x0000000100000000)
  region size 1024K, 51 young (52224K), 2 survivors (2048K)
 Metaspace       used 25716K, capacity 26296K, committed 26496K, reserved 1073152K
  class space    used 3362K, capacity 3600K, committed 3712K, reserved 1048576K
}
Event: 3.147 GC heap after
{Heap after GC invocations=5 (full 0):
 garbage-first heap   total 129024K, used 18412K [0x0000000080000000, 0x0000000100000000)
  region size 1024K, 3 young (3072K), 3 survivors (3072K)
 Metaspace       used 25716K, capacity 26296K, committed 26496K, reserved 1073152K
  class space    used 3362K, capacity 3600K, committed 3712K, reserved 1048576K
}
Event: 3.921 GC heap before
{Heap before GC invocations=5 (full 0):
 garbage-first heap   total 129024K, used 74732K [0x0000000080000000, 0x0000000100000000)
  region size 1024K, 58 young (59392K), 3 survivors (3072K)
 Metaspace       used 33973K, capacity 34800K, committed 34944K, reserved 1079296K
  class space    used 4415K, capacity 4712K, committed 4736K, reserved 1048576K
}
Event: 3.926 GC heap after
{Heap after GC invocations=6 (full 0):
 garbage-first heap   total 129024K, used 21746K [0x0000000080000000, 0x0000000100000000)
  region size 1024K, 6 young (6144K), 6 survivors (6144K)
 Metaspace       used 33973K, capacity 34800K, committed 34944K, reserved 1079296K
  class space    used 4415K, capacity 4712K, committed 4736K, reserved 1048576K
}
Event: 4.015 GC heap before
{Heap before GC invocations=6 (full 0):
 garbage-first heap   total 129024K, used 26866K [0x0000000080000000, 0x0000000100000000)
  region size 1024K, 12 young (12288K), 6 survivors (6144K)
 Metaspace       used 35044K, capacity 35830K, committed 35840K, reserved 1081344K
  class space    used 4540K, capacity 4864K, committed 4864K, reserved 1048576K
}
Event: 4.026 GC heap after
{Heap after GC invocations=7 (full 0):
 garbage-first heap   total 129024K, used 22181K [0x0000000080000000, 0x0000000100000000)
  region size 1024K, 4 young (4096K), 4 survivors (4096K)
 Metaspace       used 35044K, capacity 35830K, committed 35840K, reserved 1081344K
  class space    used 4540K, capacity 4864K, committed 4864K, reserved 1048576K
}
Event: 4.641 GC heap before
{Heap before GC invocations=8 (full 0):
 garbage-first heap   total 129024K, used 75429K [0x0000000080000000, 0x0000000100000000)
  region size 1024K, 53 young (54272K), 4 survivors (4096K)
 Metaspace       used 39279K, capacity 40215K, committed 40524K, reserved 1085440K
  class space    used 5040K, capacity 5376K, committed 5452K, reserved 1048576K
}
Event: 4.650 GC heap after
{Heap after GC invocations=9 (full 0):
 garbage-first heap   total 129024K, used 26067K [0x0000000080000000, 0x0000000100000000)
  region size 1024K, 7 young (7168K), 7 survivors (7168K)
 Metaspace       used 39279K, capacity 40215K, committed 40524K, reserved 1085440K
  class space    used 5040K, capacity 5376K, committed 5452K, reserved 1048576K
}
Event: 5.268 GC heap before
{Heap before GC invocations=9 (full 0):
 garbage-first heap   total 129024K, used 77267K [0x0000000080000000, 0x0000000100000000)
  region size 1024K, 57 young (58368K), 7 survivors (7168K)
 Metaspace       used 43290K, capacity 44406K, committed 44620K, reserved 1087488K
  class space    used 5526K, capacity 5921K, committed 5964K, reserved 1048576K
}
Event: 5.277 GC heap after
{Heap after GC invocations=10 (full 0):
 garbage-first heap   total 155648K, used 28536K [0x0000000080000000, 0x0000000100000000)
  region size 1024K, 7 young (7168K), 7 survivors (7168K)
 Metaspace       used 43290K, capacity 44406K, committed 44620K, reserved 1087488K
  class space    used 5526K, capacity 5921K, committed 5964K, reserved 1048576K
}

