# JRE version: OpenJDK Runtime Environment (11.0.10) (build 11.0.10+0-b96-7249189)
# Java VM: OpenJDK 64-Bit Server VM (11.0.10+0-b96-7249189, mixed mode, tiered, compressed oops, g1 gc, windows-amd64)
Heap:
 garbage-first heap   total 129024K, used 70650K [0x0000000080000000, 0x0000000100000000)
  region size 1024K, 48 young (49152K), 8 survivors (8192K)
 Metaspace       used 46807K, capacity 48128K, committed 48336K, reserved 1095680K
  class space    used 6043K, capacity 6511K, committed 6528K, reserved 1048576K
GC Heap History (16 events):
Event: 1.444 GC heap before
{Heap before GC invocations=0 (full 0):
 garbage-first heap   total 129024K, used 29696K [0x0000000080000000, 0x0000000100000000)
  region size 1024K, 24 young (24576K), 0 survivors (0K)
 Metaspace       used 10827K, capacity 11073K, committed 11264K, reserved 1058816K
  class space    used 1146K, capacity 1203K, committed 1280K, reserved 1048576K
}
Event: 1.454 GC heap after
{Heap after GC invocations=1 (full 0):
 garbage-first heap   total 129024K, used 8500K [0x0000000080000000, 0x0000000100000000)
  region size 1024K, 3 young (3072K), 3 survivors (3072K)
 Metaspace       used 10827K, capacity 11073K, committed 11264K, reserved 1058816K
  class space    used 1146K, capacity 1203K, committed 1280K, reserved 1048576K
}
Event: 3.270 GC heap before
{Heap before GC invocations=1 (full 0):
 garbage-first heap   total 129024K, used 81204K [0x0000000080000000, 0x0000000100000000)
  region size 1024K, 75 young (76800K), 3 survivors (3072K)
 Metaspace       used 19346K, capacity 19753K, committed 19968K, reserved 1067008K
  class space    used 2346K, capacity 2470K, committed 2560K, reserved 1048576K
}
Event: 3.276 GC heap after
{Heap after GC invocations=2 (full 0):
 garbage-first heap   total 129024K, used 15668K [0x0000000080000000, 0x0000000100000000)
  region size 1024K, 10 young (10240K), 10 survivors (10240K)
 Metaspace       used 19346K, capacity 19753K, committed 19968K, reserved 1067008K
  class space    used 2346K, capacity 2470K, committed 2560K, reserved 1048576K
}
Event: 3.345 GC heap before
{Heap before GC invocations=2 (full 0):
 garbage-first heap   total 129024K, used 19764K [0x0000000080000000, 0x0000000100000000)
  region size 1024K, 15 young (15360K), 10 survivors (10240K)
 Metaspace       used 20638K, capacity 21112K, committed 21296K, reserved 1069056K
  class space    used 2430K, capacity 2607K, committed 2688K, reserved 1048576K
}
Event: 3.354 GC heap after
{Heap after GC invocations=3 (full 0):
 garbage-first heap   total 129024K, used 16119K [0x0000000080000000, 0x0000000100000000)
  region size 1024K, 1 young (1024K), 1 survivors (1024K)
 Metaspace       used 20638K, capacity 21112K, committed 21296K, reserved 1069056K
  class space    used 2430K, capacity 2607K, committed 2688K, reserved 1048576K
}
Event: 4.088 GC heap before
{Heap before GC invocations=4 (full 0):
 garbage-first heap   total 129024K, used 61175K [0x0000000080000000, 0x0000000100000000)
  region size 1024K, 45 young (46080K), 1 survivors (1024K)
 Metaspace       used 25955K, capacity 26494K, committed 26800K, reserved 1073152K
  class space    used 3308K, capacity 3489K, committed 3584K, reserved 1048576K
}
Event: 4.091 GC heap after
{Heap after GC invocations=5 (full 0):
 garbage-first heap   total 129024K, used 17477K [0x0000000080000000, 0x0000000100000000)
  region size 1024K, 3 young (3072K), 3 survivors (3072K)
 Metaspace       used 25955K, capacity 26494K, committed 26800K, reserved 1073152K
  class space    used 3308K, capacity 3489K, committed 3584K, reserved 1048576K
}
Event: 4.992 GC heap before
{Heap before GC invocations=5 (full 0):
 garbage-first heap   total 129024K, used 66629K [0x0000000080000000, 0x0000000100000000)
  region size 1024K, 52 young (53248K), 3 survivors (3072K)
 Metaspace       used 35050K, capacity 35743K, committed 35920K, reserved 1081344K
  class space    used 4482K, capacity 4745K, committed 4864K, reserved 1048576K
}
Event: 4.997 GC heap after
{Heap after GC invocations=6 (full 0):
 garbage-first heap   total 129024K, used 20782K [0x0000000080000000, 0x0000000100000000)
  region size 1024K, 6 young (6144K), 6 survivors (6144K)
 Metaspace       used 35050K, capacity 35743K, committed 35920K, reserved 1081344K
  class space    used 4482K, capacity 4745K, committed 4864K, reserved 1048576K
}
Event: 5.001 GC heap before
{Heap before GC invocations=6 (full 0):
 garbage-first heap   total 129024K, used 20782K [0x0000000080000000, 0x0000000100000000)
  region size 1024K, 7 young (7168K), 6 survivors (6144K)
 Metaspace       used 35081K, capacity 35747K, committed 35920K, reserved 1081344K
  class space    used 4484K, capacity 4745K, committed 4864K, reserved 1048576K
}
Event: 5.008 GC heap after
{Heap after GC invocations=7 (full 0):
 garbage-first heap   total 129024K, used 21200K [0x0000000080000000, 0x0000000100000000)
  region size 1024K, 4 young (4096K), 4 survivors (4096K)
 Metaspace       used 35081K, capacity 35747K, committed 35920K, reserved 1081344K
  class space    used 4484K, capacity 4745K, committed 4864K, reserved 1048576K
}
Event: 5.970 GC heap before
{Heap before GC invocations=8 (full 0):
 garbage-first heap   total 129024K, used 80592K [0x0000000080000000, 0x0000000100000000)
  region size 1024K, 59 young (60416K), 4 survivors (4096K)
 Metaspace       used 40187K, capacity 41095K, committed 41168K, reserved 1085440K
  class space    used 5148K, capacity 5453K, committed 5504K, reserved 1048576K
}
Event: 5.977 GC heap after
{Heap after GC invocations=9 (full 0):
 garbage-first heap   total 129024K, used 24150K [0x0000000080000000, 0x0000000100000000)
  region size 1024K, 7 young (7168K), 7 survivors (7168K)
 Metaspace       used 40187K, capacity 41095K, committed 41168K, reserved 1085440K
  class space    used 5148K, capacity 5453K, committed 5504K, reserved 1048576K
}
Event: 6.906 GC heap before
{Heap before GC invocations=9 (full 0):
 garbage-first heap   total 129024K, used 82518K [0x0000000080000000, 0x0000000100000000)
  region size 1024K, 64 young (65536K), 7 survivors (7168K)
 Metaspace       used 43288K, capacity 44283K, committed 44496K, reserved 1087488K
  class space    used 5553K, capacity 5896K, committed 6016K, reserved 1048576K
}
Event: 6.915 GC heap after
{Heap after GC invocations=10 (full 0):
 garbage-first heap   total 129024K, used 28666K [0x0000000080000000, 0x0000000100000000)
  region size 1024K, 8 young (8192K), 8 survivors (8192K)
 Metaspace       used 43288K, capacity 44283K, committed 44496K, reserved 1087488K
  class space    used 5553K, capacity 5896K, committed 6016K, reserved 1048576K
}

