# JRE version: OpenJDK Runtime Environment (11.0.10) (build 11.0.10+0-b96-7249189)
# Java VM: OpenJDK 64-Bit Server VM (11.0.10+0-b96-7249189, mixed mode, tiered, compressed oops, g1 gc, windows-amd64)
Heap:
 garbage-first heap   total 225280K, used 168978K [0x0000000080000000, 0x0000000100000000)
  region size 1024K, 36 young (36864K), 8 survivors (8192K)
 Metaspace       used 91756K, capacity 94442K, committed 94720K, reserved 1130496K
  class space    used 11787K, capacity 12801K, committed 12876K, reserved 1048576K
GC Heap History (20 events):
Event: 13.741 GC heap before
{Heap before GC invocations=21 (full 0):
 garbage-first heap   total 187392K, used 144025K [0x0000000080000000, 0x0000000100000000)
  region size 1024K, 76 young (77824K), 10 survivors (10240K)
 Metaspace       used 81900K, capacity 84611K, committed 84864K, reserved 1122304K
  class space    used 10629K, capacity 11608K, committed 11724K, reserved 1048576K
}
Event: 13.754 GC heap after
{Heap after GC invocations=22 (full 0):
 garbage-first heap   total 187392K, used 81406K [0x0000000080000000, 0x0000000100000000)
  region size 1024K, 6 young (6144K), 6 survivors (6144K)
 Metaspace       used 81900K, capacity 84611K, committed 84864K, reserved 1122304K
  class space    used 10629K, capacity 11608K, committed 11724K, reserved 1048576K
}
Event: 14.508 GC heap before
{Heap before GC invocations=22 (full 0):
 garbage-first heap   total 187392K, used 147966K [0x0000000080000000, 0x0000000100000000)
  region size 1024K, 70 young (71680K), 6 survivors (6144K)
 Metaspace       used 83857K, capacity 86524K, committed 86784K, reserved 1124352K
  class space    used 10815K, capacity 11797K, committed 11852K, reserved 1048576K
}
Event: 14.524 GC heap after
{Heap after GC invocations=23 (full 0):
 garbage-first heap   total 225280K, used 99697K [0x0000000080000000, 0x0000000100000000)
  region size 1024K, 9 young (9216K), 9 survivors (9216K)
 Metaspace       used 83857K, capacity 86524K, committed 86784K, reserved 1124352K
  class space    used 10815K, capacity 11797K, committed 11852K, reserved 1048576K
}
Event: 15.167 GC heap before
{Heap before GC invocations=23 (full 0):
 garbage-first heap   total 225280K, used 143729K [0x0000000080000000, 0x0000000100000000)
  region size 1024K, 44 young (45056K), 9 survivors (9216K)
 Metaspace       used 84061K, capacity 86726K, committed 86784K, reserved 1124352K
  class space    used 10831K, capacity 11800K, committed 11852K, reserved 1048576K
}
Event: 15.185 GC heap after
{Heap after GC invocations=24 (full 0):
 garbage-first heap   total 225280K, used 111511K [0x0000000080000000, 0x0000000100000000)
  region size 1024K, 10 young (10240K), 10 survivors (10240K)
 Metaspace       used 84061K, capacity 86726K, committed 86784K, reserved 1124352K
  class space    used 10831K, capacity 11800K, committed 11852K, reserved 1048576K
}
Event: 15.827 GC heap before
{Heap before GC invocations=25 (full 0):
 garbage-first heap   total 225280K, used 173975K [0x0000000080000000, 0x0000000100000000)
  region size 1024K, 62 young (63488K), 10 survivors (10240K)
 Metaspace       used 84295K, capacity 86889K, committed 87424K, reserved 1124352K
  class space    used 10819K, capacity 11794K, committed 11980K, reserved 1048576K
}
Event: 15.839 GC heap after
{Heap after GC invocations=26 (full 0):
 garbage-first heap   total 225280K, used 111616K [0x0000000080000000, 0x0000000100000000)
  region size 1024K, 4 young (4096K), 4 survivors (4096K)
 Metaspace       used 84295K, capacity 86889K, committed 87424K, reserved 1124352K
  class space    used 10819K, capacity 11794K, committed 11980K, reserved 1048576K
}
Event: 15.912 GC heap before
{Heap before GC invocations=26 (full 0):
 garbage-first heap   total 225280K, used 117760K [0x0000000080000000, 0x0000000100000000)
  region size 1024K, 11 young (11264K), 4 survivors (4096K)
 Metaspace       used 84307K, capacity 86889K, committed 87424K, reserved 1124352K
  class space    used 10820K, capacity 11794K, committed 11980K, reserved 1048576K
}
Event: 15.918 GC heap after
{Heap after GC invocations=27 (full 0):
 garbage-first heap   total 225280K, used 112321K [0x0000000080000000, 0x0000000100000000)
  region size 1024K, 1 young (1024K), 1 survivors (1024K)
 Metaspace       used 84307K, capacity 86889K, committed 87424K, reserved 1124352K
  class space    used 10820K, capacity 11794K, committed 11980K, reserved 1048576K
}
Event: 16.307 GC heap before
{Heap before GC invocations=28 (full 0):
 garbage-first heap   total 225280K, used 121537K [0x0000000080000000, 0x0000000100000000)
  region size 1024K, 21 young (21504K), 1 survivors (1024K)
 Metaspace       used 84994K, capacity 87668K, committed 87936K, reserved 1126400K
  class space    used 10892K, capacity 11847K, committed 11980K, reserved 1048576K
}
Event: 16.312 GC heap after
{Heap after GC invocations=29 (full 0):
 garbage-first heap   total 225280K, used 102914K [0x0000000080000000, 0x0000000100000000)
  region size 1024K, 2 young (2048K), 2 survivors (2048K)
 Metaspace       used 84994K, capacity 87668K, committed 87936K, reserved 1126400K
  class space    used 10892K, capacity 11847K, committed 11980K, reserved 1048576K
}
Event: 16.385 GC heap before
{Heap before GC invocations=29 (full 0):
 garbage-first heap   total 225280K, used 111106K [0x0000000080000000, 0x0000000100000000)
  region size 1024K, 11 young (11264K), 2 survivors (2048K)
 Metaspace       used 85275K, capacity 87956K, committed 88192K, reserved 1126400K
  class space    used 10926K, capacity 11879K, committed 11980K, reserved 1048576K
}
Event: 16.388 GC heap after
{Heap after GC invocations=30 (full 0):
 garbage-first heap   total 225280K, used 93204K [0x0000000080000000, 0x0000000100000000)
  region size 1024K, 1 young (1024K), 1 survivors (1024K)
 Metaspace       used 85275K, capacity 87956K, committed 88192K, reserved 1126400K
  class space    used 10926K, capacity 11879K, committed 11980K, reserved 1048576K
}
Event: 16.763 GC heap before
{Heap before GC invocations=30 (full 0):
 garbage-first heap   total 225280K, used 132116K [0x0000000080000000, 0x0000000100000000)
  region size 1024K, 40 young (40960K), 1 survivors (1024K)
 Metaspace       used 86257K, capacity 88855K, committed 89088K, reserved 1126400K
  class space    used 11070K, capacity 12007K, committed 12108K, reserved 1048576K
}
Event: 16.768 GC heap after
{Heap after GC invocations=31 (full 0):
 garbage-first heap   total 225280K, used 94537K [0x0000000080000000, 0x0000000100000000)
  region size 1024K, 2 young (2048K), 2 survivors (2048K)
 Metaspace       used 86257K, capacity 88855K, committed 89088K, reserved 1126400K
  class space    used 11070K, capacity 12007K, committed 12108K, reserved 1048576K
}
Event: 17.244 GC heap before
{Heap before GC invocations=31 (full 0):
 garbage-first heap   total 225280K, used 145737K [0x0000000080000000, 0x0000000100000000)
  region size 1024K, 53 young (54272K), 2 survivors (2048K)
 Metaspace       used 87942K, capacity 90557K, committed 90880K, reserved 1128448K
  class space    used 11281K, capacity 12231K, committed 12364K, reserved 1048576K
}
Event: 17.249 GC heap after
{Heap after GC invocations=32 (full 0):
 garbage-first heap   total 225280K, used 96490K [0x0000000080000000, 0x0000000100000000)
  region size 1024K, 4 young (4096K), 4 survivors (4096K)
 Metaspace       used 87942K, capacity 90557K, committed 90880K, reserved 1128448K
  class space    used 11281K, capacity 12231K, committed 12364K, reserved 1048576K
}
Event: 17.858 GC heap before
{Heap before GC invocations=32 (full 0):
 garbage-first heap   total 225280K, used 148714K [0x0000000080000000, 0x0000000100000000)
  region size 1024K, 49 young (50176K), 4 survivors (4096K)
 Metaspace       used 88940K, capacity 91533K, committed 91776K, reserved 1128448K
  class space    used 11377K, capacity 12319K, committed 12492K, reserved 1048576K
}
Event: 17.868 GC heap after
{Heap after GC invocations=33 (full 0):
 garbage-first heap   total 225280K, used 113682K [0x0000000080000000, 0x0000000100000000)
  region size 1024K, 8 young (8192K), 8 survivors (8192K)
 Metaspace       used 88940K, capacity 91533K, committed 91776K, reserved 1128448K
  class space    used 11377K, capacity 12319K, committed 12492K, reserved 1048576K
}

