# JRE version: OpenJDK Runtime Environment (11.0.10) (build 11.0.10+0-b96-7249189)
# Java VM: OpenJDK 64-Bit Server VM (11.0.10+0-b96-7249189, mixed mode, tiered, compressed oops, g1 gc, windows-amd64)
Heap:
 garbage-first heap   total 247808K, used 224518K [0x0000000080000000, 0x0000000100000000)
  region size 1024K, 63 young (64512K), 8 survivors (8192K)
 Metaspace       used 104512K, capacity 107866K, committed 108032K, reserved 1142784K
  class space    used 13357K, capacity 14569K, committed 14592K, reserved 1048576K
GC Heap History (20 events):
Event: 16.950 GC heap after
{Heap after GC invocations=36 (full 0):
 garbage-first heap   total 225280K, used 110170K [0x0000000080000000, 0x0000000100000000)
  region size 1024K, 5 young (5120K), 5 survivors (5120K)
 Metaspace       used 92582K, capacity 95772K, committed 95872K, reserved 1132544K
  class space    used 11936K, capacity 13134K, committed 13184K, reserved 1048576K
}
Event: 18.120 GC heap before
{Heap before GC invocations=36 (full 0):
 garbage-first heap   total 225280K, used 172634K [0x0000000080000000, 0x0000000100000000)
  region size 1024K, 66 young (67584K), 5 survivors (5120K)
 Metaspace       used 95841K, capacity 99121K, committed 99328K, reserved 1134592K
  class space    used 12351K, capacity 13546K, committed 13568K, reserved 1048576K
}
Event: 18.130 GC heap after
{Heap after GC invocations=37 (full 0):
 garbage-first heap   total 225280K, used 113933K [0x0000000080000000, 0x0000000100000000)
  region size 1024K, 9 young (9216K), 9 survivors (9216K)
 Metaspace       used 95841K, capacity 99121K, committed 99328K, reserved 1134592K
  class space    used 12351K, capacity 13546K, committed 13568K, reserved 1048576K
}
Event: 43.228 GC heap before
{Heap before GC invocations=38 (full 0):
 garbage-first heap   total 225280K, used 176397K [0x0000000080000000, 0x0000000100000000)
  region size 1024K, 70 young (71680K), 9 survivors (9216K)
 Metaspace       used 96162K, capacity 99258K, committed 99712K, reserved 1134592K
  class space    used 12301K, capacity 13436K, committed 13696K, reserved 1048576K
}
Event: 43.241 GC heap after
{Heap after GC invocations=39 (full 0):
 garbage-first heap   total 225280K, used 118734K [0x0000000080000000, 0x0000000100000000)
  region size 1024K, 9 young (9216K), 9 survivors (9216K)
 Metaspace       used 96162K, capacity 99258K, committed 99712K, reserved 1134592K
  class space    used 12301K, capacity 13436K, committed 13696K, reserved 1048576K
}
Event: 44.101 GC heap before
{Heap before GC invocations=39 (full 0):
 garbage-first heap   total 225280K, used 180174K [0x0000000080000000, 0x0000000100000000)
  region size 1024K, 69 young (70656K), 9 survivors (9216K)
 Metaspace       used 98171K, capacity 101353K, committed 101632K, reserved 1136640K
  class space    used 12586K, capacity 13747K, committed 13824K, reserved 1048576K
}
Event: 44.115 GC heap after
{Heap after GC invocations=40 (full 0):
 garbage-first heap   total 225280K, used 124354K [0x0000000080000000, 0x0000000100000000)
  region size 1024K, 6 young (6144K), 6 survivors (6144K)
 Metaspace       used 98171K, capacity 101353K, committed 101632K, reserved 1136640K
  class space    used 12586K, capacity 13747K, committed 13824K, reserved 1048576K
}
Event: 44.804 GC heap before
{Heap before GC invocations=41 (full 0):
 garbage-first heap   total 225280K, used 183746K [0x0000000080000000, 0x0000000100000000)
  region size 1024K, 64 young (65536K), 6 survivors (6144K)
 Metaspace       used 98429K, capacity 101701K, committed 102016K, reserved 1136640K
  class space    used 12619K, capacity 13793K, committed 13952K, reserved 1048576K
}
Event: 44.816 GC heap after
{Heap after GC invocations=42 (full 0):
 garbage-first heap   total 225280K, used 128721K [0x0000000080000000, 0x0000000100000000)
  region size 1024K, 5 young (5120K), 5 survivors (5120K)
 Metaspace       used 98429K, capacity 101701K, committed 102016K, reserved 1136640K
  class space    used 12619K, capacity 13793K, committed 13952K, reserved 1048576K
}
Event: 44.847 GC heap before
{Heap before GC invocations=42 (full 0):
 garbage-first heap   total 225280K, used 133841K [0x0000000080000000, 0x0000000100000000)
  region size 1024K, 11 young (11264K), 5 survivors (5120K)
 Metaspace       used 98430K, capacity 101701K, committed 102016K, reserved 1136640K
  class space    used 12619K, capacity 13793K, committed 13952K, reserved 1048576K
}
Event: 44.856 GC heap after
{Heap after GC invocations=43 (full 0):
 garbage-first heap   total 225280K, used 124222K [0x0000000080000000, 0x0000000100000000)
  region size 1024K, 1 young (1024K), 1 survivors (1024K)
 Metaspace       used 98430K, capacity 101701K, committed 102016K, reserved 1136640K
  class space    used 12619K, capacity 13793K, committed 13952K, reserved 1048576K
}
Event: 45.501 GC heap before
{Heap before GC invocations=43 (full 0):
 garbage-first heap   total 225280K, used 182590K [0x0000000080000000, 0x0000000100000000)
  region size 1024K, 59 young (60416K), 1 survivors (1024K)
 Metaspace       used 99969K, capacity 103295K, committed 103424K, reserved 1138688K
  class space    used 12785K, capacity 13988K, committed 14080K, reserved 1048576K
}
Event: 45.509 GC heap after
{Heap after GC invocations=44 (full 0):
 garbage-first heap   total 225280K, used 126571K [0x0000000080000000, 0x0000000100000000)
  region size 1024K, 3 young (3072K), 3 survivors (3072K)
 Metaspace       used 99969K, capacity 103295K, committed 103424K, reserved 1138688K
  class space    used 12785K, capacity 13988K, committed 14080K, reserved 1048576K
}
Event: 46.086 GC heap before
{Heap before GC invocations=45 (full 0):
 garbage-first heap   total 225280K, used 184939K [0x0000000080000000, 0x0000000100000000)
  region size 1024K, 61 young (62464K), 3 survivors (3072K)
 Metaspace       used 101760K, capacity 105060K, committed 105216K, reserved 1140736K
  class space    used 13020K, capacity 14212K, committed 14336K, reserved 1048576K
}
Event: 46.095 GC heap after
{Heap after GC invocations=46 (full 0):
 garbage-first heap   total 225280K, used 128642K [0x0000000080000000, 0x0000000100000000)
  region size 1024K, 5 young (5120K), 5 survivors (5120K)
 Metaspace       used 101760K, capacity 105060K, committed 105216K, reserved 1140736K
  class space    used 13020K, capacity 14212K, committed 14336K, reserved 1048576K
}
Event: 46.132 GC heap before
{Heap before GC invocations=46 (full 0):
 garbage-first heap   total 225280K, used 134786K [0x0000000080000000, 0x0000000100000000)
  region size 1024K, 11 young (11264K), 5 survivors (5120K)
 Metaspace       used 101921K, capacity 105284K, committed 105472K, reserved 1140736K
  class space    used 13037K, capacity 14244K, committed 14336K, reserved 1048576K
}
Event: 46.138 GC heap after
{Heap after GC invocations=47 (full 0):
 garbage-first heap   total 225280K, used 128089K [0x0000000080000000, 0x0000000100000000)
  region size 1024K, 1 young (1024K), 1 survivors (1024K)
 Metaspace       used 101921K, capacity 105284K, committed 105472K, reserved 1140736K
  class space    used 13037K, capacity 14244K, committed 14336K, reserved 1048576K
}
Event: 46.676 GC heap before
{Heap before GC invocations=47 (full 0):
 garbage-first heap   total 225280K, used 184409K [0x0000000080000000, 0x0000000100000000)
  region size 1024K, 58 young (59392K), 1 survivors (1024K)
 Metaspace       used 103307K, capacity 106702K, committed 106880K, reserved 1142784K
  class space    used 13186K, capacity 14395K, committed 14464K, reserved 1048576K
}
Event: 46.686 GC heap after
{Heap after GC invocations=48 (full 0):
 garbage-first heap   total 225280K, used 131334K [0x0000000080000000, 0x0000000100000000)
  region size 1024K, 4 young (4096K), 4 survivors (4096K)
 Metaspace       used 103307K, capacity 106702K, committed 106880K, reserved 1142784K
  class space    used 13186K, capacity 14395K, committed 14464K, reserved 1048576K
}
Event: 47.298 GC heap before
{Heap before GC invocations=49 (full 0):
 garbage-first heap   total 225280K, used 223494K [0x0000000080000000, 0x0000000100000000)
  region size 1024K, 59 young (60416K), 4 survivors (4096K)
 Metaspace       used 104512K, capacity 107866K, committed 108032K, reserved 1142784K
  class space    used 13357K, capacity 14569K, committed 14592K, reserved 1048576K
}

