# JRE version: OpenJDK Runtime Environment (11.0.10) (build 11.0.10+0-b96-7249189)
# Java VM: OpenJDK 64-Bit Server VM (11.0.10+0-b96-7249189, mixed mode, tiered, compressed oops, g1 gc, windows-amd64)
Heap:
 garbage-first heap   total 444416K, used 145968K [0x0000000080000000, 0x0000000100000000)
  region size 1024K, 7 young (7168K), 7 survivors (7168K)
 Metaspace       used 89816K, capacity 92596K, committed 93568K, reserved 1130496K
  class space    used 11417K, capacity 12350K, committed 12672K, reserved 1048576K
GC Heap History (20 events):
Event: 20.701 GC heap after
{Heap after GC invocations=51 (full 0):
 garbage-first heap   total 225280K, used 136813K [0x0000000080000000, 0x0000000100000000)
  region size 1024K, 5 young (5120K), 5 survivors (5120K)
 Metaspace       used 89550K, capacity 92209K, committed 93312K, reserved 1130496K
  class space    used 11389K, capacity 12306K, committed 12672K, reserved 1048576K
}
Event: 20.746 GC heap before
{Heap before GC invocations=51 (full 0):
 garbage-first heap   total 225280K, used 188013K [0x0000000080000000, 0x0000000100000000)
  region size 1024K, 55 young (56320K), 5 survivors (5120K)
 Metaspace       used 89559K, capacity 92209K, committed 93312K, reserved 1130496K
  class space    used 11389K, capacity 12306K, committed 12672K, reserved 1048576K
}
Event: 20.750 GC heap after
{Heap after GC invocations=52 (full 0):
 garbage-first heap   total 225280K, used 139597K [0x0000000080000000, 0x0000000100000000)
  region size 1024K, 6 young (6144K), 6 survivors (6144K)
 Metaspace       used 89559K, capacity 92209K, committed 93312K, reserved 1130496K
  class space    used 11389K, capacity 12306K, committed 12672K, reserved 1048576K
}
Event: 20.795 GC heap before
{Heap before GC invocations=52 (full 0):
 garbage-first heap   total 225280K, used 188749K [0x0000000080000000, 0x0000000100000000)
  region size 1024K, 54 young (55296K), 6 survivors (6144K)
 Metaspace       used 89596K, capacity 92273K, committed 93312K, reserved 1130496K
  class space    used 11389K, capacity 12306K, committed 12672K, reserved 1048576K
}
Event: 20.798 GC heap after
{Heap after GC invocations=53 (full 0):
 garbage-first heap   total 225280K, used 140449K [0x0000000080000000, 0x0000000100000000)
  region size 1024K, 4 young (4096K), 4 survivors (4096K)
 Metaspace       used 89596K, capacity 92273K, committed 93312K, reserved 1130496K
  class space    used 11389K, capacity 12306K, committed 12672K, reserved 1048576K
}
Event: 20.846 GC heap before
{Heap before GC invocations=53 (full 0):
 garbage-first heap   total 225280K, used 191649K [0x0000000080000000, 0x0000000100000000)
  region size 1024K, 54 young (55296K), 4 survivors (4096K)
 Metaspace       used 89603K, capacity 92273K, committed 93312K, reserved 1130496K
  class space    used 11389K, capacity 12306K, committed 12672K, reserved 1048576K
}
Event: 20.850 GC heap after
{Heap after GC invocations=54 (full 0):
 garbage-first heap   total 225280K, used 141462K [0x0000000080000000, 0x0000000100000000)
  region size 1024K, 2 young (2048K), 2 survivors (2048K)
 Metaspace       used 89603K, capacity 92273K, committed 93312K, reserved 1130496K
  class space    used 11389K, capacity 12306K, committed 12672K, reserved 1048576K
}
Event: 20.896 GC heap before
{Heap before GC invocations=54 (full 0):
 garbage-first heap   total 225280K, used 191638K [0x0000000080000000, 0x0000000100000000)
  region size 1024K, 52 young (53248K), 2 survivors (2048K)
 Metaspace       used 89681K, capacity 92337K, committed 93312K, reserved 1130496K
  class space    used 11394K, capacity 12306K, committed 12672K, reserved 1048576K
}
Event: 20.899 GC heap after
{Heap after GC invocations=55 (full 0):
 garbage-first heap   total 225280K, used 142792K [0x0000000080000000, 0x0000000100000000)
  region size 1024K, 4 young (4096K), 4 survivors (4096K)
 Metaspace       used 89681K, capacity 92337K, committed 93312K, reserved 1130496K
  class space    used 11394K, capacity 12306K, committed 12672K, reserved 1048576K
}
Event: 20.930 GC heap before
{Heap before GC invocations=56 (full 0):
 garbage-first heap   total 225280K, used 192968K [0x0000000080000000, 0x0000000100000000)
  region size 1024K, 53 young (54272K), 4 survivors (4096K)
 Metaspace       used 89698K, capacity 92337K, committed 93312K, reserved 1130496K
  class space    used 11394K, capacity 12306K, committed 12672K, reserved 1048576K
}
Event: 20.932 GC heap after
{Heap after GC invocations=57 (full 0):
 garbage-first heap   total 225280K, used 142857K [0x0000000080000000, 0x0000000100000000)
  region size 1024K, 4 young (4096K), 4 survivors (4096K)
 Metaspace       used 89698K, capacity 92337K, committed 93312K, reserved 1130496K
  class space    used 11394K, capacity 12306K, committed 12672K, reserved 1048576K
}
Event: 20.961 GC heap before
{Heap before GC invocations=57 (full 0):
 garbage-first heap   total 225280K, used 194057K [0x0000000080000000, 0x0000000100000000)
  region size 1024K, 54 young (55296K), 4 survivors (4096K)
 Metaspace       used 89703K, capacity 92337K, committed 93312K, reserved 1130496K
  class space    used 11394K, capacity 12306K, committed 12672K, reserved 1048576K
}
Event: 20.966 GC heap after
{Heap after GC invocations=58 (full 0):
 garbage-first heap   total 270336K, used 143970K [0x0000000080000000, 0x0000000100000000)
  region size 1024K, 5 young (5120K), 5 survivors (5120K)
 Metaspace       used 89703K, capacity 92337K, committed 93312K, reserved 1130496K
  class space    used 11394K, capacity 12306K, committed 12672K, reserved 1048576K
}
Event: 21.176 GC heap before
{Heap before GC invocations=58 (full 0):
 garbage-first heap   total 270336K, used 217698K [0x0000000080000000, 0x0000000100000000)
  region size 1024K, 77 young (78848K), 5 survivors (5120K)
 Metaspace       used 89718K, capacity 92401K, committed 93312K, reserved 1130496K
  class space    used 11394K, capacity 12306K, committed 12672K, reserved 1048576K
}
Event: 21.180 GC heap after
{Heap after GC invocations=59 (full 0):
 garbage-first heap   total 270336K, used 144597K [0x0000000080000000, 0x0000000100000000)
  region size 1024K, 6 young (6144K), 6 survivors (6144K)
 Metaspace       used 89718K, capacity 92401K, committed 93312K, reserved 1130496K
  class space    used 11394K, capacity 12306K, committed 12672K, reserved 1048576K
}
Event: 21.299 GC heap before
{Heap before GC invocations=60 (full 0):
 garbage-first heap   total 270336K, used 222421K [0x0000000080000000, 0x0000000100000000)
  region size 1024K, 82 young (83968K), 6 survivors (6144K)
 Metaspace       used 89726K, capacity 92401K, committed 93312K, reserved 1130496K
  class space    used 11394K, capacity 12306K, committed 12672K, reserved 1048576K
}
Event: 21.303 GC heap after
{Heap after GC invocations=61 (full 0):
 garbage-first heap   total 270336K, used 144809K [0x0000000080000000, 0x0000000100000000)
  region size 1024K, 6 young (6144K), 6 survivors (6144K)
 Metaspace       used 89726K, capacity 92401K, committed 93312K, reserved 1130496K
  class space    used 11394K, capacity 12306K, committed 12672K, reserved 1048576K
}
Event: 21.386 GC heap before
{Heap before GC invocations=61 (full 0):
 garbage-first heap   total 270336K, used 230825K [0x0000000080000000, 0x0000000100000000)
  region size 1024K, 90 young (92160K), 6 survivors (6144K)
 Metaspace       used 89765K, capacity 92486K, committed 93568K, reserved 1130496K
  class space    used 11404K, capacity 12313K, committed 12672K, reserved 1048576K
}
Event: 21.392 GC heap after
{Heap after GC invocations=62 (full 0):
 garbage-first heap   total 270336K, used 145286K [0x0000000080000000, 0x0000000100000000)
  region size 1024K, 6 young (6144K), 6 survivors (6144K)
 Metaspace       used 89765K, capacity 92486K, committed 93568K, reserved 1130496K
  class space    used 11404K, capacity 12313K, committed 12672K, reserved 1048576K
}
Event: 21.481 GC heap before
{Heap before GC invocations=62 (full 0):
 garbage-first heap   total 270336K, used 232326K [0x0000000080000000, 0x0000000100000000)
  region size 1024K, 91 young (93184K), 6 survivors (6144K)
 Metaspace       used 89816K, capacity 92596K, committed 93568K, reserved 1130496K
  class space    used 11417K, capacity 12350K, committed 12672K, reserved 1048576K
}

