# JRE version: OpenJDK Runtime Environment (11.0.10) (build 11.0.10+0-b96-7249189)
# Java VM: OpenJDK 64-Bit Server VM (11.0.10+0-b96-7249189, mixed mode, tiered, compressed oops, g1 gc, windows-amd64)
Heap:
 garbage-first heap   total 339968K, used 150269K [0x0000000080000000, 0x0000000100000000)
  region size 1024K, 8 young (8192K), 8 survivors (8192K)
 Metaspace       used 97423K, capacity 100227K, committed 100352K, reserved 1136640K
  class space    used 12254K, capacity 13196K, committed 13312K, reserved 1048576K
GC Heap History (20 events):
Event: 30.653 GC heap after
{Heap after GC invocations=87 (full 0):
 garbage-first heap   total 235520K, used 127439K [0x0000000080000000, 0x0000000100000000)
  region size 1024K, 5 young (5120K), 5 survivors (5120K)
 Metaspace       used 97338K, capacity 100178K, committed 100352K, reserved 1136640K
  class space    used 12258K, capacity 13202K, committed 13312K, reserved 1048576K
}
Event: 30.759 GC heap before
{Heap before GC invocations=87 (full 0):
 garbage-first heap   total 235520K, used 181711K [0x0000000080000000, 0x0000000100000000)
  region size 1024K, 59 young (60416K), 5 survivors (5120K)
 Metaspace       used 97341K, capacity 100178K, committed 100352K, reserved 1136640K
  class space    used 12258K, capacity 13202K, committed 13312K, reserved 1048576K
}
Event: 30.764 GC heap after
{Heap after GC invocations=88 (full 0):
 garbage-first heap   total 235520K, used 128298K [0x0000000080000000, 0x0000000100000000)
  region size 1024K, 1 young (1024K), 1 survivors (1024K)
 Metaspace       used 97341K, capacity 100178K, committed 100352K, reserved 1136640K
  class space    used 12258K, capacity 13202K, committed 13312K, reserved 1048576K
}
Event: 30.905 GC heap before
{Heap before GC invocations=88 (full 0):
 garbage-first heap   total 235520K, used 195882K [0x0000000080000000, 0x0000000100000000)
  region size 1024K, 59 young (60416K), 1 survivors (1024K)
 Metaspace       used 97344K, capacity 100178K, committed 100352K, reserved 1136640K
  class space    used 12258K, capacity 13202K, committed 13312K, reserved 1048576K
}
Event: 30.908 GC heap after
{Heap after GC invocations=89 (full 0):
 garbage-first heap   total 235520K, used 134185K [0x0000000080000000, 0x0000000100000000)
  region size 1024K, 6 young (6144K), 6 survivors (6144K)
 Metaspace       used 97344K, capacity 100178K, committed 100352K, reserved 1136640K
  class space    used 12258K, capacity 13202K, committed 13312K, reserved 1048576K
}
Event: 31.001 GC heap before
{Heap before GC invocations=90 (full 0):
 garbage-first heap   total 235520K, used 192553K [0x0000000080000000, 0x0000000100000000)
  region size 1024K, 64 young (65536K), 6 survivors (6144K)
 Metaspace       used 97348K, capacity 100163K, committed 100352K, reserved 1136640K
  class space    used 12254K, capacity 13196K, committed 13312K, reserved 1048576K
}
Event: 31.004 GC heap after
{Heap after GC invocations=91 (full 0):
 garbage-first heap   total 235520K, used 136971K [0x0000000080000000, 0x0000000100000000)
  region size 1024K, 4 young (4096K), 4 survivors (4096K)
 Metaspace       used 97348K, capacity 100163K, committed 100352K, reserved 1136640K
  class space    used 12254K, capacity 13196K, committed 13312K, reserved 1048576K
}
Event: 31.051 GC heap before
{Heap before GC invocations=91 (full 0):
 garbage-first heap   total 235520K, used 194315K [0x0000000080000000, 0x0000000100000000)
  region size 1024K, 60 young (61440K), 4 survivors (4096K)
 Metaspace       used 97352K, capacity 100163K, committed 100352K, reserved 1136640K
  class space    used 12254K, capacity 13196K, committed 13312K, reserved 1048576K
}
Event: 31.054 GC heap after
{Heap after GC invocations=92 (full 0):
 garbage-first heap   total 235520K, used 138066K [0x0000000080000000, 0x0000000100000000)
  region size 1024K, 5 young (5120K), 5 survivors (5120K)
 Metaspace       used 97352K, capacity 100163K, committed 100352K, reserved 1136640K
  class space    used 12254K, capacity 13196K, committed 13312K, reserved 1048576K
}
Event: 31.121 GC heap before
{Heap before GC invocations=92 (full 0):
 garbage-first heap   total 235520K, used 203602K [0x0000000080000000, 0x0000000100000000)
  region size 1024K, 62 young (63488K), 5 survivors (5120K)
 Metaspace       used 97353K, capacity 100163K, committed 100352K, reserved 1136640K
  class space    used 12254K, capacity 13196K, committed 13312K, reserved 1048576K
}
Event: 31.126 GC heap after
{Heap after GC invocations=93 (full 0):
 garbage-first heap   total 235520K, used 142559K [0x0000000080000000, 0x0000000100000000)
  region size 1024K, 6 young (6144K), 6 survivors (6144K)
 Metaspace       used 97353K, capacity 100163K, committed 100352K, reserved 1136640K
  class space    used 12254K, capacity 13196K, committed 13312K, reserved 1048576K
}
Event: 31.186 GC heap before
{Heap before GC invocations=93 (full 0):
 garbage-first heap   total 235520K, used 196831K [0x0000000080000000, 0x0000000100000000)
  region size 1024K, 60 young (61440K), 6 survivors (6144K)
 Metaspace       used 97353K, capacity 100163K, committed 100352K, reserved 1136640K
  class space    used 12254K, capacity 13196K, committed 13312K, reserved 1048576K
}
Event: 31.193 GC heap after
{Heap after GC invocations=94 (full 0):
 garbage-first heap   total 282624K, used 145105K [0x0000000080000000, 0x0000000100000000)
  region size 1024K, 8 young (8192K), 8 survivors (8192K)
 Metaspace       used 97353K, capacity 100163K, committed 100352K, reserved 1136640K
  class space    used 12254K, capacity 13196K, committed 13312K, reserved 1048576K
}
Event: 31.302 GC heap before
{Heap before GC invocations=95 (full 0):
 garbage-first heap   total 282624K, used 220881K [0x0000000080000000, 0x0000000100000000)
  region size 1024K, 82 young (83968K), 8 survivors (8192K)
 Metaspace       used 97355K, capacity 100163K, committed 100352K, reserved 1136640K
  class space    used 12254K, capacity 13196K, committed 13312K, reserved 1048576K
}
Event: 31.305 GC heap after
{Heap after GC invocations=96 (full 0):
 garbage-first heap   total 282624K, used 144042K [0x0000000080000000, 0x0000000100000000)
  region size 1024K, 4 young (4096K), 4 survivors (4096K)
 Metaspace       used 97355K, capacity 100163K, committed 100352K, reserved 1136640K
  class space    used 12254K, capacity 13196K, committed 13312K, reserved 1048576K
}
Event: 31.379 GC heap before
{Heap before GC invocations=96 (full 0):
 garbage-first heap   total 282624K, used 240298K [0x0000000080000000, 0x0000000100000000)
  region size 1024K, 100 young (102400K), 4 survivors (4096K)
 Metaspace       used 97356K, capacity 100163K, committed 100352K, reserved 1136640K
  class space    used 12254K, capacity 13196K, committed 13312K, reserved 1048576K
}
Event: 31.383 GC heap after
{Heap after GC invocations=97 (full 0):
 garbage-first heap   total 282624K, used 145888K [0x0000000080000000, 0x0000000100000000)
  region size 1024K, 6 young (6144K), 6 survivors (6144K)
 Metaspace       used 97356K, capacity 100163K, committed 100352K, reserved 1136640K
  class space    used 12254K, capacity 13196K, committed 13312K, reserved 1048576K
}
Event: 31.442 GC heap before
{Heap before GC invocations=97 (full 0):
 garbage-first heap   total 282624K, used 236000K [0x0000000080000000, 0x0000000100000000)
  region size 1024K, 95 young (97280K), 6 survivors (6144K)
 Metaspace       used 97417K, capacity 100227K, committed 100352K, reserved 1136640K
  class space    used 12254K, capacity 13196K, committed 13312K, reserved 1048576K
}
Event: 31.446 GC heap after
{Heap after GC invocations=98 (full 0):
 garbage-first heap   total 282624K, used 148141K [0x0000000080000000, 0x0000000100000000)
  region size 1024K, 8 young (8192K), 8 survivors (8192K)
 Metaspace       used 97417K, capacity 100227K, committed 100352K, reserved 1136640K
  class space    used 12254K, capacity 13196K, committed 13312K, reserved 1048576K
}
Event: 31.547 GC heap before
{Heap before GC invocations=98 (full 0):
 garbage-first heap   total 282624K, used 238253K [0x0000000080000000, 0x0000000100000000)
  region size 1024K, 97 young (99328K), 8 survivors (8192K)
 Metaspace       used 97423K, capacity 100227K, committed 100352K, reserved 1136640K
  class space    used 12254K, capacity 13196K, committed 13312K, reserved 1048576K
}

