# JRE version: OpenJDK Runtime Environment (11.0.10) (build 11.0.10+0-b96-7249189)
# Java VM: OpenJDK 64-Bit Server VM (11.0.10+0-b96-7249189, mixed mode, tiered, compressed oops, g1 gc, windows-amd64)
Heap:
 garbage-first heap   total 225280K, used 112267K [0x0000000080000000, 0x0000000100000000)
  region size 1024K, 1 young (1024K), 1 survivors (1024K)
 Metaspace       used 89987K, capacity 92744K, committed 93312K, reserved 1130496K
  class space    used 11596K, capacity 12554K, committed 12748K, reserved 1048576K
GC Heap History (20 events):
Event: 9.800 GC heap after
{Heap after GC invocations=18 (full 0):
 garbage-first heap   total 187392K, used 60594K [0x0000000080000000, 0x0000000100000000)
  region size 1024K, 5 young (5120K), 5 survivors (5120K)
 Metaspace       used 69300K, capacity 71245K, committed 71424K, reserved 1112064K
  class space    used 8985K, capacity 9727K, committed 9804K, reserved 1048576K
}
Event: 10.999 GC heap before
{Heap before GC invocations=18 (full 0):
 garbage-first heap   total 187392K, used 128178K [0x0000000080000000, 0x0000000100000000)
  region size 1024K, 71 young (72704K), 5 survivors (5120K)
 Metaspace       used 71197K, capacity 73382K, committed 73600K, reserved 1114112K
  class space    used 9140K, capacity 9923K, committed 9932K, reserved 1048576K
}
Event: 11.009 GC heap after
{Heap after GC invocations=19 (full 0):
 garbage-first heap   total 187392K, used 66040K [0x0000000080000000, 0x0000000100000000)
  region size 1024K, 9 young (9216K), 9 survivors (9216K)
 Metaspace       used 71197K, capacity 73382K, committed 73600K, reserved 1114112K
  class space    used 9140K, capacity 9923K, committed 9932K, reserved 1048576K
}
Event: 12.132 GC heap before
{Heap before GC invocations=19 (full 0):
 garbage-first heap   total 187392K, used 133624K [0x0000000080000000, 0x0000000100000000)
  region size 1024K, 75 young (76800K), 9 survivors (9216K)
 Metaspace       used 76984K, capacity 79286K, committed 79360K, reserved 1118208K
  class space    used 9958K, capacity 10759K, committed 10828K, reserved 1048576K
}
Event: 12.143 GC heap after
{Heap after GC invocations=20 (full 0):
 garbage-first heap   total 187392K, used 70081K [0x0000000080000000, 0x0000000100000000)
  region size 1024K, 9 young (9216K), 9 survivors (9216K)
 Metaspace       used 76984K, capacity 79286K, committed 79360K, reserved 1118208K
  class space    used 9958K, capacity 10759K, committed 10828K, reserved 1048576K
}
Event: 13.138 GC heap before
{Heap before GC invocations=20 (full 0):
 garbage-first heap   total 187392K, used 136641K [0x0000000080000000, 0x0000000100000000)
  region size 1024K, 75 young (76800K), 9 survivors (9216K)
 Metaspace       used 81379K, capacity 84108K, committed 84352K, reserved 1122304K
  class space    used 10619K, capacity 11618K, committed 11724K, reserved 1048576K
}
Event: 13.150 GC heap after
{Heap after GC invocations=21 (full 0):
 garbage-first heap   total 187392K, used 75366K [0x0000000080000000, 0x0000000100000000)
  region size 1024K, 10 young (10240K), 10 survivors (10240K)
 Metaspace       used 81379K, capacity 84108K, committed 84352K, reserved 1122304K
  class space    used 10619K, capacity 11618K, committed 11724K, reserved 1048576K
}
Event: 13.905 GC heap before
{Heap before GC invocations=21 (full 0):
 garbage-first heap   total 187392K, used 141926K [0x0000000080000000, 0x0000000100000000)
  region size 1024K, 75 young (76800K), 10 survivors (10240K)
 Metaspace       used 81943K, capacity 84689K, committed 84864K, reserved 1122304K
  class space    used 10635K, capacity 11638K, committed 11724K, reserved 1048576K
}
Event: 13.916 GC heap after
{Heap after GC invocations=22 (full 0):
 garbage-first heap   total 187392K, used 80403K [0x0000000080000000, 0x0000000100000000)
  region size 1024K, 6 young (6144K), 6 survivors (6144K)
 Metaspace       used 81943K, capacity 84689K, committed 84864K, reserved 1122304K
  class space    used 10635K, capacity 11638K, committed 11724K, reserved 1048576K
}
Event: 14.407 GC heap before
{Heap before GC invocations=22 (full 0):
 garbage-first heap   total 187392K, used 143891K [0x0000000080000000, 0x0000000100000000)
  region size 1024K, 69 young (70656K), 6 survivors (6144K)
 Metaspace       used 82295K, capacity 84981K, committed 85120K, reserved 1122304K
  class space    used 10666K, capacity 11682K, committed 11724K, reserved 1048576K
}
Event: 14.416 GC heap after
{Heap after GC invocations=23 (full 0):
 garbage-first heap   total 187392K, used 83463K [0x0000000080000000, 0x0000000100000000)
  region size 1024K, 9 young (9216K), 9 survivors (9216K)
 Metaspace       used 82295K, capacity 84981K, committed 85120K, reserved 1122304K
  class space    used 10666K, capacity 11682K, committed 11724K, reserved 1048576K
}
Event: 15.030 GC heap before
{Heap before GC invocations=23 (full 0):
 garbage-first heap   total 187392K, used 146951K [0x0000000080000000, 0x0000000100000000)
  region size 1024K, 72 young (73728K), 9 survivors (9216K)
 Metaspace       used 84369K, capacity 87103K, committed 87424K, reserved 1124352K
  class space    used 10882K, capacity 11879K, committed 11980K, reserved 1048576K
}
Event: 15.040 GC heap after
{Heap after GC invocations=24 (full 0):
 garbage-first heap   total 187392K, used 86542K [0x0000000080000000, 0x0000000100000000)
  region size 1024K, 7 young (7168K), 7 survivors (7168K)
 Metaspace       used 84369K, capacity 87103K, committed 87424K, reserved 1124352K
  class space    used 10882K, capacity 11879K, committed 11980K, reserved 1048576K
}
Event: 15.478 GC heap before
{Heap before GC invocations=24 (full 0):
 garbage-first heap   total 187392K, used 150030K [0x0000000080000000, 0x0000000100000000)
  region size 1024K, 70 young (71680K), 7 survivors (7168K)
 Metaspace       used 85948K, capacity 88673K, committed 88960K, reserved 1126400K
  class space    used 11091K, capacity 12103K, committed 12236K, reserved 1048576K
}
Event: 15.486 GC heap after
{Heap after GC invocations=25 (full 0):
 garbage-first heap   total 187392K, used 89406K [0x0000000080000000, 0x0000000100000000)
  region size 1024K, 6 young (6144K), 6 survivors (6144K)
 Metaspace       used 85948K, capacity 88673K, committed 88960K, reserved 1126400K
  class space    used 11091K, capacity 12103K, committed 12236K, reserved 1048576K
}
Event: 15.851 GC heap before
{Heap before GC invocations=25 (full 0):
 garbage-first heap   total 187392K, used 131390K [0x0000000080000000, 0x0000000100000000)
  region size 1024K, 49 young (50176K), 6 survivors (6144K)
 Metaspace       used 87162K, capacity 89947K, committed 90112K, reserved 1126400K
  class space    used 11216K, capacity 12243K, committed 12364K, reserved 1048576K
}
Event: 15.866 GC heap after
{Heap after GC invocations=26 (full 0):
 garbage-first heap   total 187392K, used 92190K [0x0000000080000000, 0x0000000100000000)
  region size 1024K, 6 young (6144K), 6 survivors (6144K)
 Metaspace       used 87162K, capacity 89947K, committed 90112K, reserved 1126400K
  class space    used 11216K, capacity 12243K, committed 12364K, reserved 1048576K
}
Event: 16.118 GC heap before
{Heap before GC invocations=27 (full 0):
 garbage-first heap   total 187392K, used 114718K [0x0000000080000000, 0x0000000100000000)
  region size 1024K, 18 young (18432K), 6 survivors (6144K)
 Metaspace       used 87830K, capacity 90510K, committed 90880K, reserved 1128448K
  class space    used 11279K, capacity 12236K, committed 12364K, reserved 1048576K
}
Event: 16.125 GC heap after
{Heap after GC invocations=28 (full 0):
 garbage-first heap   total 187392K, used 111984K [0x0000000080000000, 0x0000000100000000)
  region size 1024K, 9 young (9216K), 9 survivors (9216K)
 Metaspace       used 87830K, capacity 90510K, committed 90880K, reserved 1128448K
  class space    used 11279K, capacity 12236K, committed 12364K, reserved 1048576K
}
Event: 16.338 GC heap before
{Heap before GC invocations=29 (full 0):
 garbage-first heap   total 187392K, used 122224K [0x0000000080000000, 0x0000000100000000)
  region size 1024K, 20 young (20480K), 9 survivors (9216K)
 Metaspace       used 89987K, capacity 92744K, committed 93312K, reserved 1130496K
  class space    used 11596K, capacity 12554K, committed 12748K, reserved 1048576K
}

