# JRE version: OpenJDK Runtime Environment (11.0.10) (build 11.0.10+0-b96-7249189)
# Java VM: OpenJDK 64-Bit Server VM (11.0.10+0-b96-7249189, mixed mode, tiered, compressed oops, g1 gc, windows-amd64)
Heap:
 garbage-first heap   total 372736K, used 188416K [0x0000000080000000, 0x0000000100000000)
  region size 1024K, 66 young (67584K), 8 survivors (8192K)
 Metaspace       used 97349K, capacity 100155K, committed 100472K, reserved 1136640K
  class space    used 12322K, capacity 13269K, committed 13432K, reserved 1048576K
GC Heap History (20 events):
Event: 23.750 GC heap before
{Heap before GC invocations=58 (full 0):
 garbage-first heap   total 187392K, used 163238K [0x0000000080000000, 0x0000000100000000)
  region size 1024K, 35 young (35840K), 2 survivors (2048K)
 Metaspace       used 89553K, capacity 92261K, committed 93048K, reserved 1130496K
  class space    used 11375K, capacity 12306K, committed 12664K, reserved 1048576K
}
Event: 23.752 GC heap after
{Heap after GC invocations=59 (full 0):
 garbage-first heap   total 187392K, used 131367K [0x0000000080000000, 0x0000000100000000)
  region size 1024K, 3 young (3072K), 3 survivors (3072K)
 Metaspace       used 89553K, capacity 92261K, committed 93048K, reserved 1130496K
  class space    used 11375K, capacity 12306K, committed 12664K, reserved 1048576K
}
Event: 23.806 GC heap before
{Heap before GC invocations=59 (full 0):
 garbage-first heap   total 187392K, used 163111K [0x0000000080000000, 0x0000000100000000)
  region size 1024K, 34 young (34816K), 3 survivors (3072K)
 Metaspace       used 89554K, capacity 92261K, committed 93048K, reserved 1130496K
  class space    used 11375K, capacity 12306K, committed 12664K, reserved 1048576K
}
Event: 23.810 GC heap after
{Heap after GC invocations=60 (full 0):
 garbage-first heap   total 225280K, used 132051K [0x0000000080000000, 0x0000000100000000)
  region size 1024K, 3 young (3072K), 3 survivors (3072K)
 Metaspace       used 89554K, capacity 92261K, committed 93048K, reserved 1130496K
  class space    used 11375K, capacity 12306K, committed 12664K, reserved 1048576K
}
Event: 23.988 GC heap before
{Heap before GC invocations=60 (full 0):
 garbage-first heap   total 225280K, used 191443K [0x0000000080000000, 0x0000000100000000)
  region size 1024K, 61 young (62464K), 3 survivors (3072K)
 Metaspace       used 89554K, capacity 92261K, committed 93048K, reserved 1130496K
  class space    used 11375K, capacity 12306K, committed 12664K, reserved 1048576K
}
Event: 23.991 GC heap after
{Heap after GC invocations=61 (full 0):
 garbage-first heap   total 225280K, used 133567K [0x0000000080000000, 0x0000000100000000)
  region size 1024K, 5 young (5120K), 5 survivors (5120K)
 Metaspace       used 89554K, capacity 92261K, committed 93048K, reserved 1130496K
  class space    used 11375K, capacity 12306K, committed 12664K, reserved 1048576K
}
Event: 24.119 GC heap before
{Heap before GC invocations=62 (full 0):
 garbage-first heap   total 225280K, used 191935K [0x0000000080000000, 0x0000000100000000)
  region size 1024K, 62 young (63488K), 5 survivors (5120K)
 Metaspace       used 89554K, capacity 92261K, committed 93048K, reserved 1130496K
  class space    used 11375K, capacity 12306K, committed 12664K, reserved 1048576K
}
Event: 24.122 GC heap after
{Heap after GC invocations=63 (full 0):
 garbage-first heap   total 225280K, used 135437K [0x0000000080000000, 0x0000000100000000)
  region size 1024K, 6 young (6144K), 6 survivors (6144K)
 Metaspace       used 89554K, capacity 92261K, committed 93048K, reserved 1130496K
  class space    used 11375K, capacity 12306K, committed 12664K, reserved 1048576K
}
Event: 24.202 GC heap before
{Heap before GC invocations=63 (full 0):
 garbage-first heap   total 225280K, used 193805K [0x0000000080000000, 0x0000000100000000)
  region size 1024K, 63 young (64512K), 6 survivors (6144K)
 Metaspace       used 89556K, capacity 92261K, committed 93048K, reserved 1130496K
  class space    used 11375K, capacity 12306K, committed 12664K, reserved 1048576K
}
Event: 24.206 GC heap after
{Heap after GC invocations=64 (full 0):
 garbage-first heap   total 225280K, used 137245K [0x0000000080000000, 0x0000000100000000)
  region size 1024K, 6 young (6144K), 6 survivors (6144K)
 Metaspace       used 89556K, capacity 92261K, committed 93048K, reserved 1130496K
  class space    used 11375K, capacity 12306K, committed 12664K, reserved 1048576K
}
Event: 24.335 GC heap before
{Heap before GC invocations=64 (full 0):
 garbage-first heap   total 225280K, used 194589K [0x0000000080000000, 0x0000000100000000)
  region size 1024K, 62 young (63488K), 6 survivors (6144K)
 Metaspace       used 89557K, capacity 92261K, committed 93048K, reserved 1130496K
  class space    used 11375K, capacity 12306K, committed 12664K, reserved 1048576K
}
Event: 24.341 GC heap after
{Heap after GC invocations=65 (full 0):
 garbage-first heap   total 299008K, used 138816K [0x0000000080000000, 0x0000000100000000)
  region size 1024K, 6 young (6144K), 6 survivors (6144K)
 Metaspace       used 89557K, capacity 92261K, committed 93048K, reserved 1130496K
  class space    used 11375K, capacity 12306K, committed 12664K, reserved 1048576K
}
Event: 24.528 GC heap before
{Heap before GC invocations=66 (full 0):
 garbage-first heap   total 299008K, used 230976K [0x0000000080000000, 0x0000000100000000)
  region size 1024K, 96 young (98304K), 6 survivors (6144K)
 Metaspace       used 89557K, capacity 92261K, committed 93048K, reserved 1130496K
  class space    used 11375K, capacity 12306K, committed 12664K, reserved 1048576K
}
Event: 24.532 GC heap after
{Heap after GC invocations=67 (full 0):
 garbage-first heap   total 299008K, used 141506K [0x0000000080000000, 0x0000000100000000)
  region size 1024K, 8 young (8192K), 8 survivors (8192K)
 Metaspace       used 89557K, capacity 92261K, committed 93048K, reserved 1130496K
  class space    used 11375K, capacity 12306K, committed 12664K, reserved 1048576K
}
Event: 24.702 GC heap before
{Heap before GC invocations=67 (full 0):
 garbage-first heap   total 299008K, used 250050K [0x0000000080000000, 0x0000000100000000)
  region size 1024K, 114 young (116736K), 8 survivors (8192K)
 Metaspace       used 89557K, capacity 92261K, committed 93048K, reserved 1130496K
  class space    used 11375K, capacity 12306K, committed 12664K, reserved 1048576K
}
Event: 24.706 GC heap after
{Heap after GC invocations=68 (full 0):
 garbage-first heap   total 299008K, used 143568K [0x0000000080000000, 0x0000000100000000)
  region size 1024K, 10 young (10240K), 10 survivors (10240K)
 Metaspace       used 89557K, capacity 92261K, committed 93048K, reserved 1130496K
  class space    used 11375K, capacity 12306K, committed 12664K, reserved 1048576K
}
Event: 26.901 GC heap before
{Heap before GC invocations=68 (full 0):
 garbage-first heap   total 299008K, used 252112K [0x0000000080000000, 0x0000000100000000)
  region size 1024K, 116 young (118784K), 10 survivors (10240K)
 Metaspace       used 96077K, capacity 98836K, committed 99448K, reserved 1134592K
  class space    used 12210K, capacity 13144K, committed 13432K, reserved 1048576K
}
Event: 26.909 GC heap after
{Heap after GC invocations=69 (full 0):
 garbage-first heap   total 299008K, used 149354K [0x0000000080000000, 0x0000000100000000)
  region size 1024K, 13 young (13312K), 13 survivors (13312K)
 Metaspace       used 96077K, capacity 98836K, committed 99448K, reserved 1134592K
  class space    used 12210K, capacity 13144K, committed 13432K, reserved 1048576K
}
Event: 27.824 GC heap before
{Heap before GC invocations=69 (full 0):
 garbage-first heap   total 299008K, used 251754K [0x0000000080000000, 0x0000000100000000)
  region size 1024K, 114 young (116736K), 13 survivors (13312K)
 Metaspace       used 96807K, capacity 99665K, committed 100216K, reserved 1136640K
  class space    used 12281K, capacity 13260K, committed 13432K, reserved 1048576K
}
Event: 27.836 GC heap after
{Heap after GC invocations=70 (full 0):
 garbage-first heap   total 372736K, used 151225K [0x0000000080000000, 0x0000000100000000)
  region size 1024K, 8 young (8192K), 8 survivors (8192K)
 Metaspace       used 96807K, capacity 99665K, committed 100216K, reserved 1136640K
  class space    used 12281K, capacity 13260K, committed 13432K, reserved 1048576K
}

