# JRE version: OpenJDK Runtime Environment (11.0.10) (build 11.0.10+0-b96-7249189)
# Java VM: OpenJDK 64-Bit Server VM (11.0.10+0-b96-7249189, mixed mode, tiered, compressed oops, g1 gc, windows-amd64)
Heap:
 garbage-first heap   total 187392K, used 135521K [0x0000000080000000, 0x0000000100000000)
  region size 1024K, 72 young (73728K), 9 survivors (9216K)
 Metaspace       used 81735K, capacity 84424K, committed 84608K, reserved 1122304K
  class space    used 10645K, capacity 11626K, committed 11724K, reserved 1048576K
GC Heap History (20 events):
Event: 4.538 GC heap before
{Heap before GC invocations=9 (full 0):
 garbage-first heap   total 155648K, used 84460K [0x0000000080000000, 0x0000000100000000)
  region size 1024K, 61 young (62464K), 4 survivors (4096K)
 Metaspace       used 39985K, capacity 40940K, committed 41164K, reserved 1085440K
  class space    used 5161K, capacity 5511K, committed 5580K, reserved 1048576K
}
Event: 4.544 GC heap after
{Heap after GC invocations=10 (full 0):
 garbage-first heap   total 155648K, used 26811K [0x0000000080000000, 0x0000000100000000)
  region size 1024K, 8 young (8192K), 8 survivors (8192K)
 Metaspace       used 39985K, capacity 40940K, committed 41164K, reserved 1085440K
  class space    used 5161K, capacity 5511K, committed 5580K, reserved 1048576K
}
Event: 5.136 GC heap before
{Heap before GC invocations=10 (full 0):
 garbage-first heap   total 155648K, used 87227K [0x0000000080000000, 0x0000000100000000)
  region size 1024K, 67 young (68608K), 8 survivors (8192K)
 Metaspace       used 44551K, capacity 45719K, committed 45900K, reserved 1089536K
  class space    used 5727K, capacity 6169K, committed 6220K, reserved 1048576K
}
Event: 5.143 GC heap after
{Heap after GC invocations=11 (full 0):
 garbage-first heap   total 155648K, used 29249K [0x0000000080000000, 0x0000000100000000)
  region size 1024K, 7 young (7168K), 7 survivors (7168K)
 Metaspace       used 44551K, capacity 45719K, committed 45900K, reserved 1089536K
  class space    used 5727K, capacity 6169K, committed 6220K, reserved 1048576K
}
Event: 6.412 GC heap before
{Heap before GC invocations=11 (full 0):
 garbage-first heap   total 155648K, used 104001K [0x0000000080000000, 0x0000000100000000)
  region size 1024K, 77 young (78848K), 7 survivors (7168K)
 Metaspace       used 48427K, capacity 49884K, committed 50124K, reserved 1093632K
  class space    used 6203K, capacity 6751K, committed 6860K, reserved 1048576K
}
Event: 6.423 GC heap after
{Heap after GC invocations=12 (full 0):
 garbage-first heap   total 155648K, used 43454K [0x0000000080000000, 0x0000000100000000)
  region size 1024K, 10 young (10240K), 10 survivors (10240K)
 Metaspace       used 48427K, capacity 49884K, committed 50124K, reserved 1093632K
  class space    used 6203K, capacity 6751K, committed 6860K, reserved 1048576K
}
Event: 7.326 GC heap before
{Heap before GC invocations=12 (full 0):
 garbage-first heap   total 155648K, used 103870K [0x0000000080000000, 0x0000000100000000)
  region size 1024K, 69 young (70656K), 10 survivors (10240K)
 Metaspace       used 57605K, capacity 59219K, committed 59468K, reserved 1101824K
  class space    used 7330K, capacity 7982K, committed 8012K, reserved 1048576K
}
Event: 7.336 GC heap after
{Heap after GC invocations=13 (full 0):
 garbage-first heap   total 187392K, used 47217K [0x0000000080000000, 0x0000000100000000)
  region size 1024K, 3 young (3072K), 3 survivors (3072K)
 Metaspace       used 57605K, capacity 59219K, committed 59468K, reserved 1101824K
  class space    used 7330K, capacity 7982K, committed 8012K, reserved 1048576K
}
Event: 7.431 GC heap before
{Heap before GC invocations=13 (full 0):
 garbage-first heap   total 187392K, used 54385K [0x0000000080000000, 0x0000000100000000)
  region size 1024K, 11 young (11264K), 3 survivors (3072K)
 Metaspace       used 58430K, capacity 60099K, committed 60288K, reserved 1101824K
  class space    used 7428K, capacity 8062K, committed 8140K, reserved 1048576K
}
Event: 7.436 GC heap after
{Heap after GC invocations=14 (full 0):
 garbage-first heap   total 187392K, used 47706K [0x0000000080000000, 0x0000000100000000)
  region size 1024K, 4 young (4096K), 4 survivors (4096K)
 Metaspace       used 58430K, capacity 60099K, committed 60288K, reserved 1101824K
  class space    used 7428K, capacity 8062K, committed 8140K, reserved 1048576K
}
Event: 8.319 GC heap before
{Heap before GC invocations=15 (full 0):
 garbage-first heap   total 187392K, used 115290K [0x0000000080000000, 0x0000000100000000)
  region size 1024K, 70 young (71680K), 4 survivors (4096K)
 Metaspace       used 63435K, capacity 65250K, committed 65536K, reserved 1105920K
  class space    used 8059K, capacity 8718K, committed 8780K, reserved 1048576K
}
Event: 8.331 GC heap after
{Heap after GC invocations=16 (full 0):
 garbage-first heap   total 187392K, used 52563K [0x0000000080000000, 0x0000000100000000)
  region size 1024K, 9 young (9216K), 9 survivors (9216K)
 Metaspace       used 63435K, capacity 65250K, committed 65536K, reserved 1105920K
  class space    used 8059K, capacity 8718K, committed 8780K, reserved 1048576K
}
Event: 9.165 GC heap before
{Heap before GC invocations=17 (full 0):
 garbage-first heap   total 187392K, used 122195K [0x0000000080000000, 0x0000000100000000)
  region size 1024K, 77 young (78848K), 9 survivors (9216K)
 Metaspace       used 68085K, capacity 70036K, committed 70144K, reserved 1110016K
  class space    used 8825K, capacity 9502K, committed 9548K, reserved 1048576K
}
Event: 9.176 GC heap after
{Heap after GC invocations=18 (full 0):
 garbage-first heap   total 187392K, used 58433K [0x0000000080000000, 0x0000000100000000)
  region size 1024K, 6 young (6144K), 6 survivors (6144K)
 Metaspace       used 68085K, capacity 70036K, committed 70144K, reserved 1110016K
  class space    used 8825K, capacity 9502K, committed 9548K, reserved 1048576K
}
Event: 9.872 GC heap before
{Heap before GC invocations=18 (full 0):
 garbage-first heap   total 187392K, used 129089K [0x0000000080000000, 0x0000000100000000)
  region size 1024K, 75 young (76800K), 6 survivors (6144K)
 Metaspace       used 70127K, capacity 72297K, committed 72576K, reserved 1112064K
  class space    used 9105K, capacity 9887K, committed 9932K, reserved 1048576K
}
Event: 9.880 GC heap after
{Heap after GC invocations=19 (full 0):
 garbage-first heap   total 187392K, used 64045K [0x0000000080000000, 0x0000000100000000)
  region size 1024K, 6 young (6144K), 6 survivors (6144K)
 Metaspace       used 70127K, capacity 72297K, committed 72576K, reserved 1112064K
  class space    used 9105K, capacity 9887K, committed 9932K, reserved 1048576K
}
Event: 11.335 GC heap before
{Heap before GC invocations=19 (full 0):
 garbage-first heap   total 187392K, used 134701K [0x0000000080000000, 0x0000000100000000)
  region size 1024K, 75 young (76800K), 6 survivors (6144K)
 Metaspace       used 73060K, capacity 75240K, committed 75520K, reserved 1114112K
  class space    used 9406K, capacity 10234K, committed 10316K, reserved 1048576K
}
Event: 11.345 GC heap after
{Heap after GC invocations=20 (full 0):
 garbage-first heap   total 187392K, used 68523K [0x0000000080000000, 0x0000000100000000)
  region size 1024K, 5 young (5120K), 5 survivors (5120K)
 Metaspace       used 73060K, capacity 75240K, committed 75520K, reserved 1114112K
  class space    used 9406K, capacity 10234K, committed 10316K, reserved 1048576K
}
Event: 12.459 GC heap before
{Heap before GC invocations=20 (full 0):
 garbage-first heap   total 187392K, used 139179K [0x0000000080000000, 0x0000000100000000)
  region size 1024K, 74 young (75776K), 5 survivors (5120K)
 Metaspace       used 79796K, capacity 82206K, committed 82432K, reserved 1120256K
  class space    used 10367K, capacity 11244K, committed 11340K, reserved 1048576K
}
Event: 12.471 GC heap after
{Heap after GC invocations=21 (full 0):
 garbage-first heap   total 187392K, used 73057K [0x0000000080000000, 0x0000000100000000)
  region size 1024K, 9 young (9216K), 9 survivors (9216K)
 Metaspace       used 79796K, capacity 82206K, committed 82432K, reserved 1120256K
  class space    used 10367K, capacity 11244K, committed 11340K, reserved 1048576K
}

