# JRE version: OpenJDK Runtime Environment (11.0.10) (build 11.0.10+0-b96-7249189)
# Java VM: OpenJDK 64-Bit Server VM (11.0.10+0-b96-7249189, mixed mode, tiered, compressed oops, g1 gc, windows-amd64)
Heap:
 garbage-first heap   total 225280K, used 139161K [0x0000000080000000, 0x0000000100000000)
  region size 1024K, 5 young (5120K), 5 survivors (5120K)
 Metaspace       used 90365K, capacity 93023K, committed 93260K, reserved 1130496K
  class space    used 11641K, capacity 12588K, committed 12620K, reserved 1048576K
GC Heap History (20 events):
Event: 10.689 GC heap after
{Heap after GC invocations=18 (full 0):
 garbage-first heap   total 187392K, used 62303K [0x0000000080000000, 0x0000000100000000)
  region size 1024K, 11 young (11264K), 11 survivors (11264K)
 Metaspace       used 69812K, capacity 71901K, committed 72140K, reserved 1112064K
  class space    used 9077K, capacity 9854K, committed 9932K, reserved 1048576K
}
Event: 12.315 GC heap before
{Heap before GC invocations=18 (full 0):
 garbage-first heap   total 187392K, used 138079K [0x0000000080000000, 0x0000000100000000)
  region size 1024K, 85 young (87040K), 11 survivors (11264K)
 Metaspace       used 72639K, capacity 74814K, committed 74956K, reserved 1114112K
  class space    used 9345K, capacity 10133K, committed 10188K, reserved 1048576K
}
Event: 12.327 GC heap after
{Heap after GC invocations=19 (full 0):
 garbage-first heap   total 187392K, used 67392K [0x0000000080000000, 0x0000000100000000)
  region size 1024K, 11 young (11264K), 11 survivors (11264K)
 Metaspace       used 72639K, capacity 74814K, committed 74956K, reserved 1114112K
  class space    used 9345K, capacity 10133K, committed 10188K, reserved 1048576K
}
Event: 13.568 GC heap before
{Heap before GC invocations=19 (full 0):
 garbage-first heap   total 187392K, used 142144K [0x0000000080000000, 0x0000000100000000)
  region size 1024K, 84 young (86016K), 11 survivors (11264K)
 Metaspace       used 80141K, capacity 82579K, committed 82764K, reserved 1120256K
  class space    used 10436K, capacity 11306K, committed 11340K, reserved 1048576K
}
Event: 13.589 GC heap after
{Heap after GC invocations=20 (full 0):
 garbage-first heap   total 187392K, used 72438K [0x0000000080000000, 0x0000000100000000)
  region size 1024K, 11 young (11264K), 11 survivors (11264K)
 Metaspace       used 80141K, capacity 82579K, committed 82764K, reserved 1120256K
  class space    used 10436K, capacity 11306K, committed 11340K, reserved 1048576K
}
Event: 15.163 GC heap before
{Heap before GC invocations=20 (full 0):
 garbage-first heap   total 187392K, used 144118K [0x0000000080000000, 0x0000000100000000)
  region size 1024K, 82 young (83968K), 11 survivors (11264K)
 Metaspace       used 81594K, capacity 84129K, committed 84300K, reserved 1122304K
  class space    used 10577K, capacity 11519K, committed 11596K, reserved 1048576K
}
Event: 15.174 GC heap after
{Heap after GC invocations=21 (full 0):
 garbage-first heap   total 187392K, used 77102K [0x0000000080000000, 0x0000000100000000)
  region size 1024K, 10 young (10240K), 10 survivors (10240K)
 Metaspace       used 81594K, capacity 84129K, committed 84300K, reserved 1122304K
  class space    used 10577K, capacity 11519K, committed 11596K, reserved 1048576K
}
Event: 15.768 GC heap before
{Heap before GC invocations=21 (full 0):
 garbage-first heap   total 187392K, used 148782K [0x0000000080000000, 0x0000000100000000)
  region size 1024K, 80 young (81920K), 10 survivors (10240K)
 Metaspace       used 82111K, capacity 84675K, committed 84812K, reserved 1122304K
  class space    used 10629K, capacity 11579K, committed 11596K, reserved 1048576K
}
Event: 15.782 GC heap after
{Heap after GC invocations=22 (full 0):
 garbage-first heap   total 187392K, used 82610K [0x0000000080000000, 0x0000000100000000)
  region size 1024K, 10 young (10240K), 10 survivors (10240K)
 Metaspace       used 82111K, capacity 84675K, committed 84812K, reserved 1122304K
  class space    used 10629K, capacity 11579K, committed 11596K, reserved 1048576K
}
Event: 16.544 GC heap before
{Heap before GC invocations=22 (full 0):
 garbage-first heap   total 187392K, used 149170K [0x0000000080000000, 0x0000000100000000)
  region size 1024K, 76 young (77824K), 10 survivors (10240K)
 Metaspace       used 84047K, capacity 86641K, committed 86860K, reserved 1124352K
  class space    used 10813K, capacity 11742K, committed 11852K, reserved 1048576K
}
Event: 16.557 GC heap after
{Heap after GC invocations=23 (full 0):
 garbage-first heap   total 187392K, used 86291K [0x0000000080000000, 0x0000000100000000)
  region size 1024K, 9 young (9216K), 9 survivors (9216K)
 Metaspace       used 84047K, capacity 86641K, committed 86860K, reserved 1124352K
  class space    used 10813K, capacity 11742K, committed 11852K, reserved 1048576K
}
Event: 17.098 GC heap before
{Heap before GC invocations=23 (full 0):
 garbage-first heap   total 187392K, used 151827K [0x0000000080000000, 0x0000000100000000)
  region size 1024K, 74 young (75776K), 9 survivors (9216K)
 Metaspace       used 85946K, capacity 88501K, committed 88652K, reserved 1126400K
  class space    used 11069K, capacity 11998K, committed 12108K, reserved 1048576K
}
Event: 17.106 GC heap after
{Heap after GC invocations=24 (full 0):
 garbage-first heap   total 187392K, used 88719K [0x0000000080000000, 0x0000000100000000)
  region size 1024K, 7 young (7168K), 7 survivors (7168K)
 Metaspace       used 85946K, capacity 88501K, committed 88652K, reserved 1126400K
  class space    used 11069K, capacity 11998K, committed 12108K, reserved 1048576K
}
Event: 17.602 GC heap before
{Heap before GC invocations=24 (full 0):
 garbage-first heap   total 187392K, used 144015K [0x0000000080000000, 0x0000000100000000)
  region size 1024K, 61 young (62464K), 7 survivors (7168K)
 Metaspace       used 87295K, capacity 89928K, committed 90060K, reserved 1126400K
  class space    used 11202K, capacity 12170K, committed 12236K, reserved 1048576K
}
Event: 17.619 GC heap after
{Heap after GC invocations=25 (full 0):
 garbage-first heap   total 187392K, used 95186K [0x0000000080000000, 0x0000000100000000)
  region size 1024K, 7 young (7168K), 7 survivors (7168K)
 Metaspace       used 87295K, capacity 89928K, committed 90060K, reserved 1126400K
  class space    used 11202K, capacity 12170K, committed 12236K, reserved 1048576K
}
Event: 17.839 GC heap before
{Heap before GC invocations=26 (full 0):
 garbage-first heap   total 187392K, used 105426K [0x0000000080000000, 0x0000000100000000)
  region size 1024K, 14 young (14336K), 7 survivors (7168K)
 Metaspace       used 87503K, capacity 90177K, committed 90316K, reserved 1128448K
  class space    used 11231K, capacity 12170K, committed 12236K, reserved 1048576K
}
Event: 17.848 GC heap after
{Heap after GC invocations=27 (full 0):
 garbage-first heap   total 187392K, used 105913K [0x0000000080000000, 0x0000000100000000)
  region size 1024K, 9 young (9216K), 9 survivors (9216K)
 Metaspace       used 87503K, capacity 90177K, committed 90316K, reserved 1128448K
  class space    used 11231K, capacity 12170K, committed 12236K, reserved 1048576K
}
Event: 18.189 GC heap before
{Heap before GC invocations=28 (full 0):
 garbage-first heap   total 187392K, used 121273K [0x0000000080000000, 0x0000000100000000)
  region size 1024K, 21 young (21504K), 9 survivors (9216K)
 Metaspace       used 90101K, capacity 92820K, committed 93004K, reserved 1130496K
  class space    used 11616K, capacity 12585K, committed 12620K, reserved 1048576K
}
Event: 18.200 GC heap after
{Heap after GC invocations=29 (full 0):
 garbage-first heap   total 187392K, used 112095K [0x0000000080000000, 0x0000000100000000)
  region size 1024K, 2 young (2048K), 2 survivors (2048K)
 Metaspace       used 90101K, capacity 92820K, committed 93004K, reserved 1130496K
  class space    used 11616K, capacity 12585K, committed 12620K, reserved 1048576K
}
Event: 18.437 GC heap before
{Heap before GC invocations=30 (full 0):
 garbage-first heap   total 187392K, used 169439K [0x0000000080000000, 0x0000000100000000)
  region size 1024K, 35 young (35840K), 2 survivors (2048K)
 Metaspace       used 90365K, capacity 93023K, committed 93260K, reserved 1130496K
  class space    used 11641K, capacity 12588K, committed 12620K, reserved 1048576K
}

