# JRE version: OpenJDK Runtime Environment (11.0.10) (build 11.0.10+0-b96-7249189)
# Java VM: OpenJDK 64-Bit Server VM (11.0.10+0-b96-7249189, mixed mode, tiered, compressed oops, g1 gc, windows-amd64)
Heap:
 garbage-first heap   total 187392K, used 92328K [0x0000000080000000, 0x0000000100000000)
  region size 1024K, 1 young (1024K), 1 survivors (1024K)
 Metaspace       used 76793K, capacity 79004K, committed 79056K, reserved 1118208K
  class space    used 9827K, capacity 10579K, committed 10624K, reserved 1048576K
GC Heap History (20 events):
Event: 16.879 GC heap after
{Heap after GC invocations=19 (full 0):
 garbage-first heap   total 155648K, used 75277K [0x0000000080000000, 0x0000000100000000)
  region size 1024K, 6 young (6144K), 6 survivors (6144K)
 Metaspace       used 75995K, capacity 78129K, committed 78288K, reserved 1118208K
  class space    used 9776K, capacity 10533K, committed 10624K, reserved 1048576K
}
Event: 17.012 GC heap before
{Heap before GC invocations=19 (full 0):
 garbage-first heap   total 155648K, used 81421K [0x0000000080000000, 0x0000000100000000)
  region size 1024K, 13 young (13312K), 6 survivors (6144K)
 Metaspace       used 76052K, capacity 78143K, committed 78288K, reserved 1118208K
  class space    used 9777K, capacity 10534K, committed 10624K, reserved 1048576K
}
Event: 17.018 GC heap after
{Heap after GC invocations=20 (full 0):
 garbage-first heap   total 155648K, used 75605K [0x0000000080000000, 0x0000000100000000)
  region size 1024K, 2 young (2048K), 2 survivors (2048K)
 Metaspace       used 76052K, capacity 78143K, committed 78288K, reserved 1118208K
  class space    used 9777K, capacity 10534K, committed 10624K, reserved 1048576K
}
Event: 17.652 GC heap before
{Heap before GC invocations=21 (full 0):
 garbage-first heap   total 155648K, used 128853K [0x0000000080000000, 0x0000000100000000)
  region size 1024K, 51 young (52224K), 2 survivors (2048K)
 Metaspace       used 76168K, capacity 78245K, committed 78544K, reserved 1118208K
  class space    used 9770K, capacity 10514K, committed 10624K, reserved 1048576K
}
Event: 17.662 GC heap after
{Heap after GC invocations=22 (full 0):
 garbage-first heap   total 155648K, used 79606K [0x0000000080000000, 0x0000000100000000)
  region size 1024K, 6 young (6144K), 6 survivors (6144K)
 Metaspace       used 76168K, capacity 78245K, committed 78544K, reserved 1118208K
  class space    used 9770K, capacity 10514K, committed 10624K, reserved 1048576K
}
Event: 17.732 GC heap before
{Heap before GC invocations=22 (full 0):
 garbage-first heap   total 155648K, used 80630K [0x0000000080000000, 0x0000000100000000)
  region size 1024K, 9 young (9216K), 6 survivors (6144K)
 Metaspace       used 76205K, capacity 78390K, committed 78544K, reserved 1118208K
  class space    used 9772K, capacity 10517K, committed 10624K, reserved 1048576K
}
Event: 17.742 GC heap after
{Heap after GC invocations=23 (full 0):
 garbage-first heap   total 155648K, used 79955K [0x0000000080000000, 0x0000000100000000)
  region size 1024K, 1 young (1024K), 1 survivors (1024K)
 Metaspace       used 76205K, capacity 78390K, committed 78544K, reserved 1118208K
  class space    used 9772K, capacity 10517K, committed 10624K, reserved 1048576K
}
Event: 18.299 GC heap before
{Heap before GC invocations=24 (full 0):
 garbage-first heap   total 155648K, used 128083K [0x0000000080000000, 0x0000000100000000)
  region size 1024K, 48 young (49152K), 1 survivors (1024K)
 Metaspace       used 76312K, capacity 78505K, committed 78800K, reserved 1118208K
  class space    used 9777K, capacity 10523K, committed 10624K, reserved 1048576K
}
Event: 18.307 GC heap after
{Heap after GC invocations=25 (full 0):
 garbage-first heap   total 155648K, used 84825K [0x0000000080000000, 0x0000000100000000)
  region size 1024K, 6 young (6144K), 6 survivors (6144K)
 Metaspace       used 76312K, capacity 78505K, committed 78800K, reserved 1118208K
  class space    used 9777K, capacity 10523K, committed 10624K, reserved 1048576K
}
Event: 18.612 GC heap before
{Heap before GC invocations=25 (full 0):
 garbage-first heap   total 155648K, used 101209K [0x0000000080000000, 0x0000000100000000)
  region size 1024K, 24 young (24576K), 6 survivors (6144K)
 Metaspace       used 76470K, capacity 78646K, committed 78800K, reserved 1118208K
  class space    used 9784K, capacity 10525K, committed 10624K, reserved 1048576K
}
Event: 18.624 GC heap after
{Heap after GC invocations=26 (full 0):
 garbage-first heap   total 155648K, used 85884K [0x0000000080000000, 0x0000000100000000)
  region size 1024K, 2 young (2048K), 2 survivors (2048K)
 Metaspace       used 76470K, capacity 78646K, committed 78800K, reserved 1118208K
  class space    used 9784K, capacity 10525K, committed 10624K, reserved 1048576K
}
Event: 19.276 GC heap before
{Heap before GC invocations=27 (full 0):
 garbage-first heap   total 155648K, used 127868K [0x0000000080000000, 0x0000000100000000)
  region size 1024K, 43 young (44032K), 2 survivors (2048K)
 Metaspace       used 76753K, capacity 78937K, committed 79056K, reserved 1118208K
  class space    used 9826K, capacity 10579K, committed 10624K, reserved 1048576K
}
Event: 19.282 GC heap after
{Heap after GC invocations=28 (full 0):
 garbage-first heap   total 155648K, used 89186K [0x0000000080000000, 0x0000000100000000)
  region size 1024K, 6 young (6144K), 6 survivors (6144K)
 Metaspace       used 76753K, capacity 78937K, committed 79056K, reserved 1118208K
  class space    used 9826K, capacity 10579K, committed 10624K, reserved 1048576K
}
Event: 19.287 GC heap before
{Heap before GC invocations=28 (full 0):
 garbage-first heap   total 155648K, used 89186K [0x0000000080000000, 0x0000000100000000)
  region size 1024K, 7 young (7168K), 6 survivors (6144K)
 Metaspace       used 76753K, capacity 78937K, committed 79056K, reserved 1118208K
  class space    used 9826K, capacity 10579K, committed 10624K, reserved 1048576K
}
Event: 19.295 GC heap after
{Heap after GC invocations=29 (full 0):
 garbage-first heap   total 155648K, used 88999K [0x0000000080000000, 0x0000000100000000)
  region size 1024K, 1 young (1024K), 1 survivors (1024K)
 Metaspace       used 76753K, capacity 78937K, committed 79056K, reserved 1118208K
  class space    used 9826K, capacity 10579K, committed 10624K, reserved 1048576K
}
Event: 19.704 GC heap before
{Heap before GC invocations=29 (full 0):
 garbage-first heap   total 155648K, used 126887K [0x0000000080000000, 0x0000000100000000)
  region size 1024K, 39 young (39936K), 1 survivors (1024K)
 Metaspace       used 76786K, capacity 79002K, committed 79056K, reserved 1118208K
  class space    used 9827K, capacity 10579K, committed 10624K, reserved 1048576K
}
Event: 19.713 GC heap after
{Heap after GC invocations=30 (full 0):
 garbage-first heap   total 155648K, used 91764K [0x0000000080000000, 0x0000000100000000)
  region size 1024K, 4 young (4096K), 4 survivors (4096K)
 Metaspace       used 76786K, capacity 79002K, committed 79056K, reserved 1118208K
  class space    used 9827K, capacity 10579K, committed 10624K, reserved 1048576K
}
Event: 20.291 GC heap before
{Heap before GC invocations=31 (full 0):
 garbage-first heap   total 155648K, used 126580K [0x0000000080000000, 0x0000000100000000)
  region size 1024K, 39 young (39936K), 4 survivors (4096K)
 Metaspace       used 76793K, capacity 79004K, committed 79056K, reserved 1118208K
  class space    used 9827K, capacity 10579K, committed 10624K, reserved 1048576K
}
Event: 20.301 GC heap after
{Heap after GC invocations=32 (full 0):
 garbage-first heap   total 155648K, used 93617K [0x0000000080000000, 0x0000000100000000)
  region size 1024K, 3 young (3072K), 3 survivors (3072K)
 Metaspace       used 76793K, capacity 79004K, committed 79056K, reserved 1118208K
  class space    used 9827K, capacity 10579K, committed 10624K, reserved 1048576K
}
Event: 20.391 GC heap before
{Heap before GC invocations=32 (full 0):
 garbage-first heap   total 155648K, used 96689K [0x0000000080000000, 0x0000000100000000)
  region size 1024K, 7 young (7168K), 3 survivors (3072K)
 Metaspace       used 76793K, capacity 79004K, committed 79056K, reserved 1118208K
  class space    used 9827K, capacity 10579K, committed 10624K, reserved 1048576K
}

