# JRE version: OpenJDK Runtime Environment (11.0.10) (build 11.0.10+0-b96-7249189)
# Java VM: OpenJDK 64-Bit Server VM (11.0.10+0-b96-7249189, mixed mode, tiered, compressed oops, g1 gc, windows-amd64)
Heap:
 garbage-first heap   total 1122304K, used 269074K [0x0000000080000000, 0x0000000100000000)
  region size 1024K, 11 young (11264K), 11 survivors (11264K)
 Metaspace       used 80661K, capacity 82950K, committed 83024K, reserved 1122304K
  class space    used 10397K, capacity 11208K, committed 11264K, reserved 1048576K
GC Heap History (20 events):
Event: 17.093 GC heap after
{Heap after GC invocations=35 (full 0):
 garbage-first heap   total 187392K, used 137633K [0x0000000080000000, 0x0000000100000000)
  region size 1024K, 3 young (3072K), 3 survivors (3072K)
 Metaspace       used 79429K, capacity 81723K, committed 81872K, reserved 1120256K
  class space    used 10249K, capacity 11053K, committed 11136K, reserved 1048576K
}
Event: 17.142 GC heap before
{Heap before GC invocations=35 (full 0):
 garbage-first heap   total 187392K, used 157089K [0x0000000080000000, 0x0000000100000000)
  region size 1024K, 23 young (23552K), 3 survivors (3072K)
 Metaspace       used 79434K, capacity 81723K, committed 81872K, reserved 1120256K
  class space    used 10249K, capacity 11053K, committed 11136K, reserved 1048576K
}
Event: 17.144 GC heap after
{Heap after GC invocations=36 (full 0):
 garbage-first heap   total 187392K, used 141991K [0x0000000080000000, 0x0000000100000000)
  region size 1024K, 3 young (3072K), 3 survivors (3072K)
 Metaspace       used 79434K, capacity 81723K, committed 81872K, reserved 1120256K
  class space    used 10249K, capacity 11053K, committed 11136K, reserved 1048576K
}
Event: 17.183 GC heap before
{Heap before GC invocations=36 (full 0):
 garbage-first heap   total 187392K, used 161447K [0x0000000080000000, 0x0000000100000000)
  region size 1024K, 20 young (20480K), 3 survivors (3072K)
 Metaspace       used 79434K, capacity 81723K, committed 81872K, reserved 1120256K
  class space    used 10249K, capacity 11053K, committed 11136K, reserved 1048576K
}
Event: 17.190 GC heap after
{Heap after GC invocations=37 (full 0):
 garbage-first heap   total 242688K, used 146665K [0x0000000080000000, 0x0000000100000000)
  region size 1024K, 3 young (3072K), 3 survivors (3072K)
 Metaspace       used 79434K, capacity 81723K, committed 81872K, reserved 1120256K
  class space    used 10249K, capacity 11053K, committed 11136K, reserved 1048576K
}
Event: 17.291 GC heap before
{Heap before GC invocations=38 (full 0):
 garbage-first heap   total 242688K, used 187625K [0x0000000080000000, 0x0000000100000000)
  region size 1024K, 43 young (44032K), 3 survivors (3072K)
 Metaspace       used 79434K, capacity 81723K, committed 81872K, reserved 1120256K
  class space    used 10249K, capacity 11053K, committed 11136K, reserved 1048576K
}
Event: 17.296 GC heap after
{Heap after GC invocations=39 (full 0):
 garbage-first heap   total 242688K, used 154080K [0x0000000080000000, 0x0000000100000000)
  region size 1024K, 6 young (6144K), 6 survivors (6144K)
 Metaspace       used 79434K, capacity 81723K, committed 81872K, reserved 1120256K
  class space    used 10249K, capacity 11053K, committed 11136K, reserved 1048576K
}
Event: 17.356 GC heap before
{Heap before GC invocations=39 (full 0):
 garbage-first heap   total 242688K, used 192992K [0x0000000080000000, 0x0000000100000000)
  region size 1024K, 44 young (45056K), 6 survivors (6144K)
 Metaspace       used 79434K, capacity 81723K, committed 81872K, reserved 1120256K
  class space    used 10249K, capacity 11053K, committed 11136K, reserved 1048576K
}
Event: 17.361 GC heap after
{Heap after GC invocations=40 (full 0):
 garbage-first heap   total 242688K, used 160068K [0x0000000080000000, 0x0000000100000000)
  region size 1024K, 6 young (6144K), 6 survivors (6144K)
 Metaspace       used 79434K, capacity 81723K, committed 81872K, reserved 1120256K
  class space    used 10249K, capacity 11053K, committed 11136K, reserved 1048576K
}
Event: 17.603 GC heap before
{Heap before GC invocations=41 (full 0):
 garbage-first heap   total 242688K, used 196932K [0x0000000080000000, 0x0000000100000000)
  region size 1024K, 42 young (43008K), 6 survivors (6144K)
 Metaspace       used 80559K, capacity 82876K, committed 83024K, reserved 1122304K
  class space    used 10389K, capacity 11207K, committed 11264K, reserved 1048576K
}
Event: 17.614 GC heap after
{Heap after GC invocations=42 (full 0):
 garbage-first heap   total 242688K, used 169864K [0x0000000080000000, 0x0000000100000000)
  region size 1024K, 6 young (6144K), 6 survivors (6144K)
 Metaspace       used 80559K, capacity 82876K, committed 83024K, reserved 1122304K
  class space    used 10389K, capacity 11207K, committed 11264K, reserved 1048576K
}
Event: 17.725 GC heap before
{Heap before GC invocations=42 (full 0):
 garbage-first heap   total 242688K, used 200584K [0x0000000080000000, 0x0000000100000000)
  region size 1024K, 36 young (36864K), 6 survivors (6144K)
 Metaspace       used 80589K, capacity 82879K, committed 83024K, reserved 1122304K
  class space    used 10392K, capacity 11208K, committed 11264K, reserved 1048576K
}
Event: 17.752 GC heap after
{Heap after GC invocations=43 (full 0):
 garbage-first heap   total 472064K, used 179200K [0x0000000080000000, 0x0000000100000000)
  region size 1024K, 5 young (5120K), 5 survivors (5120K)
 Metaspace       used 80589K, capacity 82879K, committed 83024K, reserved 1122304K
  class space    used 10392K, capacity 11208K, committed 11264K, reserved 1048576K
}
Event: 18.093 GC heap before
{Heap before GC invocations=44 (full 0):
 garbage-first heap   total 472064K, used 275456K [0x0000000080000000, 0x0000000100000000)
  region size 1024K, 100 young (102400K), 5 survivors (5120K)
 Metaspace       used 80636K, capacity 82884K, committed 83024K, reserved 1122304K
  class space    used 10393K, capacity 11208K, committed 11264K, reserved 1048576K
}
Event: 18.137 GC heap after
{Heap after GC invocations=45 (full 0):
 garbage-first heap   total 472064K, used 204218K [0x0000000080000000, 0x0000000100000000)
  region size 1024K, 13 young (13312K), 13 survivors (13312K)
 Metaspace       used 80636K, capacity 82884K, committed 83024K, reserved 1122304K
  class space    used 10393K, capacity 11208K, committed 11264K, reserved 1048576K
}
Event: 18.356 GC heap before
{Heap before GC invocations=45 (full 0):
 garbage-first heap   total 472064K, used 306618K [0x0000000080000000, 0x0000000100000000)
  region size 1024K, 110 young (112640K), 13 survivors (13312K)
 Metaspace       used 80655K, capacity 82948K, committed 83024K, reserved 1122304K
  class space    used 10396K, capacity 11208K, committed 11264K, reserved 1048576K
}
Event: 18.419 GC heap after
{Heap after GC invocations=46 (full 0):
 garbage-first heap   total 472064K, used 233472K [0x0000000080000000, 0x0000000100000000)
  region size 1024K, 14 young (14336K), 14 survivors (14336K)
 Metaspace       used 80655K, capacity 82948K, committed 83024K, reserved 1122304K
  class space    used 10396K, capacity 11208K, committed 11264K, reserved 1048576K
}
Event: 18.466 GC heap before
{Heap before GC invocations=46 (full 0):
 garbage-first heap   total 472064K, used 258048K [0x0000000080000000, 0x0000000100000000)
  region size 1024K, 39 young (39936K), 14 survivors (14336K)
 Metaspace       used 80656K, capacity 82948K, committed 83024K, reserved 1122304K
  class space    used 10396K, capacity 11208K, committed 11264K, reserved 1048576K
}
Event: 18.500 GC heap after
{Heap after GC invocations=47 (full 0):
 garbage-first heap   total 472064K, used 244367K [0x0000000080000000, 0x0000000100000000)
  region size 1024K, 9 young (9216K), 9 survivors (9216K)
 Metaspace       used 80656K, capacity 82948K, committed 83024K, reserved 1122304K
  class space    used 10396K, capacity 11208K, committed 11264K, reserved 1048576K
}
Event: 18.742 GC heap before
{Heap before GC invocations=47 (full 0):
 garbage-first heap   total 472064K, used 322191K [0x0000000080000000, 0x0000000100000000)
  region size 1024K, 83 young (84992K), 9 survivors (9216K)
 Metaspace       used 80661K, capacity 82950K, committed 83024K, reserved 1122304K
  class space    used 10397K, capacity 11208K, committed 11264K, reserved 1048576K
}

