# JRE version: OpenJDK Runtime Environment (11.0.10) (build 11.0.10+0-b96-7249189)
# Java VM: OpenJDK 64-Bit Server VM (11.0.10+0-b96-7249189, mixed mode, tiered, compressed oops, g1 gc, windows-amd64)
Heap:
 garbage-first heap   total 225280K, used 99282K [0x0000000080000000, 0x0000000100000000)
  region size 1024K, 4 young (4096K), 4 survivors (4096K)
 Metaspace       used 86112K, capacity 88694K, committed 89088K, reserved 1126400K
  class space    used 10992K, capacity 11940K, committed 12108K, reserved 1048576K
GC Heap History (20 events):
Event: 8.884 GC heap after
{Heap after GC invocations=14 (full 0):
 garbage-first heap   total 155648K, used 50657K [0x0000000080000000, 0x0000000100000000)
  region size 1024K, 8 young (8192K), 8 survivors (8192K)
 Metaspace       used 63274K, capacity 64991K, committed 65280K, reserved 1105920K
  class space    used 8031K, capacity 8676K, committed 8780K, reserved 1048576K
}
Event: 9.376 GC heap before
{Heap before GC invocations=15 (full 0):
 garbage-first heap   total 155648K, used 109025K [0x0000000080000000, 0x0000000100000000)
  region size 1024K, 65 young (66560K), 8 survivors (8192K)
 Metaspace       used 65084K, capacity 66977K, committed 67072K, reserved 1107968K
  class space    used 8291K, capacity 8976K, committed 9036K, reserved 1048576K
}
Event: 9.386 GC heap after
{Heap after GC invocations=16 (full 0):
 garbage-first heap   total 155648K, used 56263K [0x0000000080000000, 0x0000000100000000)
  region size 1024K, 6 young (6144K), 6 survivors (6144K)
 Metaspace       used 65084K, capacity 66977K, committed 67072K, reserved 1107968K
  class space    used 8291K, capacity 8976K, committed 9036K, reserved 1048576K
}
Event: 10.076 GC heap before
{Heap before GC invocations=16 (full 0):
 garbage-first heap   total 155648K, used 113607K [0x0000000080000000, 0x0000000100000000)
  region size 1024K, 62 young (63488K), 6 survivors (6144K)
 Metaspace       used 69268K, capacity 71242K, committed 71424K, reserved 1112064K
  class space    used 8984K, capacity 9727K, committed 9804K, reserved 1048576K
}
Event: 10.084 GC heap after
{Heap after GC invocations=17 (full 0):
 garbage-first heap   total 155648K, used 60073K [0x0000000080000000, 0x0000000100000000)
  region size 1024K, 4 young (4096K), 4 survivors (4096K)
 Metaspace       used 69268K, capacity 71242K, committed 71424K, reserved 1112064K
  class space    used 8984K, capacity 9727K, committed 9804K, reserved 1048576K
}
Event: 11.121 GC heap before
{Heap before GC invocations=17 (full 0):
 garbage-first heap   total 155648K, used 117417K [0x0000000080000000, 0x0000000100000000)
  region size 1024K, 60 young (61440K), 4 survivors (4096K)
 Metaspace       used 70982K, capacity 73109K, committed 73344K, reserved 1112064K
  class space    used 9137K, capacity 9921K, committed 9932K, reserved 1048576K
}
Event: 11.129 GC heap after
{Heap after GC invocations=18 (full 0):
 garbage-first heap   total 155648K, used 64169K [0x0000000080000000, 0x0000000100000000)
  region size 1024K, 8 young (8192K), 8 survivors (8192K)
 Metaspace       used 70982K, capacity 73109K, committed 73344K, reserved 1112064K
  class space    used 9137K, capacity 9921K, committed 9932K, reserved 1048576K
}
Event: 12.245 GC heap before
{Heap before GC invocations=18 (full 0):
 garbage-first heap   total 155648K, used 120489K [0x0000000080000000, 0x0000000100000000)
  region size 1024K, 63 young (64512K), 8 survivors (8192K)
 Metaspace       used 74061K, capacity 76232K, committed 76416K, reserved 1116160K
  class space    used 9564K, capacity 10395K, committed 10444K, reserved 1048576K
}
Event: 12.254 GC heap after
{Heap after GC invocations=19 (full 0):
 garbage-first heap   total 155648K, used 67634K [0x0000000080000000, 0x0000000100000000)
  region size 1024K, 4 young (4096K), 4 survivors (4096K)
 Metaspace       used 74061K, capacity 76232K, committed 76416K, reserved 1116160K
  class space    used 9564K, capacity 10395K, committed 10444K, reserved 1048576K
}
Event: 13.013 GC heap before
{Heap before GC invocations=19 (full 0):
 garbage-first heap   total 155648K, used 122930K [0x0000000080000000, 0x0000000100000000)
  region size 1024K, 58 young (59392K), 4 survivors (4096K)
 Metaspace       used 79195K, capacity 81563K, committed 81792K, reserved 1120256K
  class space    used 10251K, capacity 11106K, committed 11212K, reserved 1048576K
}
Event: 13.022 GC heap after
{Heap after GC invocations=20 (full 0):
 garbage-first heap   total 187392K, used 70971K [0x0000000080000000, 0x0000000100000000)
  region size 1024K, 7 young (7168K), 7 survivors (7168K)
 Metaspace       used 79195K, capacity 81563K, committed 81792K, reserved 1120256K
  class space    used 10251K, capacity 11106K, committed 11212K, reserved 1048576K
}
Event: 14.091 GC heap before
{Heap before GC invocations=20 (full 0):
 garbage-first heap   total 187392K, used 138555K [0x0000000080000000, 0x0000000100000000)
  region size 1024K, 74 young (75776K), 7 survivors (7168K)
 Metaspace       used 81607K, capacity 84267K, committed 84608K, reserved 1122304K
  class space    used 10622K, capacity 11617K, committed 11724K, reserved 1048576K
}
Event: 14.103 GC heap after
{Heap after GC invocations=21 (full 0):
 garbage-first heap   total 187392K, used 75892K [0x0000000080000000, 0x0000000100000000)
  region size 1024K, 9 young (9216K), 9 survivors (9216K)
 Metaspace       used 81607K, capacity 84267K, committed 84608K, reserved 1122304K
  class space    used 10622K, capacity 11617K, committed 11724K, reserved 1048576K
}
Event: 14.856 GC heap before
{Heap before GC invocations=21 (full 0):
 garbage-first heap   total 187392K, used 145524K [0x0000000080000000, 0x0000000100000000)
  region size 1024K, 75 young (76800K), 9 survivors (9216K)
 Metaspace       used 83400K, capacity 86162K, committed 86272K, reserved 1124352K
  class space    used 10780K, capacity 11788K, committed 11852K, reserved 1048576K
}
Event: 14.870 GC heap after
{Heap after GC invocations=22 (full 0):
 garbage-first heap   total 187392K, used 85767K [0x0000000080000000, 0x0000000100000000)
  region size 1024K, 10 young (10240K), 10 survivors (10240K)
 Metaspace       used 83400K, capacity 86162K, committed 86272K, reserved 1124352K
  class space    used 10780K, capacity 11788K, committed 11852K, reserved 1048576K
}
Event: 15.517 GC heap before
{Heap before GC invocations=22 (full 0):
 garbage-first heap   total 187392K, used 137991K [0x0000000080000000, 0x0000000100000000)
  region size 1024K, 56 young (57344K), 10 survivors (10240K)
 Metaspace       used 84073K, capacity 86773K, committed 87040K, reserved 1124352K
  class space    used 10834K, capacity 11821K, committed 11852K, reserved 1048576K
}
Event: 15.539 GC heap after
{Heap after GC invocations=23 (full 0):
 garbage-first heap   total 187392K, used 105622K [0x0000000080000000, 0x0000000100000000)
  region size 1024K, 9 young (9216K), 9 survivors (9216K)
 Metaspace       used 84073K, capacity 86773K, committed 87040K, reserved 1124352K
  class space    used 10834K, capacity 11821K, committed 11852K, reserved 1048576K
}
Event: 15.939 GC heap before
{Heap before GC invocations=24 (full 0):
 garbage-first heap   total 187392K, used 142486K [0x0000000080000000, 0x0000000100000000)
  region size 1024K, 37 young (37888K), 9 survivors (9216K)
 Metaspace       used 86090K, capacity 88798K, committed 89088K, reserved 1126400K
  class space    used 11037K, capacity 12032K, committed 12108K, reserved 1048576K
}
Event: 15.950 GC heap after
{Heap after GC invocations=25 (full 0):
 garbage-first heap   total 187392K, used 103768K [0x0000000080000000, 0x0000000100000000)
  region size 1024K, 2 young (2048K), 2 survivors (2048K)
 Metaspace       used 86090K, capacity 88798K, committed 89088K, reserved 1126400K
  class space    used 11037K, capacity 12032K, committed 12108K, reserved 1048576K
}
Event: 16.413 GC heap before
{Heap before GC invocations=26 (full 0):
 garbage-first heap   total 187392K, used 136536K [0x0000000080000000, 0x0000000100000000)
  region size 1024K, 39 young (39936K), 2 survivors (2048K)
 Metaspace       used 86112K, capacity 88694K, committed 89088K, reserved 1126400K
  class space    used 10992K, capacity 11940K, committed 12108K, reserved 1048576K
}

