# JRE version: OpenJDK Runtime Environment (11.0.10) (build 11.0.10+0-b96-7249189)
# Java VM: OpenJDK 64-Bit Server VM (11.0.10+0-b96-7249189, mixed mode, tiered, compressed oops, g1 gc, windows-amd64)
Heap:
 garbage-first heap   total 420864K, used 212991K [0x0000000080000000, 0x0000000100000000)
  region size 1024K, 4 young (4096K), 4 survivors (4096K)
 Metaspace       used 95111K, capacity 97880K, committed 98176K, reserved 1134592K
  class space    used 12365K, capacity 13412K, committed 13516K, reserved 1048576K
GC Heap History (20 events):
Event: 15.649 GC heap after
{Heap after GC invocations=29 (full 0):
 garbage-first heap   total 225280K, used 101870K [0x0000000080000000, 0x0000000100000000)
  region size 1024K, 2 young (2048K), 2 survivors (2048K)
 Metaspace       used 85571K, capacity 88126K, committed 88576K, reserved 1126400K
  class space    used 10943K, capacity 11878K, committed 12108K, reserved 1048576K
}
Event: 16.247 GC heap before
{Heap before GC invocations=29 (full 0):
 garbage-first heap   total 225280K, used 152046K [0x0000000080000000, 0x0000000100000000)
  region size 1024K, 51 young (52224K), 2 survivors (2048K)
 Metaspace       used 86961K, capacity 89686K, committed 89984K, reserved 1126400K
  class space    used 11120K, capacity 12086K, committed 12236K, reserved 1048576K
}
Event: 16.252 GC heap after
{Heap after GC invocations=30 (full 0):
 garbage-first heap   total 225280K, used 103374K [0x0000000080000000, 0x0000000100000000)
  region size 1024K, 3 young (3072K), 3 survivors (3072K)
 Metaspace       used 86961K, capacity 89686K, committed 89984K, reserved 1126400K
  class space    used 11120K, capacity 12086K, committed 12236K, reserved 1048576K
}
Event: 16.597 GC heap before
{Heap before GC invocations=30 (full 0):
 garbage-first heap   total 225280K, used 156622K [0x0000000080000000, 0x0000000100000000)
  region size 1024K, 56 young (57344K), 3 survivors (3072K)
 Metaspace       used 88315K, capacity 91032K, committed 91520K, reserved 1128448K
  class space    used 11304K, capacity 12278K, committed 12492K, reserved 1048576K
}
Event: 16.602 GC heap after
{Heap after GC invocations=31 (full 0):
 garbage-first heap   total 225280K, used 105581K [0x0000000080000000, 0x0000000100000000)
  region size 1024K, 5 young (5120K), 5 survivors (5120K)
 Metaspace       used 88315K, capacity 91032K, committed 91520K, reserved 1128448K
  class space    used 11304K, capacity 12278K, committed 12492K, reserved 1048576K
}
Event: 16.974 GC heap before
{Heap before GC invocations=31 (full 0):
 garbage-first heap   total 225280K, used 150637K [0x0000000080000000, 0x0000000100000000)
  region size 1024K, 51 young (52224K), 5 survivors (5120K)
 Metaspace       used 89478K, capacity 92221K, committed 92672K, reserved 1130496K
  class space    used 11424K, capacity 12414K, committed 12620K, reserved 1048576K
}
Event: 16.988 GC heap after
{Heap after GC invocations=32 (full 0):
 garbage-first heap   total 225280K, used 108260K [0x0000000080000000, 0x0000000100000000)
  region size 1024K, 5 young (5120K), 5 survivors (5120K)
 Metaspace       used 89478K, capacity 92221K, committed 92672K, reserved 1130496K
  class space    used 11424K, capacity 12414K, committed 12620K, reserved 1048576K
}
Event: 17.698 GC heap before
{Heap before GC invocations=33 (full 0):
 garbage-first heap   total 225280K, used 200420K [0x0000000080000000, 0x0000000100000000)
  region size 1024K, 61 young (62464K), 5 survivors (5120K)
 Metaspace       used 92813K, capacity 95526K, committed 95872K, reserved 1132544K
  class space    used 11882K, capacity 12903K, committed 13004K, reserved 1048576K
}
Event: 17.715 GC heap after
{Heap after GC invocations=34 (full 0):
 garbage-first heap   total 230400K, used 155621K [0x0000000080000000, 0x0000000100000000)
  region size 1024K, 8 young (8192K), 8 survivors (8192K)
 Metaspace       used 92813K, capacity 95526K, committed 95872K, reserved 1132544K
  class space    used 11882K, capacity 12903K, committed 13004K, reserved 1048576K
}
Event: 17.727 GC heap before
{Heap before GC invocations=34 (full 0):
 garbage-first heap   total 230400K, used 158693K [0x0000000080000000, 0x0000000100000000)
  region size 1024K, 11 young (11264K), 8 survivors (8192K)
 Metaspace       used 92813K, capacity 95526K, committed 95872K, reserved 1132544K
  class space    used 11882K, capacity 12903K, committed 13004K, reserved 1048576K
}
Event: 17.735 GC heap after
{Heap after GC invocations=35 (full 0):
 garbage-first heap   total 230400K, used 150221K [0x0000000080000000, 0x0000000100000000)
  region size 1024K, 2 young (2048K), 2 survivors (2048K)
 Metaspace       used 92813K, capacity 95526K, committed 95872K, reserved 1132544K
  class space    used 11882K, capacity 12903K, committed 13004K, reserved 1048576K
}
Event: 17.790 GC heap before
{Heap before GC invocations=35 (full 0):
 garbage-first heap   total 230400K, used 161485K [0x0000000080000000, 0x0000000100000000)
  region size 1024K, 14 young (14336K), 2 survivors (2048K)
 Metaspace       used 92813K, capacity 95526K, committed 95872K, reserved 1132544K
  class space    used 11882K, capacity 12903K, committed 13004K, reserved 1048576K
}
Event: 17.802 GC heap after
{Heap after GC invocations=36 (full 0):
 garbage-first heap   total 276480K, used 154022K [0x0000000080000000, 0x0000000100000000)
  region size 1024K, 5 young (5120K), 5 survivors (5120K)
 Metaspace       used 92813K, capacity 95526K, committed 95872K, reserved 1132544K
  class space    used 11882K, capacity 12903K, committed 13004K, reserved 1048576K
}
Event: 18.228 GC heap before
{Heap before GC invocations=37 (full 0):
 garbage-first heap   total 276480K, used 210342K [0x0000000080000000, 0x0000000100000000)
  region size 1024K, 58 young (59392K), 5 survivors (5120K)
 Metaspace       used 94989K, capacity 97803K, committed 97920K, reserved 1134592K
  class space    used 12364K, capacity 13412K, committed 13516K, reserved 1048576K
}
Event: 18.258 GC heap after
{Heap after GC invocations=38 (full 0):
 garbage-first heap   total 276480K, used 177422K [0x0000000080000000, 0x0000000100000000)
  region size 1024K, 8 young (8192K), 8 survivors (8192K)
 Metaspace       used 94989K, capacity 97803K, committed 97920K, reserved 1134592K
  class space    used 12364K, capacity 13412K, committed 13516K, reserved 1048576K
}
Event: 18.278 GC heap before
{Heap before GC invocations=38 (full 0):
 garbage-first heap   total 276480K, used 182542K [0x0000000080000000, 0x0000000100000000)
  region size 1024K, 13 young (13312K), 8 survivors (8192K)
 Metaspace       used 95004K, capacity 97805K, committed 97920K, reserved 1134592K
  class space    used 12364K, capacity 13412K, committed 13516K, reserved 1048576K
}
Event: 18.297 GC heap after
{Heap after GC invocations=39 (full 0):
 garbage-first heap   total 276480K, used 179848K [0x0000000080000000, 0x0000000100000000)
  region size 1024K, 2 young (2048K), 2 survivors (2048K)
 Metaspace       used 95004K, capacity 97805K, committed 97920K, reserved 1134592K
  class space    used 12364K, capacity 13412K, committed 13516K, reserved 1048576K
}
Event: 18.380 GC heap before
{Heap before GC invocations=39 (full 0):
 garbage-first heap   total 276480K, used 216712K [0x0000000080000000, 0x0000000100000000)
  region size 1024K, 39 young (39936K), 2 survivors (2048K)
 Metaspace       used 95101K, capacity 97880K, committed 98176K, reserved 1134592K
  class space    used 12365K, capacity 13412K, committed 13516K, reserved 1048576K
}
Event: 18.400 GC heap after
{Heap after GC invocations=40 (full 0):
 garbage-first heap   total 276480K, used 199132K [0x0000000080000000, 0x0000000100000000)
  region size 1024K, 5 young (5120K), 5 survivors (5120K)
 Metaspace       used 95101K, capacity 97880K, committed 98176K, reserved 1134592K
  class space    used 12365K, capacity 13412K, committed 13516K, reserved 1048576K
}
Event: 18.458 GC heap before
{Heap before GC invocations=40 (full 0):
 garbage-first heap   total 276480K, used 223708K [0x0000000080000000, 0x0000000100000000)
  region size 1024K, 29 young (29696K), 5 survivors (5120K)
 Metaspace       used 95111K, capacity 97880K, committed 98176K, reserved 1134592K
  class space    used 12365K, capacity 13412K, committed 13516K, reserved 1048576K
}

