# JRE version: OpenJDK Runtime Environment (11.0.10) (build 11.0.10+0-b96-7249189)
# Java VM: OpenJDK 64-Bit Server VM (11.0.10+0-b96-7249189, mixed mode, tiered, compressed oops, g1 gc, windows-amd64)
Heap:
 garbage-first heap   total 653312K, used 248832K [0x0000000080000000, 0x0000000100000000)
  region size 1024K, 4 young (4096K), 4 survivors (4096K)
 Metaspace       used 95119K, capacity 98095K, committed 98304K, reserved 1134592K
  class space    used 12459K, capacity 13586K, committed 13644K, reserved 1048576K
GC Heap History (20 events):
Event: 19.541 GC heap after
{Heap after GC invocations=32 (full 0):
 garbage-first heap   total 187392K, used 117333K [0x0000000080000000, 0x0000000100000000)
  region size 1024K, 3 young (3072K), 3 survivors (3072K)
 Metaspace       used 90328K, capacity 93071K, committed 93696K, reserved 1130496K
  class space    used 11628K, capacity 12645K, committed 12876K, reserved 1048576K
}
Event: 19.779 GC heap before
{Heap before GC invocations=33 (full 0):
 garbage-first heap   total 187392K, used 173653K [0x0000000080000000, 0x0000000100000000)
  region size 1024K, 35 young (35840K), 3 survivors (3072K)
 Metaspace       used 90585K, capacity 93274K, committed 93952K, reserved 1130496K
  class space    used 11653K, capacity 12648K, committed 12876K, reserved 1048576K
}
Event: 19.794 GC heap after
{Heap after GC invocations=34 (full 0):
 garbage-first heap   total 192512K, used 143899K [0x0000000080000000, 0x0000000100000000)
  region size 1024K, 5 young (5120K), 5 survivors (5120K)
 Metaspace       used 90585K, capacity 93274K, committed 93952K, reserved 1130496K
  class space    used 11653K, capacity 12648K, committed 12876K, reserved 1048576K
}
Event: 19.878 GC heap before
{Heap before GC invocations=34 (full 0):
 garbage-first heap   total 192512K, used 160283K [0x0000000080000000, 0x0000000100000000)
  region size 1024K, 21 young (21504K), 5 survivors (5120K)
 Metaspace       used 90585K, capacity 93274K, committed 93952K, reserved 1130496K
  class space    used 11653K, capacity 12648K, committed 12876K, reserved 1048576K
}
Event: 19.912 GC heap after
{Heap after GC invocations=35 (full 0):
 garbage-first heap   total 231424K, used 150636K [0x0000000080000000, 0x0000000100000000)
  region size 1024K, 3 young (3072K), 3 survivors (3072K)
 Metaspace       used 90585K, capacity 93274K, committed 93952K, reserved 1130496K
  class space    used 11653K, capacity 12648K, committed 12876K, reserved 1048576K
}
Event: 20.125 GC heap before
{Heap before GC invocations=36 (full 0):
 garbage-first heap   total 231424K, used 179308K [0x0000000080000000, 0x0000000100000000)
  region size 1024K, 30 young (30720K), 3 survivors (3072K)
 Metaspace       used 90585K, capacity 93274K, committed 93952K, reserved 1130496K
  class space    used 11653K, capacity 12648K, committed 12876K, reserved 1048576K
}
Event: 20.149 GC heap after
{Heap after GC invocations=37 (full 0):
 garbage-first heap   total 231424K, used 163950K [0x0000000080000000, 0x0000000100000000)
  region size 1024K, 4 young (4096K), 4 survivors (4096K)
 Metaspace       used 90585K, capacity 93274K, committed 93952K, reserved 1130496K
  class space    used 11653K, capacity 12648K, committed 12876K, reserved 1048576K
}
Event: 20.354 GC heap before
{Heap before GC invocations=37 (full 0):
 garbage-first heap   total 231424K, used 185454K [0x0000000080000000, 0x0000000100000000)
  region size 1024K, 25 young (25600K), 4 survivors (4096K)
 Metaspace       used 92775K, capacity 95662K, committed 96000K, reserved 1132544K
  class space    used 12149K, capacity 13245K, committed 13388K, reserved 1048576K
}
Event: 20.369 GC heap after
{Heap after GC invocations=38 (full 0):
 garbage-first heap   total 231424K, used 172647K [0x0000000080000000, 0x0000000100000000)
  region size 1024K, 4 young (4096K), 4 survivors (4096K)
 Metaspace       used 92775K, capacity 95662K, committed 96000K, reserved 1132544K
  class space    used 12149K, capacity 13245K, committed 13388K, reserved 1048576K
}
Event: 20.460 GC heap before
{Heap before GC invocations=38 (full 0):
 garbage-first heap   total 231424K, used 190055K [0x0000000080000000, 0x0000000100000000)
  region size 1024K, 21 young (21504K), 4 survivors (4096K)
 Metaspace       used 92883K, capacity 95738K, committed 96000K, reserved 1132544K
  class space    used 12149K, capacity 13245K, committed 13388K, reserved 1048576K
}
Event: 20.476 GC heap after
{Heap after GC invocations=39 (full 0):
 garbage-first heap   total 231424K, used 182272K [0x0000000080000000, 0x0000000100000000)
  region size 1024K, 3 young (3072K), 3 survivors (3072K)
 Metaspace       used 92883K, capacity 95738K, committed 96000K, reserved 1132544K
  class space    used 12149K, capacity 13245K, committed 13388K, reserved 1048576K
}
Event: 20.512 GC heap before
{Heap before GC invocations=39 (full 0):
 garbage-first heap   total 231424K, used 194560K [0x0000000080000000, 0x0000000100000000)
  region size 1024K, 15 young (15360K), 3 survivors (3072K)
 Metaspace       used 92904K, capacity 95741K, committed 96000K, reserved 1132544K
  class space    used 12149K, capacity 13245K, committed 13388K, reserved 1048576K
}
Event: 20.524 GC heap after
{Heap after GC invocations=40 (full 0):
 garbage-first heap   total 338944K, used 189336K [0x0000000080000000, 0x0000000100000000)
  region size 1024K, 2 young (2048K), 2 survivors (2048K)
 Metaspace       used 92904K, capacity 95741K, committed 96000K, reserved 1132544K
  class space    used 12149K, capacity 13245K, committed 13388K, reserved 1048576K
}
Event: 20.778 GC heap before
{Heap before GC invocations=41 (full 0):
 garbage-first heap   total 338944K, used 234392K [0x0000000080000000, 0x0000000100000000)
  region size 1024K, 46 young (47104K), 2 survivors (2048K)
 Metaspace       used 92931K, capacity 95809K, committed 96256K, reserved 1132544K
  class space    used 12149K, capacity 13245K, committed 13388K, reserved 1048576K
}
Event: 20.806 GC heap after
{Heap after GC invocations=42 (full 0):
 garbage-first heap   total 338944K, used 212157K [0x0000000080000000, 0x0000000100000000)
  region size 1024K, 6 young (6144K), 6 survivors (6144K)
 Metaspace       used 92931K, capacity 95809K, committed 96256K, reserved 1132544K
  class space    used 12149K, capacity 13245K, committed 13388K, reserved 1048576K
}
Event: 20.897 GC heap before
{Heap before GC invocations=42 (full 0):
 garbage-first heap   total 338944K, used 250045K [0x0000000080000000, 0x0000000100000000)
  region size 1024K, 43 young (44032K), 6 survivors (6144K)
 Metaspace       used 92937K, capacity 95809K, committed 96256K, reserved 1132544K
  class space    used 12149K, capacity 13245K, committed 13388K, reserved 1048576K
}
Event: 20.919 GC heap after
{Heap after GC invocations=43 (full 0):
 garbage-first heap   total 338944K, used 232179K [0x0000000080000000, 0x0000000100000000)
  region size 1024K, 6 young (6144K), 6 survivors (6144K)
 Metaspace       used 92937K, capacity 95809K, committed 96256K, reserved 1132544K
  class space    used 12149K, capacity 13245K, committed 13388K, reserved 1048576K
}
Event: 21.298 GC heap before
{Heap before GC invocations=43 (full 0):
 garbage-first heap   total 338944K, used 262899K [0x0000000080000000, 0x0000000100000000)
  region size 1024K, 36 young (36864K), 6 survivors (6144K)
 Metaspace       used 94644K, capacity 97530K, committed 97792K, reserved 1134592K
  class space    used 12377K, capacity 13461K, committed 13644K, reserved 1048576K
}
Event: 21.322 GC heap after
{Heap after GC invocations=44 (full 0):
 garbage-first heap   total 338944K, used 243636K [0x0000000080000000, 0x0000000100000000)
  region size 1024K, 5 young (5120K), 5 survivors (5120K)
 Metaspace       used 94644K, capacity 97530K, committed 97792K, reserved 1134592K
  class space    used 12377K, capacity 13461K, committed 13644K, reserved 1048576K
}
Event: 21.657 GC heap before
{Heap before GC invocations=45 (full 0):
 garbage-first heap   total 338944K, used 270260K [0x0000000080000000, 0x0000000100000000)
  region size 1024K, 32 young (32768K), 5 survivors (5120K)
 Metaspace       used 95119K, capacity 98095K, committed 98304K, reserved 1134592K
  class space    used 12459K, capacity 13586K, committed 13644K, reserved 1048576K
}

