# JRE version: OpenJDK Runtime Environment (11.0.10) (build 11.0.10+0-b96-7249189)
# Java VM: OpenJDK 64-Bit Server VM (11.0.10+0-b96-7249189, mixed mode, tiered, compressed oops, g1 gc, windows-amd64)
Heap:
 garbage-first heap   total 331776K, used 155480K [0x0000000080000000, 0x0000000100000000)
  region size 1024K, 5 young (5120K), 5 survivors (5120K)
 Metaspace       used 108399K, capacity 111602K, committed 111872K, reserved 1146880K
  class space    used 13896K, capacity 15105K, committed 15180K, reserved 1048576K
GC Heap History (20 events):
Event: 98.384 GC heap after
{Heap after GC invocations=69 (full 0):
 garbage-first heap   total 155648K, used 135670K [0x0000000080000000, 0x0000000100000000)
  region size 1024K, 1 young (1024K), 1 survivors (1024K)
 Metaspace       used 100942K, capacity 103844K, committed 104064K, reserved 1138688K
  class space    used 12912K, capacity 13968K, committed 14028K, reserved 1048576K
}
Event: 98.490 GC heap before
{Heap before GC invocations=69 (full 0):
 garbage-first heap   total 155648K, used 141814K [0x0000000080000000, 0x0000000100000000)
  region size 1024K, 7 young (7168K), 1 survivors (1024K)
 Metaspace       used 101220K, capacity 104137K, committed 104320K, reserved 1140736K
  class space    used 12950K, capacity 14000K, committed 14028K, reserved 1048576K
}
Event: 98.497 GC heap after
{Heap after GC invocations=70 (full 0):
 garbage-first heap   total 155648K, used 135681K [0x0000000080000000, 0x0000000100000000)
  region size 1024K, 1 young (1024K), 1 survivors (1024K)
 Metaspace       used 101220K, capacity 104137K, committed 104320K, reserved 1140736K
  class space    used 12950K, capacity 14000K, committed 14028K, reserved 1048576K
}
Event: 98.878 GC heap before
{Heap before GC invocations=70 (full 0):
 garbage-first heap   total 155648K, used 140801K [0x0000000080000000, 0x0000000100000000)
  region size 1024K, 7 young (7168K), 1 survivors (1024K)
 Metaspace       used 102284K, capacity 105258K, committed 105344K, reserved 1140736K
  class space    used 13115K, capacity 14217K, committed 14284K, reserved 1048576K
}
Event: 98.884 GC heap after
{Heap after GC invocations=71 (full 0):
 garbage-first heap   total 188416K, used 136125K [0x0000000080000000, 0x0000000100000000)
  region size 1024K, 1 young (1024K), 1 survivors (1024K)
 Metaspace       used 102284K, capacity 105258K, committed 105344K, reserved 1140736K
  class space    used 13115K, capacity 14217K, committed 14284K, reserved 1048576K
}
Event: 99.527 GC heap before
{Heap before GC invocations=72 (full 0):
 garbage-first heap   total 188416K, used 147389K [0x0000000080000000, 0x0000000100000000)
  region size 1024K, 13 young (13312K), 1 survivors (1024K)
 Metaspace       used 104473K, capacity 107487K, committed 107776K, reserved 1142784K
  class space    used 13479K, capacity 14599K, committed 14668K, reserved 1048576K
}
Event: 99.533 GC heap after
{Heap after GC invocations=73 (full 0):
 garbage-first heap   total 188416K, used 136704K [0x0000000080000000, 0x0000000100000000)
  region size 1024K, 1 young (1024K), 1 survivors (1024K)
 Metaspace       used 104473K, capacity 107487K, committed 107776K, reserved 1142784K
  class space    used 13479K, capacity 14599K, committed 14668K, reserved 1048576K
}
Event: 99.924 GC heap before
{Heap before GC invocations=73 (full 0):
 garbage-first heap   total 188416K, used 150016K [0x0000000080000000, 0x0000000100000000)
  region size 1024K, 14 young (14336K), 1 survivors (1024K)
 Metaspace       used 104995K, capacity 108068K, committed 108288K, reserved 1142784K
  class space    used 13501K, capacity 14642K, committed 14668K, reserved 1048576K
}
Event: 99.929 GC heap after
{Heap after GC invocations=74 (full 0):
 garbage-first heap   total 188416K, used 137182K [0x0000000080000000, 0x0000000100000000)
  region size 1024K, 2 young (2048K), 2 survivors (2048K)
 Metaspace       used 104995K, capacity 108068K, committed 108288K, reserved 1142784K
  class space    used 13501K, capacity 14642K, committed 14668K, reserved 1048576K
}
Event: 100.293 GC heap before
{Heap before GC invocations=75 (full 0):
 garbage-first heap   total 188416K, used 151518K [0x0000000080000000, 0x0000000100000000)
  region size 1024K, 16 young (16384K), 2 survivors (2048K)
 Metaspace       used 105282K, capacity 108327K, committed 108544K, reserved 1142784K
  class space    used 13503K, capacity 14642K, committed 14668K, reserved 1048576K
}
Event: 100.299 GC heap after
{Heap after GC invocations=76 (full 0):
 garbage-first heap   total 188416K, used 138786K [0x0000000080000000, 0x0000000100000000)
  region size 1024K, 2 young (2048K), 2 survivors (2048K)
 Metaspace       used 105282K, capacity 108327K, committed 108544K, reserved 1142784K
  class space    used 13503K, capacity 14642K, committed 14668K, reserved 1048576K
}
Event: 100.480 GC heap before
{Heap before GC invocations=76 (full 0):
 garbage-first heap   total 188416K, used 154146K [0x0000000080000000, 0x0000000100000000)
  region size 1024K, 17 young (17408K), 2 survivors (2048K)
 Metaspace       used 105579K, capacity 108641K, committed 108800K, reserved 1142784K
  class space    used 13532K, capacity 14661K, committed 14668K, reserved 1048576K
}
Event: 100.496 GC heap after
{Heap after GC invocations=77 (full 0):
 garbage-first heap   total 226304K, used 140231K [0x0000000080000000, 0x0000000100000000)
  region size 1024K, 3 young (3072K), 3 survivors (3072K)
 Metaspace       used 105579K, capacity 108641K, committed 108800K, reserved 1142784K
  class space    used 13532K, capacity 14661K, committed 14668K, reserved 1048576K
}
Event: 101.208 GC heap before
{Heap before GC invocations=78 (full 0):
 garbage-first heap   total 226304K, used 168903K [0x0000000080000000, 0x0000000100000000)
  region size 1024K, 31 young (31744K), 3 survivors (3072K)
 Metaspace       used 106828K, capacity 109906K, committed 110080K, reserved 1144832K
  class space    used 13686K, capacity 14853K, committed 14924K, reserved 1048576K
}
Event: 101.220 GC heap after
{Heap after GC invocations=79 (full 0):
 garbage-first heap   total 226304K, used 142950K [0x0000000080000000, 0x0000000100000000)
  region size 1024K, 4 young (4096K), 4 survivors (4096K)
 Metaspace       used 106828K, capacity 109906K, committed 110080K, reserved 1144832K
  class space    used 13686K, capacity 14853K, committed 14924K, reserved 1048576K
}
Event: 101.519 GC heap before
{Heap before GC invocations=79 (full 0):
 garbage-first heap   total 226304K, used 172646K [0x0000000080000000, 0x0000000100000000)
  region size 1024K, 33 young (33792K), 4 survivors (4096K)
 Metaspace       used 107587K, capacity 110698K, committed 110976K, reserved 1144832K
  class space    used 13796K, capacity 14964K, committed 15052K, reserved 1048576K
}
Event: 101.549 GC heap after
{Heap after GC invocations=80 (full 0):
 garbage-first heap   total 226304K, used 146227K [0x0000000080000000, 0x0000000100000000)
  region size 1024K, 4 young (4096K), 4 survivors (4096K)
 Metaspace       used 107587K, capacity 110698K, committed 110976K, reserved 1144832K
  class space    used 13796K, capacity 14964K, committed 15052K, reserved 1048576K
}
Event: 102.118 GC heap before
{Heap before GC invocations=81 (full 0):
 garbage-first heap   total 226304K, used 174899K [0x0000000080000000, 0x0000000100000000)
  region size 1024K, 33 young (33792K), 4 survivors (4096K)
 Metaspace       used 108071K, capacity 111275K, committed 111616K, reserved 1146880K
  class space    used 13862K, capacity 15064K, committed 15180K, reserved 1048576K
}
Event: 102.129 GC heap after
{Heap after GC invocations=82 (full 0):
 garbage-first heap   total 226304K, used 151209K [0x0000000080000000, 0x0000000100000000)
  region size 1024K, 5 young (5120K), 5 survivors (5120K)
 Metaspace       used 108071K, capacity 111275K, committed 111616K, reserved 1146880K
  class space    used 13862K, capacity 15064K, committed 15180K, reserved 1048576K
}
Event: 102.426 GC heap before
{Heap before GC invocations=82 (full 0):
 garbage-first heap   total 226304K, used 175785K [0x0000000080000000, 0x0000000100000000)
  region size 1024K, 31 young (31744K), 5 survivors (5120K)
 Metaspace       used 108399K, capacity 111602K, committed 111872K, reserved 1146880K
  class space    used 13896K, capacity 15105K, committed 15180K, reserved 1048576K
}

