# JRE version: OpenJDK Runtime Environment (11.0.10) (build 11.0.10+0-b96-7249189)
# Java VM: OpenJDK 64-Bit Server VM (11.0.10+0-b96-7249189, mixed mode, tiered, compressed oops, g1 gc, windows-amd64)
Heap:
 garbage-first heap   total 324608K, used 208197K [0x0000000080000000, 0x0000000100000000)
  region size 1024K, 3 young (3072K), 3 survivors (3072K)
 Metaspace       used 102846K, capacity 106572K, committed 106832K, reserved 1142784K
  class space    used 13172K, capacity 14586K, committed 14592K, reserved 1048576K
GC Heap History (20 events):
Event: 45.121 GC heap after
{Heap after GC invocations=62 (full 0):
 garbage-first heap   total 270336K, used 191281K [0x0000000080000000, 0x0000000100000000)
  region size 1024K, 6 young (6144K), 6 survivors (6144K)
 Metaspace       used 97468K, capacity 100817K, committed 101072K, reserved 1136640K
  class space    used 12544K, capacity 13834K, committed 13952K, reserved 1048576K
}
Event: 45.638 GC heap before
{Heap before GC invocations=62 (full 0):
 garbage-first heap   total 270336K, used 223025K [0x0000000080000000, 0x0000000100000000)
  region size 1024K, 38 young (38912K), 6 survivors (6144K)
 Metaspace       used 99577K, capacity 103143K, committed 103248K, reserved 1138688K
  class space    used 12868K, capacity 14234K, committed 14336K, reserved 1048576K
}
Event: 45.658 GC heap after
{Heap after GC invocations=63 (full 0):
 garbage-first heap   total 270336K, used 196059K [0x0000000080000000, 0x0000000100000000)
  region size 1024K, 4 young (4096K), 4 survivors (4096K)
 Metaspace       used 99577K, capacity 103143K, committed 103248K, reserved 1138688K
  class space    used 12868K, capacity 14234K, committed 14336K, reserved 1048576K
}
Event: 46.008 GC heap before
{Heap before GC invocations=63 (full 0):
 garbage-first heap   total 270336K, used 226779K [0x0000000080000000, 0x0000000100000000)
  region size 1024K, 35 young (35840K), 4 survivors (4096K)
 Metaspace       used 100088K, capacity 103628K, committed 103760K, reserved 1138688K
  class space    used 12925K, capacity 14290K, committed 14336K, reserved 1048576K
}
Event: 46.017 GC heap after
{Heap after GC invocations=64 (full 0):
 garbage-first heap   total 270336K, used 199203K [0x0000000080000000, 0x0000000100000000)
  region size 1024K, 5 young (5120K), 5 survivors (5120K)
 Metaspace       used 100088K, capacity 103628K, committed 103760K, reserved 1138688K
  class space    used 12925K, capacity 14290K, committed 14336K, reserved 1048576K
}
Event: 46.254 GC heap before
{Heap before GC invocations=64 (full 0):
 garbage-first heap   total 270336K, used 228899K [0x0000000080000000, 0x0000000100000000)
  region size 1024K, 34 young (34816K), 5 survivors (5120K)
 Metaspace       used 100506K, capacity 104095K, committed 104400K, reserved 1138688K
  class space    used 12963K, capacity 14338K, committed 14464K, reserved 1048576K
}
Event: 46.260 GC heap after
{Heap after GC invocations=65 (full 0):
 garbage-first heap   total 270336K, used 199459K [0x0000000080000000, 0x0000000100000000)
  region size 1024K, 3 young (3072K), 3 survivors (3072K)
 Metaspace       used 100506K, capacity 104095K, committed 104400K, reserved 1138688K
  class space    used 12963K, capacity 14338K, committed 14464K, reserved 1048576K
}
Event: 46.472 GC heap before
{Heap before GC invocations=65 (full 0):
 garbage-first heap   total 270336K, used 229155K [0x0000000080000000, 0x0000000100000000)
  region size 1024K, 33 young (33792K), 3 survivors (3072K)
 Metaspace       used 100774K, capacity 104361K, committed 104656K, reserved 1140736K
  class space    used 13016K, capacity 14384K, committed 14464K, reserved 1048576K
}
Event: 46.480 GC heap after
{Heap after GC invocations=66 (full 0):
 garbage-first heap   total 270336K, used 202163K [0x0000000080000000, 0x0000000100000000)
  region size 1024K, 5 young (5120K), 5 survivors (5120K)
 Metaspace       used 100774K, capacity 104361K, committed 104656K, reserved 1140736K
  class space    used 13016K, capacity 14384K, committed 14464K, reserved 1048576K
}
Event: 46.745 GC heap before
{Heap before GC invocations=66 (full 0):
 garbage-first heap   total 270336K, used 230835K [0x0000000080000000, 0x0000000100000000)
  region size 1024K, 34 young (34816K), 5 survivors (5120K)
 Metaspace       used 101218K, capacity 104790K, committed 104912K, reserved 1140736K
  class space    used 13061K, capacity 14436K, committed 14464K, reserved 1048576K
}
Event: 46.753 GC heap after
{Heap after GC invocations=67 (full 0):
 garbage-first heap   total 270336K, used 205764K [0x0000000080000000, 0x0000000100000000)
  region size 1024K, 5 young (5120K), 5 survivors (5120K)
 Metaspace       used 101218K, capacity 104790K, committed 104912K, reserved 1140736K
  class space    used 13061K, capacity 14436K, committed 14464K, reserved 1048576K
}
Event: 47.034 GC heap before
{Heap before GC invocations=67 (full 0):
 garbage-first heap   total 270336K, used 233412K [0x0000000080000000, 0x0000000100000000)
  region size 1024K, 32 young (32768K), 5 survivors (5120K)
 Metaspace       used 101712K, capacity 105393K, committed 105552K, reserved 1140736K
  class space    used 13121K, capacity 14529K, committed 14592K, reserved 1048576K
}
Event: 47.040 GC heap after
{Heap after GC invocations=68 (full 0):
 garbage-first heap   total 270336K, used 207800K [0x0000000080000000, 0x0000000100000000)
  region size 1024K, 3 young (3072K), 3 survivors (3072K)
 Metaspace       used 101712K, capacity 105393K, committed 105552K, reserved 1140736K
  class space    used 13121K, capacity 14529K, committed 14592K, reserved 1048576K
}
Event: 47.252 GC heap before
{Heap before GC invocations=68 (full 0):
 garbage-first heap   total 270336K, used 232376K [0x0000000080000000, 0x0000000100000000)
  region size 1024K, 27 young (27648K), 3 survivors (3072K)
 Metaspace       used 101998K, capacity 105687K, committed 105808K, reserved 1140736K
  class space    used 13153K, capacity 14582K, committed 14592K, reserved 1048576K
}
Event: 47.257 GC heap after
{Heap after GC invocations=69 (full 0):
 garbage-first heap   total 270336K, used 206100K [0x0000000080000000, 0x0000000100000000)
  region size 1024K, 3 young (3072K), 3 survivors (3072K)
 Metaspace       used 101998K, capacity 105687K, committed 105808K, reserved 1140736K
  class space    used 13153K, capacity 14582K, committed 14592K, reserved 1048576K
}
Event: 47.486 GC heap before
{Heap before GC invocations=69 (full 0):
 garbage-first heap   total 270336K, used 232724K [0x0000000080000000, 0x0000000100000000)
  region size 1024K, 30 young (30720K), 3 survivors (3072K)
 Metaspace       used 102125K, capacity 105890K, committed 106064K, reserved 1140736K
  class space    used 13155K, capacity 14584K, committed 14592K, reserved 1048576K
}
Event: 47.491 GC heap after
{Heap after GC invocations=70 (full 0):
 garbage-first heap   total 270336K, used 207060K [0x0000000080000000, 0x0000000100000000)
  region size 1024K, 3 young (3072K), 3 survivors (3072K)
 Metaspace       used 102125K, capacity 105890K, committed 106064K, reserved 1140736K
  class space    used 13155K, capacity 14584K, committed 14592K, reserved 1048576K
}
Event: 47.707 GC heap before
{Heap before GC invocations=70 (full 0):
 garbage-first heap   total 270336K, used 233684K [0x0000000080000000, 0x0000000100000000)
  region size 1024K, 30 young (30720K), 3 survivors (3072K)
 Metaspace       used 102320K, capacity 106030K, committed 106064K, reserved 1140736K
  class space    used 13155K, capacity 14584K, committed 14592K, reserved 1048576K
}
Event: 47.713 GC heap after
{Heap after GC invocations=71 (full 0):
 garbage-first heap   total 270336K, used 207307K [0x0000000080000000, 0x0000000100000000)
  region size 1024K, 2 young (2048K), 2 survivors (2048K)
 Metaspace       used 102320K, capacity 106030K, committed 106064K, reserved 1140736K
  class space    used 13155K, capacity 14584K, committed 14592K, reserved 1048576K
}
Event: 48.616 GC heap before
{Heap before GC invocations=71 (full 0):
 garbage-first heap   total 270336K, used 234955K [0x0000000080000000, 0x0000000100000000)
  region size 1024K, 29 young (29696K), 2 survivors (2048K)
 Metaspace       used 102846K, capacity 106572K, committed 106832K, reserved 1142784K
  class space    used 13172K, capacity 14586K, committed 14592K, reserved 1048576K
}

