# JRE version: OpenJDK Runtime Environment (11.0.10) (build 11.0.10+0-b96-7249189)
# Java VM: OpenJDK 64-Bit Server VM (11.0.10+0-b96-7249189, mixed mode, tiered, compressed oops, g1 gc, windows-amd64)
Heap:
 garbage-first heap   total 312320K, used 174265K [0x0000000080000000, 0x0000000100000000)
  region size 1024K, 3 young (3072K), 3 survivors (3072K)
 Metaspace       used 92490K, capacity 95331K, committed 95564K, reserved 1132544K
  class space    used 12120K, capacity 13177K, committed 13208K, reserved 1048576K
GC Heap History (20 events):
Event: 15.144 GC heap after
{Heap after GC invocations=22 (full 0):
 garbage-first heap   total 187392K, used 89281K [0x0000000080000000, 0x0000000100000000)
  region size 1024K, 7 young (7168K), 7 survivors (7168K)
 Metaspace       used 85413K, capacity 88120K, committed 88268K, reserved 1126400K
  class space    used 11032K, capacity 12002K, committed 12056K, reserved 1048576K
}
Event: 15.609 GC heap before
{Heap before GC invocations=22 (full 0):
 garbage-first heap   total 187392K, used 153793K [0x0000000080000000, 0x0000000100000000)
  region size 1024K, 71 young (72704K), 7 survivors (7168K)
 Metaspace       used 87031K, capacity 89796K, committed 90060K, reserved 1126400K
  class space    used 11219K, capacity 12236K, committed 12312K, reserved 1048576K
}
Event: 15.623 GC heap after
{Heap after GC invocations=23 (full 0):
 garbage-first heap   total 187392K, used 92708K [0x0000000080000000, 0x0000000100000000)
  region size 1024K, 6 young (6144K), 6 survivors (6144K)
 Metaspace       used 87031K, capacity 89796K, committed 90060K, reserved 1126400K
  class space    used 11219K, capacity 12236K, committed 12312K, reserved 1048576K
}
Event: 15.655 GC heap before
{Heap before GC invocations=23 (full 0):
 garbage-first heap   total 187392K, used 93732K [0x0000000080000000, 0x0000000100000000)
  region size 1024K, 8 young (8192K), 6 survivors (6144K)
 Metaspace       used 87128K, capacity 89936K, committed 90060K, reserved 1126400K
  class space    used 11229K, capacity 12238K, committed 12312K, reserved 1048576K
}
Event: 15.667 GC heap after
{Heap after GC invocations=24 (full 0):
 garbage-first heap   total 187392K, used 93362K [0x0000000080000000, 0x0000000100000000)
  region size 1024K, 4 young (4096K), 4 survivors (4096K)
 Metaspace       used 87128K, capacity 89936K, committed 90060K, reserved 1126400K
  class space    used 11229K, capacity 12238K, committed 12312K, reserved 1048576K
}
Event: 15.884 GC heap before
{Heap before GC invocations=25 (full 0):
 garbage-first heap   total 187392K, used 109746K [0x0000000080000000, 0x0000000100000000)
  region size 1024K, 14 young (14336K), 4 survivors (4096K)
 Metaspace       used 87258K, capacity 89878K, committed 90316K, reserved 1128448K
  class space    used 11197K, capacity 12151K, committed 12312K, reserved 1048576K
}
Event: 15.890 GC heap after
{Heap after GC invocations=26 (full 0):
 garbage-first heap   total 187392K, used 108068K [0x0000000080000000, 0x0000000100000000)
  region size 1024K, 6 young (6144K), 6 survivors (6144K)
 Metaspace       used 87258K, capacity 89878K, committed 90316K, reserved 1128448K
  class space    used 11197K, capacity 12151K, committed 12312K, reserved 1048576K
}
Event: 16.247 GC heap before
{Heap before GC invocations=27 (full 0):
 garbage-first heap   total 187392K, used 123428K [0x0000000080000000, 0x0000000100000000)
  region size 1024K, 18 young (18432K), 6 survivors (6144K)
 Metaspace       used 89926K, capacity 92630K, committed 93004K, reserved 1130496K
  class space    used 11589K, capacity 12541K, committed 12696K, reserved 1048576K
}
Event: 16.252 GC heap after
{Heap after GC invocations=28 (full 0):
 garbage-first heap   total 187392K, used 113818K [0x0000000080000000, 0x0000000100000000)
  region size 1024K, 2 young (2048K), 2 survivors (2048K)
 Metaspace       used 89926K, capacity 92630K, committed 93004K, reserved 1130496K
  class space    used 11589K, capacity 12541K, committed 12696K, reserved 1048576K
}
Event: 16.427 GC heap before
{Heap before GC invocations=28 (full 0):
 garbage-first heap   total 187392K, used 161946K [0x0000000080000000, 0x0000000100000000)
  region size 1024K, 26 young (26624K), 2 survivors (2048K)
 Metaspace       used 90233K, capacity 92943K, committed 93260K, reserved 1130496K
  class space    used 11623K, capacity 12581K, committed 12696K, reserved 1048576K
}
Event: 16.435 GC heap after
{Heap after GC invocations=29 (full 0):
 garbage-first heap   total 187392K, used 136765K [0x0000000080000000, 0x0000000100000000)
  region size 1024K, 4 young (4096K), 4 survivors (4096K)
 Metaspace       used 90233K, capacity 92943K, committed 93260K, reserved 1130496K
  class space    used 11623K, capacity 12581K, committed 12696K, reserved 1048576K
}
Event: 16.527 GC heap before
{Heap before GC invocations=30 (full 0):
 garbage-first heap   total 187392K, used 151101K [0x0000000080000000, 0x0000000100000000)
  region size 1024K, 18 young (18432K), 4 survivors (4096K)
 Metaspace       used 90250K, capacity 92975K, committed 93388K, reserved 1130496K
  class space    used 11625K, capacity 12613K, committed 12824K, reserved 1048576K
}
Event: 16.539 GC heap after
{Heap after GC invocations=31 (full 0):
 garbage-first heap   total 225280K, used 142693K [0x0000000080000000, 0x0000000100000000)
  region size 1024K, 3 young (3072K), 3 survivors (3072K)
 Metaspace       used 90250K, capacity 92975K, committed 93388K, reserved 1130496K
  class space    used 11625K, capacity 12613K, committed 12824K, reserved 1048576K
}
Event: 16.611 GC heap before
{Heap before GC invocations=31 (full 0):
 garbage-first heap   total 225280K, used 152933K [0x0000000080000000, 0x0000000100000000)
  region size 1024K, 14 young (14336K), 3 survivors (3072K)
 Metaspace       used 90250K, capacity 92975K, committed 93388K, reserved 1130496K
  class space    used 11625K, capacity 12613K, committed 12824K, reserved 1048576K
}
Event: 16.622 GC heap after
{Heap after GC invocations=32 (full 0):
 garbage-first heap   total 225280K, used 147178K [0x0000000080000000, 0x0000000100000000)
  region size 1024K, 4 young (4096K), 4 survivors (4096K)
 Metaspace       used 90250K, capacity 92975K, committed 93388K, reserved 1130496K
  class space    used 11625K, capacity 12613K, committed 12824K, reserved 1048576K
}
Event: 16.831 GC heap before
{Heap before GC invocations=32 (full 0):
 garbage-first heap   total 225280K, used 170730K [0x0000000080000000, 0x0000000100000000)
  region size 1024K, 26 young (26624K), 4 survivors (4096K)
 Metaspace       used 90250K, capacity 92975K, committed 93388K, reserved 1130496K
  class space    used 11625K, capacity 12613K, committed 12824K, reserved 1048576K
}
Event: 16.849 GC heap after
{Heap after GC invocations=33 (full 0):
 garbage-first heap   total 225280K, used 158145K [0x0000000080000000, 0x0000000100000000)
  region size 1024K, 4 young (4096K), 4 survivors (4096K)
 Metaspace       used 90250K, capacity 92975K, committed 93388K, reserved 1130496K
  class space    used 11625K, capacity 12613K, committed 12824K, reserved 1048576K
}
Event: 17.088 GC heap before
{Heap before GC invocations=34 (full 0):
 garbage-first heap   total 225280K, used 176577K [0x0000000080000000, 0x0000000100000000)
  region size 1024K, 23 young (23552K), 4 survivors (4096K)
 Metaspace       used 92403K, capacity 95259K, committed 95308K, reserved 1132544K
  class space    used 12120K, capacity 13177K, committed 13208K, reserved 1048576K
}
Event: 17.103 GC heap after
{Heap after GC invocations=35 (full 0):
 garbage-first heap   total 225280K, used 165592K [0x0000000080000000, 0x0000000100000000)
  region size 1024K, 3 young (3072K), 3 survivors (3072K)
 Metaspace       used 92403K, capacity 95259K, committed 95308K, reserved 1132544K
  class space    used 12120K, capacity 13177K, committed 13208K, reserved 1048576K
}
Event: 17.197 GC heap before
{Heap before GC invocations=35 (full 0):
 garbage-first heap   total 225280K, used 181976K [0x0000000080000000, 0x0000000100000000)
  region size 1024K, 19 young (19456K), 3 survivors (3072K)
 Metaspace       used 92490K, capacity 95331K, committed 95564K, reserved 1132544K
  class space    used 12120K, capacity 13177K, committed 13208K, reserved 1048576K
}

