# JRE version: OpenJDK Runtime Environment (11.0.10) (build 11.0.10+0-b96-7249189)
# Java VM: OpenJDK 64-Bit Server VM (11.0.10+0-b96-7249189, mixed mode, tiered, compressed oops, g1 gc, windows-amd64)
Heap:
 garbage-first heap   total 238592K, used 144321K [0x0000000080000000, 0x0000000100000000)
  region size 1024K, 4 young (4096K), 4 survivors (4096K)
 Metaspace       used 90353K, capacity 93027K, committed 93312K, reserved 1130496K
  class space    used 11627K, capacity 12587K, committed 12748K, reserved 1048576K
GC Heap History (20 events):
Event: 10.002 GC heap after
{Heap after GC invocations=18 (full 0):
 garbage-first heap   total 187392K, used 63891K [0x0000000080000000, 0x0000000100000000)
  region size 1024K, 7 young (7168K), 7 survivors (7168K)
 Metaspace       used 70401K, capacity 72488K, committed 72576K, reserved 1112064K
  class space    used 9110K, capacity 9901K, committed 9932K, reserved 1048576K
}
Event: 11.285 GC heap before
{Heap before GC invocations=18 (full 0):
 garbage-first heap   total 187392K, used 138643K [0x0000000080000000, 0x0000000100000000)
  region size 1024K, 80 young (81920K), 7 survivors (7168K)
 Metaspace       used 74240K, capacity 76394K, committed 76416K, reserved 1116160K
  class space    used 9595K, capacity 10427K, committed 10444K, reserved 1048576K
}
Event: 11.294 GC heap after
{Heap after GC invocations=19 (full 0):
 garbage-first heap   total 187392K, used 67761K [0x0000000080000000, 0x0000000100000000)
  region size 1024K, 5 young (5120K), 5 survivors (5120K)
 Metaspace       used 74240K, capacity 76394K, committed 76416K, reserved 1116160K
  class space    used 9595K, capacity 10427K, committed 10444K, reserved 1048576K
}
Event: 12.601 GC heap before
{Heap before GC invocations=19 (full 0):
 garbage-first heap   total 187392K, used 142513K [0x0000000080000000, 0x0000000100000000)
  region size 1024K, 78 young (79872K), 5 survivors (5120K)
 Metaspace       used 80947K, capacity 83436K, committed 83584K, reserved 1122304K
  class space    used 10530K, capacity 11452K, committed 11468K, reserved 1048576K
}
Event: 12.611 GC heap after
{Heap after GC invocations=20 (full 0):
 garbage-first heap   total 187392K, used 72640K [0x0000000080000000, 0x0000000100000000)
  region size 1024K, 10 young (10240K), 10 survivors (10240K)
 Metaspace       used 80947K, capacity 83436K, committed 83584K, reserved 1122304K
  class space    used 10530K, capacity 11452K, committed 11468K, reserved 1048576K
}
Event: 13.417 GC heap before
{Heap before GC invocations=20 (full 0):
 garbage-first heap   total 187392K, used 145344K [0x0000000080000000, 0x0000000100000000)
  region size 1024K, 81 young (82944K), 10 survivors (10240K)
 Metaspace       used 81823K, capacity 84562K, committed 84864K, reserved 1122304K
  class space    used 10612K, capacity 11597K, committed 11724K, reserved 1048576K
}
Event: 13.432 GC heap after
{Heap after GC invocations=21 (full 0):
 garbage-first heap   total 187392K, used 78305K [0x0000000080000000, 0x0000000100000000)
  region size 1024K, 11 young (11264K), 11 survivors (11264K)
 Metaspace       used 81823K, capacity 84562K, committed 84864K, reserved 1122304K
  class space    used 10612K, capacity 11597K, committed 11724K, reserved 1048576K
}
Event: 14.092 GC heap before
{Heap before GC invocations=21 (full 0):
 garbage-first heap   total 187392K, used 146913K [0x0000000080000000, 0x0000000100000000)
  region size 1024K, 79 young (80896K), 11 survivors (11264K)
 Metaspace       used 82266K, capacity 84955K, committed 85120K, reserved 1122304K
  class space    used 10654K, capacity 11648K, committed 11724K, reserved 1048576K
}
Event: 14.104 GC heap after
{Heap after GC invocations=22 (full 0):
 garbage-first heap   total 187392K, used 82975K [0x0000000080000000, 0x0000000100000000)
  region size 1024K, 5 young (5120K), 5 survivors (5120K)
 Metaspace       used 82266K, capacity 84955K, committed 85120K, reserved 1122304K
  class space    used 10654K, capacity 11648K, committed 11724K, reserved 1048576K
}
Event: 14.866 GC heap before
{Heap before GC invocations=22 (full 0):
 garbage-first heap   total 187392K, used 149535K [0x0000000080000000, 0x0000000100000000)
  region size 1024K, 71 young (72704K), 5 survivors (5120K)
 Metaspace       used 84478K, capacity 87232K, committed 87424K, reserved 1124352K
  class space    used 10884K, capacity 11875K, committed 11980K, reserved 1048576K
}
Event: 14.876 GC heap after
{Heap after GC invocations=23 (full 0):
 garbage-first heap   total 187392K, used 85561K [0x0000000080000000, 0x0000000100000000)
  region size 1024K, 8 young (8192K), 8 survivors (8192K)
 Metaspace       used 84478K, capacity 87232K, committed 87424K, reserved 1124352K
  class space    used 10884K, capacity 11875K, committed 11980K, reserved 1048576K
}
Event: 15.444 GC heap before
{Heap before GC invocations=23 (full 0):
 garbage-first heap   total 187392K, used 151097K [0x0000000080000000, 0x0000000100000000)
  region size 1024K, 73 young (74752K), 8 survivors (8192K)
 Metaspace       used 86493K, capacity 89218K, committed 89472K, reserved 1126400K
  class space    used 11147K, capacity 12131K, committed 12236K, reserved 1048576K
}
Event: 15.454 GC heap after
{Heap after GC invocations=24 (full 0):
 garbage-first heap   total 187392K, used 87744K [0x0000000080000000, 0x0000000100000000)
  region size 1024K, 6 young (6144K), 6 survivors (6144K)
 Metaspace       used 86493K, capacity 89218K, committed 89472K, reserved 1126400K
  class space    used 11147K, capacity 12131K, committed 12236K, reserved 1048576K
}
Event: 15.984 GC heap before
{Heap before GC invocations=24 (full 0):
 garbage-first heap   total 187392K, used 135872K [0x0000000080000000, 0x0000000100000000)
  region size 1024K, 53 young (54272K), 6 survivors (6144K)
 Metaspace       used 87607K, capacity 90292K, committed 90624K, reserved 1128448K
  class space    used 11261K, capacity 12251K, committed 12364K, reserved 1048576K
}
Event: 15.996 GC heap after
{Heap after GC invocations=25 (full 0):
 garbage-first heap   total 187392K, used 94384K [0x0000000080000000, 0x0000000100000000)
  region size 1024K, 7 young (7168K), 7 survivors (7168K)
 Metaspace       used 87607K, capacity 90292K, committed 90624K, reserved 1128448K
  class space    used 11261K, capacity 12251K, committed 12364K, reserved 1048576K
}
Event: 16.385 GC heap before
{Heap before GC invocations=26 (full 0):
 garbage-first heap   total 187392K, used 119984K [0x0000000080000000, 0x0000000100000000)
  region size 1024K, 24 young (24576K), 7 survivors (7168K)
 Metaspace       used 90089K, capacity 92824K, committed 93312K, reserved 1130496K
  class space    used 11601K, capacity 12584K, committed 12748K, reserved 1048576K
}
Event: 16.396 GC heap after
{Heap after GC invocations=27 (full 0):
 garbage-first heap   total 187392K, used 110198K [0x0000000080000000, 0x0000000100000000)
  region size 1024K, 9 young (9216K), 9 survivors (9216K)
 Metaspace       used 90089K, capacity 92824K, committed 93312K, reserved 1130496K
  class space    used 11601K, capacity 12584K, committed 12748K, reserved 1048576K
}
Event: 16.670 GC heap before
{Heap before GC invocations=28 (full 0):
 garbage-first heap   total 187392K, used 171638K [0x0000000080000000, 0x0000000100000000)
  region size 1024K, 46 young (47104K), 9 survivors (9216K)
 Metaspace       used 90353K, capacity 93027K, committed 93312K, reserved 1130496K
  class space    used 11627K, capacity 12587K, committed 12748K, reserved 1048576K
}
Event: 16.693 GC heap after
{Heap after GC invocations=29 (full 0):
 garbage-first heap   total 198656K, used 139086K [0x0000000080000000, 0x0000000100000000)
  region size 1024K, 6 young (6144K), 6 survivors (6144K)
 Metaspace       used 90353K, capacity 93027K, committed 93312K, reserved 1130496K
  class space    used 11627K, capacity 12587K, committed 12748K, reserved 1048576K
}
Event: 16.756 GC heap before
{Heap before GC invocations=29 (full 0):
 garbage-first heap   total 198656K, used 149326K [0x0000000080000000, 0x0000000100000000)
  region size 1024K, 18 young (18432K), 6 survivors (6144K)
 Metaspace       used 90353K, capacity 93027K, committed 93312K, reserved 1130496K
  class space    used 11627K, capacity 12587K, committed 12748K, reserved 1048576K
}

