# JRE version: OpenJDK Runtime Environment (11.0.10) (build 11.0.10+0-b96-7249189)
# Java VM: OpenJDK 64-Bit Server VM (11.0.10+0-b96-7249189, mixed mode, tiered, compressed oops, g1 gc, windows-amd64)
Heap:
 garbage-first heap   total 187392K, used 60995K [0x0000000080000000, 0x0000000100000000)
  region size 1024K, 5 young (5120K), 5 survivors (5120K)
 Metaspace       used 68641K, capacity 70631K, committed 70864K, reserved 1110016K
  class space    used 8791K, capacity 9492K, committed 9600K, reserved 1048576K
GC Heap History (20 events):
Event: 2.743 GC heap after
{Heap after GC invocations=2 (full 0):
 garbage-first heap   total 129024K, used 15392K [0x0000000080000000, 0x0000000100000000)
  region size 1024K, 10 young (10240K), 10 survivors (10240K)
 Metaspace       used 19339K, capacity 19749K, committed 19968K, reserved 1067008K
  class space    used 2346K, capacity 2470K, committed 2560K, reserved 1048576K
}
Event: 2.815 GC heap before
{Heap before GC invocations=2 (full 0):
 garbage-first heap   total 129024K, used 20512K [0x0000000080000000, 0x0000000100000000)
  region size 1024K, 15 young (15360K), 10 survivors (10240K)
 Metaspace       used 20630K, capacity 21108K, committed 21296K, reserved 1069056K
  class space    used 2430K, capacity 2607K, committed 2688K, reserved 1048576K
}
Event: 2.825 GC heap after
{Heap after GC invocations=3 (full 0):
 garbage-first heap   total 129024K, used 15950K [0x0000000080000000, 0x0000000100000000)
  region size 1024K, 1 young (1024K), 1 survivors (1024K)
 Metaspace       used 20630K, capacity 21108K, committed 21296K, reserved 1069056K
  class space    used 2430K, capacity 2607K, committed 2688K, reserved 1048576K
}
Event: 3.640 GC heap before
{Heap before GC invocations=4 (full 0):
 garbage-first heap   total 129024K, used 64078K [0x0000000080000000, 0x0000000100000000)
  region size 1024K, 48 young (49152K), 1 survivors (1024K)
 Metaspace       used 26357K, capacity 26911K, committed 27184K, reserved 1073152K
  class space    used 3371K, capacity 3587K, committed 3712K, reserved 1048576K
}
Event: 3.643 GC heap after
{Heap after GC invocations=5 (full 0):
 garbage-first heap   total 129024K, used 17316K [0x0000000080000000, 0x0000000100000000)
  region size 1024K, 3 young (3072K), 3 survivors (3072K)
 Metaspace       used 26357K, capacity 26911K, committed 27184K, reserved 1073152K
  class space    used 3371K, capacity 3587K, committed 3712K, reserved 1048576K
}
Event: 4.528 GC heap before
{Heap before GC invocations=5 (full 0):
 garbage-first heap   total 129024K, used 64420K [0x0000000080000000, 0x0000000100000000)
  region size 1024K, 50 young (51200K), 3 survivors (3072K)
 Metaspace       used 35079K, capacity 35743K, committed 35920K, reserved 1081344K
  class space    used 4484K, capacity 4745K, committed 4864K, reserved 1048576K
}
Event: 4.539 GC heap after
{Heap after GC invocations=6 (full 0):
 garbage-first heap   total 129024K, used 20505K [0x0000000080000000, 0x0000000100000000)
  region size 1024K, 6 young (6144K), 6 survivors (6144K)
 Metaspace       used 35079K, capacity 35743K, committed 35920K, reserved 1081344K
  class space    used 4484K, capacity 4745K, committed 4864K, reserved 1048576K
}
Event: 5.544 GC heap before
{Heap before GC invocations=7 (full 0):
 garbage-first heap   total 129024K, used 81945K [0x0000000080000000, 0x0000000100000000)
  region size 1024K, 63 young (64512K), 6 survivors (6144K)
 Metaspace       used 40356K, capacity 41203K, committed 41424K, reserved 1085440K
  class space    used 5176K, capacity 5491K, committed 5504K, reserved 1048576K
}
Event: 5.551 GC heap after
{Heap after GC invocations=8 (full 0):
 garbage-first heap   total 129024K, used 23964K [0x0000000080000000, 0x0000000100000000)
  region size 1024K, 7 young (7168K), 7 survivors (7168K)
 Metaspace       used 40356K, capacity 41203K, committed 41424K, reserved 1085440K
  class space    used 5176K, capacity 5491K, committed 5504K, reserved 1048576K
}
Event: 6.688 GC heap before
{Heap before GC invocations=8 (full 0):
 garbage-first heap   total 129024K, used 84380K [0x0000000080000000, 0x0000000100000000)
  region size 1024K, 66 young (67584K), 7 survivors (7168K)
 Metaspace       used 43327K, capacity 44284K, committed 44496K, reserved 1087488K
  class space    used 5554K, capacity 5898K, committed 6016K, reserved 1048576K
}
Event: 6.700 GC heap after
{Heap after GC invocations=9 (full 0):
 garbage-first heap   total 129024K, used 32466K [0x0000000080000000, 0x0000000100000000)
  region size 1024K, 9 young (9216K), 9 survivors (9216K)
 Metaspace       used 43327K, capacity 44284K, committed 44496K, reserved 1087488K
  class space    used 5554K, capacity 5898K, committed 6016K, reserved 1048576K
}
Event: 7.615 GC heap before
{Heap before GC invocations=9 (full 0):
 garbage-first heap   total 129024K, used 88786K [0x0000000080000000, 0x0000000100000000)
  region size 1024K, 63 young (64512K), 9 survivors (9216K)
 Metaspace       used 50723K, capacity 52066K, committed 52432K, reserved 1095680K
  class space    used 6478K, capacity 6928K, committed 7040K, reserved 1048576K
}
Event: 7.627 GC heap after
{Heap after GC invocations=10 (full 0):
 garbage-first heap   total 155648K, used 39650K [0x0000000080000000, 0x0000000100000000)
  region size 1024K, 5 young (5120K), 5 survivors (5120K)
 Metaspace       used 50723K, capacity 52066K, committed 52432K, reserved 1095680K
  class space    used 6478K, capacity 6928K, committed 7040K, reserved 1048576K
}
Event: 8.968 GC heap before
{Heap before GC invocations=10 (full 0):
 garbage-first heap   total 155648K, used 103138K [0x0000000080000000, 0x0000000100000000)
  region size 1024K, 67 young (68608K), 5 survivors (5120K)
 Metaspace       used 58814K, capacity 60176K, committed 60240K, reserved 1101824K
  class space    used 7421K, capacity 7917K, committed 7936K, reserved 1048576K
}
Event: 8.986 GC heap after
{Heap after GC invocations=11 (full 0):
 garbage-first heap   total 155648K, used 44249K [0x0000000080000000, 0x0000000100000000)
  region size 1024K, 10 young (10240K), 10 survivors (10240K)
 Metaspace       used 58814K, capacity 60176K, committed 60240K, reserved 1101824K
  class space    used 7421K, capacity 7917K, committed 7936K, reserved 1048576K
}
Event: 10.169 GC heap before
{Heap before GC invocations=12 (full 0):
 garbage-first heap   total 155648K, used 111833K [0x0000000080000000, 0x0000000100000000)
  region size 1024K, 76 young (77824K), 10 survivors (10240K)
 Metaspace       used 62728K, capacity 64341K, committed 64464K, reserved 1105920K
  class space    used 8017K, capacity 8564K, committed 8576K, reserved 1048576K
}
Event: 10.184 GC heap after
{Heap after GC invocations=13 (full 0):
 garbage-first heap   total 155648K, used 50001K [0x0000000080000000, 0x0000000100000000)
  region size 1024K, 10 young (10240K), 10 survivors (10240K)
 Metaspace       used 62728K, capacity 64341K, committed 64464K, reserved 1105920K
  class space    used 8017K, capacity 8564K, committed 8576K, reserved 1048576K
}
Event: 11.421 GC heap before
{Heap before GC invocations=13 (full 0):
 garbage-first heap   total 155648K, used 115537K [0x0000000080000000, 0x0000000100000000)
  region size 1024K, 74 young (75776K), 10 survivors (10240K)
 Metaspace       used 66126K, capacity 67993K, committed 68176K, reserved 1107968K
  class space    used 8528K, capacity 9205K, committed 9216K, reserved 1048576K
}
Event: 11.437 GC heap after
{Heap after GC invocations=14 (full 0):
 garbage-first heap   total 155648K, used 57054K [0x0000000080000000, 0x0000000100000000)
  region size 1024K, 7 young (7168K), 7 survivors (7168K)
 Metaspace       used 66126K, capacity 67993K, committed 68176K, reserved 1107968K
  class space    used 8528K, capacity 9205K, committed 9216K, reserved 1048576K
}
Event: 13.137 GC heap before
{Heap before GC invocations=14 (full 0):
 garbage-first heap   total 155648K, used 118494K [0x0000000080000000, 0x0000000100000000)
  region size 1024K, 67 young (68608K), 7 survivors (7168K)
 Metaspace       used 68641K, capacity 70631K, committed 70864K, reserved 1110016K
  class space    used 8791K, capacity 9492K, committed 9600K, reserved 1048576K
}

