# JRE version: OpenJDK Runtime Environment (11.0.10) (build 11.0.10+0-b96-7249189)
# Java VM: OpenJDK 64-Bit Server VM (11.0.10+0-b96-7249189, mixed mode, tiered, compressed oops, g1 gc, windows-amd64)
Heap:
 garbage-first heap   total 155648K, used 107863K [0x0000000080000000, 0x0000000100000000)
  region size 1024K, 57 young (58368K), 6 survivors (6144K)
 Metaspace       used 69273K, capacity 71272K, committed 71424K, reserved 1112064K
  class space    used 8982K, capacity 9694K, committed 9804K, reserved 1048576K
GC Heap History (20 events):
Event: 2.343 GC heap before
{Heap before GC invocations=1 (full 0):
 garbage-first heap   total 129024K, used 83959K [0x0000000080000000, 0x0000000100000000)
  region size 1024K, 75 young (76800K), 3 survivors (3072K)
 Metaspace       used 17708K, capacity 18160K, committed 18432K, reserved 1064960K
  class space    used 2089K, capacity 2238K, committed 2304K, reserved 1048576K
}
Event: 2.349 GC heap after
{Heap after GC invocations=2 (full 0):
 garbage-first heap   total 129024K, used 15816K [0x0000000080000000, 0x0000000100000000)
  region size 1024K, 10 young (10240K), 10 survivors (10240K)
 Metaspace       used 17708K, capacity 18160K, committed 18432K, reserved 1064960K
  class space    used 2089K, capacity 2238K, committed 2304K, reserved 1048576K
}
Event: 2.598 GC heap before
{Heap before GC invocations=2 (full 0):
 garbage-first heap   total 129024K, used 38344K [0x0000000080000000, 0x0000000100000000)
  region size 1024K, 33 young (33792K), 10 survivors (10240K)
 Metaspace       used 20648K, capacity 21128K, committed 21248K, reserved 1067008K
  class space    used 2522K, capacity 2722K, committed 2816K, reserved 1048576K
}
Event: 2.605 GC heap after
{Heap after GC invocations=3 (full 0):
 garbage-first heap   total 129024K, used 16614K [0x0000000080000000, 0x0000000100000000)
  region size 1024K, 1 young (1024K), 1 survivors (1024K)
 Metaspace       used 20648K, capacity 21128K, committed 21248K, reserved 1067008K
  class space    used 2522K, capacity 2722K, committed 2816K, reserved 1048576K
}
Event: 3.232 GC heap before
{Heap before GC invocations=4 (full 0):
 garbage-first heap   total 129024K, used 74982K [0x0000000080000000, 0x0000000100000000)
  region size 1024K, 58 young (59392K), 1 survivors (1024K)
 Metaspace       used 26261K, capacity 26929K, committed 27008K, reserved 1073152K
  class space    used 3450K, capacity 3704K, committed 3712K, reserved 1048576K
}
Event: 3.236 GC heap after
{Heap after GC invocations=5 (full 0):
 garbage-first heap   total 129024K, used 18390K [0x0000000080000000, 0x0000000100000000)
  region size 1024K, 3 young (3072K), 3 survivors (3072K)
 Metaspace       used 26261K, capacity 26929K, committed 27008K, reserved 1073152K
  class space    used 3450K, capacity 3704K, committed 3712K, reserved 1048576K
}
Event: 4.105 GC heap before
{Heap before GC invocations=5 (full 0):
 garbage-first heap   total 129024K, used 71638K [0x0000000080000000, 0x0000000100000000)
  region size 1024K, 56 young (57344K), 3 survivors (3072K)
 Metaspace       used 35043K, capacity 35834K, committed 35840K, reserved 1081344K
  class space    used 4543K, capacity 4864K, committed 4864K, reserved 1048576K
}
Event: 4.115 GC heap after
{Heap after GC invocations=6 (full 0):
 garbage-first heap   total 129024K, used 21893K [0x0000000080000000, 0x0000000100000000)
  region size 1024K, 6 young (6144K), 6 survivors (6144K)
 Metaspace       used 35043K, capacity 35834K, committed 35840K, reserved 1081344K
  class space    used 4543K, capacity 4864K, committed 4864K, reserved 1048576K
}
Event: 4.904 GC heap before
{Heap before GC invocations=7 (full 0):
 garbage-first heap   total 129024K, used 88453K [0x0000000080000000, 0x0000000100000000)
  region size 1024K, 68 young (69632K), 6 survivors (6144K)
 Metaspace       used 40490K, capacity 41412K, committed 41548K, reserved 1085440K
  class space    used 5238K, capacity 5582K, committed 5708K, reserved 1048576K
}
Event: 4.913 GC heap after
{Heap after GC invocations=8 (full 0):
 garbage-first heap   total 129024K, used 26079K [0x0000000080000000, 0x0000000100000000)
  region size 1024K, 8 young (8192K), 8 survivors (8192K)
 Metaspace       used 40490K, capacity 41412K, committed 41548K, reserved 1085440K
  class space    used 5238K, capacity 5582K, committed 5708K, reserved 1048576K
}
Event: 5.672 GC heap before
{Heap before GC invocations=8 (full 0):
 garbage-first heap   total 129024K, used 88543K [0x0000000080000000, 0x0000000100000000)
  region size 1024K, 69 young (70656K), 8 survivors (8192K)
 Metaspace       used 45119K, capacity 46254K, committed 46540K, reserved 1089536K
  class space    used 5797K, capacity 6217K, committed 6348K, reserved 1048576K
}
Event: 5.681 GC heap after
{Heap after GC invocations=9 (full 0):
 garbage-first heap   total 155648K, used 28814K [0x0000000080000000, 0x0000000100000000)
  region size 1024K, 7 young (7168K), 7 survivors (7168K)
 Metaspace       used 45119K, capacity 46254K, committed 46540K, reserved 1089536K
  class space    used 5797K, capacity 6217K, committed 6348K, reserved 1048576K
}
Event: 6.999 GC heap before
{Heap before GC invocations=9 (full 0):
 garbage-first heap   total 155648K, used 106638K [0x0000000080000000, 0x0000000100000000)
  region size 1024K, 80 young (81920K), 7 survivors (7168K)
 Metaspace       used 49886K, capacity 51390K, committed 51532K, reserved 1093632K
  class space    used 6366K, capacity 6954K, committed 6988K, reserved 1048576K
}
Event: 7.011 GC heap after
{Heap after GC invocations=10 (full 0):
 garbage-first heap   total 155648K, used 43008K [0x0000000080000000, 0x0000000100000000)
  region size 1024K, 10 young (10240K), 10 survivors (10240K)
 Metaspace       used 49886K, capacity 51390K, committed 51532K, reserved 1093632K
  class space    used 6366K, capacity 6954K, committed 6988K, reserved 1048576K
}
Event: 7.972 GC heap before
{Heap before GC invocations=10 (full 0):
 garbage-first heap   total 155648K, used 99328K [0x0000000080000000, 0x0000000100000000)
  region size 1024K, 66 young (67584K), 10 survivors (10240K)
 Metaspace       used 58492K, capacity 60104K, committed 60288K, reserved 1101824K
  class space    used 7426K, capacity 8063K, committed 8140K, reserved 1048576K
}
Event: 7.993 GC heap after
{Heap after GC invocations=11 (full 0):
 garbage-first heap   total 155648K, used 46993K [0x0000000080000000, 0x0000000100000000)
  region size 1024K, 4 young (4096K), 4 survivors (4096K)
 Metaspace       used 58492K, capacity 60104K, committed 60288K, reserved 1101824K
  class space    used 7426K, capacity 8063K, committed 8140K, reserved 1048576K
}
Event: 8.779 GC heap before
{Heap before GC invocations=12 (full 0):
 garbage-first heap   total 155648K, used 110481K [0x0000000080000000, 0x0000000100000000)
  region size 1024K, 66 young (67584K), 4 survivors (4096K)
 Metaspace       used 63438K, capacity 65200K, committed 65280K, reserved 1105920K
  class space    used 8068K, capacity 8722K, committed 8780K, reserved 1048576K
}
Event: 8.788 GC heap after
{Heap after GC invocations=13 (full 0):
 garbage-first heap   total 155648K, used 51372K [0x0000000080000000, 0x0000000100000000)
  region size 1024K, 8 young (8192K), 8 survivors (8192K)
 Metaspace       used 63438K, capacity 65200K, committed 65280K, reserved 1105920K
  class space    used 8068K, capacity 8722K, committed 8780K, reserved 1048576K
}
Event: 9.688 GC heap before
{Heap before GC invocations=14 (full 0):
 garbage-first heap   total 155648K, used 114860K [0x0000000080000000, 0x0000000100000000)
  region size 1024K, 70 young (71680K), 8 survivors (8192K)
 Metaspace       used 66599K, capacity 68474K, committed 68608K, reserved 1107968K
  class space    used 8572K, capacity 9239K, committed 9292K, reserved 1048576K
}
Event: 9.698 GC heap after
{Heap after GC invocations=15 (full 0):
 garbage-first heap   total 155648K, used 56663K [0x0000000080000000, 0x0000000100000000)
  region size 1024K, 6 young (6144K), 6 survivors (6144K)
 Metaspace       used 66599K, capacity 68474K, committed 68608K, reserved 1107968K
  class space    used 8572K, capacity 9239K, committed 9292K, reserved 1048576K
}

