# JRE version: OpenJDK Runtime Environment (11.0.10) (build 11.0.10+0-b96-7249189)
# Java VM: OpenJDK 64-Bit Server VM (11.0.10+0-b96-7249189, mixed mode, tiered, compressed oops, g1 gc, windows-amd64)
Heap:
 garbage-first heap   total 236544K, used 144598K [0x0000000080000000, 0x0000000100000000)
  region size 1024K, 4 young (4096K), 4 survivors (4096K)
 Metaspace       used 90283K, capacity 92955K, committed 93312K, reserved 1130496K
  class space    used 11621K, capacity 12584K, committed 12748K, reserved 1048576K
GC Heap History (20 events):
Event: 11.569 GC heap after
{Heap after GC invocations=19 (full 0):
 garbage-first heap   total 187392K, used 67133K [0x0000000080000000, 0x0000000100000000)
  region size 1024K, 5 young (5120K), 5 survivors (5120K)
 Metaspace       used 71377K, capacity 73559K, committed 73728K, reserved 1114112K
  class space    used 9156K, capacity 9935K, committed 10060K, reserved 1048576K
}
Event: 12.745 GC heap before
{Heap before GC invocations=19 (full 0):
 garbage-first heap   total 187392K, used 135741K [0x0000000080000000, 0x0000000100000000)
  region size 1024K, 72 young (73728K), 5 survivors (5120K)
 Metaspace       used 77945K, capacity 80204K, committed 80512K, reserved 1118208K
  class space    used 10068K, capacity 10871K, committed 10956K, reserved 1048576K
}
Event: 12.752 GC heap after
{Heap after GC invocations=20 (full 0):
 garbage-first heap   total 187392K, used 70647K [0x0000000080000000, 0x0000000100000000)
  region size 1024K, 9 young (9216K), 9 survivors (9216K)
 Metaspace       used 77945K, capacity 80204K, committed 80512K, reserved 1118208K
  class space    used 10068K, capacity 10871K, committed 10956K, reserved 1048576K
}
Event: 13.735 GC heap before
{Heap before GC invocations=20 (full 0):
 garbage-first heap   total 187392K, used 139255K [0x0000000080000000, 0x0000000100000000)
  region size 1024K, 76 young (77824K), 9 survivors (9216K)
 Metaspace       used 81482K, capacity 84202K, committed 84352K, reserved 1122304K
  class space    used 10626K, capacity 11623K, committed 11724K, reserved 1048576K
}
Event: 13.749 GC heap after
{Heap after GC invocations=21 (full 0):
 garbage-first heap   total 187392K, used 76075K [0x0000000080000000, 0x0000000100000000)
  region size 1024K, 10 young (10240K), 10 survivors (10240K)
 Metaspace       used 81482K, capacity 84202K, committed 84352K, reserved 1122304K
  class space    used 10626K, capacity 11623K, committed 11724K, reserved 1048576K
}
Event: 14.518 GC heap before
{Heap before GC invocations=21 (full 0):
 garbage-first heap   total 187392K, used 143659K [0x0000000080000000, 0x0000000100000000)
  region size 1024K, 76 young (77824K), 10 survivors (10240K)
 Metaspace       used 81955K, capacity 84653K, committed 84864K, reserved 1122304K
  class space    used 10644K, capacity 11646K, committed 11724K, reserved 1048576K
}
Event: 14.528 GC heap after
{Heap after GC invocations=22 (full 0):
 garbage-first heap   total 187392K, used 81053K [0x0000000080000000, 0x0000000100000000)
  region size 1024K, 6 young (6144K), 6 survivors (6144K)
 Metaspace       used 81955K, capacity 84653K, committed 84864K, reserved 1122304K
  class space    used 10644K, capacity 11646K, committed 11724K, reserved 1048576K
}
Event: 15.130 GC heap before
{Heap before GC invocations=22 (full 0):
 garbage-first heap   total 187392K, used 145565K [0x0000000080000000, 0x0000000100000000)
  region size 1024K, 70 young (71680K), 6 survivors (6144K)
 Metaspace       used 82480K, capacity 85224K, committed 85376K, reserved 1122304K
  class space    used 10690K, capacity 11694K, committed 11724K, reserved 1048576K
}
Event: 15.139 GC heap after
{Heap after GC invocations=23 (full 0):
 garbage-first heap   total 187392K, used 84255K [0x0000000080000000, 0x0000000100000000)
  region size 1024K, 9 young (9216K), 9 survivors (9216K)
 Metaspace       used 82480K, capacity 85224K, committed 85376K, reserved 1122304K
  class space    used 10690K, capacity 11694K, committed 11724K, reserved 1048576K
}
Event: 15.882 GC heap before
{Heap before GC invocations=23 (full 0):
 garbage-first heap   total 187392K, used 147743K [0x0000000080000000, 0x0000000100000000)
  region size 1024K, 72 young (73728K), 9 survivors (9216K)
 Metaspace       used 84804K, capacity 87517K, committed 87680K, reserved 1124352K
  class space    used 10951K, capacity 11950K, committed 11980K, reserved 1048576K
}
Event: 15.891 GC heap after
{Heap after GC invocations=24 (full 0):
 garbage-first heap   total 187392K, used 86918K [0x0000000080000000, 0x0000000100000000)
  region size 1024K, 7 young (7168K), 7 survivors (7168K)
 Metaspace       used 84804K, capacity 87517K, committed 87680K, reserved 1124352K
  class space    used 10951K, capacity 11950K, committed 11980K, reserved 1048576K
}
Event: 16.379 GC heap before
{Heap before GC invocations=24 (full 0):
 garbage-first heap   total 187392K, used 150406K [0x0000000080000000, 0x0000000100000000)
  region size 1024K, 70 young (71680K), 7 survivors (7168K)
 Metaspace       used 86596K, capacity 89287K, committed 89472K, reserved 1126400K
  class space    used 11181K, capacity 12176K, committed 12236K, reserved 1048576K
}
Event: 16.389 GC heap after
{Heap after GC invocations=25 (full 0):
 garbage-first heap   total 187392K, used 89245K [0x0000000080000000, 0x0000000100000000)
  region size 1024K, 5 young (5120K), 5 survivors (5120K)
 Metaspace       used 86596K, capacity 89287K, committed 89472K, reserved 1126400K
  class space    used 11181K, capacity 12176K, committed 12236K, reserved 1048576K
}
Event: 16.760 GC heap before
{Heap before GC invocations=25 (full 0):
 garbage-first heap   total 187392K, used 119965K [0x0000000080000000, 0x0000000100000000)
  region size 1024K, 36 young (36864K), 5 survivors (5120K)
 Metaspace       used 87384K, capacity 90198K, committed 90368K, reserved 1128448K
  class space    used 11245K, capacity 12282K, committed 12364K, reserved 1048576K
}
Event: 16.769 GC heap after
{Heap after GC invocations=26 (full 0):
 garbage-first heap   total 187392K, used 92084K [0x0000000080000000, 0x0000000100000000)
  region size 1024K, 8 young (8192K), 8 survivors (8192K)
 Metaspace       used 87384K, capacity 90198K, committed 90368K, reserved 1128448K
  class space    used 11245K, capacity 12282K, committed 12364K, reserved 1048576K
}
Event: 17.176 GC heap before
{Heap before GC invocations=27 (full 0):
 garbage-first heap   total 187392K, used 121780K [0x0000000080000000, 0x0000000100000000)
  region size 1024K, 27 young (27648K), 8 survivors (8192K)
 Metaspace       used 90021K, capacity 92752K, committed 93312K, reserved 1130496K
  class space    used 11595K, capacity 12581K, committed 12748K, reserved 1048576K
}
Event: 17.188 GC heap after
{Heap after GC invocations=28 (full 0):
 garbage-first heap   total 187392K, used 111120K [0x0000000080000000, 0x0000000100000000)
  region size 1024K, 8 young (8192K), 8 survivors (8192K)
 Metaspace       used 90021K, capacity 92752K, committed 93312K, reserved 1130496K
  class space    used 11595K, capacity 12581K, committed 12748K, reserved 1048576K
}
Event: 17.428 GC heap before
{Heap before GC invocations=29 (full 0):
 garbage-first heap   total 187392K, used 171536K [0x0000000080000000, 0x0000000100000000)
  region size 1024K, 44 young (45056K), 8 survivors (8192K)
 Metaspace       used 90283K, capacity 92955K, committed 93312K, reserved 1130496K
  class space    used 11621K, capacity 12584K, committed 12748K, reserved 1048576K
}
Event: 17.445 GC heap after
{Heap after GC invocations=30 (full 0):
 garbage-first heap   total 196608K, used 139195K [0x0000000080000000, 0x0000000100000000)
  region size 1024K, 6 young (6144K), 6 survivors (6144K)
 Metaspace       used 90283K, capacity 92955K, committed 93312K, reserved 1130496K
  class space    used 11621K, capacity 12584K, committed 12748K, reserved 1048576K
}
Event: 17.510 GC heap before
{Heap before GC invocations=30 (full 0):
 garbage-first heap   total 196608K, used 150459K [0x0000000080000000, 0x0000000100000000)
  region size 1024K, 18 young (18432K), 6 survivors (6144K)
 Metaspace       used 90283K, capacity 92955K, committed 93312K, reserved 1130496K
  class space    used 11621K, capacity 12584K, committed 12748K, reserved 1048576K
}

