# JRE version: OpenJDK Runtime Environment (11.0.10) (build 11.0.10+0-b96-7249189)
# Java VM: OpenJDK 64-Bit Server VM (11.0.10+0-b96-7249189, mixed mode, tiered, compressed oops, g1 gc, windows-amd64)
Heap:
 garbage-first heap   total 187392K, used 51405K [0x0000000080000000, 0x0000000100000000)
  region size 1024K, 8 young (8192K), 8 survivors (8192K)
 Metaspace       used 63385K, capacity 65194K, committed 65280K, reserved 1105920K
  class space    used 8058K, capacity 8718K, committed 8780K, reserved 1048576K
GC Heap History (20 events):
Event: 0.990 GC heap after
{Heap after GC invocations=2 (full 0):
 garbage-first heap   total 129024K, used 12000K [0x0000000080000000, 0x0000000100000000)
  region size 1024K, 3 young (3072K), 3 survivors (3072K)
 Metaspace       used 11160K, capacity 11448K, committed 11520K, reserved 1058816K
  class space    used 1167K, capacity 1245K, committed 1280K, reserved 1048576K
}
Event: 2.459 GC heap before
{Heap before GC invocations=2 (full 0):
 garbage-first heap   total 129024K, used 58080K [0x0000000080000000, 0x0000000100000000)
  region size 1024K, 48 young (49152K), 3 survivors (3072K)
 Metaspace       used 18675K, capacity 19072K, committed 19328K, reserved 1067008K
  class space    used 2241K, capacity 2372K, committed 2432K, reserved 1048576K
}
Event: 2.464 GC heap after
{Heap after GC invocations=3 (full 0):
 garbage-first heap   total 129024K, used 16464K [0x0000000080000000, 0x0000000100000000)
  region size 1024K, 6 young (6144K), 6 survivors (6144K)
 Metaspace       used 18675K, capacity 19072K, committed 19328K, reserved 1067008K
  class space    used 2241K, capacity 2372K, committed 2432K, reserved 1048576K
}
Event: 2.667 GC heap before
{Heap before GC invocations=3 (full 0):
 garbage-first heap   total 129024K, used 32848K [0x0000000080000000, 0x0000000100000000)
  region size 1024K, 23 young (23552K), 6 survivors (6144K)
 Metaspace       used 20642K, capacity 21128K, committed 21248K, reserved 1067008K
  class space    used 2523K, capacity 2722K, committed 2816K, reserved 1048576K
}
Event: 2.671 GC heap after
{Heap after GC invocations=4 (full 0):
 garbage-first heap   total 129024K, used 17172K [0x0000000080000000, 0x0000000100000000)
  region size 1024K, 5 young (5120K), 5 survivors (5120K)
 Metaspace       used 20642K, capacity 21128K, committed 21248K, reserved 1067008K
  class space    used 2523K, capacity 2722K, committed 2816K, reserved 1048576K
}
Event: 3.285 GC heap before
{Heap before GC invocations=5 (full 0):
 garbage-first heap   total 129024K, used 64276K [0x0000000080000000, 0x0000000100000000)
  region size 1024K, 51 young (52224K), 5 survivors (5120K)
 Metaspace       used 25380K, capacity 25974K, committed 26112K, reserved 1071104K
  class space    used 3313K, capacity 3534K, committed 3584K, reserved 1048576K
}
Event: 3.291 GC heap after
{Heap after GC invocations=6 (full 0):
 garbage-first heap   total 129024K, used 18799K [0x0000000080000000, 0x0000000100000000)
  region size 1024K, 3 young (3072K), 3 survivors (3072K)
 Metaspace       used 25380K, capacity 25974K, committed 26112K, reserved 1071104K
  class space    used 3313K, capacity 3534K, committed 3584K, reserved 1048576K
}
Event: 4.040 GC heap before
{Heap before GC invocations=6 (full 0):
 garbage-first heap   total 129024K, used 73071K [0x0000000080000000, 0x0000000100000000)
  region size 1024K, 56 young (57344K), 3 survivors (3072K)
 Metaspace       used 31655K, capacity 32399K, committed 32640K, reserved 1077248K
  class space    used 4184K, capacity 4442K, committed 4480K, reserved 1048576K
}
Event: 4.045 GC heap after
{Heap after GC invocations=7 (full 0):
 garbage-first heap   total 129024K, used 21001K [0x0000000080000000, 0x0000000100000000)
  region size 1024K, 5 young (5120K), 5 survivors (5120K)
 Metaspace       used 31655K, capacity 32399K, committed 32640K, reserved 1077248K
  class space    used 4184K, capacity 4442K, committed 4480K, reserved 1048576K
}
Event: 4.279 GC heap before
{Heap before GC invocations=7 (full 0):
 garbage-first heap   total 129024K, used 29193K [0x0000000080000000, 0x0000000100000000)
  region size 1024K, 15 young (15360K), 5 survivors (5120K)
 Metaspace       used 35031K, capacity 35834K, committed 35840K, reserved 1081344K
  class space    used 4540K, capacity 4864K, committed 4864K, reserved 1048576K
}
Event: 4.290 GC heap after
{Heap after GC invocations=8 (full 0):
 garbage-first heap   total 129024K, used 22638K [0x0000000080000000, 0x0000000100000000)
  region size 1024K, 6 young (6144K), 6 survivors (6144K)
 Metaspace       used 35031K, capacity 35834K, committed 35840K, reserved 1081344K
  class space    used 4540K, capacity 4864K, committed 4864K, reserved 1048576K
}
Event: 4.973 GC heap before
{Heap before GC invocations=9 (full 0):
 garbage-first heap   total 129024K, used 81006K [0x0000000080000000, 0x0000000100000000)
  region size 1024K, 60 young (61440K), 6 survivors (6144K)
 Metaspace       used 39658K, capacity 40641K, committed 40908K, reserved 1085440K
  class space    used 5112K, capacity 5474K, committed 5580K, reserved 1048576K
}
Event: 4.983 GC heap after
{Heap after GC invocations=10 (full 0):
 garbage-first heap   total 155648K, used 26503K [0x0000000080000000, 0x0000000100000000)
  region size 1024K, 8 young (8192K), 8 survivors (8192K)
 Metaspace       used 39658K, capacity 40641K, committed 40908K, reserved 1085440K
  class space    used 5112K, capacity 5474K, committed 5580K, reserved 1048576K
}
Event: 5.725 GC heap before
{Heap before GC invocations=10 (full 0):
 garbage-first heap   total 155648K, used 95111K [0x0000000080000000, 0x0000000100000000)
  region size 1024K, 74 young (75776K), 8 survivors (8192K)
 Metaspace       used 44929K, capacity 46112K, committed 46284K, reserved 1089536K
  class space    used 5772K, capacity 6213K, committed 6348K, reserved 1048576K
}
Event: 5.735 GC heap after
{Heap after GC invocations=11 (full 0):
 garbage-first heap   total 155648K, used 29057K [0x0000000080000000, 0x0000000100000000)
  region size 1024K, 7 young (7168K), 7 survivors (7168K)
 Metaspace       used 44929K, capacity 46112K, committed 46284K, reserved 1089536K
  class space    used 5772K, capacity 6213K, committed 6348K, reserved 1048576K
}
Event: 7.633 GC heap before
{Heap before GC invocations=11 (full 0):
 garbage-first heap   total 155648K, used 116097K [0x0000000080000000, 0x0000000100000000)
  region size 1024K, 89 young (91136K), 7 survivors (7168K)
 Metaspace       used 50652K, capacity 52189K, committed 52428K, reserved 1095680K
  class space    used 6464K, capacity 7026K, committed 7116K, reserved 1048576K
}
Event: 7.648 GC heap after
{Heap after GC invocations=12 (full 0):
 garbage-first heap   total 155648K, used 43802K [0x0000000080000000, 0x0000000100000000)
  region size 1024K, 12 young (12288K), 12 survivors (12288K)
 Metaspace       used 50652K, capacity 52189K, committed 52428K, reserved 1095680K
  class space    used 6464K, capacity 7026K, committed 7116K, reserved 1048576K
}
Event: 8.493 GC heap before
{Heap before GC invocations=12 (full 0):
 garbage-first heap   total 155648K, used 93978K [0x0000000080000000, 0x0000000100000000)
  region size 1024K, 62 young (63488K), 12 survivors (12288K)
 Metaspace       used 58437K, capacity 60085K, committed 60288K, reserved 1101824K
  class space    used 7420K, capacity 8034K, committed 8140K, reserved 1048576K
}
Event: 8.510 GC heap after
{Heap after GC invocations=13 (full 0):
 garbage-first heap   total 155648K, used 47420K [0x0000000080000000, 0x0000000100000000)
  region size 1024K, 4 young (4096K), 4 survivors (4096K)
 Metaspace       used 58437K, capacity 60085K, committed 60288K, reserved 1101824K
  class space    used 7420K, capacity 8034K, committed 8140K, reserved 1048576K
}
Event: 9.232 GC heap before
{Heap before GC invocations=14 (full 0):
 garbage-first heap   total 155648K, used 106812K [0x0000000080000000, 0x0000000100000000)
  region size 1024K, 62 young (63488K), 4 survivors (4096K)
 Metaspace       used 63385K, capacity 65194K, committed 65280K, reserved 1105920K
  class space    used 8058K, capacity 8718K, committed 8780K, reserved 1048576K
}

