# JRE version: OpenJDK Runtime Environment (11.0.10) (build 11.0.10+0-b96-7249189)
# Java VM: OpenJDK 64-Bit Server VM (11.0.10+0-b96-7249189, mixed mode, tiered, compressed oops, g1 gc, windows-amd64)
Heap:
 garbage-first heap   total 225280K, used 77839K [0x0000000080000000, 0x0000000100000000)
  region size 1024K, 10 young (10240K), 10 survivors (10240K)
 Metaspace       used 81607K, capacity 84283K, committed 84428K, reserved 1122304K
  class space    used 10612K, capacity 11601K, committed 11724K, reserved 1048576K
GC Heap History (20 events):
Event: 3.845 GC heap after
{Heap after GC invocations=8 (full 0):
 garbage-first heap   total 129024K, used 22878K [0x0000000080000000, 0x0000000100000000)
  region size 1024K, 4 young (4096K), 4 survivors (4096K)
 Metaspace       used 35045K, capacity 35834K, committed 35840K, reserved 1081344K
  class space    used 4538K, capacity 4864K, committed 4864K, reserved 1048576K
}
Event: 4.595 GC heap before
{Heap before GC invocations=9 (full 0):
 garbage-first heap   total 129024K, used 88414K [0x0000000080000000, 0x0000000100000000)
  region size 1024K, 65 young (66560K), 4 survivors (4096K)
 Metaspace       used 40421K, capacity 41348K, committed 41548K, reserved 1085440K
  class space    used 5228K, capacity 5582K, committed 5708K, reserved 1048576K
}
Event: 4.604 GC heap after
{Heap after GC invocations=10 (full 0):
 garbage-first heap   total 155648K, used 26728K [0x0000000080000000, 0x0000000100000000)
  region size 1024K, 8 young (8192K), 8 survivors (8192K)
 Metaspace       used 40421K, capacity 41348K, committed 41548K, reserved 1085440K
  class space    used 5228K, capacity 5582K, committed 5708K, reserved 1048576K
}
Event: 5.503 GC heap before
{Heap before GC invocations=10 (full 0):
 garbage-first heap   total 155648K, used 96360K [0x0000000080000000, 0x0000000100000000)
  region size 1024K, 75 young (76800K), 8 survivors (8192K)
 Metaspace       used 45547K, capacity 46731K, committed 46796K, reserved 1089536K
  class space    used 5849K, capacity 6291K, committed 6348K, reserved 1048576K
}
Event: 5.513 GC heap after
{Heap after GC invocations=11 (full 0):
 garbage-first heap   total 155648K, used 29231K [0x0000000080000000, 0x0000000100000000)
  region size 1024K, 8 young (8192K), 8 survivors (8192K)
 Metaspace       used 45547K, capacity 46731K, committed 46796K, reserved 1089536K
  class space    used 5849K, capacity 6291K, committed 6348K, reserved 1048576K
}
Event: 6.847 GC heap before
{Heap before GC invocations=11 (full 0):
 garbage-first heap   total 155648K, used 114223K [0x0000000080000000, 0x0000000100000000)
  region size 1024K, 88 young (90112K), 8 survivors (8192K)
 Metaspace       used 51466K, capacity 52988K, committed 53324K, reserved 1095680K
  class space    used 6561K, capacity 7123K, committed 7244K, reserved 1048576K
}
Event: 6.858 GC heap after
{Heap after GC invocations=12 (full 0):
 garbage-first heap   total 155648K, used 44142K [0x0000000080000000, 0x0000000100000000)
  region size 1024K, 11 young (11264K), 11 survivors (11264K)
 Metaspace       used 51466K, capacity 52988K, committed 53324K, reserved 1095680K
  class space    used 6561K, capacity 7123K, committed 7244K, reserved 1048576K
}
Event: 7.554 GC heap before
{Heap before GC invocations=12 (full 0):
 garbage-first heap   total 155648K, used 88174K [0x0000000080000000, 0x0000000100000000)
  region size 1024K, 55 young (56320K), 11 survivors (11264K)
 Metaspace       used 58363K, capacity 60064K, committed 60288K, reserved 1101824K
  class space    used 7411K, capacity 8027K, committed 8140K, reserved 1048576K
}
Event: 7.571 GC heap after
{Heap after GC invocations=13 (full 0):
 garbage-first heap   total 155648K, used 47276K [0x0000000080000000, 0x0000000100000000)
  region size 1024K, 3 young (3072K), 3 survivors (3072K)
 Metaspace       used 58363K, capacity 60064K, committed 60288K, reserved 1101824K
  class space    used 7411K, capacity 8027K, committed 8140K, reserved 1048576K
}
Event: 8.340 GC heap before
{Heap before GC invocations=14 (full 0):
 garbage-first heap   total 155648K, used 105644K [0x0000000080000000, 0x0000000100000000)
  region size 1024K, 60 young (61440K), 3 survivors (3072K)
 Metaspace       used 63354K, capacity 65092K, committed 65356K, reserved 1105920K
  class space    used 8045K, capacity 8707K, committed 8780K, reserved 1048576K
}
Event: 8.349 GC heap after
{Heap after GC invocations=15 (full 0):
 garbage-first heap   total 187392K, used 51214K [0x0000000080000000, 0x0000000100000000)
  region size 1024K, 7 young (7168K), 7 survivors (7168K)
 Metaspace       used 63354K, capacity 65092K, committed 65356K, reserved 1105920K
  class space    used 8045K, capacity 8707K, committed 8780K, reserved 1048576K
}
Event: 9.205 GC heap before
{Heap before GC invocations=16 (full 0):
 garbage-first heap   total 187392K, used 122894K [0x0000000080000000, 0x0000000100000000)
  region size 1024K, 77 young (78848K), 7 survivors (7168K)
 Metaspace       used 67020K, capacity 68891K, committed 69068K, reserved 1110016K
  class space    used 8663K, capacity 9335K, committed 9420K, reserved 1048576K
}
Event: 9.218 GC heap after
{Heap after GC invocations=17 (full 0):
 garbage-first heap   total 187392K, used 56935K [0x0000000080000000, 0x0000000100000000)
  region size 1024K, 10 young (10240K), 10 survivors (10240K)
 Metaspace       used 67020K, capacity 68891K, committed 69068K, reserved 1110016K
  class space    used 8663K, capacity 9335K, committed 9420K, reserved 1048576K
}
Event: 9.907 GC heap before
{Heap before GC invocations=17 (full 0):
 garbage-first heap   total 187392K, used 129639K [0x0000000080000000, 0x0000000100000000)
  region size 1024K, 81 young (82944K), 10 survivors (10240K)
 Metaspace       used 69801K, capacity 71908K, committed 72140K, reserved 1112064K
  class space    used 9066K, capacity 9856K, committed 9932K, reserved 1048576K
}
Event: 9.920 GC heap after
{Heap after GC invocations=18 (full 0):
 garbage-first heap   total 187392K, used 62703K [0x0000000080000000, 0x0000000100000000)
  region size 1024K, 11 young (11264K), 11 survivors (11264K)
 Metaspace       used 69801K, capacity 71908K, committed 72140K, reserved 1112064K
  class space    used 9066K, capacity 9856K, committed 9932K, reserved 1048576K
}
Event: 11.374 GC heap before
{Heap before GC invocations=18 (full 0):
 garbage-first heap   total 187392K, used 134383K [0x0000000080000000, 0x0000000100000000)
  region size 1024K, 81 young (82944K), 11 survivors (11264K)
 Metaspace       used 72299K, capacity 74468K, committed 74700K, reserved 1114112K
  class space    used 9279K, capacity 10059K, committed 10188K, reserved 1048576K
}
Event: 11.386 GC heap after
{Heap after GC invocations=19 (full 0):
 garbage-first heap   total 187392K, used 67768K [0x0000000080000000, 0x0000000100000000)
  region size 1024K, 11 young (11264K), 11 survivors (11264K)
 Metaspace       used 72299K, capacity 74468K, committed 74700K, reserved 1114112K
  class space    used 9279K, capacity 10059K, committed 10188K, reserved 1048576K
}
Event: 12.480 GC heap before
{Heap before GC invocations=19 (full 0):
 garbage-first heap   total 187392K, used 139448K [0x0000000080000000, 0x0000000100000000)
  region size 1024K, 81 young (82944K), 11 survivors (11264K)
 Metaspace       used 79449K, capacity 81787K, committed 81868K, reserved 1120256K
  class space    used 10297K, capacity 11154K, committed 11212K, reserved 1048576K
}
Event: 12.496 GC heap after
{Heap after GC invocations=20 (full 0):
 garbage-first heap   total 187392K, used 73042K [0x0000000080000000, 0x0000000100000000)
  region size 1024K, 10 young (10240K), 10 survivors (10240K)
 Metaspace       used 79449K, capacity 81787K, committed 81868K, reserved 1120256K
  class space    used 10297K, capacity 11154K, committed 11212K, reserved 1048576K
}
Event: 13.509 GC heap before
{Heap before GC invocations=20 (full 0):
 garbage-first heap   total 187392K, used 142674K [0x0000000080000000, 0x0000000100000000)
  region size 1024K, 79 young (80896K), 10 survivors (10240K)
 Metaspace       used 81607K, capacity 84283K, committed 84428K, reserved 1122304K
  class space    used 10612K, capacity 11601K, committed 11724K, reserved 1048576K
}

