# JRE version: OpenJDK Runtime Environment (11.0.10) (build 11.0.10+0-b96-7249189)
# Java VM: OpenJDK 64-Bit Server VM (11.0.10+0-b96-7249189, mixed mode, tiered, compressed oops, g1 gc, windows-amd64)
Heap:
 garbage-first heap   total 244736K, used 158360K [0x0000000080000000, 0x0000000100000000)
  region size 1024K, 2 young (2048K), 2 survivors (2048K)
 Metaspace       used 90360K, capacity 93092K, committed 93568K, reserved 1130496K
  class space    used 11644K, capacity 12651K, committed 12748K, reserved 1048576K
GC Heap History (20 events):
Event: 14.161 GC heap after
{Heap after GC invocations=22 (full 0):
 garbage-first heap   total 187392K, used 80810K [0x0000000080000000, 0x0000000100000000)
  region size 1024K, 10 young (10240K), 10 survivors (10240K)
 Metaspace       used 82099K, capacity 84867K, committed 85120K, reserved 1122304K
  class space    used 10674K, capacity 11674K, committed 11724K, reserved 1048576K
}
Event: 14.815 GC heap before
{Heap before GC invocations=22 (full 0):
 garbage-first heap   total 187392K, used 145322K [0x0000000080000000, 0x0000000100000000)
  region size 1024K, 74 young (75776K), 10 survivors (10240K)
 Metaspace       used 83276K, capacity 86049K, committed 86272K, reserved 1124352K
  class space    used 10750K, capacity 11769K, committed 11852K, reserved 1048576K
}
Event: 14.824 GC heap after
{Heap after GC invocations=23 (full 0):
 garbage-first heap   total 187392K, used 84649K [0x0000000080000000, 0x0000000100000000)
  region size 1024K, 9 young (9216K), 9 survivors (9216K)
 Metaspace       used 83276K, capacity 86049K, committed 86272K, reserved 1124352K
  class space    used 10750K, capacity 11769K, committed 11852K, reserved 1048576K
}
Event: 15.390 GC heap before
{Heap before GC invocations=23 (full 0):
 garbage-first heap   total 187392K, used 149161K [0x0000000080000000, 0x0000000100000000)
  region size 1024K, 73 young (74752K), 9 survivors (9216K)
 Metaspace       used 85269K, capacity 88042K, committed 88320K, reserved 1126400K
  class space    used 11024K, capacity 12039K, committed 12108K, reserved 1048576K
}
Event: 15.400 GC heap after
{Heap after GC invocations=24 (full 0):
 garbage-first heap   total 187392K, used 87194K [0x0000000080000000, 0x0000000100000000)
  region size 1024K, 7 young (7168K), 7 survivors (7168K)
 Metaspace       used 85269K, capacity 88042K, committed 88320K, reserved 1126400K
  class space    used 11024K, capacity 12039K, committed 12108K, reserved 1048576K
}
Event: 15.915 GC heap before
{Heap before GC invocations=24 (full 0):
 garbage-first heap   total 187392K, used 150682K [0x0000000080000000, 0x0000000100000000)
  region size 1024K, 70 young (71680K), 7 survivors (7168K)
 Metaspace       used 87102K, capacity 89957K, committed 90112K, reserved 1126400K
  class space    used 11231K, capacity 12269K, committed 12364K, reserved 1048576K
}
Event: 15.927 GC heap after
{Heap after GC invocations=25 (full 0):
 garbage-first heap   total 187392K, used 90329K [0x0000000080000000, 0x0000000100000000)
  region size 1024K, 6 young (6144K), 6 survivors (6144K)
 Metaspace       used 87102K, capacity 89957K, committed 90112K, reserved 1126400K
  class space    used 11231K, capacity 12269K, committed 12364K, reserved 1048576K
}
Event: 16.061 GC heap before
{Heap before GC invocations=25 (full 0):
 garbage-first heap   total 187392K, used 106713K [0x0000000080000000, 0x0000000100000000)
  region size 1024K, 23 young (23552K), 6 survivors (6144K)
 Metaspace       used 87449K, capacity 90269K, committed 90368K, reserved 1128448K
  class space    used 11263K, capacity 12305K, committed 12364K, reserved 1048576K
}
Event: 16.068 GC heap after
{Heap after GC invocations=26 (full 0):
 garbage-first heap   total 187392K, used 92120K [0x0000000080000000, 0x0000000100000000)
  region size 1024K, 6 young (6144K), 6 survivors (6144K)
 Metaspace       used 87449K, capacity 90269K, committed 90368K, reserved 1128448K
  class space    used 11263K, capacity 12305K, committed 12364K, reserved 1048576K
}
Event: 16.383 GC heap before
{Heap before GC invocations=27 (full 0):
 garbage-first heap   total 187392K, used 107480K [0x0000000080000000, 0x0000000100000000)
  region size 1024K, 17 young (17408K), 6 survivors (6144K)
 Metaspace       used 87462K, capacity 90086K, committed 90624K, reserved 1128448K
  class space    used 11233K, capacity 12201K, committed 12364K, reserved 1048576K
}
Event: 16.395 GC heap after
{Heap after GC invocations=28 (full 0):
 garbage-first heap   total 187392K, used 103296K [0x0000000080000000, 0x0000000100000000)
  region size 1024K, 7 young (7168K), 7 survivors (7168K)
 Metaspace       used 87462K, capacity 90086K, committed 90624K, reserved 1128448K
  class space    used 11233K, capacity 12201K, committed 12364K, reserved 1048576K
}
Event: 16.749 GC heap before
{Heap before GC invocations=29 (full 0):
 garbage-first heap   total 187392K, used 120704K [0x0000000080000000, 0x0000000100000000)
  region size 1024K, 20 young (20480K), 7 survivors (7168K)
 Metaspace       used 90098K, capacity 92793K, committed 93312K, reserved 1130496K
  class space    used 11618K, capacity 12616K, committed 12748K, reserved 1048576K
}
Event: 16.756 GC heap after
{Heap after GC invocations=30 (full 0):
 garbage-first heap   total 187392K, used 111955K [0x0000000080000000, 0x0000000100000000)
  region size 1024K, 3 young (3072K), 3 survivors (3072K)
 Metaspace       used 90098K, capacity 92793K, committed 93312K, reserved 1130496K
  class space    used 11618K, capacity 12616K, committed 12748K, reserved 1048576K
}
Event: 17.025 GC heap before
{Heap before GC invocations=31 (full 0):
 garbage-first heap   total 187392K, used 172371K [0x0000000080000000, 0x0000000100000000)
  region size 1024K, 39 young (39936K), 3 survivors (3072K)
 Metaspace       used 90360K, capacity 93092K, committed 93568K, reserved 1130496K
  class space    used 11644K, capacity 12651K, committed 12748K, reserved 1048576K
}
Event: 17.041 GC heap after
{Heap after GC invocations=32 (full 0):
 garbage-first heap   total 193536K, used 140881K [0x0000000080000000, 0x0000000100000000)
  region size 1024K, 5 young (5120K), 5 survivors (5120K)
 Metaspace       used 90360K, capacity 93092K, committed 93568K, reserved 1130496K
  class space    used 11644K, capacity 12651K, committed 12748K, reserved 1048576K
}
Event: 17.118 GC heap before
{Heap before GC invocations=32 (full 0):
 garbage-first heap   total 193536K, used 152145K [0x0000000080000000, 0x0000000100000000)
  region size 1024K, 18 young (18432K), 5 survivors (5120K)
 Metaspace       used 90360K, capacity 93092K, committed 93568K, reserved 1130496K
  class space    used 11644K, capacity 12651K, committed 12748K, reserved 1048576K
}
Event: 17.142 GC heap after
{Heap after GC invocations=33 (full 0):
 garbage-first heap   total 193536K, used 145369K [0x0000000080000000, 0x0000000100000000)
  region size 1024K, 3 young (3072K), 3 survivors (3072K)
 Metaspace       used 90360K, capacity 93092K, committed 93568K, reserved 1130496K
  class space    used 11644K, capacity 12651K, committed 12748K, reserved 1048576K
}
Event: 17.255 GC heap before
{Heap before GC invocations=33 (full 0):
 garbage-first heap   total 193536K, used 161753K [0x0000000080000000, 0x0000000100000000)
  region size 1024K, 18 young (18432K), 3 survivors (3072K)
 Metaspace       used 90360K, capacity 93092K, committed 93568K, reserved 1130496K
  class space    used 11644K, capacity 12651K, committed 12748K, reserved 1048576K
}
Event: 17.271 GC heap after
{Heap after GC invocations=34 (full 0):
 garbage-first heap   total 193536K, used 153868K [0x0000000080000000, 0x0000000100000000)
  region size 1024K, 3 young (3072K), 3 survivors (3072K)
 Metaspace       used 90360K, capacity 93092K, committed 93568K, reserved 1130496K
  class space    used 11644K, capacity 12651K, committed 12748K, reserved 1048576K
}
Event: 17.340 GC heap before
{Heap before GC invocations=34 (full 0):
 garbage-first heap   total 193536K, used 163084K [0x0000000080000000, 0x0000000100000000)
  region size 1024K, 13 young (13312K), 3 survivors (3072K)
 Metaspace       used 90360K, capacity 93092K, committed 93568K, reserved 1130496K
  class space    used 11644K, capacity 12651K, committed 12748K, reserved 1048576K
}

