# JRE version: OpenJDK Runtime Environment (11.0.10) (build 11.0.10+0-b96-7249189)
# Java VM: OpenJDK 64-Bit Server VM (11.0.10+0-b96-7249189, mixed mode, tiered, compressed oops, g1 gc, windows-amd64)
Heap:
 garbage-first heap   total 471040K, used 233989K [0x0000000080000000, 0x0000000100000000)
  region size 1024K, 52 young (53248K), 7 survivors (7168K)
 Metaspace       used 133486K, capacity 137613K, committed 139264K, reserved 1169408K
  class space    used 16173K, capacity 17718K, committed 18508K, reserved 1048576K
GC Heap History (20 events):
Event: 116.932 GC heap before
{Heap before GC invocations=73 (full 0):
 garbage-first heap   total 333824K, used 268930K [0x0000000080000000, 0x0000000100000000)
  region size 1024K, 68 young (69632K), 6 survivors (6144K)
 Metaspace       used 132773K, capacity 137535K, committed 137600K, reserved 1169408K
  class space    used 16469K, capacity 18321K, committed 18380K, reserved 1048576K
}
Event: 116.943 GC heap after
{Heap after GC invocations=74 (full 0):
 garbage-first heap   total 333824K, used 210346K [0x0000000080000000, 0x0000000100000000)
  region size 1024K, 7 young (7168K), 7 survivors (7168K)
 Metaspace       used 132773K, capacity 137535K, committed 137600K, reserved 1169408K
  class space    used 16469K, capacity 18321K, committed 18380K, reserved 1048576K
}
Event: 117.248 GC heap before
{Heap before GC invocations=74 (full 0):
 garbage-first heap   total 333824K, used 272810K [0x0000000080000000, 0x0000000100000000)
  region size 1024K, 70 young (71680K), 7 survivors (7168K)
 Metaspace       used 133350K, capacity 138200K, committed 138496K, reserved 1169408K
  class space    used 16549K, capacity 18410K, committed 18508K, reserved 1048576K
}
Event: 117.259 GC heap after
{Heap after GC invocations=75 (full 0):
 garbage-first heap   total 333824K, used 215443K [0x0000000080000000, 0x0000000100000000)
  region size 1024K, 9 young (9216K), 9 survivors (9216K)
 Metaspace       used 133350K, capacity 138200K, committed 138496K, reserved 1169408K
  class space    used 16549K, capacity 18410K, committed 18508K, reserved 1048576K
}
Event: 117.337 GC heap before
{Heap before GC invocations=75 (full 0):
 garbage-first heap   total 333824K, used 237971K [0x0000000080000000, 0x0000000100000000)
  region size 1024K, 32 young (32768K), 9 survivors (9216K)
 Metaspace       used 133351K, capacity 138200K, committed 138496K, reserved 1169408K
  class space    used 16549K, capacity 18410K, committed 18508K, reserved 1048576K
}
Event: 117.359 GC heap after
{Heap after GC invocations=76 (full 0):
 garbage-first heap   total 333824K, used 218688K [0x0000000080000000, 0x0000000100000000)
  region size 1024K, 5 young (5120K), 5 survivors (5120K)
 Metaspace       used 133351K, capacity 138200K, committed 138496K, reserved 1169408K
  class space    used 16549K, capacity 18410K, committed 18508K, reserved 1048576K
}
Event: 117.805 GC heap before
{Heap before GC invocations=77 (full 0):
 garbage-first heap   total 333824K, used 258624K [0x0000000080000000, 0x0000000100000000)
  region size 1024K, 51 young (52224K), 5 survivors (5120K)
 Metaspace       used 131379K, capacity 135449K, committed 138752K, reserved 1169408K
  class space    used 16015K, capacity 17527K, committed 18508K, reserved 1048576K
}
Event: 117.815 GC heap after
{Heap after GC invocations=78 (full 0):
 garbage-first heap   total 333824K, used 212832K [0x0000000080000000, 0x0000000100000000)
  region size 1024K, 6 young (6144K), 6 survivors (6144K)
 Metaspace       used 131379K, capacity 135449K, committed 138752K, reserved 1169408K
  class space    used 16015K, capacity 17527K, committed 18508K, reserved 1048576K
}
Event: 117.854 GC heap before
{Heap before GC invocations=78 (full 0):
 garbage-first heap   total 333824K, used 223072K [0x0000000080000000, 0x0000000100000000)
  region size 1024K, 16 young (16384K), 6 survivors (6144K)
 Metaspace       used 131398K, capacity 135449K, committed 138752K, reserved 1169408K
  class space    used 16018K, capacity 17527K, committed 18508K, reserved 1048576K
}
Event: 117.870 GC heap after
{Heap after GC invocations=79 (full 0):
 garbage-first heap   total 402432K, used 183054K [0x0000000080000000, 0x0000000100000000)
  region size 1024K, 1 young (1024K), 1 survivors (1024K)
 Metaspace       used 131398K, capacity 135449K, committed 138752K, reserved 1169408K
  class space    used 16018K, capacity 17527K, committed 18508K, reserved 1048576K
}
Event: 117.941 GC heap before
{Heap before GC invocations=79 (full 0):
 garbage-first heap   total 402432K, used 201486K [0x0000000080000000, 0x0000000100000000)
  region size 1024K, 19 young (19456K), 1 survivors (1024K)
 Metaspace       used 131414K, capacity 135472K, committed 138752K, reserved 1169408K
  class space    used 16023K, capacity 17535K, committed 18508K, reserved 1048576K
}
Event: 117.952 GC heap after
{Heap after GC invocations=80 (full 0):
 garbage-first heap   total 402432K, used 180443K [0x0000000080000000, 0x0000000100000000)
  region size 1024K, 2 young (2048K), 2 survivors (2048K)
 Metaspace       used 131414K, capacity 135472K, committed 138752K, reserved 1169408K
  class space    used 16023K, capacity 17535K, committed 18508K, reserved 1048576K
}
Event: 118.413 GC heap before
{Heap before GC invocations=80 (full 0):
 garbage-first heap   total 402432K, used 285915K [0x0000000080000000, 0x0000000100000000)
  region size 1024K, 104 young (106496K), 2 survivors (2048K)
 Metaspace       used 131641K, capacity 135644K, committed 138752K, reserved 1169408K
  class space    used 16049K, capacity 17548K, committed 18508K, reserved 1048576K
}
Event: 118.420 GC heap after
{Heap after GC invocations=81 (full 0):
 garbage-first heap   total 402432K, used 186728K [0x0000000080000000, 0x0000000100000000)
  region size 1024K, 5 young (5120K), 5 survivors (5120K)
 Metaspace       used 131641K, capacity 135644K, committed 138752K, reserved 1169408K
  class space    used 16049K, capacity 17548K, committed 18508K, reserved 1048576K
}
Event: 118.841 GC heap before
{Heap before GC invocations=81 (full 0):
 garbage-first heap   total 402432K, used 301416K [0x0000000080000000, 0x0000000100000000)
  region size 1024K, 118 young (120832K), 5 survivors (5120K)
 Metaspace       used 131971K, capacity 136007K, committed 138752K, reserved 1169408K
  class space    used 16082K, capacity 17594K, committed 18508K, reserved 1048576K
}
Event: 118.851 GC heap after
{Heap after GC invocations=82 (full 0):
 garbage-first heap   total 402432K, used 186402K [0x0000000080000000, 0x0000000100000000)
  region size 1024K, 7 young (7168K), 7 survivors (7168K)
 Metaspace       used 131971K, capacity 136007K, committed 138752K, reserved 1169408K
  class space    used 16082K, capacity 17594K, committed 18508K, reserved 1048576K
}
Event: 119.722 GC heap before
{Heap before GC invocations=82 (full 0):
 garbage-first heap   total 402432K, used 308258K [0x0000000080000000, 0x0000000100000000)
  region size 1024K, 127 young (130048K), 7 survivors (7168K)
 Metaspace       used 133015K, capacity 137206K, committed 139008K, reserved 1169408K
  class space    used 16156K, capacity 17708K, committed 18508K, reserved 1048576K
}
Event: 119.734 GC heap after
{Heap after GC invocations=83 (full 0):
 garbage-first heap   total 402432K, used 190586K [0x0000000080000000, 0x0000000100000000)
  region size 1024K, 11 young (11264K), 11 survivors (11264K)
 Metaspace       used 133015K, capacity 137206K, committed 139008K, reserved 1169408K
  class space    used 16156K, capacity 17708K, committed 18508K, reserved 1048576K
}
Event: 127.516 GC heap before
{Heap before GC invocations=83 (full 0):
 garbage-first heap   total 402432K, used 316538K [0x0000000080000000, 0x0000000100000000)
  region size 1024K, 135 young (138240K), 11 survivors (11264K)
 Metaspace       used 133362K, capacity 137468K, committed 139264K, reserved 1169408K
  class space    used 16168K, capacity 17715K, committed 18508K, reserved 1048576K
}
Event: 127.540 GC heap after
{Heap after GC invocations=84 (full 0):
 garbage-first heap   total 471040K, used 187909K [0x0000000080000000, 0x0000000100000000)
  region size 1024K, 7 young (7168K), 7 survivors (7168K)
 Metaspace       used 133362K, capacity 137468K, committed 139264K, reserved 1169408K
  class space    used 16168K, capacity 17715K, committed 18508K, reserved 1048576K
}

