# JRE version: OpenJDK Runtime Environment (11.0.10) (build 11.0.10+0-b96-7249189)
# Java VM: OpenJDK 64-Bit Server VM (11.0.10+0-b96-7249189, mixed mode, tiered, compressed oops, g1 gc, windows-amd64)
Heap:
 garbage-first heap   total 899072K, used 239143K [0x0000000080000000, 0x0000000100000000)
  region size 1024K, 5 young (5120K), 5 survivors (5120K)
 Metaspace       used 95761K, capacity 98720K, committed 98944K, reserved 1134592K
  class space    used 12554K, capacity 13661K, committed 13772K, reserved 1048576K
GC Heap History (20 events):
Event: 19.288 GC heap after
{Heap after GC invocations=35 (full 0):
 garbage-first heap   total 192512K, used 157817K [0x0000000080000000, 0x0000000100000000)
  region size 1024K, 2 young (2048K), 2 survivors (2048K)
 Metaspace       used 90702K, capacity 93321K, committed 93952K, reserved 1130496K
  class space    used 11671K, capacity 12621K, committed 12876K, reserved 1048576K
}
Event: 19.331 GC heap before
{Heap before GC invocations=35 (full 0):
 garbage-first heap   total 192512K, used 163961K [0x0000000080000000, 0x0000000100000000)
  region size 1024K, 9 young (9216K), 2 survivors (2048K)
 Metaspace       used 90702K, capacity 93321K, committed 93952K, reserved 1130496K
  class space    used 11671K, capacity 12621K, committed 12876K, reserved 1048576K
}
Event: 19.340 GC heap after
{Heap after GC invocations=36 (full 0):
 garbage-first heap   total 192512K, used 160892K [0x0000000080000000, 0x0000000100000000)
  region size 1024K, 2 young (2048K), 2 survivors (2048K)
 Metaspace       used 90702K, capacity 93321K, committed 93952K, reserved 1130496K
  class space    used 11671K, capacity 12621K, committed 12876K, reserved 1048576K
}
Event: 19.394 GC heap before
{Heap before GC invocations=36 (full 0):
 garbage-first heap   total 192512K, used 167036K [0x0000000080000000, 0x0000000100000000)
  region size 1024K, 9 young (9216K), 2 survivors (2048K)
 Metaspace       used 90702K, capacity 93321K, committed 93952K, reserved 1130496K
  class space    used 11671K, capacity 12621K, committed 12876K, reserved 1048576K
}
Event: 19.405 GC heap after
{Heap after GC invocations=37 (full 0):
 garbage-first heap   total 231424K, used 164033K [0x0000000080000000, 0x0000000100000000)
  region size 1024K, 2 young (2048K), 2 survivors (2048K)
 Metaspace       used 90702K, capacity 93321K, committed 93952K, reserved 1130496K
  class space    used 11671K, capacity 12621K, committed 12876K, reserved 1048576K
}
Event: 19.609 GC heap before
{Heap before GC invocations=38 (full 0):
 garbage-first heap   total 231424K, used 184513K [0x0000000080000000, 0x0000000100000000)
  region size 1024K, 22 young (22528K), 2 survivors (2048K)
 Metaspace       used 92921K, capacity 95719K, committed 95872K, reserved 1132544K
  class space    used 12150K, capacity 13188K, committed 13260K, reserved 1048576K
}
Event: 19.621 GC heap after
{Heap after GC invocations=39 (full 0):
 garbage-first heap   total 231424K, used 171721K [0x0000000080000000, 0x0000000100000000)
  region size 1024K, 3 young (3072K), 3 survivors (3072K)
 Metaspace       used 92921K, capacity 95719K, committed 95872K, reserved 1132544K
  class space    used 12150K, capacity 13188K, committed 13260K, reserved 1048576K
}
Event: 19.661 GC heap before
{Heap before GC invocations=39 (full 0):
 garbage-first heap   total 231424K, used 188105K [0x0000000080000000, 0x0000000100000000)
  region size 1024K, 20 young (20480K), 3 survivors (3072K)
 Metaspace       used 92948K, capacity 95719K, committed 95872K, reserved 1132544K
  class space    used 12151K, capacity 13188K, committed 13260K, reserved 1048576K
}
Event: 19.676 GC heap after
{Heap after GC invocations=40 (full 0):
 garbage-first heap   total 231424K, used 180898K [0x0000000080000000, 0x0000000100000000)
  region size 1024K, 3 young (3072K), 3 survivors (3072K)
 Metaspace       used 92948K, capacity 95719K, committed 95872K, reserved 1132544K
  class space    used 12151K, capacity 13188K, committed 13260K, reserved 1048576K
}
Event: 19.709 GC heap before
{Heap before GC invocations=40 (full 0):
 garbage-first heap   total 231424K, used 193186K [0x0000000080000000, 0x0000000100000000)
  region size 1024K, 15 young (15360K), 3 survivors (3072K)
 Metaspace       used 92983K, capacity 95723K, committed 95872K, reserved 1132544K
  class space    used 12151K, capacity 13188K, committed 13260K, reserved 1048576K
}
Event: 19.719 GC heap after
{Heap after GC invocations=41 (full 0):
 garbage-first heap   total 231424K, used 187587K [0x0000000080000000, 0x0000000100000000)
  region size 1024K, 2 young (2048K), 2 survivors (2048K)
 Metaspace       used 92983K, capacity 95723K, committed 95872K, reserved 1132544K
  class space    used 12151K, capacity 13188K, committed 13260K, reserved 1048576K
}
Event: 19.741 GC heap before
{Heap before GC invocations=41 (full 0):
 garbage-first heap   total 231424K, used 196803K [0x0000000080000000, 0x0000000100000000)
  region size 1024K, 11 young (11264K), 2 survivors (2048K)
 Metaspace       used 93002K, capacity 95790K, committed 96128K, reserved 1132544K
  class space    used 12151K, capacity 13188K, committed 13260K, reserved 1048576K
}
Event: 19.754 GC heap after
{Heap after GC invocations=42 (full 0):
 garbage-first heap   total 380928K, used 193234K [0x0000000080000000, 0x0000000100000000)
  region size 1024K, 2 young (2048K), 2 survivors (2048K)
 Metaspace       used 93002K, capacity 95790K, committed 96128K, reserved 1132544K
  class space    used 12151K, capacity 13188K, committed 13260K, reserved 1048576K
}
Event: 19.913 GC heap before
{Heap before GC invocations=42 (full 0):
 garbage-first heap   total 380928K, used 248530K [0x0000000080000000, 0x0000000100000000)
  region size 1024K, 56 young (57344K), 2 survivors (2048K)
 Metaspace       used 93018K, capacity 95790K, committed 96128K, reserved 1132544K
  class space    used 12151K, capacity 13188K, committed 13260K, reserved 1048576K
}
Event: 19.953 GC heap after
{Heap after GC invocations=43 (full 0):
 garbage-first heap   total 380928K, used 220966K [0x0000000080000000, 0x0000000100000000)
  region size 1024K, 7 young (7168K), 7 survivors (7168K)
 Metaspace       used 93018K, capacity 95790K, committed 96128K, reserved 1132544K
  class space    used 12151K, capacity 13188K, committed 13260K, reserved 1048576K
}
Event: 20.280 GC heap before
{Heap before GC invocations=44 (full 0):
 garbage-first heap   total 380928K, used 269094K [0x0000000080000000, 0x0000000100000000)
  region size 1024K, 54 young (55296K), 7 survivors (7168K)
 Metaspace       used 94839K, capacity 97682K, committed 97920K, reserved 1134592K
  class space    used 12430K, capacity 13498K, committed 13516K, reserved 1048576K
}
Event: 20.310 GC heap after
{Heap after GC invocations=45 (full 0):
 garbage-first heap   total 380928K, used 241086K [0x0000000080000000, 0x0000000100000000)
  region size 1024K, 7 young (7168K), 7 survivors (7168K)
 Metaspace       used 94839K, capacity 97682K, committed 97920K, reserved 1134592K
  class space    used 12430K, capacity 13498K, committed 13516K, reserved 1048576K
}
Event: 20.672 GC heap before
{Heap before GC invocations=45 (full 0):
 garbage-first heap   total 380928K, used 282046K [0x0000000080000000, 0x0000000100000000)
  region size 1024K, 48 young (49152K), 7 survivors (7168K)
 Metaspace       used 95320K, capacity 98316K, committed 98560K, reserved 1134592K
  class space    used 12513K, capacity 13623K, committed 13644K, reserved 1048576K
}
Event: 20.694 GC heap after
{Heap after GC invocations=46 (full 0):
 garbage-first heap   total 380928K, used 248832K [0x0000000080000000, 0x0000000100000000)
  region size 1024K, 6 young (6144K), 6 survivors (6144K)
 Metaspace       used 95320K, capacity 98316K, committed 98560K, reserved 1134592K
  class space    used 12513K, capacity 13623K, committed 13644K, reserved 1048576K
}
Event: 21.060 GC heap before
{Heap before GC invocations=46 (full 0):
 garbage-first heap   total 380928K, used 277504K [0x0000000080000000, 0x0000000100000000)
  region size 1024K, 48 young (49152K), 6 survivors (6144K)
 Metaspace       used 95761K, capacity 98720K, committed 98944K, reserved 1134592K
  class space    used 12554K, capacity 13661K, committed 13772K, reserved 1048576K
}

