# JRE version: OpenJDK Runtime Environment (11.0.10) (build 11.0.10+0-b96-7249189)
# Java VM: OpenJDK 64-Bit Server VM (11.0.10+0-b96-7249189, mixed mode, tiered, compressed oops, g1 gc, windows-amd64)
Heap:
 garbage-first heap   total 155648K, used 101304K [0x0000000080000000, 0x0000000100000000)
  region size 1024K, 40 young (40960K), 8 survivors (8192K)
 Metaspace       used 60493K, capacity 62279K, committed 62464K, reserved 1103872K
  class space    used 7819K, capacity 8395K, committed 8448K, reserved 1048576K
GC Heap History (20 events):
Event: 2.460 GC heap before
{Heap before GC invocations=2 (full 0):
 garbage-first heap   total 129024K, used 62990K [0x0000000080000000, 0x0000000100000000)
  region size 1024K, 53 young (54272K), 1 survivors (1024K)
 Metaspace       used 17776K, capacity 18223K, committed 18432K, reserved 1064960K
  class space    used 2101K, capacity 2249K, committed 2304K, reserved 1048576K
}
Event: 2.464 GC heap after
{Heap after GC invocations=3 (full 0):
 garbage-first heap   total 129024K, used 16224K [0x0000000080000000, 0x0000000100000000)
  region size 1024K, 7 young (7168K), 7 survivors (7168K)
 Metaspace       used 17776K, capacity 18223K, committed 18432K, reserved 1064960K
  class space    used 2101K, capacity 2249K, committed 2304K, reserved 1048576K
}
Event: 2.776 GC heap before
{Heap before GC invocations=3 (full 0):
 garbage-first heap   total 129024K, used 38752K [0x0000000080000000, 0x0000000100000000)
  region size 1024K, 30 young (30720K), 7 survivors (7168K)
 Metaspace       used 20617K, capacity 21127K, committed 21248K, reserved 1067008K
  class space    used 2518K, capacity 2733K, committed 2816K, reserved 1048576K
}
Event: 2.784 GC heap after
{Heap after GC invocations=4 (full 0):
 garbage-first heap   total 129024K, used 16728K [0x0000000080000000, 0x0000000100000000)
  region size 1024K, 1 young (1024K), 1 survivors (1024K)
 Metaspace       used 20617K, capacity 21127K, committed 21248K, reserved 1067008K
  class space    used 2518K, capacity 2733K, committed 2816K, reserved 1048576K
}
Event: 3.479 GC heap before
{Heap before GC invocations=5 (full 0):
 garbage-first heap   total 129024K, used 66904K [0x0000000080000000, 0x0000000100000000)
  region size 1024K, 51 young (52224K), 1 survivors (1024K)
 Metaspace       used 25952K, capacity 26577K, committed 26752K, reserved 1073152K
  class space    used 3402K, capacity 3640K, committed 3712K, reserved 1048576K
}
Event: 3.482 GC heap after
{Heap after GC invocations=6 (full 0):
 garbage-first heap   total 129024K, used 18466K [0x0000000080000000, 0x0000000100000000)
  region size 1024K, 3 young (3072K), 3 survivors (3072K)
 Metaspace       used 25952K, capacity 26577K, committed 26752K, reserved 1073152K
  class space    used 3402K, capacity 3640K, committed 3712K, reserved 1048576K
}
Event: 4.381 GC heap before
{Heap before GC invocations=6 (full 0):
 garbage-first heap   total 129024K, used 82978K [0x0000000080000000, 0x0000000100000000)
  region size 1024K, 57 young (58368K), 3 survivors (3072K)
 Metaspace       used 31056K, capacity 31892K, committed 32256K, reserved 1077248K
  class space    used 4193K, capacity 4494K, committed 4608K, reserved 1048576K
}
Event: 4.386 GC heap after
{Heap after GC invocations=7 (full 0):
 garbage-first heap   total 129024K, used 33191K [0x0000000080000000, 0x0000000100000000)
  region size 1024K, 7 young (7168K), 7 survivors (7168K)
 Metaspace       used 31056K, capacity 31892K, committed 32256K, reserved 1077248K
  class space    used 4193K, capacity 4494K, committed 4608K, reserved 1048576K
}
Event: 4.726 GC heap before
{Heap before GC invocations=7 (full 0):
 garbage-first heap   total 129024K, used 45479K [0x0000000080000000, 0x0000000100000000)
  region size 1024K, 21 young (21504K), 7 survivors (7168K)
 Metaspace       used 34838K, capacity 35725K, committed 35840K, reserved 1081344K
  class space    used 4560K, capacity 4898K, committed 4992K, reserved 1048576K
}
Event: 4.739 GC heap after
{Heap after GC invocations=8 (full 0):
 garbage-first heap   total 129024K, used 35947K [0x0000000080000000, 0x0000000100000000)
  region size 1024K, 3 young (3072K), 3 survivors (3072K)
 Metaspace       used 34838K, capacity 35725K, committed 35840K, reserved 1081344K
  class space    used 4560K, capacity 4898K, committed 4992K, reserved 1048576K
}
Event: 5.324 GC heap before
{Heap before GC invocations=9 (full 0):
 garbage-first heap   total 129024K, used 79979K [0x0000000080000000, 0x0000000100000000)
  region size 1024K, 44 young (45056K), 3 survivors (3072K)
 Metaspace       used 39202K, capacity 40193K, committed 40448K, reserved 1085440K
  class space    used 5000K, capacity 5361K, committed 5376K, reserved 1048576K
}
Event: 5.332 GC heap after
{Heap after GC invocations=10 (full 0):
 garbage-first heap   total 155648K, used 39192K [0x0000000080000000, 0x0000000100000000)
  region size 1024K, 6 young (6144K), 6 survivors (6144K)
 Metaspace       used 39202K, capacity 40193K, committed 40448K, reserved 1085440K
  class space    used 5000K, capacity 5361K, committed 5376K, reserved 1048576K
}
Event: 6.824 GC heap before
{Heap before GC invocations=11 (full 0):
 garbage-first heap   total 155648K, used 102680K [0x0000000080000000, 0x0000000100000000)
  region size 1024K, 59 young (60416K), 6 survivors (6144K)
 Metaspace       used 43712K, capacity 44961K, committed 45184K, reserved 1089536K
  class space    used 5506K, capacity 5942K, committed 6016K, reserved 1048576K
}
Event: 6.830 GC heap after
{Heap after GC invocations=12 (full 0):
 garbage-first heap   total 155648K, used 51859K [0x0000000080000000, 0x0000000100000000)
  region size 1024K, 8 young (8192K), 8 survivors (8192K)
 Metaspace       used 43712K, capacity 44961K, committed 45184K, reserved 1089536K
  class space    used 5506K, capacity 5942K, committed 6016K, reserved 1048576K
}
Event: 7.435 GC heap before
{Heap before GC invocations=12 (full 0):
 garbage-first heap   total 155648K, used 103059K [0x0000000080000000, 0x0000000100000000)
  region size 1024K, 58 young (59392K), 8 survivors (8192K)
 Metaspace       used 46910K, capacity 48170K, committed 48512K, reserved 1091584K
  class space    used 6007K, capacity 6437K, committed 6528K, reserved 1048576K
}
Event: 7.443 GC heap after
{Heap after GC invocations=13 (full 0):
 garbage-first heap   total 155648K, used 55189K [0x0000000080000000, 0x0000000100000000)
  region size 1024K, 4 young (4096K), 4 survivors (4096K)
 Metaspace       used 46910K, capacity 48170K, committed 48512K, reserved 1091584K
  class space    used 6007K, capacity 6437K, committed 6528K, reserved 1048576K
}
Event: 8.293 GC heap before
{Heap before GC invocations=13 (full 0):
 garbage-first heap   total 155648K, used 106389K [0x0000000080000000, 0x0000000100000000)
  region size 1024K, 55 young (56320K), 4 survivors (4096K)
 Metaspace       used 49457K, capacity 50934K, committed 51200K, reserved 1093632K
  class space    used 6324K, capacity 6795K, committed 6912K, reserved 1048576K
}
Event: 8.298 GC heap after
{Heap after GC invocations=14 (full 0):
 garbage-first heap   total 155648K, used 58044K [0x0000000080000000, 0x0000000100000000)
  region size 1024K, 7 young (7168K), 7 survivors (7168K)
 Metaspace       used 49457K, capacity 50934K, committed 51200K, reserved 1093632K
  class space    used 6324K, capacity 6795K, committed 6912K, reserved 1048576K
}
Event: 9.152 GC heap before
{Heap before GC invocations=14 (full 0):
 garbage-first heap   total 155648K, used 115388K [0x0000000080000000, 0x0000000100000000)
  region size 1024K, 59 young (60416K), 7 survivors (7168K)
 Metaspace       used 55500K, capacity 57144K, committed 57344K, reserved 1099776K
  class space    used 7091K, capacity 7638K, committed 7680K, reserved 1048576K
}
Event: 9.161 GC heap after
{Heap after GC invocations=15 (full 0):
 garbage-first heap   total 155648K, used 70584K [0x0000000080000000, 0x0000000100000000)
  region size 1024K, 8 young (8192K), 8 survivors (8192K)
 Metaspace       used 55500K, capacity 57144K, committed 57344K, reserved 1099776K
  class space    used 7091K, capacity 7638K, committed 7680K, reserved 1048576K
}

