# JRE version: OpenJDK Runtime Environment (11.0.10) (build 11.0.10+0-b96-7249189)
# Java VM: OpenJDK 64-Bit Server VM (11.0.10+0-b96-7249189, mixed mode, tiered, compressed oops, g1 gc, windows-amd64)
Heap:
 garbage-first heap   total 155648K, used 126730K [0x0000000080000000, 0x0000000100000000)
  region size 1024K, 34 young (34816K), 4 survivors (4096K)
 Metaspace       used 85958K, capacity 88394K, committed 88704K, reserved 1126400K
  class space    used 10969K, capacity 11817K, committed 11904K, reserved 1048576K
GC Heap History (20 events):
Event: 10.900 GC heap before
{Heap before GC invocations=14 (full 0):
 garbage-first heap   total 155648K, used 119258K [0x0000000080000000, 0x0000000100000000)
  region size 1024K, 50 young (51200K), 3 survivors (3072K)
 Metaspace       used 55583K, capacity 57467K, committed 57728K, reserved 1099776K
  class space    used 7165K, capacity 7774K, committed 7808K, reserved 1048576K
}
Event: 10.906 GC heap after
{Heap after GC invocations=15 (full 0):
 garbage-first heap   total 155648K, used 72562K [0x0000000080000000, 0x0000000100000000)
  region size 1024K, 5 young (5120K), 5 survivors (5120K)
 Metaspace       used 55583K, capacity 57467K, committed 57728K, reserved 1099776K
  class space    used 7165K, capacity 7774K, committed 7808K, reserved 1048576K
}
Event: 11.374 GC heap before
{Heap before GC invocations=15 (full 0):
 garbage-first heap   total 155648K, used 92018K [0x0000000080000000, 0x0000000100000000)
  region size 1024K, 25 young (25600K), 5 survivors (5120K)
 Metaspace       used 58153K, capacity 60079K, committed 60160K, reserved 1101824K
  class space    used 7477K, capacity 8111K, committed 8192K, reserved 1048576K
}
Event: 11.383 GC heap after
{Heap after GC invocations=16 (full 0):
 garbage-first heap   total 155648K, used 73054K [0x0000000080000000, 0x0000000100000000)
  region size 1024K, 3 young (3072K), 3 survivors (3072K)
 Metaspace       used 58153K, capacity 60079K, committed 60160K, reserved 1101824K
  class space    used 7477K, capacity 8111K, committed 8192K, reserved 1048576K
}
Event: 12.511 GC heap before
{Heap before GC invocations=17 (full 0):
 garbage-first heap   total 155648K, used 123230K [0x0000000080000000, 0x0000000100000000)
  region size 1024K, 52 young (53248K), 3 survivors (3072K)
 Metaspace       used 66181K, capacity 68292K, committed 68352K, reserved 1107968K
  class space    used 8466K, capacity 9162K, committed 9216K, reserved 1048576K
}
Event: 12.516 GC heap after
{Heap after GC invocations=18 (full 0):
 garbage-first heap   total 155648K, used 75821K [0x0000000080000000, 0x0000000100000000)
  region size 1024K, 6 young (6144K), 6 survivors (6144K)
 Metaspace       used 66181K, capacity 68292K, committed 68352K, reserved 1107968K
  class space    used 8466K, capacity 9162K, committed 9216K, reserved 1048576K
}
Event: 13.041 GC heap before
{Heap before GC invocations=18 (full 0):
 garbage-first heap   total 155648K, used 113709K [0x0000000080000000, 0x0000000100000000)
  region size 1024K, 45 young (46080K), 6 survivors (6144K)
 Metaspace       used 69334K, capacity 71473K, committed 71552K, reserved 1112064K
  class space    used 8863K, capacity 9532K, committed 9600K, reserved 1048576K
}
Event: 13.049 GC heap after
{Heap after GC invocations=19 (full 0):
 garbage-first heap   total 155648K, used 79061K [0x0000000080000000, 0x0000000100000000)
  region size 1024K, 7 young (7168K), 7 survivors (7168K)
 Metaspace       used 69334K, capacity 71473K, committed 71552K, reserved 1112064K
  class space    used 8863K, capacity 9532K, committed 9600K, reserved 1048576K
}
Event: 13.628 GC heap before
{Heap before GC invocations=20 (full 0):
 garbage-first heap   total 155648K, used 127189K [0x0000000080000000, 0x0000000100000000)
  region size 1024K, 53 young (54272K), 7 survivors (7168K)
 Metaspace       used 70473K, capacity 72700K, committed 72832K, reserved 1112064K
  class space    used 9038K, capacity 9746K, committed 9856K, reserved 1048576K
}
Event: 13.638 GC heap after
{Heap after GC invocations=21 (full 0):
 garbage-first heap   total 155648K, used 82453K [0x0000000080000000, 0x0000000100000000)
  region size 1024K, 7 young (7168K), 7 survivors (7168K)
 Metaspace       used 70473K, capacity 72700K, committed 72832K, reserved 1112064K
  class space    used 9038K, capacity 9746K, committed 9856K, reserved 1048576K
}
Event: 14.870 GC heap before
{Heap before GC invocations=21 (full 0):
 garbage-first heap   total 155648K, used 127509K [0x0000000080000000, 0x0000000100000000)
  region size 1024K, 51 young (52224K), 7 survivors (7168K)
 Metaspace       used 75262K, capacity 77567K, committed 77696K, reserved 1116160K
  class space    used 9788K, capacity 10510K, committed 10624K, reserved 1048576K
}
Event: 14.880 GC heap after
{Heap after GC invocations=22 (full 0):
 garbage-first heap   total 155648K, used 85911K [0x0000000080000000, 0x0000000100000000)
  region size 1024K, 4 young (4096K), 4 survivors (4096K)
 Metaspace       used 75262K, capacity 77567K, committed 77696K, reserved 1116160K
  class space    used 9788K, capacity 10510K, committed 10624K, reserved 1048576K
}
Event: 15.382 GC heap before
{Heap before GC invocations=23 (full 0):
 garbage-first heap   total 155648K, used 127895K [0x0000000080000000, 0x0000000100000000)
  region size 1024K, 45 young (46080K), 4 survivors (4096K)
 Metaspace       used 76232K, capacity 78478K, committed 78592K, reserved 1118208K
  class space    used 9932K, capacity 10702K, committed 10752K, reserved 1048576K
}
Event: 15.388 GC heap after
{Heap after GC invocations=24 (full 0):
 garbage-first heap   total 155648K, used 89373K [0x0000000080000000, 0x0000000100000000)
  region size 1024K, 6 young (6144K), 6 survivors (6144K)
 Metaspace       used 76232K, capacity 78478K, committed 78592K, reserved 1118208K
  class space    used 9932K, capacity 10702K, committed 10752K, reserved 1048576K
}
Event: 16.145 GC heap before
{Heap before GC invocations=24 (full 0):
 garbage-first heap   total 155648K, used 129309K [0x0000000080000000, 0x0000000100000000)
  region size 1024K, 45 young (46080K), 6 survivors (6144K)
 Metaspace       used 79088K, capacity 81500K, committed 81536K, reserved 1120256K
  class space    used 10306K, capacity 11127K, committed 11136K, reserved 1048576K
}
Event: 16.161 GC heap after
{Heap after GC invocations=25 (full 0):
 garbage-first heap   total 155648K, used 93239K [0x0000000080000000, 0x0000000100000000)
  region size 1024K, 4 young (4096K), 4 survivors (4096K)
 Metaspace       used 79088K, capacity 81500K, committed 81536K, reserved 1120256K
  class space    used 10306K, capacity 11127K, committed 11136K, reserved 1048576K
}
Event: 19.802 GC heap before
{Heap before GC invocations=26 (full 0):
 garbage-first heap   total 155648K, used 128055K [0x0000000080000000, 0x0000000100000000)
  region size 1024K, 39 young (39936K), 4 survivors (4096K)
 Metaspace       used 84253K, capacity 86769K, committed 87040K, reserved 1124352K
  class space    used 10903K, capacity 11755K, committed 11776K, reserved 1048576K
}
Event: 19.808 GC heap after
{Heap after GC invocations=27 (full 0):
 garbage-first heap   total 155648K, used 95924K [0x0000000080000000, 0x0000000100000000)
  region size 1024K, 3 young (3072K), 3 survivors (3072K)
 Metaspace       used 84253K, capacity 86769K, committed 87040K, reserved 1124352K
  class space    used 10903K, capacity 11755K, committed 11776K, reserved 1048576K
}
Event: 25.526 GC heap before
{Heap before GC invocations=27 (full 0):
 garbage-first heap   total 155648K, used 129716K [0x0000000080000000, 0x0000000100000000)
  region size 1024K, 37 young (37888K), 3 survivors (3072K)
 Metaspace       used 85013K, capacity 87536K, committed 87552K, reserved 1124352K
  class space    used 10928K, capacity 11765K, committed 11776K, reserved 1048576K
}
Event: 25.536 GC heap after
{Heap after GC invocations=28 (full 0):
 garbage-first heap   total 155648K, used 97034K [0x0000000080000000, 0x0000000100000000)
  region size 1024K, 4 young (4096K), 4 survivors (4096K)
 Metaspace       used 85013K, capacity 87536K, committed 87552K, reserved 1124352K
  class space    used 10928K, capacity 11765K, committed 11776K, reserved 1048576K
}

