# JRE version: OpenJDK Runtime Environment (11.0.10) (build 11.0.10+0-b96-7249189)
# Java VM: OpenJDK 64-Bit Server VM (11.0.10+0-b96-7249189, mixed mode, tiered, compressed oops, g1 gc, windows-amd64)
Heap:
 garbage-first heap   total 296960K, used 187108K [0x0000000080000000, 0x0000000100000000)
  region size 1024K, 2 young (2048K), 2 survivors (2048K)
 Metaspace       used 92583K, capacity 95442K, committed 95616K, reserved 1132544K
  class space    used 12110K, capacity 13180K, committed 13260K, reserved 1048576K
GC Heap History (20 events):
Event: 11.626 GC heap after
{Heap after GC invocations=20 (full 0):
 garbage-first heap   total 187392K, used 69651K [0x0000000080000000, 0x0000000100000000)
  region size 1024K, 12 young (12288K), 12 survivors (12288K)
 Metaspace       used 74767K, capacity 77006K, committed 77312K, reserved 1116160K
  class space    used 9640K, capacity 10453K, committed 10572K, reserved 1048576K
}
Event: 12.853 GC heap before
{Heap before GC invocations=20 (full 0):
 garbage-first heap   total 187392K, used 146451K [0x0000000080000000, 0x0000000100000000)
  region size 1024K, 88 young (90112K), 12 survivors (12288K)
 Metaspace       used 81407K, capacity 84003K, committed 84352K, reserved 1122304K
  class space    used 10637K, capacity 11623K, committed 11724K, reserved 1048576K
}
Event: 12.867 GC heap after
{Heap after GC invocations=21 (full 0):
 garbage-first heap   total 187392K, used 74975K [0x0000000080000000, 0x0000000100000000)
  region size 1024K, 11 young (11264K), 11 survivors (11264K)
 Metaspace       used 81407K, capacity 84003K, committed 84352K, reserved 1122304K
  class space    used 10637K, capacity 11623K, committed 11724K, reserved 1048576K
}
Event: 13.721 GC heap before
{Heap before GC invocations=21 (full 0):
 garbage-first heap   total 187392K, used 149727K [0x0000000080000000, 0x0000000100000000)
  region size 1024K, 84 young (86016K), 11 survivors (11264K)
 Metaspace       used 81953K, capacity 84646K, committed 84864K, reserved 1122304K
  class space    used 10655K, capacity 11647K, committed 11724K, reserved 1048576K
}
Event: 13.735 GC heap after
{Heap after GC invocations=22 (full 0):
 garbage-first heap   total 225280K, used 80704K [0x0000000080000000, 0x0000000100000000)
  region size 1024K, 11 young (11264K), 11 survivors (11264K)
 Metaspace       used 81953K, capacity 84646K, committed 84864K, reserved 1122304K
  class space    used 10655K, capacity 11647K, committed 11724K, reserved 1048576K
}
Event: 14.579 GC heap before
{Heap before GC invocations=22 (full 0):
 garbage-first heap   total 225280K, used 171840K [0x0000000080000000, 0x0000000100000000)
  region size 1024K, 101 young (103424K), 11 survivors (11264K)
 Metaspace       used 83737K, capacity 86488K, committed 86528K, reserved 1124352K
  class space    used 10808K, capacity 11824K, committed 11852K, reserved 1048576K
}
Event: 14.593 GC heap after
{Heap after GC invocations=23 (full 0):
 garbage-first heap   total 225280K, used 86108K [0x0000000080000000, 0x0000000100000000)
  region size 1024K, 11 young (11264K), 11 survivors (11264K)
 Metaspace       used 83737K, capacity 86488K, committed 86528K, reserved 1124352K
  class space    used 10808K, capacity 11824K, committed 11852K, reserved 1048576K
}
Event: 15.179 GC heap before
{Heap before GC invocations=23 (full 0):
 garbage-first heap   total 225280K, used 177244K [0x0000000080000000, 0x0000000100000000)
  region size 1024K, 101 young (103424K), 11 survivors (11264K)
 Metaspace       used 85984K, capacity 88797K, committed 88960K, reserved 1126400K
  class space    used 11114K, capacity 12144K, committed 12236K, reserved 1048576K
}
Event: 15.190 GC heap after
{Heap after GC invocations=24 (full 0):
 garbage-first heap   total 225280K, used 89561K [0x0000000080000000, 0x0000000100000000)
  region size 1024K, 9 young (9216K), 9 survivors (9216K)
 Metaspace       used 85984K, capacity 88797K, committed 88960K, reserved 1126400K
  class space    used 11114K, capacity 12144K, committed 12236K, reserved 1048576K
}
Event: 15.993 GC heap before
{Heap before GC invocations=24 (full 0):
 garbage-first heap   total 225280K, used 177625K [0x0000000080000000, 0x0000000100000000)
  region size 1024K, 77 young (78848K), 9 survivors (9216K)
 Metaspace       used 90218K, capacity 93044K, committed 93312K, reserved 1130496K
  class space    used 11668K, capacity 12706K, committed 12748K, reserved 1048576K
}
Event: 16.005 GC heap after
{Heap after GC invocations=25 (full 0):
 garbage-first heap   total 225280K, used 118245K [0x0000000080000000, 0x0000000100000000)
  region size 1024K, 13 young (13312K), 13 survivors (13312K)
 Metaspace       used 90218K, capacity 93044K, committed 93312K, reserved 1130496K
  class space    used 11668K, capacity 12706K, committed 12748K, reserved 1048576K
}
Event: 16.324 GC heap before
{Heap before GC invocations=26 (full 0):
 garbage-first heap   total 225280K, used 179685K [0x0000000080000000, 0x0000000100000000)
  region size 1024K, 59 young (60416K), 13 survivors (13312K)
 Metaspace       used 90315K, capacity 92987K, committed 93696K, reserved 1130496K
  class space    used 11632K, capacity 12617K, committed 12876K, reserved 1048576K
}
Event: 16.403 GC heap after
{Heap after GC invocations=27 (full 0):
 garbage-first heap   total 225280K, used 145810K [0x0000000080000000, 0x0000000100000000)
  region size 1024K, 10 young (10240K), 10 survivors (10240K)
 Metaspace       used 90315K, capacity 92987K, committed 93696K, reserved 1130496K
  class space    used 11632K, capacity 12617K, committed 12876K, reserved 1048576K
}
Event: 16.720 GC heap before
{Heap before GC invocations=28 (full 0):
 garbage-first heap   total 225280K, used 182674K [0x0000000080000000, 0x0000000100000000)
  region size 1024K, 44 young (45056K), 10 survivors (10240K)
 Metaspace       used 92203K, capacity 95058K, committed 95360K, reserved 1132544K
  class space    used 12086K, capacity 13144K, committed 13260K, reserved 1048576K
}
Event: 16.745 GC heap after
{Heap after GC invocations=29 (full 0):
 garbage-first heap   total 225280K, used 159241K [0x0000000080000000, 0x0000000100000000)
  region size 1024K, 6 young (6144K), 6 survivors (6144K)
 Metaspace       used 92203K, capacity 95058K, committed 95360K, reserved 1132544K
  class space    used 12086K, capacity 13144K, committed 13260K, reserved 1048576K
}
Event: 16.860 GC heap before
{Heap before GC invocations=29 (full 0):
 garbage-first heap   total 225280K, used 183817K [0x0000000080000000, 0x0000000100000000)
  region size 1024K, 30 young (30720K), 6 survivors (6144K)
 Metaspace       used 92469K, capacity 95298K, committed 95616K, reserved 1132544K
  class space    used 12109K, capacity 13180K, committed 13260K, reserved 1048576K
}
Event: 16.884 GC heap after
{Heap after GC invocations=30 (full 0):
 garbage-first heap   total 225280K, used 172357K [0x0000000080000000, 0x0000000100000000)
  region size 1024K, 4 young (4096K), 4 survivors (4096K)
 Metaspace       used 92469K, capacity 95298K, committed 95616K, reserved 1132544K
  class space    used 12109K, capacity 13180K, committed 13260K, reserved 1048576K
}
Event: 16.962 GC heap before
{Heap before GC invocations=30 (full 0):
 garbage-first heap   total 225280K, used 187717K [0x0000000080000000, 0x0000000100000000)
  region size 1024K, 19 young (19456K), 4 survivors (4096K)
 Metaspace       used 92573K, capacity 95375K, committed 95616K, reserved 1132544K
  class space    used 12110K, capacity 13180K, committed 13260K, reserved 1048576K
}
Event: 16.974 GC heap after
{Heap after GC invocations=31 (full 0):
 garbage-first heap   total 225280K, used 181592K [0x0000000080000000, 0x0000000100000000)
  region size 1024K, 3 young (3072K), 3 survivors (3072K)
 Metaspace       used 92573K, capacity 95375K, committed 95616K, reserved 1132544K
  class space    used 12110K, capacity 13180K, committed 13260K, reserved 1048576K
}
Event: 17.007 GC heap before
{Heap before GC invocations=31 (full 0):
 garbage-first heap   total 225280K, used 191832K [0x0000000080000000, 0x0000000100000000)
  region size 1024K, 13 young (13312K), 3 survivors (3072K)
 Metaspace       used 92583K, capacity 95442K, committed 95616K, reserved 1132544K
  class space    used 12110K, capacity 13180K, committed 13260K, reserved 1048576K
}

