# JRE version: OpenJDK Runtime Environment (11.0.10) (build 11.0.10+0-b96-7249189)
# Java VM: OpenJDK 64-Bit Server VM (11.0.10+0-b96-7249189, mixed mode, tiered, compressed oops, g1 gc, windows-amd64)
Heap:
 garbage-first heap   total 288768K, used 142627K [0x0000000080000000, 0x0000000100000000)
  region size 1024K, 2 young (2048K), 2 survivors (2048K)
 Metaspace       used 96890K, capacity 99504K, committed 99792K, reserved 1136640K
  class space    used 11930K, capacity 12819K, committed 12928K, reserved 1048576K
GC Heap History (20 events):
Event: 3474.937 GC heap after
{Heap after GC invocations=71 (full 0):
 garbage-first heap   total 187392K, used 150245K [0x0000000080000000, 0x0000000100000000)
  region size 1024K, 1 young (1024K), 1 survivors (1024K)
 Metaspace       used 94704K, capacity 97412K, committed 97488K, reserved 1134592K
  class space    used 11683K, capacity 12640K, committed 12672K, reserved 1048576K
}
Event: 3475.002 GC heap before
{Heap before GC invocations=71 (full 0):
 garbage-first heap   total 187392K, used 162533K [0x0000000080000000, 0x0000000100000000)
  region size 1024K, 13 young (13312K), 1 survivors (1024K)
 Metaspace       used 94722K, capacity 97476K, committed 97744K, reserved 1134592K
  class space    used 11684K, capacity 12640K, committed 12672K, reserved 1048576K
}
Event: 3475.007 GC heap after
{Heap after GC invocations=72 (full 0):
 garbage-first heap   total 187392K, used 150291K [0x0000000080000000, 0x0000000100000000)
  region size 1024K, 1 young (1024K), 1 survivors (1024K)
 Metaspace       used 94722K, capacity 97476K, committed 97744K, reserved 1134592K
  class space    used 11684K, capacity 12640K, committed 12672K, reserved 1048576K
}
Event: 3475.271 GC heap before
{Heap before GC invocations=72 (full 0):
 garbage-first heap   total 187392K, used 163603K [0x0000000080000000, 0x0000000100000000)
  region size 1024K, 13 young (13312K), 1 survivors (1024K)
 Metaspace       used 94794K, capacity 97485K, committed 97744K, reserved 1134592K
  class space    used 11689K, capacity 12643K, committed 12672K, reserved 1048576K
}
Event: 3475.275 GC heap after
{Heap after GC invocations=73 (full 0):
 garbage-first heap   total 187392K, used 150939K [0x0000000080000000, 0x0000000100000000)
  region size 1024K, 2 young (2048K), 2 survivors (2048K)
 Metaspace       used 94794K, capacity 97485K, committed 97744K, reserved 1134592K
  class space    used 11689K, capacity 12643K, committed 12672K, reserved 1048576K
}
Event: 3475.372 GC heap before
{Heap before GC invocations=73 (full 0):
 garbage-first heap   total 187392K, used 162203K [0x0000000080000000, 0x0000000100000000)
  region size 1024K, 14 young (14336K), 2 survivors (2048K)
 Metaspace       used 94794K, capacity 97485K, committed 97744K, reserved 1134592K
  class space    used 11689K, capacity 12643K, committed 12672K, reserved 1048576K
}
Event: 3475.377 GC heap after
{Heap after GC invocations=74 (full 0):
 garbage-first heap   total 187392K, used 151224K [0x0000000080000000, 0x0000000100000000)
  region size 1024K, 2 young (2048K), 2 survivors (2048K)
 Metaspace       used 94794K, capacity 97485K, committed 97744K, reserved 1134592K
  class space    used 11689K, capacity 12643K, committed 12672K, reserved 1048576K
}
Event: 3475.670 GC heap before
{Heap before GC invocations=74 (full 0):
 garbage-first heap   total 187392K, used 161464K [0x0000000080000000, 0x0000000100000000)
  region size 1024K, 13 young (13312K), 2 survivors (2048K)
 Metaspace       used 95319K, capacity 98106K, committed 98384K, reserved 1134592K
  class space    used 11770K, capacity 12703K, committed 12800K, reserved 1048576K
}
Event: 3475.676 GC heap after
{Heap after GC invocations=75 (full 0):
 garbage-first heap   total 187392K, used 153052K [0x0000000080000000, 0x0000000100000000)
  region size 1024K, 2 young (2048K), 2 survivors (2048K)
 Metaspace       used 95319K, capacity 98106K, committed 98384K, reserved 1134592K
  class space    used 11770K, capacity 12703K, committed 12800K, reserved 1048576K
}
Event: 3475.749 GC heap before
{Heap before GC invocations=75 (full 0):
 garbage-first heap   total 187392K, used 162268K [0x0000000080000000, 0x0000000100000000)
  region size 1024K, 12 young (12288K), 2 survivors (2048K)
 Metaspace       used 95319K, capacity 98106K, committed 98384K, reserved 1134592K
  class space    used 11770K, capacity 12703K, committed 12800K, reserved 1048576K
}
Event: 3475.758 GC heap after
{Heap after GC invocations=76 (full 0):
 garbage-first heap   total 187392K, used 156666K [0x0000000080000000, 0x0000000100000000)
  region size 1024K, 2 young (2048K), 2 survivors (2048K)
 Metaspace       used 95319K, capacity 98106K, committed 98384K, reserved 1134592K
  class space    used 11770K, capacity 12703K, committed 12800K, reserved 1048576K
}
Event: 3475.798 GC heap before
{Heap before GC invocations=76 (full 0):
 garbage-first heap   total 187392K, used 164858K [0x0000000080000000, 0x0000000100000000)
  region size 1024K, 9 young (9216K), 2 survivors (2048K)
 Metaspace       used 95322K, capacity 98106K, committed 98384K, reserved 1134592K
  class space    used 11770K, capacity 12703K, committed 12800K, reserved 1048576K
}
Event: 3475.810 GC heap after
{Heap after GC invocations=77 (full 0):
 garbage-first heap   total 187392K, used 161060K [0x0000000080000000, 0x0000000100000000)
  region size 1024K, 2 young (2048K), 2 survivors (2048K)
 Metaspace       used 95322K, capacity 98106K, committed 98384K, reserved 1134592K
  class space    used 11770K, capacity 12703K, committed 12800K, reserved 1048576K
}
Event: 3475.876 GC heap before
{Heap before GC invocations=77 (full 0):
 garbage-first heap   total 187392K, used 167204K [0x0000000080000000, 0x0000000100000000)
  region size 1024K, 9 young (9216K), 2 survivors (2048K)
 Metaspace       used 95405K, capacity 98138K, committed 98384K, reserved 1134592K
  class space    used 11784K, capacity 12735K, committed 12800K, reserved 1048576K
}
Event: 3475.884 GC heap after
{Heap after GC invocations=78 (full 0):
 garbage-first heap   total 187392K, used 162215K [0x0000000080000000, 0x0000000100000000)
  region size 1024K, 2 young (2048K), 2 survivors (2048K)
 Metaspace       used 95405K, capacity 98138K, committed 98384K, reserved 1134592K
  class space    used 11784K, capacity 12735K, committed 12800K, reserved 1048576K
}
Event: 3476.379 GC heap before
{Heap before GC invocations=78 (full 0):
 garbage-first heap   total 187392K, used 164263K [0x0000000080000000, 0x0000000100000000)
  region size 1024K, 9 young (9216K), 2 survivors (2048K)
 Metaspace       used 95382K, capacity 98042K, committed 98640K, reserved 1134592K
  class space    used 11736K, capacity 12630K, committed 12800K, reserved 1048576K
}
Event: 3476.393 GC heap after
{Heap after GC invocations=79 (full 0):
 garbage-first heap   total 187392K, used 159653K [0x0000000080000000, 0x0000000100000000)
  region size 1024K, 2 young (2048K), 2 survivors (2048K)
 Metaspace       used 95382K, capacity 98042K, committed 98640K, reserved 1134592K
  class space    used 11736K, capacity 12630K, committed 12800K, reserved 1048576K
}
Event: 3476.732 GC heap before
{Heap before GC invocations=80 (full 0):
 garbage-first heap   total 187392K, used 165797K [0x0000000080000000, 0x0000000100000000)
  region size 1024K, 9 young (9216K), 2 survivors (2048K)
 Metaspace       used 96542K, capacity 99180K, committed 99536K, reserved 1136640K
  class space    used 11893K, capacity 12818K, committed 12928K, reserved 1048576K
}
Event: 3476.738 GC heap after
{Heap after GC invocations=81 (full 0):
 garbage-first heap   total 187392K, used 160318K [0x0000000080000000, 0x0000000100000000)
  region size 1024K, 1 young (1024K), 1 survivors (1024K)
 Metaspace       used 96542K, capacity 99180K, committed 99536K, reserved 1136640K
  class space    used 11893K, capacity 12818K, committed 12928K, reserved 1048576K
}
Event: 3477.351 GC heap before
{Heap before GC invocations=81 (full 0):
 garbage-first heap   total 187392K, used 167486K [0x0000000080000000, 0x0000000100000000)
  region size 1024K, 9 young (9216K), 1 survivors (1024K)
 Metaspace       used 96890K, capacity 99504K, committed 99792K, reserved 1136640K
  class space    used 11930K, capacity 12819K, committed 12928K, reserved 1048576K
}

