# JRE version: OpenJDK Runtime Environment (11.0.10) (build 11.0.10+0-b96-7249189)
# Java VM: OpenJDK 64-Bit Server VM (11.0.10+0-b96-7249189, mixed mode, tiered, compressed oops, g1 gc, windows-amd64)
Heap:
 garbage-first heap   total 1110016K, used 249166K [0x0000000080000000, 0x0000000100000000)
  region size 1024K, 9 young (9216K), 9 survivors (9216K)
 Metaspace       used 80646K, capacity 82882K, committed 83064K, reserved 1122304K
  class space    used 10382K, capacity 11181K, committed 11212K, reserved 1048576K
GC Heap History (20 events):
Event: 18.109 GC heap after
{Heap after GC invocations=35 (full 0):
 garbage-first heap   total 187392K, used 151804K [0x0000000080000000, 0x0000000100000000)
  region size 1024K, 2 young (2048K), 2 survivors (2048K)
 Metaspace       used 79472K, capacity 81727K, committed 81912K, reserved 1120256K
  class space    used 10251K, capacity 11054K, committed 11084K, reserved 1048576K
}
Event: 18.128 GC heap before
{Heap before GC invocations=36 (full 0):
 garbage-first heap   total 187392K, used 162044K [0x0000000080000000, 0x0000000100000000)
  region size 1024K, 12 young (12288K), 2 survivors (2048K)
 Metaspace       used 79472K, capacity 81727K, committed 81912K, reserved 1120256K
  class space    used 10251K, capacity 11054K, committed 11084K, reserved 1048576K
}
Event: 18.130 GC heap after
{Heap after GC invocations=37 (full 0):
 garbage-first heap   total 187392K, used 153676K [0x0000000080000000, 0x0000000100000000)
  region size 1024K, 2 young (2048K), 2 survivors (2048K)
 Metaspace       used 79472K, capacity 81727K, committed 81912K, reserved 1120256K
  class space    used 10251K, capacity 11054K, committed 11084K, reserved 1048576K
}
Event: 18.141 GC heap before
{Heap before GC invocations=37 (full 0):
 garbage-first heap   total 187392K, used 160844K [0x0000000080000000, 0x0000000100000000)
  region size 1024K, 9 young (9216K), 2 survivors (2048K)
 Metaspace       used 79472K, capacity 81727K, committed 81912K, reserved 1120256K
  class space    used 10251K, capacity 11054K, committed 11084K, reserved 1048576K
}
Event: 18.144 GC heap after
{Heap after GC invocations=38 (full 0):
 garbage-first heap   total 225280K, used 154046K [0x0000000080000000, 0x0000000100000000)
  region size 1024K, 2 young (2048K), 2 survivors (2048K)
 Metaspace       used 79472K, capacity 81727K, committed 81912K, reserved 1120256K
  class space    used 10251K, capacity 11054K, committed 11084K, reserved 1048576K
}
Event: 18.188 GC heap before
{Heap before GC invocations=38 (full 0):
 garbage-first heap   total 225280K, used 177598K [0x0000000080000000, 0x0000000100000000)
  region size 1024K, 26 young (26624K), 2 survivors (2048K)
 Metaspace       used 79472K, capacity 81727K, committed 81912K, reserved 1120256K
  class space    used 10251K, capacity 11054K, committed 11084K, reserved 1048576K
}
Event: 18.191 GC heap after
{Heap after GC invocations=39 (full 0):
 garbage-first heap   total 225280K, used 157734K [0x0000000080000000, 0x0000000100000000)
  region size 1024K, 4 young (4096K), 4 survivors (4096K)
 Metaspace       used 79472K, capacity 81727K, committed 81912K, reserved 1120256K
  class space    used 10251K, capacity 11054K, committed 11084K, reserved 1048576K
}
Event: 18.301 GC heap before
{Heap before GC invocations=39 (full 0):
 garbage-first heap   total 225280K, used 181286K [0x0000000080000000, 0x0000000100000000)
  region size 1024K, 28 young (28672K), 4 survivors (4096K)
 Metaspace       used 80250K, capacity 82543K, committed 82808K, reserved 1120256K
  class space    used 10367K, capacity 11161K, committed 11212K, reserved 1048576K
}
Event: 18.307 GC heap after
{Heap after GC invocations=40 (full 0):
 garbage-first heap   total 225280K, used 163208K [0x0000000080000000, 0x0000000100000000)
  region size 1024K, 4 young (4096K), 4 survivors (4096K)
 Metaspace       used 80250K, capacity 82543K, committed 82808K, reserved 1120256K
  class space    used 10367K, capacity 11161K, committed 11212K, reserved 1048576K
}
Event: 18.472 GC heap before
{Heap before GC invocations=41 (full 0):
 garbage-first heap   total 225280K, used 185736K [0x0000000080000000, 0x0000000100000000)
  region size 1024K, 26 young (26624K), 4 survivors (4096K)
 Metaspace       used 80577K, capacity 82869K, committed 83064K, reserved 1122304K
  class space    used 10388K, capacity 11203K, committed 11212K, reserved 1048576K
}
Event: 18.482 GC heap after
{Heap after GC invocations=42 (full 0):
 garbage-first heap   total 225280K, used 169991K [0x0000000080000000, 0x0000000100000000)
  region size 1024K, 4 young (4096K), 4 survivors (4096K)
 Metaspace       used 80577K, capacity 82869K, committed 83064K, reserved 1122304K
  class space    used 10388K, capacity 11203K, committed 11212K, reserved 1048576K
}
Event: 18.553 GC heap before
{Heap before GC invocations=42 (full 0):
 garbage-first heap   total 225280K, used 187399K [0x0000000080000000, 0x0000000100000000)
  region size 1024K, 22 young (22528K), 4 survivors (4096K)
 Metaspace       used 80601K, capacity 82869K, committed 83064K, reserved 1122304K
  class space    used 10390K, capacity 11203K, committed 11212K, reserved 1048576K
}
Event: 18.573 GC heap after
{Heap after GC invocations=43 (full 0):
 garbage-first heap   total 450560K, used 175664K [0x0000000080000000, 0x0000000100000000)
  region size 1024K, 3 young (3072K), 3 survivors (3072K)
 Metaspace       used 80601K, capacity 82869K, committed 83064K, reserved 1122304K
  class space    used 10390K, capacity 11203K, committed 11212K, reserved 1048576K
}
Event: 18.970 GC heap before
{Heap before GC invocations=44 (full 0):
 garbage-first heap   total 450560K, used 261680K [0x0000000080000000, 0x0000000100000000)
  region size 1024K, 88 young (90112K), 3 survivors (3072K)
 Metaspace       used 80621K, capacity 82817K, committed 83064K, reserved 1122304K
  class space    used 10379K, capacity 11181K, committed 11212K, reserved 1048576K
}
Event: 19.004 GC heap after
{Heap after GC invocations=45 (full 0):
 garbage-first heap   total 450560K, used 198656K [0x0000000080000000, 0x0000000100000000)
  region size 1024K, 11 young (11264K), 11 survivors (11264K)
 Metaspace       used 80621K, capacity 82817K, committed 83064K, reserved 1122304K
  class space    used 10379K, capacity 11181K, committed 11212K, reserved 1048576K
}
Event: 19.152 GC heap before
{Heap before GC invocations=45 (full 0):
 garbage-first heap   total 450560K, used 286720K [0x0000000080000000, 0x0000000100000000)
  region size 1024K, 96 young (98304K), 11 survivors (11264K)
 Metaspace       used 80641K, capacity 82881K, committed 83064K, reserved 1122304K
  class space    used 10382K, capacity 11181K, committed 11212K, reserved 1048576K
}
Event: 19.206 GC heap after
{Heap after GC invocations=46 (full 0):
 garbage-first heap   total 450560K, used 221786K [0x0000000080000000, 0x0000000100000000)
  region size 1024K, 12 young (12288K), 12 survivors (12288K)
 Metaspace       used 80641K, capacity 82881K, committed 83064K, reserved 1122304K
  class space    used 10382K, capacity 11181K, committed 11212K, reserved 1048576K
}
Event: 19.223 GC heap before
{Heap before GC invocations=46 (full 0):
 garbage-first heap   total 450560K, used 226906K [0x0000000080000000, 0x0000000100000000)
  region size 1024K, 18 young (18432K), 12 survivors (12288K)
 Metaspace       used 80641K, capacity 82881K, committed 83064K, reserved 1122304K
  class space    used 10382K, capacity 11181K, committed 11212K, reserved 1048576K
}
Event: 19.247 GC heap after
{Heap after GC invocations=47 (full 0):
 garbage-first heap   total 450560K, used 225929K [0x0000000080000000, 0x0000000100000000)
  region size 1024K, 3 young (3072K), 3 survivors (3072K)
 Metaspace       used 80641K, capacity 82881K, committed 83064K, reserved 1122304K
  class space    used 10382K, capacity 11181K, committed 11212K, reserved 1048576K
}
Event: 19.468 GC heap before
{Heap before GC invocations=47 (full 0):
 garbage-first heap   total 450560K, used 298633K [0x0000000080000000, 0x0000000100000000)
  region size 1024K, 71 young (72704K), 3 survivors (3072K)
 Metaspace       used 80646K, capacity 82882K, committed 83064K, reserved 1122304K
  class space    used 10382K, capacity 11181K, committed 11212K, reserved 1048576K
}

