# JRE version: OpenJDK Runtime Environment (11.0.10) (build 11.0.10+0-b96-7249189)
# Java VM: OpenJDK 64-Bit Server VM (11.0.10+0-b96-7249189, mixed mode, tiered, compressed oops, g1 gc, windows-amd64)
Heap:
 garbage-first heap   total 287744K, used 186586K [0x0000000080000000, 0x0000000100000000)
  region size 1024K, 2 young (2048K), 2 survivors (2048K)
 Metaspace       used 111324K, capacity 114770K, committed 114816K, reserved 1148928K
  class space    used 14197K, capacity 15446K, committed 15488K, reserved 1048576K
GC Heap History (20 events):
Event: 62.664 GC heap after
{Heap after GC invocations=46 (full 0):
 garbage-first heap   total 187392K, used 126696K [0x0000000080000000, 0x0000000100000000)
  region size 1024K, 4 young (4096K), 4 survivors (4096K)
 Metaspace       used 109286K, capacity 112717K, committed 112768K, reserved 1146880K
  class space    used 13950K, capacity 15213K, committed 15232K, reserved 1048576K
}
Event: 63.084 GC heap before
{Heap before GC invocations=47 (full 0):
 garbage-first heap   total 187392K, used 159464K [0x0000000080000000, 0x0000000100000000)
  region size 1024K, 37 young (37888K), 4 survivors (4096K)
 Metaspace       used 109319K, capacity 112718K, committed 112768K, reserved 1146880K
  class space    used 13951K, capacity 15213K, committed 15232K, reserved 1048576K
}
Event: 63.092 GC heap after
{Heap after GC invocations=48 (full 0):
 garbage-first heap   total 187392K, used 128390K [0x0000000080000000, 0x0000000100000000)
  region size 1024K, 2 young (2048K), 2 survivors (2048K)
 Metaspace       used 109319K, capacity 112718K, committed 112768K, reserved 1146880K
  class space    used 13951K, capacity 15213K, committed 15232K, reserved 1048576K
}
Event: 63.459 GC heap before
{Heap before GC invocations=48 (full 0):
 garbage-first heap   total 187392K, used 160134K [0x0000000080000000, 0x0000000100000000)
  region size 1024K, 34 young (34816K), 2 survivors (2048K)
 Metaspace       used 109608K, capacity 113074K, committed 113280K, reserved 1146880K
  class space    used 13983K, capacity 15222K, committed 15232K, reserved 1048576K
}
Event: 63.464 GC heap after
{Heap after GC invocations=49 (full 0):
 garbage-first heap   total 187392K, used 129538K [0x0000000080000000, 0x0000000100000000)
  region size 1024K, 3 young (3072K), 3 survivors (3072K)
 Metaspace       used 109608K, capacity 113074K, committed 113280K, reserved 1146880K
  class space    used 13983K, capacity 15222K, committed 15232K, reserved 1048576K
}
Event: 63.759 GC heap before
{Heap before GC invocations=50 (full 0):
 garbage-first heap   total 187392K, used 157186K [0x0000000080000000, 0x0000000100000000)
  region size 1024K, 26 young (26624K), 3 survivors (3072K)
 Metaspace       used 109856K, capacity 113346K, committed 113664K, reserved 1146880K
  class space    used 14003K, capacity 15263K, committed 15360K, reserved 1048576K
}
Event: 63.765 GC heap after
{Heap after GC invocations=51 (full 0):
 garbage-first heap   total 187392K, used 141515K [0x0000000080000000, 0x0000000100000000)
  region size 1024K, 5 young (5120K), 5 survivors (5120K)
 Metaspace       used 109856K, capacity 113346K, committed 113664K, reserved 1146880K
  class space    used 14003K, capacity 15263K, committed 15360K, reserved 1048576K
}
Event: 63.891 GC heap before
{Heap before GC invocations=51 (full 0):
 garbage-first heap   total 187392K, used 165067K [0x0000000080000000, 0x0000000100000000)
  region size 1024K, 23 young (23552K), 5 survivors (5120K)
 Metaspace       used 109956K, capacity 113412K, committed 113664K, reserved 1146880K
  class space    used 14014K, capacity 15263K, committed 15360K, reserved 1048576K
}
Event: 63.896 GC heap after
{Heap after GC invocations=52 (full 0):
 garbage-first heap   total 187392K, used 149938K [0x0000000080000000, 0x0000000100000000)
  region size 1024K, 3 young (3072K), 3 survivors (3072K)
 Metaspace       used 109956K, capacity 113412K, committed 113664K, reserved 1146880K
  class space    used 14014K, capacity 15263K, committed 15360K, reserved 1048576K
}
Event: 64.062 GC heap before
{Heap before GC invocations=53 (full 0):
 garbage-first heap   total 187392K, used 160178K [0x0000000080000000, 0x0000000100000000)
  region size 1024K, 14 young (14336K), 3 survivors (3072K)
 Metaspace       used 110561K, capacity 114044K, committed 114304K, reserved 1148928K
  class space    used 14106K, capacity 15367K, committed 15488K, reserved 1048576K
}
Event: 64.067 GC heap after
{Heap after GC invocations=54 (full 0):
 garbage-first heap   total 225280K, used 150960K [0x0000000080000000, 0x0000000100000000)
  region size 1024K, 1 young (1024K), 1 survivors (1024K)
 Metaspace       used 110561K, capacity 114044K, committed 114304K, reserved 1148928K
  class space    used 14106K, capacity 15367K, committed 15488K, reserved 1048576K
}
Event: 64.132 GC heap before
{Heap before GC invocations=54 (full 0):
 garbage-first heap   total 225280K, used 172464K [0x0000000080000000, 0x0000000100000000)
  region size 1024K, 11 young (11264K), 1 survivors (1024K)
 Metaspace       used 110730K, capacity 114204K, committed 114304K, reserved 1148928K
  class space    used 14138K, capacity 15399K, committed 15488K, reserved 1048576K
}
Event: 64.136 GC heap after
{Heap after GC invocations=55 (full 0):
 garbage-first heap   total 225280K, used 159573K [0x0000000080000000, 0x0000000100000000)
  region size 1024K, 2 young (2048K), 2 survivors (2048K)
 Metaspace       used 110730K, capacity 114204K, committed 114304K, reserved 1148928K
  class space    used 14138K, capacity 15399K, committed 15488K, reserved 1048576K
}
Event: 64.302 GC heap before
{Heap before GC invocations=55 (full 0):
 garbage-first heap   total 225280K, used 198485K [0x0000000080000000, 0x0000000100000000)
  region size 1024K, 29 young (29696K), 2 survivors (2048K)
 Metaspace       used 110968K, capacity 114412K, committed 114560K, reserved 1148928K
  class space    used 14163K, capacity 15403K, committed 15488K, reserved 1048576K
}
Event: 64.313 GC heap after
{Heap after GC invocations=56 (full 0):
 garbage-first heap   total 225280K, used 174436K [0x0000000080000000, 0x0000000100000000)
  region size 1024K, 4 young (4096K), 4 survivors (4096K)
 Metaspace       used 110968K, capacity 114412K, committed 114560K, reserved 1148928K
  class space    used 14163K, capacity 15403K, committed 15488K, reserved 1048576K
}
Event: 64.417 GC heap before
{Heap before GC invocations=56 (full 0):
 garbage-first heap   total 225280K, used 190820K [0x0000000080000000, 0x0000000100000000)
  region size 1024K, 21 young (21504K), 4 survivors (4096K)
 Metaspace       used 110987K, capacity 114416K, committed 114560K, reserved 1148928K
  class space    used 14163K, capacity 15403K, committed 15488K, reserved 1048576K
}
Event: 64.428 GC heap after
{Heap after GC invocations=57 (full 0):
 garbage-first heap   total 225280K, used 179444K [0x0000000080000000, 0x0000000100000000)
  region size 1024K, 3 young (3072K), 3 survivors (3072K)
 Metaspace       used 110987K, capacity 114416K, committed 114560K, reserved 1148928K
  class space    used 14163K, capacity 15403K, committed 15488K, reserved 1048576K
}
Event: 64.521 GC heap before
{Heap before GC invocations=57 (full 0):
 garbage-first heap   total 225280K, used 191732K [0x0000000080000000, 0x0000000100000000)
  region size 1024K, 16 young (16384K), 3 survivors (3072K)
 Metaspace       used 111077K, capacity 114554K, committed 114816K, reserved 1148928K
  class space    used 14172K, capacity 15442K, committed 15488K, reserved 1048576K
}
Event: 64.532 GC heap after
{Heap after GC invocations=58 (full 0):
 garbage-first heap   total 225280K, used 183684K [0x0000000080000000, 0x0000000100000000)
  region size 1024K, 2 young (2048K), 2 survivors (2048K)
 Metaspace       used 111077K, capacity 114554K, committed 114816K, reserved 1148928K
  class space    used 14172K, capacity 15442K, committed 15488K, reserved 1048576K
}
Event: 64.596 GC heap before
{Heap before GC invocations=58 (full 0):
 garbage-first heap   total 225280K, used 193924K [0x0000000080000000, 0x0000000100000000)
  region size 1024K, 12 young (12288K), 2 survivors (2048K)
 Metaspace       used 111324K, capacity 114770K, committed 114816K, reserved 1148928K
  class space    used 14197K, capacity 15446K, committed 15488K, reserved 1048576K
}

