# JRE version: OpenJDK Runtime Environment (11.0.10) (build 11.0.10+0-b96-7249189)
# Java VM: OpenJDK 64-Bit Server VM (11.0.10+0-b96-7249189, mixed mode, tiered, compressed oops, g1 gc, windows-amd64)
Heap:
 garbage-first heap   total 155648K, used 97008K [0x0000000080000000, 0x0000000100000000)
  region size 1024K, 52 young (53248K), 9 survivors (9216K)
 Metaspace       used 47410K, capacity 48831K, committed 49152K, reserved 1091584K
  class space    used 6092K, capacity 6551K, committed 6656K, reserved 1048576K
GC Heap History (18 events):
Event: 0.834 GC heap before
{Heap before GC invocations=0 (full 0):
 garbage-first heap   total 129024K, used 29696K [0x0000000080000000, 0x0000000100000000)
  region size 1024K, 24 young (24576K), 0 survivors (0K)
 Metaspace       used 10202K, capacity 10367K, committed 10624K, reserved 1058816K
  class space    used 1065K, capacity 1141K, committed 1152K, reserved 1048576K
}
Event: 0.841 GC heap after
{Heap after GC invocations=1 (full 0):
 garbage-first heap   total 129024K, used 9104K [0x0000000080000000, 0x0000000100000000)
  region size 1024K, 3 young (3072K), 3 survivors (3072K)
 Metaspace       used 10202K, capacity 10367K, committed 10624K, reserved 1058816K
  class space    used 1065K, capacity 1141K, committed 1152K, reserved 1048576K
}
Event: 1.257 GC heap before
{Heap before GC invocations=1 (full 0):
 garbage-first heap   total 129024K, used 46992K [0x0000000080000000, 0x0000000100000000)
  region size 1024K, 39 young (39936K), 3 survivors (3072K)
 Metaspace       used 11188K, capacity 11448K, committed 11520K, reserved 1058816K
  class space    used 1169K, capacity 1245K, committed 1280K, reserved 1048576K
}
Event: 1.262 GC heap after
{Heap after GC invocations=2 (full 0):
 garbage-first heap   total 129024K, used 13568K [0x0000000080000000, 0x0000000100000000)
  region size 1024K, 5 young (5120K), 5 survivors (5120K)
 Metaspace       used 11188K, capacity 11448K, committed 11520K, reserved 1058816K
  class space    used 1169K, capacity 1245K, committed 1280K, reserved 1048576K
}
Event: 2.593 GC heap before
{Heap before GC invocations=2 (full 0):
 garbage-first heap   total 129024K, used 62720K [0x0000000080000000, 0x0000000100000000)
  region size 1024K, 53 young (54272K), 5 survivors (5120K)
 Metaspace       used 19155K, capacity 19589K, committed 19712K, reserved 1067008K
  class space    used 2323K, capacity 2449K, committed 2560K, reserved 1048576K
}
Event: 2.598 GC heap after
{Heap after GC invocations=3 (full 0):
 garbage-first heap   total 129024K, used 17002K [0x0000000080000000, 0x0000000100000000)
  region size 1024K, 3 young (3072K), 3 survivors (3072K)
 Metaspace       used 19155K, capacity 19589K, committed 19712K, reserved 1067008K
  class space    used 2323K, capacity 2449K, committed 2560K, reserved 1048576K
}
Event: 2.744 GC heap before
{Heap before GC invocations=3 (full 0):
 garbage-first heap   total 129024K, used 27242K [0x0000000080000000, 0x0000000100000000)
  region size 1024K, 14 young (14336K), 3 survivors (3072K)
 Metaspace       used 20613K, capacity 21127K, committed 21248K, reserved 1067008K
  class space    used 2518K, capacity 2733K, committed 2816K, reserved 1048576K
}
Event: 2.747 GC heap after
{Heap after GC invocations=4 (full 0):
 garbage-first heap   total 129024K, used 17363K [0x0000000080000000, 0x0000000100000000)
  region size 1024K, 4 young (4096K), 4 survivors (4096K)
 Metaspace       used 20613K, capacity 21127K, committed 21248K, reserved 1067008K
  class space    used 2518K, capacity 2733K, committed 2816K, reserved 1048576K
}
Event: 3.528 GC heap before
{Heap before GC invocations=5 (full 0):
 garbage-first heap   total 129024K, used 68563K [0x0000000080000000, 0x0000000100000000)
  region size 1024K, 55 young (56320K), 4 survivors (4096K)
 Metaspace       used 25963K, capacity 26577K, committed 26752K, reserved 1073152K
  class space    used 3404K, capacity 3640K, committed 3712K, reserved 1048576K
}
Event: 3.533 GC heap after
{Heap after GC invocations=6 (full 0):
 garbage-first heap   total 129024K, used 19382K [0x0000000080000000, 0x0000000100000000)
  region size 1024K, 6 young (6144K), 6 survivors (6144K)
 Metaspace       used 25963K, capacity 26577K, committed 26752K, reserved 1073152K
  class space    used 3404K, capacity 3640K, committed 3712K, reserved 1048576K
}
Event: 4.478 GC heap before
{Heap before GC invocations=6 (full 0):
 garbage-first heap   total 129024K, used 92086K [0x0000000080000000, 0x0000000100000000)
  region size 1024K, 67 young (68608K), 6 survivors (6144K)
 Metaspace       used 32785K, capacity 33623K, committed 33920K, reserved 1079296K
  class space    used 4385K, capacity 4687K, committed 4736K, reserved 1048576K
}
Event: 4.486 GC heap after
{Heap after GC invocations=7 (full 0):
 garbage-first heap   total 129024K, used 35343K [0x0000000080000000, 0x0000000100000000)
  region size 1024K, 9 young (9216K), 9 survivors (9216K)
 Metaspace       used 32785K, capacity 33623K, committed 33920K, reserved 1079296K
  class space    used 4385K, capacity 4687K, committed 4736K, reserved 1048576K
}
Event: 4.622 GC heap before
{Heap before GC invocations=7 (full 0):
 garbage-first heap   total 129024K, used 40463K [0x0000000080000000, 0x0000000100000000)
  region size 1024K, 15 young (15360K), 9 survivors (9216K)
 Metaspace       used 34833K, capacity 35725K, committed 35840K, reserved 1081344K
  class space    used 4559K, capacity 4898K, committed 4992K, reserved 1048576K
}
Event: 4.631 GC heap after
{Heap after GC invocations=8 (full 0):
 garbage-first heap   total 129024K, used 37135K [0x0000000080000000, 0x0000000100000000)
  region size 1024K, 2 young (2048K), 2 survivors (2048K)
 Metaspace       used 34833K, capacity 35725K, committed 35840K, reserved 1081344K
  class space    used 4559K, capacity 4898K, committed 4992K, reserved 1048576K
}
Event: 5.419 GC heap before
{Heap before GC invocations=9 (full 0):
 garbage-first heap   total 129024K, used 92431K [0x0000000080000000, 0x0000000100000000)
  region size 1024K, 54 young (55296K), 2 survivors (2048K)
 Metaspace       used 40312K, capacity 41296K, committed 41472K, reserved 1085440K
  class space    used 5171K, capacity 5538K, committed 5632K, reserved 1048576K
}
Event: 5.430 GC heap after
{Heap after GC invocations=10 (full 0):
 garbage-first heap   total 155648K, used 40859K [0x0000000080000000, 0x0000000100000000)
  region size 1024K, 6 young (6144K), 6 survivors (6144K)
 Metaspace       used 40312K, capacity 41296K, committed 41472K, reserved 1085440K
  class space    used 5171K, capacity 5538K, committed 5632K, reserved 1048576K
}
Event: 7.132 GC heap before
{Heap before GC invocations=11 (full 0):
 garbage-first heap   total 155648K, used 115611K [0x0000000080000000, 0x0000000100000000)
  region size 1024K, 70 young (71680K), 6 survivors (6144K)
 Metaspace       used 45270K, capacity 46571K, committed 46720K, reserved 1089536K
  class space    used 5729K, capacity 6158K, committed 6272K, reserved 1048576K
}
Event: 7.141 GC heap after
{Heap after GC invocations=12 (full 0):
 garbage-first heap   total 155648K, used 54000K [0x0000000080000000, 0x0000000100000000)
  region size 1024K, 9 young (9216K), 9 survivors (9216K)
 Metaspace       used 45270K, capacity 46571K, committed 46720K, reserved 1089536K
  class space    used 5729K, capacity 6158K, committed 6272K, reserved 1048576K
}

