# JRE version: OpenJDK Runtime Environment (11.0.10) (build 11.0.10+0-b96-7249189)
# Java VM: OpenJDK 64-Bit Server VM (11.0.10+0-b96-7249189, mixed mode, tiered, compressed oops, g1 gc, windows-amd64)
Heap:
 garbage-first heap   total 187392K, used 63283K [0x0000000080000000, 0x0000000100000000)
  region size 1024K, 22 young (22528K), 4 survivors (4096K)
 Metaspace       used 59946K, capacity 61636K, committed 62080K, reserved 1103872K
  class space    used 7592K, capacity 8251K, committed 8396K, reserved 1048576K
GC Heap History (20 events):
Event: 2.195 GC heap before
{Heap before GC invocations=2 (full 0):
 garbage-first heap   total 129024K, used 62499K [0x0000000080000000, 0x0000000100000000)
  region size 1024K, 52 young (53248K), 1 survivors (1024K)
 Metaspace       used 17707K, capacity 18160K, committed 18432K, reserved 1064960K
  class space    used 2090K, capacity 2238K, committed 2304K, reserved 1048576K
}
Event: 2.200 GC heap after
{Heap after GC invocations=3 (full 0):
 garbage-first heap   total 129024K, used 16515K [0x0000000080000000, 0x0000000100000000)
  region size 1024K, 7 young (7168K), 7 survivors (7168K)
 Metaspace       used 17707K, capacity 18160K, committed 18432K, reserved 1064960K
  class space    used 2090K, capacity 2238K, committed 2304K, reserved 1048576K
}
Event: 2.443 GC heap before
{Heap before GC invocations=3 (full 0):
 garbage-first heap   total 129024K, used 39043K [0x0000000080000000, 0x0000000100000000)
  region size 1024K, 30 young (30720K), 7 survivors (7168K)
 Metaspace       used 20646K, capacity 21128K, committed 21248K, reserved 1067008K
  class space    used 2522K, capacity 2722K, committed 2816K, reserved 1048576K
}
Event: 2.451 GC heap after
{Heap after GC invocations=4 (full 0):
 garbage-first heap   total 129024K, used 17421K [0x0000000080000000, 0x0000000100000000)
  region size 1024K, 1 young (1024K), 1 survivors (1024K)
 Metaspace       used 20646K, capacity 21128K, committed 21248K, reserved 1067008K
  class space    used 2522K, capacity 2722K, committed 2816K, reserved 1048576K
}
Event: 3.004 GC heap before
{Heap before GC invocations=5 (full 0):
 garbage-first heap   total 129024K, used 68621K [0x0000000080000000, 0x0000000100000000)
  region size 1024K, 52 young (53248K), 1 survivors (1024K)
 Metaspace       used 25844K, capacity 26431K, committed 26752K, reserved 1073152K
  class space    used 3380K, capacity 3601K, committed 3712K, reserved 1048576K
}
Event: 3.008 GC heap after
{Heap after GC invocations=6 (full 0):
 garbage-first heap   total 129024K, used 19103K [0x0000000080000000, 0x0000000100000000)
  region size 1024K, 3 young (3072K), 3 survivors (3072K)
 Metaspace       used 25844K, capacity 26431K, committed 26752K, reserved 1073152K
  class space    used 3380K, capacity 3601K, committed 3712K, reserved 1048576K
}
Event: 3.927 GC heap before
{Heap before GC invocations=6 (full 0):
 garbage-first heap   total 129024K, used 75423K [0x0000000080000000, 0x0000000100000000)
  region size 1024K, 58 young (59392K), 3 survivors (3072K)
 Metaspace       used 34334K, capacity 35130K, committed 35200K, reserved 1079296K
  class space    used 4464K, capacity 4736K, committed 4736K, reserved 1048576K
}
Event: 3.934 GC heap after
{Heap after GC invocations=7 (full 0):
 garbage-first heap   total 129024K, used 22541K [0x0000000080000000, 0x0000000100000000)
  region size 1024K, 6 young (6144K), 6 survivors (6144K)
 Metaspace       used 34334K, capacity 35130K, committed 35200K, reserved 1079296K
  class space    used 4464K, capacity 4736K, committed 4736K, reserved 1048576K
}
Event: 4.009 GC heap before
{Heap before GC invocations=7 (full 0):
 garbage-first heap   total 129024K, used 25613K [0x0000000080000000, 0x0000000100000000)
  region size 1024K, 10 young (10240K), 6 survivors (6144K)
 Metaspace       used 35049K, capacity 35834K, committed 35840K, reserved 1081344K
  class space    used 4539K, capacity 4864K, committed 4864K, reserved 1048576K
}
Event: 4.018 GC heap after
{Heap after GC invocations=8 (full 0):
 garbage-first heap   total 155648K, used 22918K [0x0000000080000000, 0x0000000100000000)
  region size 1024K, 4 young (4096K), 4 survivors (4096K)
 Metaspace       used 35049K, capacity 35834K, committed 35840K, reserved 1081344K
  class space    used 4539K, capacity 4864K, committed 4864K, reserved 1048576K
}
Event: 4.692 GC heap before
{Heap before GC invocations=9 (full 0):
 garbage-first heap   total 155648K, used 85382K [0x0000000080000000, 0x0000000100000000)
  region size 1024K, 62 young (63488K), 4 survivors (4096K)
 Metaspace       used 40044K, capacity 40944K, committed 41164K, reserved 1085440K
  class space    used 5167K, capacity 5511K, committed 5580K, reserved 1048576K
}
Event: 4.698 GC heap after
{Heap after GC invocations=10 (full 0):
 garbage-first heap   total 155648K, used 26657K [0x0000000080000000, 0x0000000100000000)
  region size 1024K, 8 young (8192K), 8 survivors (8192K)
 Metaspace       used 40044K, capacity 40944K, committed 41164K, reserved 1085440K
  class space    used 5167K, capacity 5511K, committed 5580K, reserved 1048576K
}
Event: 5.325 GC heap before
{Heap before GC invocations=10 (full 0):
 garbage-first heap   total 155648K, used 88097K [0x0000000080000000, 0x0000000100000000)
  region size 1024K, 68 young (69632K), 8 survivors (8192K)
 Metaspace       used 44623K, capacity 45791K, committed 45900K, reserved 1089536K
  class space    used 5728K, capacity 6170K, committed 6220K, reserved 1048576K
}
Event: 5.333 GC heap after
{Heap after GC invocations=11 (full 0):
 garbage-first heap   total 155648K, used 29422K [0x0000000080000000, 0x0000000100000000)
  region size 1024K, 7 young (7168K), 7 survivors (7168K)
 Metaspace       used 44623K, capacity 45791K, committed 45900K, reserved 1089536K
  class space    used 5728K, capacity 6170K, committed 6220K, reserved 1048576K
}
Event: 6.715 GC heap before
{Heap before GC invocations=11 (full 0):
 garbage-first heap   total 155648K, used 106222K [0x0000000080000000, 0x0000000100000000)
  region size 1024K, 79 young (80896K), 7 survivors (7168K)
 Metaspace       used 48815K, capacity 50307K, committed 50636K, reserved 1093632K
  class space    used 6230K, capacity 6784K, committed 6860K, reserved 1048576K
}
Event: 6.725 GC heap after
{Heap after GC invocations=12 (full 0):
 garbage-first heap   total 155648K, used 43763K [0x0000000080000000, 0x0000000100000000)
  region size 1024K, 10 young (10240K), 10 survivors (10240K)
 Metaspace       used 48815K, capacity 50307K, committed 50636K, reserved 1093632K
  class space    used 6230K, capacity 6784K, committed 6860K, reserved 1048576K
}
Event: 7.652 GC heap before
{Heap before GC invocations=12 (full 0):
 garbage-first heap   total 155648K, used 105203K [0x0000000080000000, 0x0000000100000000)
  region size 1024K, 70 young (71680K), 10 survivors (10240K)
 Metaspace       used 57873K, capacity 59578K, committed 59724K, reserved 1101824K
  class space    used 7366K, capacity 7993K, committed 8012K, reserved 1048576K
}
Event: 7.661 GC heap after
{Heap after GC invocations=13 (full 0):
 garbage-first heap   total 155648K, used 46293K [0x0000000080000000, 0x0000000100000000)
  region size 1024K, 3 young (3072K), 3 survivors (3072K)
 Metaspace       used 57873K, capacity 59578K, committed 59724K, reserved 1101824K
  class space    used 7366K, capacity 7993K, committed 8012K, reserved 1048576K
}
Event: 7.710 GC heap before
{Heap before GC invocations=13 (full 0):
 garbage-first heap   total 155648K, used 49365K [0x0000000080000000, 0x0000000100000000)
  region size 1024K, 7 young (7168K), 3 survivors (3072K)
 Metaspace       used 58431K, capacity 60107K, committed 60288K, reserved 1101824K
  class space    used 7422K, capacity 8063K, committed 8140K, reserved 1048576K
}
Event: 7.716 GC heap after
{Heap after GC invocations=14 (full 0):
 garbage-first heap   total 187392K, used 46899K [0x0000000080000000, 0x0000000100000000)
  region size 1024K, 4 young (4096K), 4 survivors (4096K)
 Metaspace       used 58431K, capacity 60107K, committed 60288K, reserved 1101824K
  class space    used 7422K, capacity 8063K, committed 8140K, reserved 1048576K
}

