# JRE version: OpenJDK Runtime Environment (11.0.10) (build 11.0.10+0-b96-7249189)
# Java VM: OpenJDK 64-Bit Server VM (11.0.10+0-b96-7249189, mixed mode, tiered, compressed oops, g1 gc, windows-amd64)
Heap:
 garbage-first heap   total 155648K, used 40220K [0x0000000080000000, 0x0000000100000000)
  region size 1024K, 6 young (6144K), 6 survivors (6144K)
 Metaspace       used 39471K, capacity 40538K, committed 40832K, reserved 1085440K
  class space    used 5041K, capacity 5433K, committed 5504K, reserved 1048576K
GC Heap History (15 events):
Event: 0.833 GC heap before
{Heap before GC invocations=0 (full 0):
 garbage-first heap   total 129024K, used 29696K [0x0000000080000000, 0x0000000100000000)
  region size 1024K, 24 young (24576K), 0 survivors (0K)
 Metaspace       used 10189K, capacity 10363K, committed 10624K, reserved 1058816K
  class space    used 1064K, capacity 1141K, committed 1152K, reserved 1048576K
}
Event: 0.840 GC heap after
{Heap after GC invocations=1 (full 0):
 garbage-first heap   total 129024K, used 9153K [0x0000000080000000, 0x0000000100000000)
  region size 1024K, 3 young (3072K), 3 survivors (3072K)
 Metaspace       used 10189K, capacity 10363K, committed 10624K, reserved 1058816K
  class space    used 1064K, capacity 1141K, committed 1152K, reserved 1048576K
}
Event: 1.056 GC heap before
{Heap before GC invocations=1 (full 0):
 garbage-first heap   total 129024K, used 31681K [0x0000000080000000, 0x0000000100000000)
  region size 1024K, 25 young (25600K), 3 survivors (3072K)
 Metaspace       used 11104K, capacity 11380K, committed 11520K, reserved 1058816K
  class space    used 1165K, capacity 1245K, committed 1280K, reserved 1048576K
}
Event: 1.060 GC heap after
{Heap after GC invocations=2 (full 0):
 garbage-first heap   total 129024K, used 10288K [0x0000000080000000, 0x0000000100000000)
  region size 1024K, 1 young (1024K), 1 survivors (1024K)
 Metaspace       used 11104K, capacity 11380K, committed 11520K, reserved 1058816K
  class space    used 1165K, capacity 1245K, committed 1280K, reserved 1048576K
}
Event: 2.550 GC heap before
{Heap before GC invocations=2 (full 0):
 garbage-first heap   total 129024K, used 62512K [0x0000000080000000, 0x0000000100000000)
  region size 1024K, 52 young (53248K), 1 survivors (1024K)
 Metaspace       used 17772K, capacity 18219K, committed 18432K, reserved 1064960K
  class space    used 2098K, capacity 2249K, committed 2304K, reserved 1048576K
}
Event: 2.555 GC heap after
{Heap after GC invocations=3 (full 0):
 garbage-first heap   total 129024K, used 16771K [0x0000000080000000, 0x0000000100000000)
  region size 1024K, 7 young (7168K), 7 survivors (7168K)
 Metaspace       used 17772K, capacity 18219K, committed 18432K, reserved 1064960K
  class space    used 2098K, capacity 2249K, committed 2304K, reserved 1048576K
}
Event: 2.846 GC heap before
{Heap before GC invocations=3 (full 0):
 garbage-first heap   total 129024K, used 39299K [0x0000000080000000, 0x0000000100000000)
  region size 1024K, 30 young (30720K), 7 survivors (7168K)
 Metaspace       used 20615K, capacity 21091K, committed 21248K, reserved 1067008K
  class space    used 2515K, capacity 2701K, committed 2816K, reserved 1048576K
}
Event: 2.853 GC heap after
{Heap after GC invocations=4 (full 0):
 garbage-first heap   total 129024K, used 17406K [0x0000000080000000, 0x0000000100000000)
  region size 1024K, 1 young (1024K), 1 survivors (1024K)
 Metaspace       used 20615K, capacity 21091K, committed 21248K, reserved 1067008K
  class space    used 2515K, capacity 2701K, committed 2816K, reserved 1048576K
}
Event: 3.575 GC heap before
{Heap before GC invocations=5 (full 0):
 garbage-first heap   total 129024K, used 66558K [0x0000000080000000, 0x0000000100000000)
  region size 1024K, 50 young (51200K), 1 survivors (1024K)
 Metaspace       used 25927K, capacity 26570K, committed 26752K, reserved 1073152K
  class space    used 3397K, capacity 3639K, committed 3712K, reserved 1048576K
}
Event: 3.579 GC heap after
{Heap after GC invocations=6 (full 0):
 garbage-first heap   total 129024K, used 19182K [0x0000000080000000, 0x0000000100000000)
  region size 1024K, 3 young (3072K), 3 survivors (3072K)
 Metaspace       used 25927K, capacity 26570K, committed 26752K, reserved 1073152K
  class space    used 3397K, capacity 3639K, committed 3712K, reserved 1048576K
}
Event: 4.340 GC heap before
{Heap before GC invocations=6 (full 0):
 garbage-first heap   total 129024K, used 83694K [0x0000000080000000, 0x0000000100000000)
  region size 1024K, 56 young (57344K), 3 survivors (3072K)
 Metaspace       used 30579K, capacity 31448K, committed 31616K, reserved 1077248K
  class space    used 4141K, capacity 4453K, committed 4480K, reserved 1048576K
}
Event: 4.345 GC heap after
{Heap after GC invocations=7 (full 0):
 garbage-first heap   total 129024K, used 33763K [0x0000000080000000, 0x0000000100000000)
  region size 1024K, 7 young (7168K), 7 survivors (7168K)
 Metaspace       used 30579K, capacity 31448K, committed 31616K, reserved 1077248K
  class space    used 4141K, capacity 4453K, committed 4480K, reserved 1048576K
}
Event: 4.723 GC heap before
{Heap before GC invocations=7 (full 0):
 garbage-first heap   total 129024K, used 47075K [0x0000000080000000, 0x0000000100000000)
  region size 1024K, 22 young (22528K), 7 survivors (7168K)
 Metaspace       used 34819K, capacity 35726K, committed 35840K, reserved 1081344K
  class space    used 4556K, capacity 4899K, committed 4992K, reserved 1048576K
}
Event: 4.732 GC heap after
{Heap after GC invocations=8 (full 0):
 garbage-first heap   total 129024K, used 36900K [0x0000000080000000, 0x0000000100000000)
  region size 1024K, 3 young (3072K), 3 survivors (3072K)
 Metaspace       used 34819K, capacity 35726K, committed 35840K, reserved 1081344K
  class space    used 4556K, capacity 4899K, committed 4992K, reserved 1048576K
}
Event: 5.250 GC heap before
{Heap before GC invocations=9 (full 0):
 garbage-first heap   total 129024K, used 84004K [0x0000000080000000, 0x0000000100000000)
  region size 1024K, 47 young (48128K), 3 survivors (3072K)
 Metaspace       used 39471K, capacity 40538K, committed 40832K, reserved 1085440K
  class space    used 5041K, capacity 5433K, committed 5504K, reserved 1048576K
}

