# JRE version: OpenJDK Runtime Environment (11.0.10) (build 11.0.10+0-b96-7249189)
# Java VM: OpenJDK 64-Bit Server VM (11.0.10+0-b96-7249189, mixed mode, tiered, compressed oops, g1 gc, windows-amd64)
Heap:
 garbage-first heap   total 738304K, used 279397K [0x0000000080000000, 0x0000000100000000)
  region size 1024K, 9 young (9216K), 9 survivors (9216K)
 Metaspace       used 104523K, capacity 107593K, committed 107984K, reserved 1142784K
  class space    used 12914K, capacity 14030K, committed 14208K, reserved 1048576K
GC Heap History (20 events):
Event: 1582.612 GC heap after
{Heap after GC invocations=87 (full 0):
 garbage-first heap   total 331776K, used 143105K [0x0000000080000000, 0x0000000100000000)
  region size 1024K, 13 young (13312K), 13 survivors (13312K)
 Metaspace       used 104482K, capacity 107523K, committed 107984K, reserved 1142784K
  class space    used 12910K, capacity 14029K, committed 14208K, reserved 1048576K
}
Event: 1582.618 GC heap before
{Heap before GC invocations=87 (full 0):
 garbage-first heap   total 331776K, used 146177K [0x0000000080000000, 0x0000000100000000)
  region size 1024K, 16 young (16384K), 13 survivors (13312K)
 Metaspace       used 104482K, capacity 107523K, committed 107984K, reserved 1142784K
  class space    used 12910K, capacity 14029K, committed 14208K, reserved 1048576K
}
Event: 1582.626 GC heap after
{Heap after GC invocations=88 (full 0):
 garbage-first heap   total 331776K, used 135527K [0x0000000080000000, 0x0000000100000000)
  region size 1024K, 2 young (2048K), 2 survivors (2048K)
 Metaspace       used 104482K, capacity 107523K, committed 107984K, reserved 1142784K
  class space    used 12910K, capacity 14029K, committed 14208K, reserved 1048576K
}
Event: 1582.838 GC heap before
{Heap before GC invocations=88 (full 0):
 garbage-first heap   total 331776K, used 253287K [0x0000000080000000, 0x0000000100000000)
  region size 1024K, 117 young (119808K), 2 survivors (2048K)
 Metaspace       used 104482K, capacity 107523K, committed 107984K, reserved 1142784K
  class space    used 12910K, capacity 14029K, committed 14208K, reserved 1048576K
}
Event: 1582.847 GC heap after
{Heap after GC invocations=89 (full 0):
 garbage-first heap   total 331776K, used 156672K [0x0000000080000000, 0x0000000100000000)
  region size 1024K, 15 young (15360K), 15 survivors (15360K)
 Metaspace       used 104482K, capacity 107523K, committed 107984K, reserved 1142784K
  class space    used 12910K, capacity 14029K, committed 14208K, reserved 1048576K
}
Event: 1583.104 GC heap before
{Heap before GC invocations=90 (full 0):
 garbage-first heap   total 331776K, used 262144K [0x0000000080000000, 0x0000000100000000)
  region size 1024K, 116 young (118784K), 15 survivors (15360K)
 Metaspace       used 104486K, capacity 107523K, committed 107984K, reserved 1142784K
  class space    used 12910K, capacity 14029K, committed 14208K, reserved 1048576K
}
Event: 1583.117 GC heap after
{Heap after GC invocations=91 (full 0):
 garbage-first heap   total 331776K, used 176472K [0x0000000080000000, 0x0000000100000000)
  region size 1024K, 15 young (15360K), 15 survivors (15360K)
 Metaspace       used 104486K, capacity 107523K, committed 107984K, reserved 1142784K
  class space    used 12910K, capacity 14029K, committed 14208K, reserved 1048576K
}
Event: 1583.119 GC heap before
{Heap before GC invocations=91 (full 0):
 garbage-first heap   total 331776K, used 177496K [0x0000000080000000, 0x0000000100000000)
  region size 1024K, 16 young (16384K), 15 survivors (15360K)
 Metaspace       used 104486K, capacity 107523K, committed 107984K, reserved 1142784K
  class space    used 12910K, capacity 14029K, committed 14208K, reserved 1048576K
}
Event: 1583.128 GC heap after
{Heap after GC invocations=92 (full 0):
 garbage-first heap   total 331776K, used 172715K [0x0000000080000000, 0x0000000100000000)
  region size 1024K, 2 young (2048K), 2 survivors (2048K)
 Metaspace       used 104486K, capacity 107523K, committed 107984K, reserved 1142784K
  class space    used 12910K, capacity 14029K, committed 14208K, reserved 1048576K
}
Event: 1583.350 GC heap before
{Heap before GC invocations=92 (full 0):
 garbage-first heap   total 331776K, used 261803K [0x0000000080000000, 0x0000000100000000)
  region size 1024K, 90 young (92160K), 2 survivors (2048K)
 Metaspace       used 104500K, capacity 107592K, committed 107984K, reserved 1142784K
  class space    used 12911K, capacity 14030K, committed 14208K, reserved 1048576K
}
Event: 1583.375 GC heap after
{Heap after GC invocations=93 (full 0):
 garbage-first heap   total 331776K, used 195584K [0x0000000080000000, 0x0000000100000000)
  region size 1024K, 12 young (12288K), 12 survivors (12288K)
 Metaspace       used 104500K, capacity 107592K, committed 107984K, reserved 1142784K
  class space    used 12911K, capacity 14030K, committed 14208K, reserved 1048576K
}
Event: 1583.539 GC heap before
{Heap before GC invocations=93 (full 0):
 garbage-first heap   total 331776K, used 264192K [0x0000000080000000, 0x0000000100000000)
  region size 1024K, 79 young (80896K), 12 survivors (12288K)
 Metaspace       used 104501K, capacity 107592K, committed 107984K, reserved 1142784K
  class space    used 12911K, capacity 14030K, committed 14208K, reserved 1048576K
}
Event: 1583.578 GC heap after
{Heap after GC invocations=94 (full 0):
 garbage-first heap   total 398336K, used 213948K [0x0000000080000000, 0x0000000100000000)
  region size 1024K, 10 young (10240K), 10 survivors (10240K)
 Metaspace       used 104501K, capacity 107592K, committed 107984K, reserved 1142784K
  class space    used 12911K, capacity 14030K, committed 14208K, reserved 1048576K
}
Event: 1583.804 GC heap before
{Heap before GC invocations=95 (full 0):
 garbage-first heap   total 398336K, used 311228K [0x0000000080000000, 0x0000000100000000)
  region size 1024K, 103 young (105472K), 10 survivors (10240K)
 Metaspace       used 104519K, capacity 107592K, committed 107984K, reserved 1142784K
  class space    used 12914K, capacity 14030K, committed 14208K, reserved 1048576K
}
Event: 1583.870 GC heap after
{Heap after GC invocations=96 (full 0):
 garbage-first heap   total 398336K, used 241064K [0x0000000080000000, 0x0000000100000000)
  region size 1024K, 13 young (13312K), 13 survivors (13312K)
 Metaspace       used 104519K, capacity 107592K, committed 107984K, reserved 1142784K
  class space    used 12914K, capacity 14030K, committed 14208K, reserved 1048576K
}
Event: 1583.888 GC heap before
{Heap before GC invocations=96 (full 0):
 garbage-first heap   total 398336K, used 248232K [0x0000000080000000, 0x0000000100000000)
  region size 1024K, 19 young (19456K), 13 survivors (13312K)
 Metaspace       used 104519K, capacity 107592K, committed 107984K, reserved 1142784K
  class space    used 12914K, capacity 14030K, committed 14208K, reserved 1048576K
}
Event: 1583.912 GC heap after
{Heap after GC invocations=97 (full 0):
 garbage-first heap   total 398336K, used 246243K [0x0000000080000000, 0x0000000100000000)
  region size 1024K, 3 young (3072K), 3 survivors (3072K)
 Metaspace       used 104519K, capacity 107592K, committed 107984K, reserved 1142784K
  class space    used 12914K, capacity 14030K, committed 14208K, reserved 1048576K
}
Event: 1583.976 GC heap before
{Heap before GC invocations=97 (full 0):
 garbage-first heap   total 398336K, used 287203K [0x0000000080000000, 0x0000000100000000)
  region size 1024K, 44 young (45056K), 3 survivors (3072K)
 Metaspace       used 104523K, capacity 107593K, committed 107984K, reserved 1142784K
  class space    used 12914K, capacity 14030K, committed 14208K, reserved 1048576K
}
Event: 1584.000 GC heap after
{Heap after GC invocations=98 (full 0):
 garbage-first heap   total 398336K, used 258048K [0x0000000080000000, 0x0000000100000000)
  region size 1024K, 9 young (9216K), 9 survivors (9216K)
 Metaspace       used 104523K, capacity 107593K, committed 107984K, reserved 1142784K
  class space    used 12914K, capacity 14030K, committed 14208K, reserved 1048576K
}
Event: 1584.148 GC heap before
{Heap before GC invocations=98 (full 0):
 garbage-first heap   total 398336K, used 318464K [0x0000000080000000, 0x0000000100000000)
  region size 1024K, 66 young (67584K), 9 survivors (9216K)
 Metaspace       used 104523K, capacity 107593K, committed 107984K, reserved 1142784K
  class space    used 12914K, capacity 14030K, committed 14208K, reserved 1048576K
}

