# JRE version: OpenJDK Runtime Environment (11.0.10) (build 11.0.10+0-b96-7249189)
# Java VM: OpenJDK 64-Bit Server VM (11.0.10+0-b96-7249189, mixed mode, tiered, compressed oops, g1 gc, windows-amd64)
Heap:
 garbage-first heap   total 308224K, used 207741K [0x0000000080000000, 0x0000000100000000)
  region size 1024K, 2 young (2048K), 2 survivors (2048K)
 Metaspace       used 92686K, capacity 95603K, committed 95692K, reserved 1132544K
  class space    used 12124K, capacity 13199K, committed 13260K, reserved 1048576K
GC Heap History (20 events):
Event: 15.368 GC heap after
{Heap after GC invocations=22 (full 0):
 garbage-first heap   total 187392K, used 86154K [0x0000000080000000, 0x0000000100000000)
  region size 1024K, 4 young (4096K), 4 survivors (4096K)
 Metaspace       used 83986K, capacity 86738K, committed 86860K, reserved 1124352K
  class space    used 10814K, capacity 11819K, committed 11852K, reserved 1048576K
}
Event: 15.962 GC heap before
{Heap before GC invocations=22 (full 0):
 garbage-first heap   total 187392K, used 150666K [0x0000000080000000, 0x0000000100000000)
  region size 1024K, 68 young (69632K), 4 survivors (4096K)
 Metaspace       used 85924K, capacity 88663K, committed 88908K, reserved 1126400K
  class space    used 11077K, capacity 12075K, committed 12108K, reserved 1048576K
}
Event: 15.970 GC heap after
{Heap after GC invocations=23 (full 0):
 garbage-first heap   total 187392K, used 88297K [0x0000000080000000, 0x0000000100000000)
  region size 1024K, 6 young (6144K), 6 survivors (6144K)
 Metaspace       used 85924K, capacity 88663K, committed 88908K, reserved 1126400K
  class space    used 11077K, capacity 12075K, committed 12108K, reserved 1048576K
}
Event: 16.662 GC heap before
{Heap before GC invocations=23 (full 0):
 garbage-first heap   total 187392K, used 151785K [0x0000000080000000, 0x0000000100000000)
  region size 1024K, 68 young (69632K), 6 survivors (6144K)
 Metaspace       used 87582K, capacity 90313K, committed 90444K, reserved 1128448K
  class space    used 11257K, capacity 12259K, committed 12364K, reserved 1048576K
}
Event: 16.678 GC heap after
{Heap after GC invocations=24 (full 0):
 garbage-first heap   total 187392K, used 95022K [0x0000000080000000, 0x0000000100000000)
  region size 1024K, 8 young (8192K), 8 survivors (8192K)
 Metaspace       used 87582K, capacity 90313K, committed 90444K, reserved 1128448K
  class space    used 11257K, capacity 12259K, committed 12364K, reserved 1048576K
}
Event: 17.122 GC heap before
{Heap before GC invocations=25 (full 0):
 garbage-first heap   total 187392K, used 120622K [0x0000000080000000, 0x0000000100000000)
  region size 1024K, 25 young (25600K), 8 survivors (8192K)
 Metaspace       used 90048K, capacity 92753K, committed 93132K, reserved 1130496K
  class space    used 11591K, capacity 12582K, committed 12748K, reserved 1048576K
}
Event: 17.132 GC heap after
{Heap after GC invocations=26 (full 0):
 garbage-first heap   total 187392K, used 111893K [0x0000000080000000, 0x0000000100000000)
  region size 1024K, 9 young (9216K), 9 survivors (9216K)
 Metaspace       used 90048K, capacity 92753K, committed 93132K, reserved 1130496K
  class space    used 11591K, capacity 12582K, committed 12748K, reserved 1048576K
}
Event: 17.464 GC heap before
{Heap before GC invocations=27 (full 0):
 garbage-first heap   total 187392K, used 178453K [0x0000000080000000, 0x0000000100000000)
  region size 1024K, 51 young (52224K), 9 survivors (9216K)
 Metaspace       used 90315K, capacity 93020K, committed 93388K, reserved 1130496K
  class space    used 11617K, capacity 12585K, committed 12748K, reserved 1048576K
}
Event: 17.487 GC heap after
{Heap after GC invocations=28 (full 0):
 garbage-first heap   total 206848K, used 142195K [0x0000000080000000, 0x0000000100000000)
  region size 1024K, 7 young (7168K), 7 survivors (7168K)
 Metaspace       used 90315K, capacity 93020K, committed 93388K, reserved 1130496K
  class space    used 11617K, capacity 12585K, committed 12748K, reserved 1048576K
}
Event: 17.555 GC heap before
{Heap before GC invocations=28 (full 0):
 garbage-first heap   total 206848K, used 148339K [0x0000000080000000, 0x0000000100000000)
  region size 1024K, 15 young (15360K), 7 survivors (7168K)
 Metaspace       used 90315K, capacity 93020K, committed 93388K, reserved 1130496K
  class space    used 11617K, capacity 12585K, committed 12748K, reserved 1048576K
}
Event: 17.568 GC heap after
{Heap after GC invocations=29 (full 0):
 garbage-first heap   total 248832K, used 145673K [0x0000000080000000, 0x0000000100000000)
  region size 1024K, 3 young (3072K), 3 survivors (3072K)
 Metaspace       used 90315K, capacity 93020K, committed 93388K, reserved 1130496K
  class space    used 11617K, capacity 12585K, committed 12748K, reserved 1048576K
}
Event: 18.028 GC heap before
{Heap before GC invocations=30 (full 0):
 garbage-first heap   total 248832K, used 191753K [0x0000000080000000, 0x0000000100000000)
  region size 1024K, 47 young (48128K), 3 survivors (3072K)
 Metaspace       used 92591K, capacity 95468K, committed 95692K, reserved 1132544K
  class space    used 12123K, capacity 13199K, committed 13260K, reserved 1048576K
}
Event: 18.051 GC heap after
{Heap after GC invocations=31 (full 0):
 garbage-first heap   total 248832K, used 164864K [0x0000000080000000, 0x0000000100000000)
  region size 1024K, 6 young (6144K), 6 survivors (6144K)
 Metaspace       used 92591K, capacity 95468K, committed 95692K, reserved 1132544K
  class space    used 12123K, capacity 13199K, committed 13260K, reserved 1048576K
}
Event: 18.171 GC heap before
{Heap before GC invocations=31 (full 0):
 garbage-first heap   total 248832K, used 197632K [0x0000000080000000, 0x0000000100000000)
  region size 1024K, 38 young (38912K), 6 survivors (6144K)
 Metaspace       used 92668K, capacity 95602K, committed 95692K, reserved 1132544K
  class space    used 12123K, capacity 13199K, committed 13260K, reserved 1048576K
}
Event: 18.201 GC heap after
{Heap after GC invocations=32 (full 0):
 garbage-first heap   total 248832K, used 182059K [0x0000000080000000, 0x0000000100000000)
  region size 1024K, 5 young (5120K), 5 survivors (5120K)
 Metaspace       used 92668K, capacity 95602K, committed 95692K, reserved 1132544K
  class space    used 12123K, capacity 13199K, committed 13260K, reserved 1048576K
}
Event: 18.275 GC heap before
{Heap before GC invocations=32 (full 0):
 garbage-first heap   total 248832K, used 202539K [0x0000000080000000, 0x0000000100000000)
  region size 1024K, 25 young (25600K), 5 survivors (5120K)
 Metaspace       used 92677K, capacity 95603K, committed 95692K, reserved 1132544K
  class space    used 12123K, capacity 13199K, committed 13260K, reserved 1048576K
}
Event: 18.287 GC heap after
{Heap after GC invocations=33 (full 0):
 garbage-first heap   total 248832K, used 193270K [0x0000000080000000, 0x0000000100000000)
  region size 1024K, 4 young (4096K), 4 survivors (4096K)
 Metaspace       used 92677K, capacity 95603K, committed 95692K, reserved 1132544K
  class space    used 12123K, capacity 13199K, committed 13260K, reserved 1048576K
}
Event: 18.375 GC heap before
{Heap before GC invocations=33 (full 0):
 garbage-first heap   total 248832K, used 207606K [0x0000000080000000, 0x0000000100000000)
  region size 1024K, 18 young (18432K), 4 survivors (4096K)
 Metaspace       used 92683K, capacity 95603K, committed 95692K, reserved 1132544K
  class space    used 12124K, capacity 13199K, committed 13260K, reserved 1048576K
}
Event: 18.384 GC heap after
{Heap after GC invocations=34 (full 0):
 garbage-first heap   total 248832K, used 201592K [0x0000000080000000, 0x0000000100000000)
  region size 1024K, 3 young (3072K), 3 survivors (3072K)
 Metaspace       used 92683K, capacity 95603K, committed 95692K, reserved 1132544K
  class space    used 12124K, capacity 13199K, committed 13260K, reserved 1048576K
}
Event: 18.419 GC heap before
{Heap before GC invocations=34 (full 0):
 garbage-first heap   total 248832K, used 211832K [0x0000000080000000, 0x0000000100000000)
  region size 1024K, 13 young (13312K), 3 survivors (3072K)
 Metaspace       used 92686K, capacity 95603K, committed 95692K, reserved 1132544K
  class space    used 12124K, capacity 13199K, committed 13260K, reserved 1048576K
}

