# JRE version: OpenJDK Runtime Environment (11.0.10) (build 11.0.10+0-b96-7249189)
# Java VM: OpenJDK 64-Bit Server VM (11.0.10+0-b96-7249189, mixed mode, tiered, compressed oops, g1 gc, windows-amd64)
Heap:
 garbage-first heap   total 155648K, used 89169K [0x0000000080000000, 0x0000000100000000)
  region size 1024K, 3 young (3072K), 3 survivors (3072K)
 Metaspace       used 72266K, capacity 74603K, committed 74752K, reserved 1114112K
  class space    used 9329K, capacity 10122K, committed 10240K, reserved 1048576K
GC Heap History (20 events):
Event: 12.854 GC heap after
{Heap after GC invocations=17 (full 0):
 garbage-first heap   total 129024K, used 71643K [0x0000000080000000, 0x0000000100000000)
  region size 1024K, 3 young (3072K), 3 survivors (3072K)
 Metaspace       used 59089K, capacity 60919K, committed 61184K, reserved 1101824K
  class space    used 7553K, capacity 8177K, committed 8192K, reserved 1048576K
}
Event: 13.498 GC heap before
{Heap before GC invocations=17 (full 0):
 garbage-first heap   total 129024K, used 101339K [0x0000000080000000, 0x0000000100000000)
  region size 1024K, 33 young (33792K), 3 survivors (3072K)
 Metaspace       used 62300K, capacity 64159K, committed 64384K, reserved 1105920K
  class space    used 7928K, capacity 8549K, committed 8576K, reserved 1048576K
}
Event: 13.505 GC heap after
{Heap after GC invocations=18 (full 0):
 garbage-first heap   total 129024K, used 74588K [0x0000000080000000, 0x0000000100000000)
  region size 1024K, 5 young (5120K), 5 survivors (5120K)
 Metaspace       used 62300K, capacity 64159K, committed 64384K, reserved 1105920K
  class space    used 7928K, capacity 8549K, committed 8576K, reserved 1048576K
}
Event: 13.814 GC heap before
{Heap before GC invocations=19 (full 0):
 garbage-first heap   total 129024K, used 90972K [0x0000000080000000, 0x0000000100000000)
  region size 1024K, 22 young (22528K), 5 survivors (5120K)
 Metaspace       used 63763K, capacity 65609K, committed 65920K, reserved 1105920K
  class space    used 8114K, capacity 8731K, committed 8832K, reserved 1048576K
}
Event: 13.820 GC heap after
{Heap after GC invocations=20 (full 0):
 garbage-first heap   total 129024K, used 76286K [0x0000000080000000, 0x0000000100000000)
  region size 1024K, 2 young (2048K), 2 survivors (2048K)
 Metaspace       used 63763K, capacity 65609K, committed 65920K, reserved 1105920K
  class space    used 8114K, capacity 8731K, committed 8832K, reserved 1048576K
}
Event: 14.196 GC heap before
{Heap before GC invocations=21 (full 0):
 garbage-first heap   total 129024K, used 101886K [0x0000000080000000, 0x0000000100000000)
  region size 1024K, 26 young (26624K), 2 survivors (2048K)
 Metaspace       used 64677K, capacity 66622K, committed 66816K, reserved 1107968K
  class space    used 8240K, capacity 8892K, committed 8960K, reserved 1048576K
}
Event: 14.200 GC heap after
{Heap after GC invocations=22 (full 0):
 garbage-first heap   total 129024K, used 77359K [0x0000000080000000, 0x0000000100000000)
  region size 1024K, 3 young (3072K), 3 survivors (3072K)
 Metaspace       used 64677K, capacity 66622K, committed 66816K, reserved 1107968K
  class space    used 8240K, capacity 8892K, committed 8960K, reserved 1048576K
}
Event: 14.423 GC heap before
{Heap before GC invocations=22 (full 0):
 garbage-first heap   total 129024K, used 101935K [0x0000000080000000, 0x0000000100000000)
  region size 1024K, 27 young (27648K), 3 survivors (3072K)
 Metaspace       used 64911K, capacity 66959K, committed 67072K, reserved 1107968K
  class space    used 8289K, capacity 8944K, committed 8960K, reserved 1048576K
}
Event: 14.433 GC heap after
{Heap after GC invocations=23 (full 0):
 garbage-first heap   total 129024K, used 79804K [0x0000000080000000, 0x0000000100000000)
  region size 1024K, 4 young (4096K), 4 survivors (4096K)
 Metaspace       used 64911K, capacity 66959K, committed 67072K, reserved 1107968K
  class space    used 8289K, capacity 8944K, committed 8960K, reserved 1048576K
}
Event: 14.954 GC heap before
{Heap before GC invocations=24 (full 0):
 garbage-first heap   total 129024K, used 103356K [0x0000000080000000, 0x0000000100000000)
  region size 1024K, 28 young (28672K), 4 survivors (4096K)
 Metaspace       used 67174K, capacity 69191K, committed 69504K, reserved 1110016K
  class space    used 8628K, capacity 9281K, committed 9344K, reserved 1048576K
}
Event: 14.960 GC heap after
{Heap after GC invocations=25 (full 0):
 garbage-first heap   total 129024K, used 81623K [0x0000000080000000, 0x0000000100000000)
  region size 1024K, 2 young (2048K), 2 survivors (2048K)
 Metaspace       used 67174K, capacity 69191K, committed 69504K, reserved 1110016K
  class space    used 8628K, capacity 9281K, committed 9344K, reserved 1048576K
}
Event: 15.585 GC heap before
{Heap before GC invocations=25 (full 0):
 garbage-first heap   total 129024K, used 105175K [0x0000000080000000, 0x0000000100000000)
  region size 1024K, 25 young (25600K), 2 survivors (2048K)
 Metaspace       used 70178K, capacity 72308K, committed 72576K, reserved 1112064K
  class space    used 9107K, capacity 9782K, committed 9856K, reserved 1048576K
}
Event: 15.591 GC heap after
{Heap after GC invocations=26 (full 0):
 garbage-first heap   total 129024K, used 82894K [0x0000000080000000, 0x0000000100000000)
  region size 1024K, 4 young (4096K), 4 survivors (4096K)
 Metaspace       used 70178K, capacity 72308K, committed 72576K, reserved 1112064K
  class space    used 9107K, capacity 9782K, committed 9856K, reserved 1048576K
}
Event: 15.762 GC heap before
{Heap before GC invocations=27 (full 0):
 garbage-first heap   total 129024K, used 106446K [0x0000000080000000, 0x0000000100000000)
  region size 1024K, 27 young (27648K), 4 survivors (4096K)
 Metaspace       used 70402K, capacity 72509K, committed 72576K, reserved 1112064K
  class space    used 9146K, capacity 9826K, committed 9856K, reserved 1048576K
}
Event: 15.766 GC heap after
{Heap after GC invocations=28 (full 0):
 garbage-first heap   total 129024K, used 84692K [0x0000000080000000, 0x0000000100000000)
  region size 1024K, 4 young (4096K), 4 survivors (4096K)
 Metaspace       used 70402K, capacity 72509K, committed 72576K, reserved 1112064K
  class space    used 9146K, capacity 9826K, committed 9856K, reserved 1048576K
}
Event: 15.991 GC heap before
{Heap before GC invocations=28 (full 0):
 garbage-first heap   total 129024K, used 107220K [0x0000000080000000, 0x0000000100000000)
  region size 1024K, 26 young (26624K), 4 survivors (4096K)
 Metaspace       used 70959K, capacity 73238K, committed 73344K, reserved 1112064K
  class space    used 9236K, capacity 10020K, committed 10112K, reserved 1048576K
}
Event: 16.001 GC heap after
{Heap after GC invocations=29 (full 0):
 garbage-first heap   total 129024K, used 86757K [0x0000000080000000, 0x0000000100000000)
  region size 1024K, 4 young (4096K), 4 survivors (4096K)
 Metaspace       used 70959K, capacity 73238K, committed 73344K, reserved 1112064K
  class space    used 9236K, capacity 10020K, committed 10112K, reserved 1048576K
}
Event: 16.641 GC heap before
{Heap before GC invocations=30 (full 0):
 garbage-first heap   total 129024K, used 108261K [0x0000000080000000, 0x0000000100000000)
  region size 1024K, 25 young (25600K), 4 survivors (4096K)
 Metaspace       used 71677K, capacity 73976K, committed 74112K, reserved 1114112K
  class space    used 9311K, capacity 10103K, committed 10112K, reserved 1048576K
}
Event: 16.647 GC heap after
{Heap after GC invocations=31 (full 0):
 garbage-first heap   total 129024K, used 88104K [0x0000000080000000, 0x0000000100000000)
  region size 1024K, 4 young (4096K), 4 survivors (4096K)
 Metaspace       used 71677K, capacity 73976K, committed 74112K, reserved 1114112K
  class space    used 9311K, capacity 10103K, committed 10112K, reserved 1048576K
}
Event: 17.582 GC heap before
{Heap before GC invocations=31 (full 0):
 garbage-first heap   total 129024K, used 108584K [0x0000000080000000, 0x0000000100000000)
  region size 1024K, 24 young (24576K), 4 survivors (4096K)
 Metaspace       used 72266K, capacity 74603K, committed 74752K, reserved 1114112K
  class space    used 9329K, capacity 10122K, committed 10240K, reserved 1048576K
}

